[0.188s] DEBUG:colcon:Command line arguments: ['/usr/bin/colcon', 'build', '--symlink-install']
[0.188s] DEBUG:colcon:Parsed command line arguments: Namespace(allow_overriding=[], ament_cmake_args=None, base_paths=['.'], build_base='build', catkin_cmake_args=None, catkin_skip_building_tests=False, cmake_args=None, cmake_clean_cache=False, cmake_clean_first=False, cmake_force_configure=False, cmake_target=None, cmake_target_skip_unavailable=False, continue_on_error=False, event_handlers=None, executor='parallel', ignore_user_meta=False, install_base='install', log_base=None, log_level=None, main=<bound method BuildVerb.main of <colcon_core.verb.build.BuildVerb object at 0x7fb94e550dc0>>, merge_install=False, metas=['./colcon.meta'], packages_above=None, packages_above_and_dependencies=None, packages_above_depth=None, packages_end=None, packages_ignore=None, packages_ignore_regex=None, packages_select=None, packages_select_build_failed=False, packages_select_by_dep=None, packages_select_regex=None, packages_select_test_failures=False, packages_skip=None, packages_skip_build_finished=False, packages_skip_by_dep=None, packages_skip_regex=None, packages_skip_test_passed=False, packages_skip_up_to=None, packages_start=None, packages_up_to=None, packages_up_to_regex=None, parallel_workers=2, paths=None, symlink_install=True, test_result_base=None, verb_extension=<colcon_core.verb.build.BuildVerb object at 0x7fb94e550dc0>, verb_name='build', verb_parser=<colcon_defaults.argument_parser.defaults.DefaultArgumentsDecorator object at 0x7fb94e55b370>)
[0.217s] Level 1:colcon.colcon_core.package_discovery:discover_packages(colcon_meta) check parameters
[0.217s] Level 1:colcon.colcon_core.package_discovery:discover_packages(recursive) check parameters
[0.218s] Level 1:colcon.colcon_core.package_discovery:discover_packages(ignore) check parameters
[0.218s] Level 1:colcon.colcon_core.package_discovery:discover_packages(path) check parameters
[0.218s] Level 1:colcon.colcon_core.package_discovery:discover_packages(colcon_meta) discover
[0.218s] Level 1:colcon.colcon_core.package_discovery:discover_packages(recursive) discover
[0.218s] INFO:colcon.colcon_core.package_discovery:Crawling recursively for packages in '/home/rkskwhdgh123/robot_ws'
[0.218s] Level 1:colcon.colcon_core.package_identification:_identify(.) by extensions ['ignore', 'ignore_ament_install']
[0.218s] Level 1:colcon.colcon_core.package_identification:_identify(.) by extension 'ignore'
[0.218s] Level 1:colcon.colcon_core.package_identification:_identify(.) by extension 'ignore_ament_install'
[0.218s] Level 1:colcon.colcon_core.package_identification:_identify(.) by extensions ['colcon_pkg']
[0.218s] Level 1:colcon.colcon_core.package_identification:_identify(.) by extension 'colcon_pkg'
[0.218s] Level 1:colcon.colcon_core.package_identification:_identify(.) by extensions ['colcon_meta']
[0.219s] Level 1:colcon.colcon_core.package_identification:_identify(.) by extension 'colcon_meta'
[0.219s] Level 1:colcon.colcon_core.package_identification:_identify(.) by extensions ['ros']
[0.219s] Level 1:colcon.colcon_core.package_identification:_identify(.) by extension 'ros'
[0.237s] Level 1:colcon.colcon_core.package_identification:_identify(.) by extensions ['cmake', 'python']
[0.237s] Level 1:colcon.colcon_core.package_identification:_identify(.) by extension 'cmake'
[0.237s] Level 1:colcon.colcon_core.package_identification:_identify(.) by extension 'python'
[0.237s] Level 1:colcon.colcon_core.package_identification:_identify(.) by extensions ['python_setup_py']
[0.237s] Level 1:colcon.colcon_core.package_identification:_identify(.) by extension 'python_setup_py'
[0.237s] Level 1:colcon.colcon_core.package_identification:_identify(build) by extensions ['ignore', 'ignore_ament_install']
[0.237s] Level 1:colcon.colcon_core.package_identification:_identify(build) by extension 'ignore'
[0.237s] Level 1:colcon.colcon_core.package_identification:_identify(build) ignored
[0.237s] Level 1:colcon.colcon_core.package_identification:_identify(gpio) by extensions ['ignore', 'ignore_ament_install']
[0.237s] Level 1:colcon.colcon_core.package_identification:_identify(gpio) by extension 'ignore'
[0.238s] Level 1:colcon.colcon_core.package_identification:_identify(gpio) by extension 'ignore_ament_install'
[0.238s] Level 1:colcon.colcon_core.package_identification:_identify(gpio) by extensions ['colcon_pkg']
[0.238s] Level 1:colcon.colcon_core.package_identification:_identify(gpio) by extension 'colcon_pkg'
[0.238s] Level 1:colcon.colcon_core.package_identification:_identify(gpio) by extensions ['colcon_meta']
[0.238s] Level 1:colcon.colcon_core.package_identification:_identify(gpio) by extension 'colcon_meta'
[0.238s] Level 1:colcon.colcon_core.package_identification:_identify(gpio) by extensions ['ros']
[0.238s] Level 1:colcon.colcon_core.package_identification:_identify(gpio) by extension 'ros'
[0.238s] Level 1:colcon.colcon_core.package_identification:_identify(gpio) by extensions ['cmake', 'python']
[0.238s] Level 1:colcon.colcon_core.package_identification:_identify(gpio) by extension 'cmake'
[0.238s] Level 1:colcon.colcon_core.package_identification:_identify(gpio) by extension 'python'
[0.238s] Level 1:colcon.colcon_core.package_identification:_identify(gpio) by extensions ['python_setup_py']
[0.238s] Level 1:colcon.colcon_core.package_identification:_identify(gpio) by extension 'python_setup_py'
[0.238s] Level 1:colcon.colcon_core.package_identification:_identify(install) by extensions ['ignore', 'ignore_ament_install']
[0.239s] Level 1:colcon.colcon_core.package_identification:_identify(install) by extension 'ignore'
[0.239s] Level 1:colcon.colcon_core.package_identification:_identify(install) ignored
[0.239s] Level 1:colcon.colcon_core.package_identification:_identify(log) by extensions ['ignore', 'ignore_ament_install']
[0.239s] Level 1:colcon.colcon_core.package_identification:_identify(log) by extension 'ignore'
[0.239s] Level 1:colcon.colcon_core.package_identification:_identify(log) ignored
[0.239s] Level 1:colcon.colcon_core.package_identification:_identify(src) by extensions ['ignore', 'ignore_ament_install']
[0.239s] Level 1:colcon.colcon_core.package_identification:_identify(src) by extension 'ignore'
[0.239s] Level 1:colcon.colcon_core.package_identification:_identify(src) by extension 'ignore_ament_install'
[0.240s] Level 1:colcon.colcon_core.package_identification:_identify(src) by extensions ['colcon_pkg']
[0.240s] Level 1:colcon.colcon_core.package_identification:_identify(src) by extension 'colcon_pkg'
[0.240s] Level 1:colcon.colcon_core.package_identification:_identify(src) by extensions ['colcon_meta']
[0.240s] Level 1:colcon.colcon_core.package_identification:_identify(src) by extension 'colcon_meta'
[0.240s] Level 1:colcon.colcon_core.package_identification:_identify(src) by extensions ['ros']
[0.240s] Level 1:colcon.colcon_core.package_identification:_identify(src) by extension 'ros'
[0.240s] Level 1:colcon.colcon_core.package_identification:_identify(src) by extensions ['cmake', 'python']
[0.240s] Level 1:colcon.colcon_core.package_identification:_identify(src) by extension 'cmake'
[0.240s] Level 1:colcon.colcon_core.package_identification:_identify(src) by extension 'python'
[0.240s] Level 1:colcon.colcon_core.package_identification:_identify(src) by extensions ['python_setup_py']
[0.240s] Level 1:colcon.colcon_core.package_identification:_identify(src) by extension 'python_setup_py'
[0.240s] Level 1:colcon.colcon_core.package_identification:_identify(src/build) by extensions ['ignore', 'ignore_ament_install']
[0.241s] Level 1:colcon.colcon_core.package_identification:_identify(src/build) by extension 'ignore'
[0.241s] Level 1:colcon.colcon_core.package_identification:_identify(src/build) ignored
[0.241s] Level 1:colcon.colcon_core.package_identification:_identify(src/install) by extensions ['ignore', 'ignore_ament_install']
[0.241s] Level 1:colcon.colcon_core.package_identification:_identify(src/install) by extension 'ignore'
[0.241s] Level 1:colcon.colcon_core.package_identification:_identify(src/install) ignored
[0.241s] Level 1:colcon.colcon_core.package_identification:_identify(src/log) by extensions ['ignore', 'ignore_ament_install']
[0.241s] Level 1:colcon.colcon_core.package_identification:_identify(src/log) by extension 'ignore'
[0.241s] Level 1:colcon.colcon_core.package_identification:_identify(src/log) ignored
[0.241s] Level 1:colcon.colcon_core.package_identification:_identify(src/m_pubsub) by extensions ['ignore', 'ignore_ament_install']
[0.242s] Level 1:colcon.colcon_core.package_identification:_identify(src/m_pubsub) by extension 'ignore'
[0.242s] Level 1:colcon.colcon_core.package_identification:_identify(src/m_pubsub) by extension 'ignore_ament_install'
[0.242s] Level 1:colcon.colcon_core.package_identification:_identify(src/m_pubsub) by extensions ['colcon_pkg']
[0.242s] Level 1:colcon.colcon_core.package_identification:_identify(src/m_pubsub) by extension 'colcon_pkg'
[0.242s] Level 1:colcon.colcon_core.package_identification:_identify(src/m_pubsub) by extensions ['colcon_meta']
[0.242s] Level 1:colcon.colcon_core.package_identification:_identify(src/m_pubsub) by extension 'colcon_meta'
[0.242s] Level 1:colcon.colcon_core.package_identification:_identify(src/m_pubsub) by extensions ['ros']
[0.242s] Level 1:colcon.colcon_core.package_identification:_identify(src/m_pubsub) by extension 'ros'
[0.244s] DEBUG:colcon.colcon_core.package_identification:Package 'src/m_pubsub' with type 'ros.ament_python' and name 'm_pubsub'
[0.244s] Level 1:colcon.colcon_core.package_identification:_identify(src/nav_move) by extensions ['ignore', 'ignore_ament_install']
[0.245s] Level 1:colcon.colcon_core.package_identification:_identify(src/nav_move) by extension 'ignore'
[0.245s] Level 1:colcon.colcon_core.package_identification:_identify(src/nav_move) by extension 'ignore_ament_install'
[0.245s] Level 1:colcon.colcon_core.package_identification:_identify(src/nav_move) by extensions ['colcon_pkg']
[0.245s] Level 1:colcon.colcon_core.package_identification:_identify(src/nav_move) by extension 'colcon_pkg'
[0.245s] Level 1:colcon.colcon_core.package_identification:_identify(src/nav_move) by extensions ['colcon_meta']
[0.245s] Level 1:colcon.colcon_core.package_identification:_identify(src/nav_move) by extension 'colcon_meta'
[0.245s] Level 1:colcon.colcon_core.package_identification:_identify(src/nav_move) by extensions ['ros']
[0.245s] Level 1:colcon.colcon_core.package_identification:_identify(src/nav_move) by extension 'ros'
[0.246s] DEBUG:colcon.colcon_core.package_identification:Package 'src/nav_move' with type 'ros.ament_python' and name 'nav_move'
[0.246s] Level 1:colcon.colcon_core.package_identification:_identify(src/tb3_move) by extensions ['ignore', 'ignore_ament_install']
[0.246s] Level 1:colcon.colcon_core.package_identification:_identify(src/tb3_move) by extension 'ignore'
[0.246s] Level 1:colcon.colcon_core.package_identification:_identify(src/tb3_move) by extension 'ignore_ament_install'
[0.246s] Level 1:colcon.colcon_core.package_identification:_identify(src/tb3_move) by extensions ['colcon_pkg']
[0.246s] Level 1:colcon.colcon_core.package_identification:_identify(src/tb3_move) by extension 'colcon_pkg'
[0.246s] Level 1:colcon.colcon_core.package_identification:_identify(src/tb3_move) by extensions ['colcon_meta']
[0.246s] Level 1:colcon.colcon_core.package_identification:_identify(src/tb3_move) by extension 'colcon_meta'
[0.246s] Level 1:colcon.colcon_core.package_identification:_identify(src/tb3_move) by extensions ['ros']
[0.246s] Level 1:colcon.colcon_core.package_identification:_identify(src/tb3_move) by extension 'ros'
[0.248s] DEBUG:colcon.colcon_core.package_identification:Package 'src/tb3_move' with type 'ros.ament_python' and name 'tb3_move'
[0.248s] Level 1:colcon.colcon_core.package_identification:_identify(src/test_para) by extensions ['ignore', 'ignore_ament_install']
[0.248s] Level 1:colcon.colcon_core.package_identification:_identify(src/test_para) by extension 'ignore'
[0.248s] Level 1:colcon.colcon_core.package_identification:_identify(src/test_para) by extension 'ignore_ament_install'
[0.248s] Level 1:colcon.colcon_core.package_identification:_identify(src/test_para) by extensions ['colcon_pkg']
[0.248s] Level 1:colcon.colcon_core.package_identification:_identify(src/test_para) by extension 'colcon_pkg'
[0.248s] Level 1:colcon.colcon_core.package_identification:_identify(src/test_para) by extensions ['colcon_meta']
[0.248s] Level 1:colcon.colcon_core.package_identification:_identify(src/test_para) by extension 'colcon_meta'
[0.248s] Level 1:colcon.colcon_core.package_identification:_identify(src/test_para) by extensions ['ros']
[0.248s] Level 1:colcon.colcon_core.package_identification:_identify(src/test_para) by extension 'ros'
[0.249s] DEBUG:colcon.colcon_core.package_identification:Package 'src/test_para' with type 'ros.ament_python' and name 'test_para'
[0.249s] Level 1:colcon.colcon_core.package_discovery:discover_packages(recursive) using defaults
[0.249s] Level 1:colcon.colcon_core.package_discovery:discover_packages(ignore) discover
[0.249s] Level 1:colcon.colcon_core.package_discovery:discover_packages(ignore) using defaults
[0.249s] Level 1:colcon.colcon_core.package_discovery:discover_packages(path) discover
[0.249s] Level 1:colcon.colcon_core.package_discovery:discover_packages(path) using defaults
[0.275s] Level 1:colcon.colcon_core.package_discovery:discover_packages(prefix_path) check parameters
[0.275s] Level 1:colcon.colcon_core.package_discovery:discover_packages(prefix_path) discover
[0.279s] DEBUG:colcon.colcon_installed_package_information.package_discovery:Found 4 installed packages in /home/rkskwhdgh123/robot_ws/install
[0.282s] DEBUG:colcon.colcon_installed_package_information.package_discovery:Found 308 installed packages in /opt/ros/foxy
[0.284s] Level 1:colcon.colcon_core.package_discovery:discover_packages(prefix_path) using defaults
[0.364s] Level 5:colcon.colcon_core.verb:set package 'm_pubsub' build argument 'cmake_args' from command line to 'None'
[0.364s] Level 5:colcon.colcon_core.verb:set package 'm_pubsub' build argument 'cmake_target' from command line to 'None'
[0.364s] Level 5:colcon.colcon_core.verb:set package 'm_pubsub' build argument 'cmake_target_skip_unavailable' from command line to 'False'
[0.364s] Level 5:colcon.colcon_core.verb:set package 'm_pubsub' build argument 'cmake_clean_cache' from command line to 'False'
[0.364s] Level 5:colcon.colcon_core.verb:set package 'm_pubsub' build argument 'cmake_clean_first' from command line to 'False'
[0.364s] Level 5:colcon.colcon_core.verb:set package 'm_pubsub' build argument 'cmake_force_configure' from command line to 'False'
[0.364s] Level 5:colcon.colcon_core.verb:set package 'm_pubsub' build argument 'ament_cmake_args' from command line to 'None'
[0.364s] Level 5:colcon.colcon_core.verb:set package 'm_pubsub' build argument 'catkin_cmake_args' from command line to 'None'
[0.364s] Level 5:colcon.colcon_core.verb:set package 'm_pubsub' build argument 'catkin_skip_building_tests' from command line to 'False'
[0.364s] DEBUG:colcon.colcon_core.verb:Building package 'm_pubsub' with the following arguments: {'ament_cmake_args': None, 'build_base': '/home/rkskwhdgh123/robot_ws/build/m_pubsub', 'catkin_cmake_args': None, 'catkin_skip_building_tests': False, 'cmake_args': None, 'cmake_clean_cache': False, 'cmake_clean_first': False, 'cmake_force_configure': False, 'cmake_target': None, 'cmake_target_skip_unavailable': False, 'install_base': '/home/rkskwhdgh123/robot_ws/install/m_pubsub', 'merge_install': False, 'path': '/home/rkskwhdgh123/robot_ws/src/m_pubsub', 'symlink_install': True, 'test_result_base': None}
[0.366s] Level 5:colcon.colcon_core.verb:set package 'nav_move' build argument 'cmake_args' from command line to 'None'
[0.366s] Level 5:colcon.colcon_core.verb:set package 'nav_move' build argument 'cmake_target' from command line to 'None'
[0.366s] Level 5:colcon.colcon_core.verb:set package 'nav_move' build argument 'cmake_target_skip_unavailable' from command line to 'False'
[0.366s] Level 5:colcon.colcon_core.verb:set package 'nav_move' build argument 'cmake_clean_cache' from command line to 'False'
[0.366s] Level 5:colcon.colcon_core.verb:set package 'nav_move' build argument 'cmake_clean_first' from command line to 'False'
[0.366s] Level 5:colcon.colcon_core.verb:set package 'nav_move' build argument 'cmake_force_configure' from command line to 'False'
[0.366s] Level 5:colcon.colcon_core.verb:set package 'nav_move' build argument 'ament_cmake_args' from command line to 'None'
[0.366s] Level 5:colcon.colcon_core.verb:set package 'nav_move' build argument 'catkin_cmake_args' from command line to 'None'
[0.366s] Level 5:colcon.colcon_core.verb:set package 'nav_move' build argument 'catkin_skip_building_tests' from command line to 'False'
[0.366s] DEBUG:colcon.colcon_core.verb:Building package 'nav_move' with the following arguments: {'ament_cmake_args': None, 'build_base': '/home/rkskwhdgh123/robot_ws/build/nav_move', 'catkin_cmake_args': None, 'catkin_skip_building_tests': False, 'cmake_args': None, 'cmake_clean_cache': False, 'cmake_clean_first': False, 'cmake_force_configure': False, 'cmake_target': None, 'cmake_target_skip_unavailable': False, 'install_base': '/home/rkskwhdgh123/robot_ws/install/nav_move', 'merge_install': False, 'path': '/home/rkskwhdgh123/robot_ws/src/nav_move', 'symlink_install': True, 'test_result_base': None}
[0.368s] Level 5:colcon.colcon_core.verb:set package 'tb3_move' build argument 'cmake_args' from command line to 'None'
[0.368s] Level 5:colcon.colcon_core.verb:set package 'tb3_move' build argument 'cmake_target' from command line to 'None'
[0.368s] Level 5:colcon.colcon_core.verb:set package 'tb3_move' build argument 'cmake_target_skip_unavailable' from command line to 'False'
[0.368s] Level 5:colcon.colcon_core.verb:set package 'tb3_move' build argument 'cmake_clean_cache' from command line to 'False'
[0.368s] Level 5:colcon.colcon_core.verb:set package 'tb3_move' build argument 'cmake_clean_first' from command line to 'False'
[0.368s] Level 5:colcon.colcon_core.verb:set package 'tb3_move' build argument 'cmake_force_configure' from command line to 'False'
[0.368s] Level 5:colcon.colcon_core.verb:set package 'tb3_move' build argument 'ament_cmake_args' from command line to 'None'
[0.369s] Level 5:colcon.colcon_core.verb:set package 'tb3_move' build argument 'catkin_cmake_args' from command line to 'None'
[0.369s] Level 5:colcon.colcon_core.verb:set package 'tb3_move' build argument 'catkin_skip_building_tests' from command line to 'False'
[0.369s] DEBUG:colcon.colcon_core.verb:Building package 'tb3_move' with the following arguments: {'ament_cmake_args': None, 'build_base': '/home/rkskwhdgh123/robot_ws/build/tb3_move', 'catkin_cmake_args': None, 'catkin_skip_building_tests': False, 'cmake_args': None, 'cmake_clean_cache': False, 'cmake_clean_first': False, 'cmake_force_configure': False, 'cmake_target': None, 'cmake_target_skip_unavailable': False, 'install_base': '/home/rkskwhdgh123/robot_ws/install/tb3_move', 'merge_install': False, 'path': '/home/rkskwhdgh123/robot_ws/src/tb3_move', 'symlink_install': True, 'test_result_base': None}
[0.370s] Level 5:colcon.colcon_core.verb:set package 'test_para' build argument 'cmake_args' from command line to 'None'
[0.371s] Level 5:colcon.colcon_core.verb:set package 'test_para' build argument 'cmake_target' from command line to 'None'
[0.371s] Level 5:colcon.colcon_core.verb:set package 'test_para' build argument 'cmake_target_skip_unavailable' from command line to 'False'
[0.371s] Level 5:colcon.colcon_core.verb:set package 'test_para' build argument 'cmake_clean_cache' from command line to 'False'
[0.371s] Level 5:colcon.colcon_core.verb:set package 'test_para' build argument 'cmake_clean_first' from command line to 'False'
[0.371s] Level 5:colcon.colcon_core.verb:set package 'test_para' build argument 'cmake_force_configure' from command line to 'False'
[0.371s] Level 5:colcon.colcon_core.verb:set package 'test_para' build argument 'ament_cmake_args' from command line to 'None'
[0.371s] Level 5:colcon.colcon_core.verb:set package 'test_para' build argument 'catkin_cmake_args' from command line to 'None'
[0.371s] Level 5:colcon.colcon_core.verb:set package 'test_para' build argument 'catkin_skip_building_tests' from command line to 'False'
[0.371s] DEBUG:colcon.colcon_core.verb:Building package 'test_para' with the following arguments: {'ament_cmake_args': None, 'build_base': '/home/rkskwhdgh123/robot_ws/build/test_para', 'catkin_cmake_args': None, 'catkin_skip_building_tests': False, 'cmake_args': None, 'cmake_clean_cache': False, 'cmake_clean_first': False, 'cmake_force_configure': False, 'cmake_target': None, 'cmake_target_skip_unavailable': False, 'install_base': '/home/rkskwhdgh123/robot_ws/install/test_para', 'merge_install': False, 'path': '/home/rkskwhdgh123/robot_ws/src/test_para', 'symlink_install': True, 'test_result_base': None}
[0.372s] INFO:colcon.colcon_core.executor:Executing jobs using 'parallel' executor
[0.381s] DEBUG:colcon.colcon_parallel_executor.executor.parallel:run_until_complete
[0.382s] INFO:colcon.colcon_ros.task.ament_python.build:Building ROS package in '/home/rkskwhdgh123/robot_ws/src/m_pubsub' with build type 'ament_python'
[0.382s] Level 1:colcon.colcon_core.shell:create_environment_hook('m_pubsub', 'ament_prefix_path')
[0.389s] INFO:colcon.colcon_core.plugin_system:Skipping extension 'colcon_core.shell.bat': Not used on non-Windows systems
[0.389s] INFO:colcon.colcon_core.shell:Creating environment hook '/home/rkskwhdgh123/robot_ws/install/m_pubsub/share/m_pubsub/hook/ament_prefix_path.ps1'
[0.390s] INFO:colcon.colcon_core.shell:Creating environment descriptor '/home/rkskwhdgh123/robot_ws/install/m_pubsub/share/m_pubsub/hook/ament_prefix_path.dsv'
[0.391s] INFO:colcon.colcon_core.shell:Creating environment hook '/home/rkskwhdgh123/robot_ws/install/m_pubsub/share/m_pubsub/hook/ament_prefix_path.sh'
[0.395s] INFO:colcon.colcon_core.shell:Skip shell extension 'powershell' for command environment: Not usable outside of PowerShell
[0.395s] DEBUG:colcon.colcon_core.shell:Skip shell extension 'dsv' for command environment
[0.407s] INFO:colcon.colcon_ros.task.ament_python.build:Building ROS package in '/home/rkskwhdgh123/robot_ws/src/nav_move' with build type 'ament_python'
[0.408s] Level 1:colcon.colcon_core.shell:create_environment_hook('nav_move', 'ament_prefix_path')
[0.413s] INFO:colcon.colcon_core.shell:Creating environment hook '/home/rkskwhdgh123/robot_ws/install/nav_move/share/nav_move/hook/ament_prefix_path.ps1'
[0.415s] INFO:colcon.colcon_core.shell:Creating environment descriptor '/home/rkskwhdgh123/robot_ws/install/nav_move/share/nav_move/hook/ament_prefix_path.dsv'
[0.416s] INFO:colcon.colcon_core.shell:Creating environment hook '/home/rkskwhdgh123/robot_ws/install/nav_move/share/nav_move/hook/ament_prefix_path.sh'
[0.421s] INFO:colcon.colcon_core.shell:Skip shell extension 'powershell' for command environment: Not usable outside of PowerShell
[0.421s] DEBUG:colcon.colcon_core.shell:Skip shell extension 'dsv' for command environment
[0.680s] INFO:colcon.colcon_core.task.python.build:Building Python package in '/home/rkskwhdgh123/robot_ws/src/m_pubsub'
[0.684s] INFO:colcon.colcon_core.shell:Skip shell extension 'powershell' for command environment: Not usable outside of PowerShell
[0.684s] DEBUG:colcon.colcon_core.shell:Skip shell extension 'dsv' for command environment
[0.938s] INFO:colcon.colcon_core.task.python.build:Building Python package in '/home/rkskwhdgh123/robot_ws/src/nav_move'
[0.942s] INFO:colcon.colcon_core.shell:Skip shell extension 'powershell' for command environment: Not usable outside of PowerShell
[0.942s] DEBUG:colcon.colcon_core.shell:Skip shell extension 'dsv' for command environment
[1.409s] DEBUG:colcon.colcon_core.event_handler.log_command:Invoking command in '/home/rkskwhdgh123/robot_ws/build/nav_move': PYTHONPATH=/home/rkskwhdgh123/robot_ws/build/nav_move/prefix_override:/home/rkskwhdgh123/robot_ws/install/nav_move/lib/python3.8/site-packages:${PYTHONPATH} /usr/bin/python3 setup.py develop --editable --build-directory /home/rkskwhdgh123/robot_ws/build/nav_move/build --no-deps install_data
[1.414s] DEBUG:colcon.colcon_core.event_handler.log_command:Invoking command in '/home/rkskwhdgh123/robot_ws/build/m_pubsub': PYTHONPATH=/home/rkskwhdgh123/robot_ws/build/m_pubsub/prefix_override:/home/rkskwhdgh123/robot_ws/install/m_pubsub/lib/python3.8/site-packages:${PYTHONPATH} /usr/bin/python3 setup.py develop --editable --build-directory /home/rkskwhdgh123/robot_ws/build/m_pubsub/build --no-deps install_data
[2.161s] Level 1:colcon.colcon_core.shell:create_environment_hook('nav_move', 'pythonpath_develop')
[2.166s] INFO:colcon.colcon_core.shell:Creating environment hook '/home/rkskwhdgh123/robot_ws/build/nav_move/share/nav_move/hook/pythonpath_develop.ps1'
[2.167s] DEBUG:colcon.colcon_core.event_handler.log_command:Invoked command in '/home/rkskwhdgh123/robot_ws/build/nav_move' returned '0': PYTHONPATH=/home/rkskwhdgh123/robot_ws/build/nav_move/prefix_override:/home/rkskwhdgh123/robot_ws/install/nav_move/lib/python3.8/site-packages:${PYTHONPATH} /usr/bin/python3 setup.py develop --editable --build-directory /home/rkskwhdgh123/robot_ws/build/nav_move/build --no-deps install_data
[2.167s] INFO:colcon.colcon_core.shell:Creating environment descriptor '/home/rkskwhdgh123/robot_ws/build/nav_move/share/nav_move/hook/pythonpath_develop.dsv'
[2.168s] INFO:colcon.colcon_core.shell:Creating environment hook '/home/rkskwhdgh123/robot_ws/build/nav_move/share/nav_move/hook/pythonpath_develop.sh'
[2.178s] Level 1:colcon.colcon_core.environment:checking '/home/rkskwhdgh123/robot_ws/install/nav_move' for CMake module files
[2.180s] Level 1:colcon.colcon_core.environment:checking '/home/rkskwhdgh123/robot_ws/install/nav_move' for CMake config files
[2.181s] Level 1:colcon.colcon_core.environment:checking '/home/rkskwhdgh123/robot_ws/install/nav_move/lib'
[2.181s] Level 1:colcon.colcon_core.environment:checking '/home/rkskwhdgh123/robot_ws/install/nav_move/bin'
[2.181s] Level 1:colcon.colcon_core.environment:checking '/home/rkskwhdgh123/robot_ws/install/nav_move/lib/pkgconfig/nav_move.pc'
[2.181s] Level 1:colcon.colcon_core.environment:checking '/home/rkskwhdgh123/robot_ws/install/nav_move/lib/python3.8/site-packages'
[2.182s] Level 1:colcon.colcon_core.shell:create_environment_hook('nav_move', 'pythonpath')
[2.185s] INFO:colcon.colcon_core.shell:Creating environment hook '/home/rkskwhdgh123/robot_ws/install/nav_move/share/nav_move/hook/pythonpath.ps1'
[2.186s] INFO:colcon.colcon_core.shell:Creating environment descriptor '/home/rkskwhdgh123/robot_ws/install/nav_move/share/nav_move/hook/pythonpath.dsv'
[2.186s] INFO:colcon.colcon_core.shell:Creating environment hook '/home/rkskwhdgh123/robot_ws/install/nav_move/share/nav_move/hook/pythonpath.sh'
[2.187s] Level 1:colcon.colcon_core.environment:checking '/home/rkskwhdgh123/robot_ws/install/nav_move/bin'
[2.187s] Level 1:colcon.colcon_core.environment:create_environment_scripts_only(nav_move)
[2.191s] INFO:colcon.colcon_core.shell:Creating package script '/home/rkskwhdgh123/robot_ws/install/nav_move/share/nav_move/package.ps1'
[2.192s] INFO:colcon.colcon_core.shell:Creating package descriptor '/home/rkskwhdgh123/robot_ws/install/nav_move/share/nav_move/package.dsv'
[2.193s] INFO:colcon.colcon_core.shell:Creating package script '/home/rkskwhdgh123/robot_ws/install/nav_move/share/nav_move/package.sh'
[2.194s] INFO:colcon.colcon_core.shell:Creating package script '/home/rkskwhdgh123/robot_ws/install/nav_move/share/nav_move/package.bash'
[2.195s] INFO:colcon.colcon_core.shell:Creating package script '/home/rkskwhdgh123/robot_ws/install/nav_move/share/nav_move/package.zsh'
[2.196s] Level 1:colcon.colcon_core.environment:create_file_with_runtime_dependencies(/home/rkskwhdgh123/robot_ws/install/nav_move/share/colcon-core/packages/nav_move)
[2.198s] INFO:colcon.colcon_ros.task.ament_python.build:Building ROS package in '/home/rkskwhdgh123/robot_ws/src/tb3_move' with build type 'ament_python'
[2.198s] Level 1:colcon.colcon_core.shell:create_environment_hook('tb3_move', 'ament_prefix_path')
[2.202s] INFO:colcon.colcon_core.shell:Creating environment hook '/home/rkskwhdgh123/robot_ws/install/tb3_move/share/tb3_move/hook/ament_prefix_path.ps1'
[2.204s] INFO:colcon.colcon_core.shell:Creating environment descriptor '/home/rkskwhdgh123/robot_ws/install/tb3_move/share/tb3_move/hook/ament_prefix_path.dsv'
[2.205s] INFO:colcon.colcon_core.shell:Creating environment hook '/home/rkskwhdgh123/robot_ws/install/tb3_move/share/tb3_move/hook/ament_prefix_path.sh'
[2.209s] INFO:colcon.colcon_core.shell:Skip shell extension 'powershell' for command environment: Not usable outside of PowerShell
[2.209s] DEBUG:colcon.colcon_core.shell:Skip shell extension 'dsv' for command environment
[2.220s] Level 1:colcon.colcon_core.shell:create_environment_hook('m_pubsub', 'pythonpath_develop')
[2.224s] INFO:colcon.colcon_core.shell:Creating environment hook '/home/rkskwhdgh123/robot_ws/build/m_pubsub/share/m_pubsub/hook/pythonpath_develop.ps1'
[2.226s] INFO:colcon.colcon_core.shell:Creating environment descriptor '/home/rkskwhdgh123/robot_ws/build/m_pubsub/share/m_pubsub/hook/pythonpath_develop.dsv'
[2.226s] DEBUG:colcon.colcon_core.event_handler.log_command:Invoked command in '/home/rkskwhdgh123/robot_ws/build/m_pubsub' returned '0': PYTHONPATH=/home/rkskwhdgh123/robot_ws/build/m_pubsub/prefix_override:/home/rkskwhdgh123/robot_ws/install/m_pubsub/lib/python3.8/site-packages:${PYTHONPATH} /usr/bin/python3 setup.py develop --editable --build-directory /home/rkskwhdgh123/robot_ws/build/m_pubsub/build --no-deps install_data
[2.227s] INFO:colcon.colcon_core.shell:Creating environment hook '/home/rkskwhdgh123/robot_ws/build/m_pubsub/share/m_pubsub/hook/pythonpath_develop.sh'
[2.235s] Level 1:colcon.colcon_core.environment:checking '/home/rkskwhdgh123/robot_ws/install/m_pubsub' for CMake module files
[2.236s] Level 1:colcon.colcon_core.environment:checking '/home/rkskwhdgh123/robot_ws/install/m_pubsub' for CMake config files
[2.237s] Level 1:colcon.colcon_core.environment:checking '/home/rkskwhdgh123/robot_ws/install/m_pubsub/lib'
[2.237s] Level 1:colcon.colcon_core.environment:checking '/home/rkskwhdgh123/robot_ws/install/m_pubsub/bin'
[2.237s] Level 1:colcon.colcon_core.environment:checking '/home/rkskwhdgh123/robot_ws/install/m_pubsub/lib/pkgconfig/m_pubsub.pc'
[2.238s] Level 1:colcon.colcon_core.environment:checking '/home/rkskwhdgh123/robot_ws/install/m_pubsub/lib/python3.8/site-packages'
[2.238s] Level 1:colcon.colcon_core.shell:create_environment_hook('m_pubsub', 'pythonpath')
[2.241s] INFO:colcon.colcon_core.shell:Creating environment hook '/home/rkskwhdgh123/robot_ws/install/m_pubsub/share/m_pubsub/hook/pythonpath.ps1'
[2.242s] INFO:colcon.colcon_core.shell:Creating environment descriptor '/home/rkskwhdgh123/robot_ws/install/m_pubsub/share/m_pubsub/hook/pythonpath.dsv'
[2.243s] INFO:colcon.colcon_core.shell:Creating environment hook '/home/rkskwhdgh123/robot_ws/install/m_pubsub/share/m_pubsub/hook/pythonpath.sh'
[2.244s] Level 1:colcon.colcon_core.environment:checking '/home/rkskwhdgh123/robot_ws/install/m_pubsub/bin'
[2.245s] Level 1:colcon.colcon_core.environment:create_environment_scripts_only(m_pubsub)
[2.248s] INFO:colcon.colcon_core.shell:Creating package script '/home/rkskwhdgh123/robot_ws/install/m_pubsub/share/m_pubsub/package.ps1'
[2.249s] INFO:colcon.colcon_core.shell:Creating package descriptor '/home/rkskwhdgh123/robot_ws/install/m_pubsub/share/m_pubsub/package.dsv'
[2.250s] INFO:colcon.colcon_core.shell:Creating package script '/home/rkskwhdgh123/robot_ws/install/m_pubsub/share/m_pubsub/package.sh'
[2.251s] INFO:colcon.colcon_core.shell:Creating package script '/home/rkskwhdgh123/robot_ws/install/m_pubsub/share/m_pubsub/package.bash'
[2.252s] INFO:colcon.colcon_core.shell:Creating package script '/home/rkskwhdgh123/robot_ws/install/m_pubsub/share/m_pubsub/package.zsh'
[2.252s] Level 1:colcon.colcon_core.environment:create_file_with_runtime_dependencies(/home/rkskwhdgh123/robot_ws/install/m_pubsub/share/colcon-core/packages/m_pubsub)
[2.253s] INFO:colcon.colcon_ros.task.ament_python.build:Building ROS package in '/home/rkskwhdgh123/robot_ws/src/test_para' with build type 'ament_python'
[2.254s] Level 1:colcon.colcon_core.shell:create_environment_hook('test_para', 'ament_prefix_path')
[2.257s] INFO:colcon.colcon_core.shell:Creating environment hook '/home/rkskwhdgh123/robot_ws/install/test_para/share/test_para/hook/ament_prefix_path.ps1'
[2.258s] INFO:colcon.colcon_core.shell:Creating environment descriptor '/home/rkskwhdgh123/robot_ws/install/test_para/share/test_para/hook/ament_prefix_path.dsv'
[2.260s] INFO:colcon.colcon_core.shell:Creating environment hook '/home/rkskwhdgh123/robot_ws/install/test_para/share/test_para/hook/ament_prefix_path.sh'
[2.264s] INFO:colcon.colcon_core.shell:Skip shell extension 'powershell' for command environment: Not usable outside of PowerShell
[2.264s] DEBUG:colcon.colcon_core.shell:Skip shell extension 'dsv' for command environment
[2.525s] INFO:colcon.colcon_core.task.python.build:Building Python package in '/home/rkskwhdgh123/robot_ws/src/tb3_move'
[2.530s] INFO:colcon.colcon_core.shell:Skip shell extension 'powershell' for command environment: Not usable outside of PowerShell
[2.530s] DEBUG:colcon.colcon_core.shell:Skip shell extension 'dsv' for command environment
[2.787s] INFO:colcon.colcon_core.task.python.build:Building Python package in '/home/rkskwhdgh123/robot_ws/src/test_para'
[2.791s] INFO:colcon.colcon_core.shell:Skip shell extension 'powershell' for command environment: Not usable outside of PowerShell
[2.791s] DEBUG:colcon.colcon_core.shell:Skip shell extension 'dsv' for command environment
[3.287s] DEBUG:colcon.colcon_core.event_handler.log_command:Invoking command in '/home/rkskwhdgh123/robot_ws/build/tb3_move': PYTHONPATH=/home/rkskwhdgh123/robot_ws/build/tb3_move/prefix_override:/home/rkskwhdgh123/robot_ws/install/tb3_move/lib/python3.8/site-packages:${PYTHONPATH} /usr/bin/python3 setup.py develop --editable --build-directory /home/rkskwhdgh123/robot_ws/build/tb3_move/build --no-deps install_data
[3.320s] DEBUG:colcon.colcon_core.event_handler.log_command:Invoking command in '/home/rkskwhdgh123/robot_ws/build/test_para': PYTHONPATH=/home/rkskwhdgh123/robot_ws/build/test_para/prefix_override:/home/rkskwhdgh123/robot_ws/install/test_para/lib/python3.8/site-packages:${PYTHONPATH} /usr/bin/python3 setup.py develop --editable --build-directory /home/rkskwhdgh123/robot_ws/build/test_para/build --no-deps install_data
[3.966s] Level 1:colcon.colcon_core.shell:create_environment_hook('test_para', 'pythonpath_develop')
[3.970s] INFO:colcon.colcon_core.shell:Creating environment hook '/home/rkskwhdgh123/robot_ws/build/test_para/share/test_para/hook/pythonpath_develop.ps1'
[3.971s] DEBUG:colcon.colcon_core.event_handler.log_command:Invoked command in '/home/rkskwhdgh123/robot_ws/build/test_para' returned '0': PYTHONPATH=/home/rkskwhdgh123/robot_ws/build/test_para/prefix_override:/home/rkskwhdgh123/robot_ws/install/test_para/lib/python3.8/site-packages:${PYTHONPATH} /usr/bin/python3 setup.py develop --editable --build-directory /home/rkskwhdgh123/robot_ws/build/test_para/build --no-deps install_data
[3.972s] INFO:colcon.colcon_core.shell:Creating environment descriptor '/home/rkskwhdgh123/robot_ws/build/test_para/share/test_para/hook/pythonpath_develop.dsv'
[3.974s] INFO:colcon.colcon_core.shell:Creating environment hook '/home/rkskwhdgh123/robot_ws/build/test_para/share/test_para/hook/pythonpath_develop.sh'
[3.981s] Level 1:colcon.colcon_core.environment:checking '/home/rkskwhdgh123/robot_ws/install/test_para' for CMake module files
[3.981s] Level 1:colcon.colcon_core.environment:checking '/home/rkskwhdgh123/robot_ws/install/test_para' for CMake config files
[3.982s] Level 1:colcon.colcon_core.environment:checking '/home/rkskwhdgh123/robot_ws/install/test_para/lib'
[3.982s] Level 1:colcon.colcon_core.environment:checking '/home/rkskwhdgh123/robot_ws/install/test_para/bin'
[3.982s] Level 1:colcon.colcon_core.environment:checking '/home/rkskwhdgh123/robot_ws/install/test_para/lib/pkgconfig/test_para.pc'
[3.983s] Level 1:colcon.colcon_core.environment:checking '/home/rkskwhdgh123/robot_ws/install/test_para/lib/python3.8/site-packages'
[3.983s] Level 1:colcon.colcon_core.shell:create_environment_hook('test_para', 'pythonpath')
[3.987s] INFO:colcon.colcon_core.shell:Creating environment hook '/home/rkskwhdgh123/robot_ws/install/test_para/share/test_para/hook/pythonpath.ps1'
[3.988s] INFO:colcon.colcon_core.shell:Creating environment descriptor '/home/rkskwhdgh123/robot_ws/install/test_para/share/test_para/hook/pythonpath.dsv'
[3.989s] INFO:colcon.colcon_core.shell:Creating environment hook '/home/rkskwhdgh123/robot_ws/install/test_para/share/test_para/hook/pythonpath.sh'
[3.990s] Level 1:colcon.colcon_core.environment:checking '/home/rkskwhdgh123/robot_ws/install/test_para/bin'
[3.990s] Level 1:colcon.colcon_core.environment:create_environment_scripts_only(test_para)
[3.995s] INFO:colcon.colcon_core.shell:Creating package script '/home/rkskwhdgh123/robot_ws/install/test_para/share/test_para/package.ps1'
[3.996s] INFO:colcon.colcon_core.shell:Creating package descriptor '/home/rkskwhdgh123/robot_ws/install/test_para/share/test_para/package.dsv'
[3.997s] INFO:colcon.colcon_core.shell:Creating package script '/home/rkskwhdgh123/robot_ws/install/test_para/share/test_para/package.sh'
[3.998s] INFO:colcon.colcon_core.shell:Creating package script '/home/rkskwhdgh123/robot_ws/install/test_para/share/test_para/package.bash'
[3.999s] INFO:colcon.colcon_core.shell:Creating package script '/home/rkskwhdgh123/robot_ws/install/test_para/share/test_para/package.zsh'
[3.999s] Level 1:colcon.colcon_core.environment:create_file_with_runtime_dependencies(/home/rkskwhdgh123/robot_ws/install/test_para/share/colcon-core/packages/test_para)
[4.002s] Level 1:colcon.colcon_core.shell:create_environment_hook('tb3_move', 'pythonpath_develop')
[4.006s] INFO:colcon.colcon_core.shell:Creating environment hook '/home/rkskwhdgh123/robot_ws/build/tb3_move/share/tb3_move/hook/pythonpath_develop.ps1'
[4.008s] DEBUG:colcon.colcon_core.event_handler.log_command:Invoked command in '/home/rkskwhdgh123/robot_ws/build/tb3_move' returned '0': PYTHONPATH=/home/rkskwhdgh123/robot_ws/build/tb3_move/prefix_override:/home/rkskwhdgh123/robot_ws/install/tb3_move/lib/python3.8/site-packages:${PYTHONPATH} /usr/bin/python3 setup.py develop --editable --build-directory /home/rkskwhdgh123/robot_ws/build/tb3_move/build --no-deps install_data
[4.008s] INFO:colcon.colcon_core.shell:Creating environment descriptor '/home/rkskwhdgh123/robot_ws/build/tb3_move/share/tb3_move/hook/pythonpath_develop.dsv'
[4.009s] INFO:colcon.colcon_core.shell:Creating environment hook '/home/rkskwhdgh123/robot_ws/build/tb3_move/share/tb3_move/hook/pythonpath_develop.sh'
[4.015s] Level 1:colcon.colcon_core.environment:checking '/home/rkskwhdgh123/robot_ws/install/tb3_move' for CMake module files
[4.016s] Level 1:colcon.colcon_core.environment:checking '/home/rkskwhdgh123/robot_ws/install/tb3_move' for CMake config files
[4.017s] Level 1:colcon.colcon_core.environment:checking '/home/rkskwhdgh123/robot_ws/install/tb3_move/lib'
[4.017s] Level 1:colcon.colcon_core.environment:checking '/home/rkskwhdgh123/robot_ws/install/tb3_move/bin'
[4.017s] Level 1:colcon.colcon_core.environment:checking '/home/rkskwhdgh123/robot_ws/install/tb3_move/lib/pkgconfig/tb3_move.pc'
[4.017s] Level 1:colcon.colcon_core.environment:checking '/home/rkskwhdgh123/robot_ws/install/tb3_move/lib/python3.8/site-packages'
[4.017s] Level 1:colcon.colcon_core.shell:create_environment_hook('tb3_move', 'pythonpath')
[4.021s] INFO:colcon.colcon_core.shell:Creating environment hook '/home/rkskwhdgh123/robot_ws/install/tb3_move/share/tb3_move/hook/pythonpath.ps1'
[4.022s] INFO:colcon.colcon_core.shell:Creating environment descriptor '/home/rkskwhdgh123/robot_ws/install/tb3_move/share/tb3_move/hook/pythonpath.dsv'
[4.023s] INFO:colcon.colcon_core.shell:Creating environment hook '/home/rkskwhdgh123/robot_ws/install/tb3_move/share/tb3_move/hook/pythonpath.sh'
[4.024s] Level 1:colcon.colcon_core.environment:checking '/home/rkskwhdgh123/robot_ws/install/tb3_move/bin'
[4.024s] Level 1:colcon.colcon_core.environment:create_environment_scripts_only(tb3_move)
[4.029s] INFO:colcon.colcon_core.shell:Creating package script '/home/rkskwhdgh123/robot_ws/install/tb3_move/share/tb3_move/package.ps1'
[4.030s] INFO:colcon.colcon_core.shell:Creating package descriptor '/home/rkskwhdgh123/robot_ws/install/tb3_move/share/tb3_move/package.dsv'
[4.031s] INFO:colcon.colcon_core.shell:Creating package script '/home/rkskwhdgh123/robot_ws/install/tb3_move/share/tb3_move/package.sh'
[4.032s] INFO:colcon.colcon_core.shell:Creating package script '/home/rkskwhdgh123/robot_ws/install/tb3_move/share/tb3_move/package.bash'
[4.032s] INFO:colcon.colcon_core.shell:Creating package script '/home/rkskwhdgh123/robot_ws/install/tb3_move/share/tb3_move/package.zsh'
[4.033s] Level 1:colcon.colcon_core.environment:create_file_with_runtime_dependencies(/home/rkskwhdgh123/robot_ws/install/tb3_move/share/colcon-core/packages/tb3_move)
[4.034s] DEBUG:colcon.colcon_parallel_executor.executor.parallel:closing loop
[4.034s] DEBUG:colcon.colcon_parallel_executor.executor.parallel:loop closed
[4.034s] DEBUG:colcon.colcon_parallel_executor.executor.parallel:run_until_complete finished with '0'
[4.035s] DEBUG:colcon.colcon_core.event_reactor:joining thread
[4.042s] INFO:colcon.colcon_core.plugin_system:Skipping extension 'colcon_notification.desktop_notification.terminal_notifier': Not used on non-Darwin systems
[4.042s] INFO:colcon.colcon_core.plugin_system:Skipping extension 'colcon_notification.desktop_notification.win32': Not used on non-Windows systems
[4.042s] INFO:colcon.colcon_notification.desktop_notification:Sending desktop notification using 'notify2'
[4.065s] DEBUG:colcon.colcon_core.event_reactor:joined thread
[4.069s] INFO:colcon.colcon_core.shell:Creating prefix script '/home/rkskwhdgh123/robot_ws/install/local_setup.ps1'
[4.070s] INFO:colcon.colcon_core.shell:Creating prefix util module '/home/rkskwhdgh123/robot_ws/install/_local_setup_util_ps1.py'
[4.072s] INFO:colcon.colcon_core.shell:Creating prefix chain script '/home/rkskwhdgh123/robot_ws/install/setup.ps1'
[4.077s] INFO:colcon.colcon_core.shell:Creating prefix script '/home/rkskwhdgh123/robot_ws/install/local_setup.sh'
[4.078s] INFO:colcon.colcon_core.shell:Creating prefix util module '/home/rkskwhdgh123/robot_ws/install/_local_setup_util_sh.py'
[4.079s] INFO:colcon.colcon_core.shell:Creating prefix chain script '/home/rkskwhdgh123/robot_ws/install/setup.sh'
[4.082s] INFO:colcon.colcon_core.shell:Creating prefix script '/home/rkskwhdgh123/robot_ws/install/local_setup.bash'
[4.083s] INFO:colcon.colcon_core.shell:Creating prefix chain script '/home/rkskwhdgh123/robot_ws/install/setup.bash'
[4.086s] INFO:colcon.colcon_core.shell:Creating prefix script '/home/rkskwhdgh123/robot_ws/install/local_setup.zsh'
[4.086s] INFO:colcon.colcon_core.shell:Creating prefix chain script '/home/rkskwhdgh123/robot_ws/install/setup.zsh'
