[0.188s] DEBUG:colcon:Command line arguments: ['/usr/bin/colcon', 'build', '--symlink-install']
[0.188s] DEBUG:colcon:Parsed command line arguments: Namespace(allow_overriding=[], ament_cmake_args=None, base_paths=['.'], build_base='build', catkin_cmake_args=None, catkin_skip_building_tests=False, cmake_args=None, cmake_clean_cache=False, cmake_clean_first=False, cmake_force_configure=False, cmake_target=None, cmake_target_skip_unavailable=False, continue_on_error=False, event_handlers=None, executor='parallel', ignore_user_meta=False, install_base='install', log_base=None, log_level=None, main=<bound method BuildVerb.main of <colcon_core.verb.build.BuildVerb object at 0x7f2ea790ad60>>, merge_install=False, metas=['./colcon.meta'], packages_above=None, packages_above_and_dependencies=None, packages_above_depth=None, packages_end=None, packages_ignore=None, packages_ignore_regex=None, packages_select=None, packages_select_build_failed=False, packages_select_by_dep=None, packages_select_regex=None, packages_select_test_failures=False, packages_skip=None, packages_skip_build_finished=False, packages_skip_by_dep=None, packages_skip_regex=None, packages_skip_test_passed=False, packages_skip_up_to=None, packages_start=None, packages_up_to=None, packages_up_to_regex=None, parallel_workers=2, paths=None, symlink_install=True, test_result_base=None, verb_extension=<colcon_core.verb.build.BuildVerb object at 0x7f2ea790ad60>, verb_name='build', verb_parser=<colcon_defaults.argument_parser.defaults.DefaultArgumentsDecorator object at 0x7f2ea7917310>)
[0.216s] Level 1:colcon.colcon_core.package_discovery:discover_packages(colcon_meta) check parameters
[0.216s] Level 1:colcon.colcon_core.package_discovery:discover_packages(recursive) check parameters
[0.217s] Level 1:colcon.colcon_core.package_discovery:discover_packages(ignore) check parameters
[0.217s] Level 1:colcon.colcon_core.package_discovery:discover_packages(path) check parameters
[0.217s] Level 1:colcon.colcon_core.package_discovery:discover_packages(colcon_meta) discover
[0.217s] Level 1:colcon.colcon_core.package_discovery:discover_packages(recursive) discover
[0.217s] INFO:colcon.colcon_core.package_discovery:Crawling recursively for packages in '/home/rkskwhdgh123/robot_ws'
[0.217s] Level 1:colcon.colcon_core.package_identification:_identify(.) by extensions ['ignore', 'ignore_ament_install']
[0.217s] Level 1:colcon.colcon_core.package_identification:_identify(.) by extension 'ignore'
[0.218s] Level 1:colcon.colcon_core.package_identification:_identify(.) by extension 'ignore_ament_install'
[0.218s] Level 1:colcon.colcon_core.package_identification:_identify(.) by extensions ['colcon_pkg']
[0.218s] Level 1:colcon.colcon_core.package_identification:_identify(.) by extension 'colcon_pkg'
[0.218s] Level 1:colcon.colcon_core.package_identification:_identify(.) by extensions ['colcon_meta']
[0.218s] Level 1:colcon.colcon_core.package_identification:_identify(.) by extension 'colcon_meta'
[0.218s] Level 1:colcon.colcon_core.package_identification:_identify(.) by extensions ['ros']
[0.218s] Level 1:colcon.colcon_core.package_identification:_identify(.) by extension 'ros'
[0.236s] Level 1:colcon.colcon_core.package_identification:_identify(.) by extensions ['cmake', 'python']
[0.236s] Level 1:colcon.colcon_core.package_identification:_identify(.) by extension 'cmake'
[0.236s] Level 1:colcon.colcon_core.package_identification:_identify(.) by extension 'python'
[0.236s] Level 1:colcon.colcon_core.package_identification:_identify(.) by extensions ['python_setup_py']
[0.236s] Level 1:colcon.colcon_core.package_identification:_identify(.) by extension 'python_setup_py'
[0.236s] Level 1:colcon.colcon_core.package_identification:_identify(build) by extensions ['ignore', 'ignore_ament_install']
[0.236s] Level 1:colcon.colcon_core.package_identification:_identify(build) by extension 'ignore'
[0.237s] Level 1:colcon.colcon_core.package_identification:_identify(build) ignored
[0.237s] Level 1:colcon.colcon_core.package_identification:_identify(install) by extensions ['ignore', 'ignore_ament_install']
[0.237s] Level 1:colcon.colcon_core.package_identification:_identify(install) by extension 'ignore'
[0.237s] Level 1:colcon.colcon_core.package_identification:_identify(install) ignored
[0.237s] Level 1:colcon.colcon_core.package_identification:_identify(log) by extensions ['ignore', 'ignore_ament_install']
[0.237s] Level 1:colcon.colcon_core.package_identification:_identify(log) by extension 'ignore'
[0.238s] Level 1:colcon.colcon_core.package_identification:_identify(log) ignored
[0.238s] Level 1:colcon.colcon_core.package_identification:_identify(src) by extensions ['ignore', 'ignore_ament_install']
[0.238s] Level 1:colcon.colcon_core.package_identification:_identify(src) by extension 'ignore'
[0.238s] Level 1:colcon.colcon_core.package_identification:_identify(src) by extension 'ignore_ament_install'
[0.238s] Level 1:colcon.colcon_core.package_identification:_identify(src) by extensions ['colcon_pkg']
[0.238s] Level 1:colcon.colcon_core.package_identification:_identify(src) by extension 'colcon_pkg'
[0.238s] Level 1:colcon.colcon_core.package_identification:_identify(src) by extensions ['colcon_meta']
[0.239s] Level 1:colcon.colcon_core.package_identification:_identify(src) by extension 'colcon_meta'
[0.239s] Level 1:colcon.colcon_core.package_identification:_identify(src) by extensions ['ros']
[0.239s] Level 1:colcon.colcon_core.package_identification:_identify(src) by extension 'ros'
[0.239s] Level 1:colcon.colcon_core.package_identification:_identify(src) by extensions ['cmake', 'python']
[0.239s] Level 1:colcon.colcon_core.package_identification:_identify(src) by extension 'cmake'
[0.239s] Level 1:colcon.colcon_core.package_identification:_identify(src) by extension 'python'
[0.239s] Level 1:colcon.colcon_core.package_identification:_identify(src) by extensions ['python_setup_py']
[0.239s] Level 1:colcon.colcon_core.package_identification:_identify(src) by extension 'python_setup_py'
[0.239s] Level 1:colcon.colcon_core.package_identification:_identify(src/build) by extensions ['ignore', 'ignore_ament_install']
[0.239s] Level 1:colcon.colcon_core.package_identification:_identify(src/build) by extension 'ignore'
[0.240s] Level 1:colcon.colcon_core.package_identification:_identify(src/build) ignored
[0.240s] Level 1:colcon.colcon_core.package_identification:_identify(src/install) by extensions ['ignore', 'ignore_ament_install']
[0.240s] Level 1:colcon.colcon_core.package_identification:_identify(src/install) by extension 'ignore'
[0.240s] Level 1:colcon.colcon_core.package_identification:_identify(src/install) ignored
[0.240s] Level 1:colcon.colcon_core.package_identification:_identify(src/log) by extensions ['ignore', 'ignore_ament_install']
[0.240s] Level 1:colcon.colcon_core.package_identification:_identify(src/log) by extension 'ignore'
[0.240s] Level 1:colcon.colcon_core.package_identification:_identify(src/log) ignored
[0.241s] Level 1:colcon.colcon_core.package_identification:_identify(src/m_pubsub) by extensions ['ignore', 'ignore_ament_install']
[0.241s] Level 1:colcon.colcon_core.package_identification:_identify(src/m_pubsub) by extension 'ignore'
[0.241s] Level 1:colcon.colcon_core.package_identification:_identify(src/m_pubsub) by extension 'ignore_ament_install'
[0.241s] Level 1:colcon.colcon_core.package_identification:_identify(src/m_pubsub) by extensions ['colcon_pkg']
[0.241s] Level 1:colcon.colcon_core.package_identification:_identify(src/m_pubsub) by extension 'colcon_pkg'
[0.241s] Level 1:colcon.colcon_core.package_identification:_identify(src/m_pubsub) by extensions ['colcon_meta']
[0.241s] Level 1:colcon.colcon_core.package_identification:_identify(src/m_pubsub) by extension 'colcon_meta'
[0.242s] Level 1:colcon.colcon_core.package_identification:_identify(src/m_pubsub) by extensions ['ros']
[0.242s] Level 1:colcon.colcon_core.package_identification:_identify(src/m_pubsub) by extension 'ros'
[0.244s] DEBUG:colcon.colcon_core.package_identification:Package 'src/m_pubsub' with type 'ros.ament_python' and name 'm_pubsub'
[0.244s] Level 1:colcon.colcon_core.package_identification:_identify(src/nav_move) by extensions ['ignore', 'ignore_ament_install']
[0.244s] Level 1:colcon.colcon_core.package_identification:_identify(src/nav_move) by extension 'ignore'
[0.245s] Level 1:colcon.colcon_core.package_identification:_identify(src/nav_move) by extension 'ignore_ament_install'
[0.245s] Level 1:colcon.colcon_core.package_identification:_identify(src/nav_move) by extensions ['colcon_pkg']
[0.245s] Level 1:colcon.colcon_core.package_identification:_identify(src/nav_move) by extension 'colcon_pkg'
[0.245s] Level 1:colcon.colcon_core.package_identification:_identify(src/nav_move) by extensions ['colcon_meta']
[0.245s] Level 1:colcon.colcon_core.package_identification:_identify(src/nav_move) by extension 'colcon_meta'
[0.245s] Level 1:colcon.colcon_core.package_identification:_identify(src/nav_move) by extensions ['ros']
[0.245s] Level 1:colcon.colcon_core.package_identification:_identify(src/nav_move) by extension 'ros'
[0.246s] DEBUG:colcon.colcon_core.package_identification:Package 'src/nav_move' with type 'ros.ament_python' and name 'nav_move'
[0.246s] Level 1:colcon.colcon_core.package_identification:_identify(src/tb3_move) by extensions ['ignore', 'ignore_ament_install']
[0.246s] Level 1:colcon.colcon_core.package_identification:_identify(src/tb3_move) by extension 'ignore'
[0.246s] Level 1:colcon.colcon_core.package_identification:_identify(src/tb3_move) by extension 'ignore_ament_install'
[0.246s] Level 1:colcon.colcon_core.package_identification:_identify(src/tb3_move) by extensions ['colcon_pkg']
[0.246s] Level 1:colcon.colcon_core.package_identification:_identify(src/tb3_move) by extension 'colcon_pkg'
[0.247s] Level 1:colcon.colcon_core.package_identification:_identify(src/tb3_move) by extensions ['colcon_meta']
[0.247s] Level 1:colcon.colcon_core.package_identification:_identify(src/tb3_move) by extension 'colcon_meta'
[0.247s] Level 1:colcon.colcon_core.package_identification:_identify(src/tb3_move) by extensions ['ros']
[0.247s] Level 1:colcon.colcon_core.package_identification:_identify(src/tb3_move) by extension 'ros'
[0.247s] DEBUG:colcon.colcon_core.package_identification:Package 'src/tb3_move' with type 'ros.ament_python' and name 'tb3_move'
[0.248s] Level 1:colcon.colcon_core.package_identification:_identify(src/test_para) by extensions ['ignore', 'ignore_ament_install']
[0.248s] Level 1:colcon.colcon_core.package_identification:_identify(src/test_para) by extension 'ignore'
[0.248s] Level 1:colcon.colcon_core.package_identification:_identify(src/test_para) by extension 'ignore_ament_install'
[0.248s] Level 1:colcon.colcon_core.package_identification:_identify(src/test_para) by extensions ['colcon_pkg']
[0.248s] Level 1:colcon.colcon_core.package_identification:_identify(src/test_para) by extension 'colcon_pkg'
[0.248s] Level 1:colcon.colcon_core.package_identification:_identify(src/test_para) by extensions ['colcon_meta']
[0.248s] Level 1:colcon.colcon_core.package_identification:_identify(src/test_para) by extension 'colcon_meta'
[0.249s] Level 1:colcon.colcon_core.package_identification:_identify(src/test_para) by extensions ['ros']
[0.249s] Level 1:colcon.colcon_core.package_identification:_identify(src/test_para) by extension 'ros'
[0.249s] DEBUG:colcon.colcon_core.package_identification:Package 'src/test_para' with type 'ros.ament_python' and name 'test_para'
[0.249s] Level 1:colcon.colcon_core.package_discovery:discover_packages(recursive) using defaults
[0.249s] Level 1:colcon.colcon_core.package_discovery:discover_packages(ignore) discover
[0.249s] Level 1:colcon.colcon_core.package_discovery:discover_packages(ignore) using defaults
[0.250s] Level 1:colcon.colcon_core.package_discovery:discover_packages(path) discover
[0.250s] Level 1:colcon.colcon_core.package_discovery:discover_packages(path) using defaults
[0.276s] Level 1:colcon.colcon_core.package_discovery:discover_packages(prefix_path) check parameters
[0.276s] Level 1:colcon.colcon_core.package_discovery:discover_packages(prefix_path) discover
[0.280s] DEBUG:colcon.colcon_installed_package_information.package_discovery:Found 4 installed packages in /home/rkskwhdgh123/robot_ws/install
[0.283s] DEBUG:colcon.colcon_installed_package_information.package_discovery:Found 308 installed packages in /opt/ros/foxy
[0.285s] Level 1:colcon.colcon_core.package_discovery:discover_packages(prefix_path) using defaults
[0.364s] Level 5:colcon.colcon_core.verb:set package 'm_pubsub' build argument 'cmake_args' from command line to 'None'
[0.364s] Level 5:colcon.colcon_core.verb:set package 'm_pubsub' build argument 'cmake_target' from command line to 'None'
[0.364s] Level 5:colcon.colcon_core.verb:set package 'm_pubsub' build argument 'cmake_target_skip_unavailable' from command line to 'False'
[0.364s] Level 5:colcon.colcon_core.verb:set package 'm_pubsub' build argument 'cmake_clean_cache' from command line to 'False'
[0.364s] Level 5:colcon.colcon_core.verb:set package 'm_pubsub' build argument 'cmake_clean_first' from command line to 'False'
[0.364s] Level 5:colcon.colcon_core.verb:set package 'm_pubsub' build argument 'cmake_force_configure' from command line to 'False'
[0.365s] Level 5:colcon.colcon_core.verb:set package 'm_pubsub' build argument 'ament_cmake_args' from command line to 'None'
[0.365s] Level 5:colcon.colcon_core.verb:set package 'm_pubsub' build argument 'catkin_cmake_args' from command line to 'None'
[0.365s] Level 5:colcon.colcon_core.verb:set package 'm_pubsub' build argument 'catkin_skip_building_tests' from command line to 'False'
[0.365s] DEBUG:colcon.colcon_core.verb:Building package 'm_pubsub' with the following arguments: {'ament_cmake_args': None, 'build_base': '/home/rkskwhdgh123/robot_ws/build/m_pubsub', 'catkin_cmake_args': None, 'catkin_skip_building_tests': False, 'cmake_args': None, 'cmake_clean_cache': False, 'cmake_clean_first': False, 'cmake_force_configure': False, 'cmake_target': None, 'cmake_target_skip_unavailable': False, 'install_base': '/home/rkskwhdgh123/robot_ws/install/m_pubsub', 'merge_install': False, 'path': '/home/rkskwhdgh123/robot_ws/src/m_pubsub', 'symlink_install': True, 'test_result_base': None}
[0.367s] Level 5:colcon.colcon_core.verb:set package 'nav_move' build argument 'cmake_args' from command line to 'None'
[0.367s] Level 5:colcon.colcon_core.verb:set package 'nav_move' build argument 'cmake_target' from command line to 'None'
[0.367s] Level 5:colcon.colcon_core.verb:set package 'nav_move' build argument 'cmake_target_skip_unavailable' from command line to 'False'
[0.367s] Level 5:colcon.colcon_core.verb:set package 'nav_move' build argument 'cmake_clean_cache' from command line to 'False'
[0.367s] Level 5:colcon.colcon_core.verb:set package 'nav_move' build argument 'cmake_clean_first' from command line to 'False'
[0.367s] Level 5:colcon.colcon_core.verb:set package 'nav_move' build argument 'cmake_force_configure' from command line to 'False'
[0.367s] Level 5:colcon.colcon_core.verb:set package 'nav_move' build argument 'ament_cmake_args' from command line to 'None'
[0.367s] Level 5:colcon.colcon_core.verb:set package 'nav_move' build argument 'catkin_cmake_args' from command line to 'None'
[0.367s] Level 5:colcon.colcon_core.verb:set package 'nav_move' build argument 'catkin_skip_building_tests' from command line to 'False'
[0.368s] DEBUG:colcon.colcon_core.verb:Building package 'nav_move' with the following arguments: {'ament_cmake_args': None, 'build_base': '/home/rkskwhdgh123/robot_ws/build/nav_move', 'catkin_cmake_args': None, 'catkin_skip_building_tests': False, 'cmake_args': None, 'cmake_clean_cache': False, 'cmake_clean_first': False, 'cmake_force_configure': False, 'cmake_target': None, 'cmake_target_skip_unavailable': False, 'install_base': '/home/rkskwhdgh123/robot_ws/install/nav_move', 'merge_install': False, 'path': '/home/rkskwhdgh123/robot_ws/src/nav_move', 'symlink_install': True, 'test_result_base': None}
[0.369s] Level 5:colcon.colcon_core.verb:set package 'tb3_move' build argument 'cmake_args' from command line to 'None'
[0.370s] Level 5:colcon.colcon_core.verb:set package 'tb3_move' build argument 'cmake_target' from command line to 'None'
[0.370s] Level 5:colcon.colcon_core.verb:set package 'tb3_move' build argument 'cmake_target_skip_unavailable' from command line to 'False'
[0.370s] Level 5:colcon.colcon_core.verb:set package 'tb3_move' build argument 'cmake_clean_cache' from command line to 'False'
[0.370s] Level 5:colcon.colcon_core.verb:set package 'tb3_move' build argument 'cmake_clean_first' from command line to 'False'
[0.370s] Level 5:colcon.colcon_core.verb:set package 'tb3_move' build argument 'cmake_force_configure' from command line to 'False'
[0.370s] Level 5:colcon.colcon_core.verb:set package 'tb3_move' build argument 'ament_cmake_args' from command line to 'None'
[0.370s] Level 5:colcon.colcon_core.verb:set package 'tb3_move' build argument 'catkin_cmake_args' from command line to 'None'
[0.370s] Level 5:colcon.colcon_core.verb:set package 'tb3_move' build argument 'catkin_skip_building_tests' from command line to 'False'
[0.370s] DEBUG:colcon.colcon_core.verb:Building package 'tb3_move' with the following arguments: {'ament_cmake_args': None, 'build_base': '/home/rkskwhdgh123/robot_ws/build/tb3_move', 'catkin_cmake_args': None, 'catkin_skip_building_tests': False, 'cmake_args': None, 'cmake_clean_cache': False, 'cmake_clean_first': False, 'cmake_force_configure': False, 'cmake_target': None, 'cmake_target_skip_unavailable': False, 'install_base': '/home/rkskwhdgh123/robot_ws/install/tb3_move', 'merge_install': False, 'path': '/home/rkskwhdgh123/robot_ws/src/tb3_move', 'symlink_install': True, 'test_result_base': None}
[0.372s] Level 5:colcon.colcon_core.verb:set package 'test_para' build argument 'cmake_args' from command line to 'None'
[0.372s] Level 5:colcon.colcon_core.verb:set package 'test_para' build argument 'cmake_target' from command line to 'None'
[0.372s] Level 5:colcon.colcon_core.verb:set package 'test_para' build argument 'cmake_target_skip_unavailable' from command line to 'False'
[0.372s] Level 5:colcon.colcon_core.verb:set package 'test_para' build argument 'cmake_clean_cache' from command line to 'False'
[0.373s] Level 5:colcon.colcon_core.verb:set package 'test_para' build argument 'cmake_clean_first' from command line to 'False'
[0.373s] Level 5:colcon.colcon_core.verb:set package 'test_para' build argument 'cmake_force_configure' from command line to 'False'
[0.373s] Level 5:colcon.colcon_core.verb:set package 'test_para' build argument 'ament_cmake_args' from command line to 'None'
[0.373s] Level 5:colcon.colcon_core.verb:set package 'test_para' build argument 'catkin_cmake_args' from command line to 'None'
[0.373s] Level 5:colcon.colcon_core.verb:set package 'test_para' build argument 'catkin_skip_building_tests' from command line to 'False'
[0.373s] DEBUG:colcon.colcon_core.verb:Building package 'test_para' with the following arguments: {'ament_cmake_args': None, 'build_base': '/home/rkskwhdgh123/robot_ws/build/test_para', 'catkin_cmake_args': None, 'catkin_skip_building_tests': False, 'cmake_args': None, 'cmake_clean_cache': False, 'cmake_clean_first': False, 'cmake_force_configure': False, 'cmake_target': None, 'cmake_target_skip_unavailable': False, 'install_base': '/home/rkskwhdgh123/robot_ws/install/test_para', 'merge_install': False, 'path': '/home/rkskwhdgh123/robot_ws/src/test_para', 'symlink_install': True, 'test_result_base': None}
[0.374s] INFO:colcon.colcon_core.executor:Executing jobs using 'parallel' executor
[0.383s] DEBUG:colcon.colcon_parallel_executor.executor.parallel:run_until_complete
[0.383s] INFO:colcon.colcon_ros.task.ament_python.build:Building ROS package in '/home/rkskwhdgh123/robot_ws/src/m_pubsub' with build type 'ament_python'
[0.384s] Level 1:colcon.colcon_core.shell:create_environment_hook('m_pubsub', 'ament_prefix_path')
[0.392s] INFO:colcon.colcon_core.plugin_system:Skipping extension 'colcon_core.shell.bat': Not used on non-Windows systems
[0.392s] INFO:colcon.colcon_core.shell:Creating environment hook '/home/rkskwhdgh123/robot_ws/install/m_pubsub/share/m_pubsub/hook/ament_prefix_path.ps1'
[0.393s] INFO:colcon.colcon_core.shell:Creating environment descriptor '/home/rkskwhdgh123/robot_ws/install/m_pubsub/share/m_pubsub/hook/ament_prefix_path.dsv'
[0.394s] INFO:colcon.colcon_core.shell:Creating environment hook '/home/rkskwhdgh123/robot_ws/install/m_pubsub/share/m_pubsub/hook/ament_prefix_path.sh'
[0.399s] INFO:colcon.colcon_core.shell:Skip shell extension 'powershell' for command environment: Not usable outside of PowerShell
[0.399s] DEBUG:colcon.colcon_core.shell:Skip shell extension 'dsv' for command environment
[0.410s] INFO:colcon.colcon_ros.task.ament_python.build:Building ROS package in '/home/rkskwhdgh123/robot_ws/src/nav_move' with build type 'ament_python'
[0.410s] Level 1:colcon.colcon_core.shell:create_environment_hook('nav_move', 'ament_prefix_path')
[0.416s] INFO:colcon.colcon_core.shell:Creating environment hook '/home/rkskwhdgh123/robot_ws/install/nav_move/share/nav_move/hook/ament_prefix_path.ps1'
[0.417s] INFO:colcon.colcon_core.shell:Creating environment descriptor '/home/rkskwhdgh123/robot_ws/install/nav_move/share/nav_move/hook/ament_prefix_path.dsv'
[0.417s] INFO:colcon.colcon_core.shell:Creating environment hook '/home/rkskwhdgh123/robot_ws/install/nav_move/share/nav_move/hook/ament_prefix_path.sh'
[0.421s] INFO:colcon.colcon_core.shell:Skip shell extension 'powershell' for command environment: Not usable outside of PowerShell
[0.421s] DEBUG:colcon.colcon_core.shell:Skip shell extension 'dsv' for command environment
[0.702s] INFO:colcon.colcon_core.task.python.build:Building Python package in '/home/rkskwhdgh123/robot_ws/src/m_pubsub'
[0.706s] INFO:colcon.colcon_core.shell:Skip shell extension 'powershell' for command environment: Not usable outside of PowerShell
[0.706s] DEBUG:colcon.colcon_core.shell:Skip shell extension 'dsv' for command environment
[0.972s] INFO:colcon.colcon_core.task.python.build:Building Python package in '/home/rkskwhdgh123/robot_ws/src/nav_move'
[0.976s] INFO:colcon.colcon_core.shell:Skip shell extension 'powershell' for command environment: Not usable outside of PowerShell
[0.977s] DEBUG:colcon.colcon_core.shell:Skip shell extension 'dsv' for command environment
[1.485s] DEBUG:colcon.colcon_core.event_handler.log_command:Invoking command in '/home/rkskwhdgh123/robot_ws/build/nav_move': PYTHONPATH=/home/rkskwhdgh123/robot_ws/build/nav_move/prefix_override:/home/rkskwhdgh123/robot_ws/install/nav_move/lib/python3.8/site-packages:${PYTHONPATH} /usr/bin/python3 setup.py develop --editable --build-directory /home/rkskwhdgh123/robot_ws/build/nav_move/build --no-deps install_data
[1.500s] DEBUG:colcon.colcon_core.event_handler.log_command:Invoking command in '/home/rkskwhdgh123/robot_ws/build/m_pubsub': PYTHONPATH=/home/rkskwhdgh123/robot_ws/build/m_pubsub/prefix_override:/home/rkskwhdgh123/robot_ws/install/m_pubsub/lib/python3.8/site-packages:${PYTHONPATH} /usr/bin/python3 setup.py develop --editable --build-directory /home/rkskwhdgh123/robot_ws/build/m_pubsub/build --no-deps install_data
[2.097s] Level 1:colcon.colcon_core.shell:create_environment_hook('nav_move', 'pythonpath_develop')
[2.101s] INFO:colcon.colcon_core.shell:Creating environment hook '/home/rkskwhdgh123/robot_ws/build/nav_move/share/nav_move/hook/pythonpath_develop.ps1'
[2.102s] DEBUG:colcon.colcon_core.event_handler.log_command:Invoked command in '/home/rkskwhdgh123/robot_ws/build/nav_move' returned '0': PYTHONPATH=/home/rkskwhdgh123/robot_ws/build/nav_move/prefix_override:/home/rkskwhdgh123/robot_ws/install/nav_move/lib/python3.8/site-packages:${PYTHONPATH} /usr/bin/python3 setup.py develop --editable --build-directory /home/rkskwhdgh123/robot_ws/build/nav_move/build --no-deps install_data
[2.103s] INFO:colcon.colcon_core.shell:Creating environment descriptor '/home/rkskwhdgh123/robot_ws/build/nav_move/share/nav_move/hook/pythonpath_develop.dsv'
[2.104s] INFO:colcon.colcon_core.shell:Creating environment hook '/home/rkskwhdgh123/robot_ws/build/nav_move/share/nav_move/hook/pythonpath_develop.sh'
[2.114s] Level 1:colcon.colcon_core.environment:checking '/home/rkskwhdgh123/robot_ws/install/nav_move' for CMake module files
[2.115s] Level 1:colcon.colcon_core.environment:checking '/home/rkskwhdgh123/robot_ws/install/nav_move' for CMake config files
[2.116s] Level 1:colcon.colcon_core.environment:checking '/home/rkskwhdgh123/robot_ws/install/nav_move/lib'
[2.116s] Level 1:colcon.colcon_core.environment:checking '/home/rkskwhdgh123/robot_ws/install/nav_move/bin'
[2.116s] Level 1:colcon.colcon_core.environment:checking '/home/rkskwhdgh123/robot_ws/install/nav_move/lib/pkgconfig/nav_move.pc'
[2.116s] Level 1:colcon.colcon_core.environment:checking '/home/rkskwhdgh123/robot_ws/install/nav_move/lib/python3.8/site-packages'
[2.116s] Level 1:colcon.colcon_core.shell:create_environment_hook('nav_move', 'pythonpath')
[2.120s] INFO:colcon.colcon_core.shell:Creating environment hook '/home/rkskwhdgh123/robot_ws/install/nav_move/share/nav_move/hook/pythonpath.ps1'
[2.121s] INFO:colcon.colcon_core.shell:Creating environment descriptor '/home/rkskwhdgh123/robot_ws/install/nav_move/share/nav_move/hook/pythonpath.dsv'
[2.122s] INFO:colcon.colcon_core.shell:Creating environment hook '/home/rkskwhdgh123/robot_ws/install/nav_move/share/nav_move/hook/pythonpath.sh'
[2.123s] Level 1:colcon.colcon_core.environment:checking '/home/rkskwhdgh123/robot_ws/install/nav_move/bin'
[2.123s] Level 1:colcon.colcon_core.environment:create_environment_scripts_only(nav_move)
[2.129s] INFO:colcon.colcon_core.shell:Creating package script '/home/rkskwhdgh123/robot_ws/install/nav_move/share/nav_move/package.ps1'
[2.130s] INFO:colcon.colcon_core.shell:Creating package descriptor '/home/rkskwhdgh123/robot_ws/install/nav_move/share/nav_move/package.dsv'
[2.131s] INFO:colcon.colcon_core.shell:Creating package script '/home/rkskwhdgh123/robot_ws/install/nav_move/share/nav_move/package.sh'
[2.133s] INFO:colcon.colcon_core.shell:Creating package script '/home/rkskwhdgh123/robot_ws/install/nav_move/share/nav_move/package.bash'
[2.134s] INFO:colcon.colcon_core.shell:Creating package script '/home/rkskwhdgh123/robot_ws/install/nav_move/share/nav_move/package.zsh'
[2.135s] Level 1:colcon.colcon_core.environment:create_file_with_runtime_dependencies(/home/rkskwhdgh123/robot_ws/install/nav_move/share/colcon-core/packages/nav_move)
[2.136s] INFO:colcon.colcon_ros.task.ament_python.build:Building ROS package in '/home/rkskwhdgh123/robot_ws/src/tb3_move' with build type 'ament_python'
[2.136s] Level 1:colcon.colcon_core.shell:create_environment_hook('tb3_move', 'ament_prefix_path')
[2.141s] INFO:colcon.colcon_core.shell:Creating environment hook '/home/rkskwhdgh123/robot_ws/install/tb3_move/share/tb3_move/hook/ament_prefix_path.ps1'
[2.142s] INFO:colcon.colcon_core.shell:Creating environment descriptor '/home/rkskwhdgh123/robot_ws/install/tb3_move/share/tb3_move/hook/ament_prefix_path.dsv'
[2.144s] INFO:colcon.colcon_core.shell:Creating environment hook '/home/rkskwhdgh123/robot_ws/install/tb3_move/share/tb3_move/hook/ament_prefix_path.sh'
[2.149s] INFO:colcon.colcon_core.shell:Skip shell extension 'powershell' for command environment: Not usable outside of PowerShell
[2.150s] DEBUG:colcon.colcon_core.shell:Skip shell extension 'dsv' for command environment
[2.461s] INFO:colcon.colcon_core.task.python.build:Building Python package in '/home/rkskwhdgh123/robot_ws/src/tb3_move'
[2.465s] INFO:colcon.colcon_core.shell:Skip shell extension 'powershell' for command environment: Not usable outside of PowerShell
[2.465s] DEBUG:colcon.colcon_core.shell:Skip shell extension 'dsv' for command environment
[2.476s] Level 1:colcon.colcon_core.shell:create_environment_hook('m_pubsub', 'pythonpath_develop')
[2.480s] INFO:colcon.colcon_core.shell:Creating environment hook '/home/rkskwhdgh123/robot_ws/build/m_pubsub/share/m_pubsub/hook/pythonpath_develop.ps1'
[2.480s] DEBUG:colcon.colcon_core.event_handler.log_command:Invoked command in '/home/rkskwhdgh123/robot_ws/build/m_pubsub' returned '0': PYTHONPATH=/home/rkskwhdgh123/robot_ws/build/m_pubsub/prefix_override:/home/rkskwhdgh123/robot_ws/install/m_pubsub/lib/python3.8/site-packages:${PYTHONPATH} /usr/bin/python3 setup.py develop --editable --build-directory /home/rkskwhdgh123/robot_ws/build/m_pubsub/build --no-deps install_data
[2.481s] INFO:colcon.colcon_core.shell:Creating environment descriptor '/home/rkskwhdgh123/robot_ws/build/m_pubsub/share/m_pubsub/hook/pythonpath_develop.dsv'
[2.482s] INFO:colcon.colcon_core.shell:Creating environment hook '/home/rkskwhdgh123/robot_ws/build/m_pubsub/share/m_pubsub/hook/pythonpath_develop.sh'
[2.488s] Level 1:colcon.colcon_core.environment:checking '/home/rkskwhdgh123/robot_ws/install/m_pubsub' for CMake module files
[2.488s] Level 1:colcon.colcon_core.environment:checking '/home/rkskwhdgh123/robot_ws/install/m_pubsub' for CMake config files
[2.489s] Level 1:colcon.colcon_core.environment:checking '/home/rkskwhdgh123/robot_ws/install/m_pubsub/lib'
[2.489s] Level 1:colcon.colcon_core.environment:checking '/home/rkskwhdgh123/robot_ws/install/m_pubsub/bin'
[2.489s] Level 1:colcon.colcon_core.environment:checking '/home/rkskwhdgh123/robot_ws/install/m_pubsub/lib/pkgconfig/m_pubsub.pc'
[2.490s] Level 1:colcon.colcon_core.environment:checking '/home/rkskwhdgh123/robot_ws/install/m_pubsub/lib/python3.8/site-packages'
[2.490s] Level 1:colcon.colcon_core.shell:create_environment_hook('m_pubsub', 'pythonpath')
[2.493s] INFO:colcon.colcon_core.shell:Creating environment hook '/home/rkskwhdgh123/robot_ws/install/m_pubsub/share/m_pubsub/hook/pythonpath.ps1'
[2.494s] INFO:colcon.colcon_core.shell:Creating environment descriptor '/home/rkskwhdgh123/robot_ws/install/m_pubsub/share/m_pubsub/hook/pythonpath.dsv'
[2.494s] INFO:colcon.colcon_core.shell:Creating environment hook '/home/rkskwhdgh123/robot_ws/install/m_pubsub/share/m_pubsub/hook/pythonpath.sh'
[2.496s] Level 1:colcon.colcon_core.environment:checking '/home/rkskwhdgh123/robot_ws/install/m_pubsub/bin'
[2.496s] Level 1:colcon.colcon_core.environment:create_environment_scripts_only(m_pubsub)
[2.500s] INFO:colcon.colcon_core.shell:Creating package script '/home/rkskwhdgh123/robot_ws/install/m_pubsub/share/m_pubsub/package.ps1'
[2.501s] INFO:colcon.colcon_core.shell:Creating package descriptor '/home/rkskwhdgh123/robot_ws/install/m_pubsub/share/m_pubsub/package.dsv'
[2.502s] INFO:colcon.colcon_core.shell:Creating package script '/home/rkskwhdgh123/robot_ws/install/m_pubsub/share/m_pubsub/package.sh'
[2.503s] INFO:colcon.colcon_core.shell:Creating package script '/home/rkskwhdgh123/robot_ws/install/m_pubsub/share/m_pubsub/package.bash'
[2.504s] INFO:colcon.colcon_core.shell:Creating package script '/home/rkskwhdgh123/robot_ws/install/m_pubsub/share/m_pubsub/package.zsh'
[2.504s] Level 1:colcon.colcon_core.environment:create_file_with_runtime_dependencies(/home/rkskwhdgh123/robot_ws/install/m_pubsub/share/colcon-core/packages/m_pubsub)
[2.505s] INFO:colcon.colcon_ros.task.ament_python.build:Building ROS package in '/home/rkskwhdgh123/robot_ws/src/test_para' with build type 'ament_python'
[2.507s] Level 1:colcon.colcon_core.shell:create_environment_hook('test_para', 'ament_prefix_path')
[2.510s] INFO:colcon.colcon_core.shell:Creating environment hook '/home/rkskwhdgh123/robot_ws/install/test_para/share/test_para/hook/ament_prefix_path.ps1'
[2.514s] INFO:colcon.colcon_core.shell:Creating environment descriptor '/home/rkskwhdgh123/robot_ws/install/test_para/share/test_para/hook/ament_prefix_path.dsv'
[2.514s] INFO:colcon.colcon_core.shell:Creating environment hook '/home/rkskwhdgh123/robot_ws/install/test_para/share/test_para/hook/ament_prefix_path.sh'
[2.519s] INFO:colcon.colcon_core.shell:Skip shell extension 'powershell' for command environment: Not usable outside of PowerShell
[2.519s] DEBUG:colcon.colcon_core.shell:Skip shell extension 'dsv' for command environment
[2.822s] INFO:colcon.colcon_core.task.python.build:Building Python package in '/home/rkskwhdgh123/robot_ws/src/test_para'
[2.835s] INFO:colcon.colcon_core.shell:Skip shell extension 'powershell' for command environment: Not usable outside of PowerShell
[2.835s] DEBUG:colcon.colcon_core.shell:Skip shell extension 'dsv' for command environment
[3.025s] DEBUG:colcon.colcon_core.event_handler.log_command:Invoking command in '/home/rkskwhdgh123/robot_ws/build/tb3_move': PYTHONPATH=/home/rkskwhdgh123/robot_ws/build/tb3_move/prefix_override:/home/rkskwhdgh123/robot_ws/install/tb3_move/lib/python3.8/site-packages:${PYTHONPATH} /usr/bin/python3 setup.py develop --editable --build-directory /home/rkskwhdgh123/robot_ws/build/tb3_move/build --no-deps install_data
[3.357s] DEBUG:colcon.colcon_core.event_handler.log_command:Invoking command in '/home/rkskwhdgh123/robot_ws/build/test_para': PYTHONPATH=/home/rkskwhdgh123/robot_ws/build/test_para/prefix_override:/home/rkskwhdgh123/robot_ws/install/test_para/lib/python3.8/site-packages:${PYTHONPATH} /usr/bin/python3 setup.py develop --editable --build-directory /home/rkskwhdgh123/robot_ws/build/test_para/build --no-deps install_data
[3.617s] Level 1:colcon.colcon_core.shell:create_environment_hook('tb3_move', 'pythonpath_develop')
[3.623s] DEBUG:colcon.colcon_core.event_handler.log_command:Invoked command in '/home/rkskwhdgh123/robot_ws/build/tb3_move' returned '0': PYTHONPATH=/home/rkskwhdgh123/robot_ws/build/tb3_move/prefix_override:/home/rkskwhdgh123/robot_ws/install/tb3_move/lib/python3.8/site-packages:${PYTHONPATH} /usr/bin/python3 setup.py develop --editable --build-directory /home/rkskwhdgh123/robot_ws/build/tb3_move/build --no-deps install_data
[3.625s] INFO:colcon.colcon_core.shell:Creating environment hook '/home/rkskwhdgh123/robot_ws/build/tb3_move/share/tb3_move/hook/pythonpath_develop.ps1'
[3.626s] INFO:colcon.colcon_core.shell:Creating environment descriptor '/home/rkskwhdgh123/robot_ws/build/tb3_move/share/tb3_move/hook/pythonpath_develop.dsv'
[3.626s] INFO:colcon.colcon_core.shell:Creating environment hook '/home/rkskwhdgh123/robot_ws/build/tb3_move/share/tb3_move/hook/pythonpath_develop.sh'
[3.632s] Level 1:colcon.colcon_core.environment:checking '/home/rkskwhdgh123/robot_ws/install/tb3_move' for CMake module files
[3.633s] Level 1:colcon.colcon_core.environment:checking '/home/rkskwhdgh123/robot_ws/install/tb3_move' for CMake config files
[3.633s] Level 1:colcon.colcon_core.environment:checking '/home/rkskwhdgh123/robot_ws/install/tb3_move/lib'
[3.633s] Level 1:colcon.colcon_core.environment:checking '/home/rkskwhdgh123/robot_ws/install/tb3_move/bin'
[3.634s] Level 1:colcon.colcon_core.environment:checking '/home/rkskwhdgh123/robot_ws/install/tb3_move/lib/pkgconfig/tb3_move.pc'
[3.634s] Level 1:colcon.colcon_core.environment:checking '/home/rkskwhdgh123/robot_ws/install/tb3_move/lib/python3.8/site-packages'
[3.634s] Level 1:colcon.colcon_core.shell:create_environment_hook('tb3_move', 'pythonpath')
[3.637s] INFO:colcon.colcon_core.shell:Creating environment hook '/home/rkskwhdgh123/robot_ws/install/tb3_move/share/tb3_move/hook/pythonpath.ps1'
[3.638s] INFO:colcon.colcon_core.shell:Creating environment descriptor '/home/rkskwhdgh123/robot_ws/install/tb3_move/share/tb3_move/hook/pythonpath.dsv'
[3.639s] INFO:colcon.colcon_core.shell:Creating environment hook '/home/rkskwhdgh123/robot_ws/install/tb3_move/share/tb3_move/hook/pythonpath.sh'
[3.639s] Level 1:colcon.colcon_core.environment:checking '/home/rkskwhdgh123/robot_ws/install/tb3_move/bin'
[3.640s] Level 1:colcon.colcon_core.environment:create_environment_scripts_only(tb3_move)
[3.644s] INFO:colcon.colcon_core.shell:Creating package script '/home/rkskwhdgh123/robot_ws/install/tb3_move/share/tb3_move/package.ps1'
[3.646s] INFO:colcon.colcon_core.shell:Creating package descriptor '/home/rkskwhdgh123/robot_ws/install/tb3_move/share/tb3_move/package.dsv'
[3.646s] INFO:colcon.colcon_core.shell:Creating package script '/home/rkskwhdgh123/robot_ws/install/tb3_move/share/tb3_move/package.sh'
[3.647s] INFO:colcon.colcon_core.shell:Creating package script '/home/rkskwhdgh123/robot_ws/install/tb3_move/share/tb3_move/package.bash'
[3.648s] INFO:colcon.colcon_core.shell:Creating package script '/home/rkskwhdgh123/robot_ws/install/tb3_move/share/tb3_move/package.zsh'
[3.648s] Level 1:colcon.colcon_core.environment:create_file_with_runtime_dependencies(/home/rkskwhdgh123/robot_ws/install/tb3_move/share/colcon-core/packages/tb3_move)
[3.945s] Level 1:colcon.colcon_core.shell:create_environment_hook('test_para', 'pythonpath_develop')
[3.946s] DEBUG:colcon.colcon_core.event_handler.log_command:Invoked command in '/home/rkskwhdgh123/robot_ws/build/test_para' returned '0': PYTHONPATH=/home/rkskwhdgh123/robot_ws/build/test_para/prefix_override:/home/rkskwhdgh123/robot_ws/install/test_para/lib/python3.8/site-packages:${PYTHONPATH} /usr/bin/python3 setup.py develop --editable --build-directory /home/rkskwhdgh123/robot_ws/build/test_para/build --no-deps install_data
[3.949s] INFO:colcon.colcon_core.shell:Creating environment hook '/home/rkskwhdgh123/robot_ws/build/test_para/share/test_para/hook/pythonpath_develop.ps1'
[3.950s] INFO:colcon.colcon_core.shell:Creating environment descriptor '/home/rkskwhdgh123/robot_ws/build/test_para/share/test_para/hook/pythonpath_develop.dsv'
[3.951s] INFO:colcon.colcon_core.shell:Creating environment hook '/home/rkskwhdgh123/robot_ws/build/test_para/share/test_para/hook/pythonpath_develop.sh'
[3.957s] Level 1:colcon.colcon_core.environment:checking '/home/rkskwhdgh123/robot_ws/install/test_para' for CMake module files
[3.958s] Level 1:colcon.colcon_core.environment:checking '/home/rkskwhdgh123/robot_ws/install/test_para' for CMake config files
[3.958s] Level 1:colcon.colcon_core.environment:checking '/home/rkskwhdgh123/robot_ws/install/test_para/lib'
[3.958s] Level 1:colcon.colcon_core.environment:checking '/home/rkskwhdgh123/robot_ws/install/test_para/bin'
[3.958s] Level 1:colcon.colcon_core.environment:checking '/home/rkskwhdgh123/robot_ws/install/test_para/lib/pkgconfig/test_para.pc'
[3.959s] Level 1:colcon.colcon_core.environment:checking '/home/rkskwhdgh123/robot_ws/install/test_para/lib/python3.8/site-packages'
[3.959s] Level 1:colcon.colcon_core.shell:create_environment_hook('test_para', 'pythonpath')
[3.962s] INFO:colcon.colcon_core.shell:Creating environment hook '/home/rkskwhdgh123/robot_ws/install/test_para/share/test_para/hook/pythonpath.ps1'
[3.964s] INFO:colcon.colcon_core.shell:Creating environment descriptor '/home/rkskwhdgh123/robot_ws/install/test_para/share/test_para/hook/pythonpath.dsv'
[3.964s] INFO:colcon.colcon_core.shell:Creating environment hook '/home/rkskwhdgh123/robot_ws/install/test_para/share/test_para/hook/pythonpath.sh'
[3.965s] Level 1:colcon.colcon_core.environment:checking '/home/rkskwhdgh123/robot_ws/install/test_para/bin'
[3.965s] Level 1:colcon.colcon_core.environment:create_environment_scripts_only(test_para)
[3.969s] INFO:colcon.colcon_core.shell:Creating package script '/home/rkskwhdgh123/robot_ws/install/test_para/share/test_para/package.ps1'
[3.970s] INFO:colcon.colcon_core.shell:Creating package descriptor '/home/rkskwhdgh123/robot_ws/install/test_para/share/test_para/package.dsv'
[3.971s] INFO:colcon.colcon_core.shell:Creating package script '/home/rkskwhdgh123/robot_ws/install/test_para/share/test_para/package.sh'
[3.973s] INFO:colcon.colcon_core.shell:Creating package script '/home/rkskwhdgh123/robot_ws/install/test_para/share/test_para/package.bash'
[3.973s] INFO:colcon.colcon_core.shell:Creating package script '/home/rkskwhdgh123/robot_ws/install/test_para/share/test_para/package.zsh'
[3.974s] Level 1:colcon.colcon_core.environment:create_file_with_runtime_dependencies(/home/rkskwhdgh123/robot_ws/install/test_para/share/colcon-core/packages/test_para)
[3.976s] DEBUG:colcon.colcon_parallel_executor.executor.parallel:closing loop
[3.976s] DEBUG:colcon.colcon_parallel_executor.executor.parallel:loop closed
[3.977s] DEBUG:colcon.colcon_parallel_executor.executor.parallel:run_until_complete finished with '0'
[3.978s] DEBUG:colcon.colcon_core.event_reactor:joining thread
[3.987s] INFO:colcon.colcon_core.plugin_system:Skipping extension 'colcon_notification.desktop_notification.terminal_notifier': Not used on non-Darwin systems
[3.987s] INFO:colcon.colcon_core.plugin_system:Skipping extension 'colcon_notification.desktop_notification.win32': Not used on non-Windows systems
[3.987s] INFO:colcon.colcon_notification.desktop_notification:Sending desktop notification using 'notify2'
[4.014s] DEBUG:colcon.colcon_core.event_reactor:joined thread
[4.021s] INFO:colcon.colcon_core.shell:Creating prefix script '/home/rkskwhdgh123/robot_ws/install/local_setup.ps1'
[4.023s] INFO:colcon.colcon_core.shell:Creating prefix util module '/home/rkskwhdgh123/robot_ws/install/_local_setup_util_ps1.py'
[4.026s] INFO:colcon.colcon_core.shell:Creating prefix chain script '/home/rkskwhdgh123/robot_ws/install/setup.ps1'
[4.029s] INFO:colcon.colcon_core.shell:Creating prefix script '/home/rkskwhdgh123/robot_ws/install/local_setup.sh'
[4.030s] INFO:colcon.colcon_core.shell:Creating prefix util module '/home/rkskwhdgh123/robot_ws/install/_local_setup_util_sh.py'
[4.031s] INFO:colcon.colcon_core.shell:Creating prefix chain script '/home/rkskwhdgh123/robot_ws/install/setup.sh'
[4.034s] INFO:colcon.colcon_core.shell:Creating prefix script '/home/rkskwhdgh123/robot_ws/install/local_setup.bash'
[4.034s] INFO:colcon.colcon_core.shell:Creating prefix chain script '/home/rkskwhdgh123/robot_ws/install/setup.bash'
[4.037s] INFO:colcon.colcon_core.shell:Creating prefix script '/home/rkskwhdgh123/robot_ws/install/local_setup.zsh'
[4.038s] INFO:colcon.colcon_core.shell:Creating prefix chain script '/home/rkskwhdgh123/robot_ws/install/setup.zsh'
