running develop
running egg_info
creating nav_move.egg-info
writing nav_move.egg-info/PKG-INFO
writing dependency_links to nav_move.egg-info/dependency_links.txt
writing entry points to nav_move.egg-info/entry_points.txt
writing requirements to nav_move.egg-info/requires.txt
writing top-level names to nav_move.egg-info/top_level.txt
writing manifest file 'nav_move.egg-info/SOURCES.txt'
reading manifest file 'nav_move.egg-info/SOURCES.txt'
writing manifest file 'nav_move.egg-info/SOURCES.txt'
running build_ext
Creating /home/rkskwhdgh123/robot_workspace/install/nav_move/lib/python3.8/site-packages/site.py
Creating /home/rkskwhdgh123/robot_workspace/install/nav_move/lib/python3.8/site-packages/nav-move.egg-link (link to .)
Installing followwaypoint script to /home/rkskwhdgh123/robot_workspace/install/nav_move/lib/nav_move

Installed /home/rkskwhdgh123/robot_workspace/build/nav_move
running install_data
creating /home/rkskwhdgh123/robot_workspace/install/nav_move/share/ament_index
creating /home/rkskwhdgh123/robot_workspace/install/nav_move/share/ament_index/resource_index
creating /home/rkskwhdgh123/robot_workspace/install/nav_move/share/ament_index/resource_index/packages
copying resource/nav_move -> /home/rkskwhdgh123/robot_workspace/install/nav_move/share/ament_index/resource_index/packages
copying package.xml -> /home/rkskwhdgh123/robot_workspace/install/nav_move/share/nav_move
