[0.790s] Invoking command in '/home/rkskwhdgh123/robot_workspace/build/nav_move': PYTHONPATH=/home/rkskwhdgh123/robot_workspace/build/nav_move/prefix_override:/home/rkskwhdgh123/robot_workspace/install/nav_move/lib/python3.8/site-packages:${PYTHONPATH} /usr/bin/python3 setup.py develop --editable --build-directory /home/rkskwhdgh123/robot_workspace/build/nav_move/build --no-deps install_data
[1.023s] running develop
[1.154s] running egg_info
[1.154s] creating nav_move.egg-info
[1.155s] writing nav_move.egg-info/PKG-INFO
[1.155s] writing dependency_links to nav_move.egg-info/dependency_links.txt
[1.155s] writing entry points to nav_move.egg-info/entry_points.txt
[1.156s] writing requirements to nav_move.egg-info/requires.txt
[1.156s] writing top-level names to nav_move.egg-info/top_level.txt
[1.157s] writing manifest file 'nav_move.egg-info/SOURCES.txt'
[1.186s] reading manifest file 'nav_move.egg-info/SOURCES.txt'
[1.186s] writing manifest file 'nav_move.egg-info/SOURCES.txt'
[1.220s] running build_ext
[1.220s] Creating /home/rkskwhdgh123/robot_workspace/install/nav_move/lib/python3.8/site-packages/site.py
[1.222s] Creating /home/rkskwhdgh123/robot_workspace/install/nav_move/lib/python3.8/site-packages/nav-move.egg-link (link to .)
[1.223s] Installing followwaypoint script to /home/rkskwhdgh123/robot_workspace/install/nav_move/lib/nav_move
[1.223s] 
[1.224s] Installed /home/rkskwhdgh123/robot_workspace/build/nav_move
[1.224s] running install_data
[1.224s] creating /home/rkskwhdgh123/robot_workspace/install/nav_move/share/ament_index
[1.224s] creating /home/rkskwhdgh123/robot_workspace/install/nav_move/share/ament_index/resource_index
[1.224s] creating /home/rkskwhdgh123/robot_workspace/install/nav_move/share/ament_index/resource_index/packages
[1.225s] copying resource/nav_move -> /home/rkskwhdgh123/robot_workspace/install/nav_move/share/ament_index/resource_index/packages
[1.225s] copying package.xml -> /home/rkskwhdgh123/robot_workspace/install/nav_move/share/nav_move
[1.253s] Invoked command in '/home/rkskwhdgh123/robot_workspace/build/nav_move' returned '0': PYTHONPATH=/home/rkskwhdgh123/robot_workspace/build/nav_move/prefix_override:/home/rkskwhdgh123/robot_workspace/install/nav_move/lib/python3.8/site-packages:${PYTHONPATH} /usr/bin/python3 setup.py develop --editable --build-directory /home/rkskwhdgh123/robot_workspace/build/nav_move/build --no-deps install_data
