running egg_info
writing ../build/m_pubsub/m_pubsub.egg-info/PKG-INFO
writing dependency_links to ../build/m_pubsub/m_pubsub.egg-info/dependency_links.txt
writing entry points to ../build/m_pubsub/m_pubsub.egg-info/entry_points.txt
writing requirements to ../build/m_pubsub/m_pubsub.egg-info/requires.txt
writing top-level names to ../build/m_pubsub/m_pubsub.egg-info/top_level.txt
reading manifest file '../build/m_pubsub/m_pubsub.egg-info/SOURCES.txt'
writing manifest file '../build/m_pubsub/m_pubsub.egg-info/SOURCES.txt'
running build
running build_py
running install
running install_lib
running install_data
running install_egg_info
removing '/home/rkskwhdgh123/robot_workspace/src/install/m_pubsub/lib/python3.8/site-packages/m_pubsub-0.0.0-py3.8.egg-info' (and everything under it)
Copying ../build/m_pubsub/m_pubsub.egg-info to /home/rkskwhdgh123/robot_workspace/src/install/m_pubsub/lib/python3.8/site-packages/m_pubsub-0.0.0-py3.8.egg-info
running install_scripts
Installing met script to /home/rkskwhdgh123/robot_workspace/src/install/m_pubsub/lib/m_pubsub
Installing metp script to /home/rkskwhdgh123/robot_workspace/src/install/m_pubsub/lib/m_pubsub
Installing mp script to /home/rkskwhdgh123/robot_workspace/src/install/m_pubsub/lib/m_pubsub
Installing ms script to /home/rkskwhdgh123/robot_workspace/src/install/m_pubsub/lib/m_pubsub
Installing mt script to /home/rkskwhdgh123/robot_workspace/src/install/m_pubsub/lib/m_pubsub
writing list of installed files to '/home/rkskwhdgh123/robot_workspace/src/build/m_pubsub/install.log'
