[0.544s] Invoking command in '/home/rkskwhdgh123/robot_workspace/src/m_pubsub': PYTHONPATH=/home/rkskwhdgh123/robot_workspace/src/build/m_pubsub/prefix_override:/home/rkskwhdgh123/robot_workspace/src/install/m_pubsub/lib/python3.8/site-packages:${PYTHONPATH} /usr/bin/python3 setup.py egg_info --egg-base ../build/m_pubsub build --build-base /home/rkskwhdgh123/robot_workspace/src/build/m_pubsub/build install --record /home/rkskwhdgh123/robot_workspace/src/build/m_pubsub/install.log --install-scripts $base/lib/m_pubsub --single-version-externally-managed
[0.730s] running egg_info
[0.730s] writing ../build/m_pubsub/m_pubsub.egg-info/PKG-INFO
[0.731s] writing dependency_links to ../build/m_pubsub/m_pubsub.egg-info/dependency_links.txt
[0.731s] writing entry points to ../build/m_pubsub/m_pubsub.egg-info/entry_points.txt
[0.732s] writing requirements to ../build/m_pubsub/m_pubsub.egg-info/requires.txt
[0.732s] writing top-level names to ../build/m_pubsub/m_pubsub.egg-info/top_level.txt
[0.760s] reading manifest file '../build/m_pubsub/m_pubsub.egg-info/SOURCES.txt'
[0.761s] writing manifest file '../build/m_pubsub/m_pubsub.egg-info/SOURCES.txt'
[0.762s] running build
[0.762s] running build_py
[0.762s] running install
[0.763s] running install_lib
[0.764s] running install_data
[0.765s] running install_egg_info
[0.766s] removing '/home/rkskwhdgh123/robot_workspace/src/install/m_pubsub/lib/python3.8/site-packages/m_pubsub-0.0.0-py3.8.egg-info' (and everything under it)
[0.766s] Copying ../build/m_pubsub/m_pubsub.egg-info to /home/rkskwhdgh123/robot_workspace/src/install/m_pubsub/lib/python3.8/site-packages/m_pubsub-0.0.0-py3.8.egg-info
[0.768s] running install_scripts
[0.781s] Installing met script to /home/rkskwhdgh123/robot_workspace/src/install/m_pubsub/lib/m_pubsub
[0.782s] Installing metp script to /home/rkskwhdgh123/robot_workspace/src/install/m_pubsub/lib/m_pubsub
[0.782s] Installing mp script to /home/rkskwhdgh123/robot_workspace/src/install/m_pubsub/lib/m_pubsub
[0.782s] Installing ms script to /home/rkskwhdgh123/robot_workspace/src/install/m_pubsub/lib/m_pubsub
[0.782s] Installing mt script to /home/rkskwhdgh123/robot_workspace/src/install/m_pubsub/lib/m_pubsub
[0.783s] writing list of installed files to '/home/rkskwhdgh123/robot_workspace/src/build/m_pubsub/install.log'
[0.799s] Invoked command in '/home/rkskwhdgh123/robot_workspace/src/m_pubsub' returned '0': PYTHONPATH=/home/rkskwhdgh123/robot_workspace/src/build/m_pubsub/prefix_override:/home/rkskwhdgh123/robot_workspace/src/install/m_pubsub/lib/python3.8/site-packages:${PYTHONPATH} /usr/bin/python3 setup.py egg_info --egg-base ../build/m_pubsub build --build-base /home/rkskwhdgh123/robot_workspace/src/build/m_pubsub/build install --record /home/rkskwhdgh123/robot_workspace/src/build/m_pubsub/install.log --install-scripts $base/lib/m_pubsub --single-version-externally-managed
