[1.037s] Invoking command in '/home/rkskwhdgh123/robot_ws/build/m_pubsub': PYTHONPATH=/home/rkskwhdgh123/robot_ws/build/m_pubsub/prefix_override:/home/rkskwhdgh123/robot_ws/install/m_pubsub/lib/python3.8/site-packages:${PYTHONPATH} /usr/bin/python3 setup.py develop --editable --build-directory /home/rkskwhdgh123/robot_ws/build/m_pubsub/build --no-deps install_data
[1.314s] running develop
[1.503s] running egg_info
[1.503s] writing m_pubsub.egg-info/PKG-INFO
[1.504s] writing dependency_links to m_pubsub.egg-info/dependency_links.txt
[1.504s] writing entry points to m_pubsub.egg-info/entry_points.txt
[1.505s] writing requirements to m_pubsub.egg-info/requires.txt
[1.505s] writing top-level names to m_pubsub.egg-info/top_level.txt
[1.548s] reading manifest file 'm_pubsub.egg-info/SOURCES.txt'
[1.549s] writing manifest file 'm_pubsub.egg-info/SOURCES.txt'
[1.591s] running build_ext
[1.591s] Creating /home/rkskwhdgh123/robot_ws/install/m_pubsub/lib/python3.8/site-packages/m-pubsub.egg-link (link to .)
[1.593s] Installing met script to /home/rkskwhdgh123/robot_ws/install/m_pubsub/lib/m_pubsub
[1.593s] Installing metp script to /home/rkskwhdgh123/robot_ws/install/m_pubsub/lib/m_pubsub
[1.593s] Installing mp script to /home/rkskwhdgh123/robot_ws/install/m_pubsub/lib/m_pubsub
[1.594s] Installing ms script to /home/rkskwhdgh123/robot_ws/install/m_pubsub/lib/m_pubsub
[1.594s] Installing mt script to /home/rkskwhdgh123/robot_ws/install/m_pubsub/lib/m_pubsub
[1.604s] 
[1.604s] Installed /home/rkskwhdgh123/robot_ws/build/m_pubsub
[1.605s] running install_data
[1.640s] Invoked command in '/home/rkskwhdgh123/robot_ws/build/m_pubsub' returned '0': PYTHONPATH=/home/rkskwhdgh123/robot_ws/build/m_pubsub/prefix_override:/home/rkskwhdgh123/robot_ws/install/m_pubsub/lib/python3.8/site-packages:${PYTHONPATH} /usr/bin/python3 setup.py develop --editable --build-directory /home/rkskwhdgh123/robot_ws/build/m_pubsub/build --no-deps install_data
