[0.825s] Invoking command in '/home/rkskwhdgh123/robot_workspace/build/m_pubsub': PYTHONPATH=/home/rkskwhdgh123/robot_workspace/build/m_pubsub/prefix_override:/home/rkskwhdgh123/robot_workspace/install/m_pubsub/lib/python3.8/site-packages:${PYTHONPATH} /usr/bin/python3 setup.py develop --editable --build-directory /home/rkskwhdgh123/robot_workspace/build/m_pubsub/build --no-deps install_data
[1.057s] running develop
[1.188s] running egg_info
[1.189s] writing m_pubsub.egg-info/PKG-INFO
[1.189s] writing dependency_links to m_pubsub.egg-info/dependency_links.txt
[1.189s] writing entry points to m_pubsub.egg-info/entry_points.txt
[1.190s] writing requirements to m_pubsub.egg-info/requires.txt
[1.190s] writing top-level names to m_pubsub.egg-info/top_level.txt
[1.221s] reading manifest file 'm_pubsub.egg-info/SOURCES.txt'
[1.222s] writing manifest file 'm_pubsub.egg-info/SOURCES.txt'
[1.258s] running build_ext
[1.259s] Creating /home/rkskwhdgh123/robot_workspace/install/m_pubsub/lib/python3.8/site-packages/m-pubsub.egg-link (link to .)
[1.260s] Installing met script to /home/rkskwhdgh123/robot_workspace/install/m_pubsub/lib/m_pubsub
[1.260s] Installing metp script to /home/rkskwhdgh123/robot_workspace/install/m_pubsub/lib/m_pubsub
[1.261s] Installing mp script to /home/rkskwhdgh123/robot_workspace/install/m_pubsub/lib/m_pubsub
[1.261s] Installing ms script to /home/rkskwhdgh123/robot_workspace/install/m_pubsub/lib/m_pubsub
[1.261s] Installing mt script to /home/rkskwhdgh123/robot_workspace/install/m_pubsub/lib/m_pubsub
[1.262s] 
[1.262s] Installed /home/rkskwhdgh123/robot_workspace/build/m_pubsub
[1.262s] running install_data
[1.294s] Invoked command in '/home/rkskwhdgh123/robot_workspace/build/m_pubsub' returned '0': PYTHONPATH=/home/rkskwhdgh123/robot_workspace/build/m_pubsub/prefix_override:/home/rkskwhdgh123/robot_workspace/install/m_pubsub/lib/python3.8/site-packages:${PYTHONPATH} /usr/bin/python3 setup.py develop --editable --build-directory /home/rkskwhdgh123/robot_workspace/build/m_pubsub/build --no-deps install_data
