[1.130s] Invoking command in '/home/rkskwhdgh123/robot_ws/build/tb3_move': PYTHONPATH=/home/rkskwhdgh123/robot_ws/build/tb3_move/prefix_override:/home/rkskwhdgh123/robot_ws/install/tb3_move/lib/python3.8/site-packages:${PYTHONPATH} /usr/bin/python3 setup.py develop --editable --build-directory /home/rkskwhdgh123/robot_ws/build/tb3_move/build --no-deps install_data
[1.437s] running develop
[1.611s] running egg_info
[1.611s] writing tb3_move.egg-info/PKG-INFO
[1.612s] writing dependency_links to tb3_move.egg-info/dependency_links.txt
[1.613s] writing entry points to tb3_move.egg-info/entry_points.txt
[1.614s] writing requirements to tb3_move.egg-info/requires.txt
[1.622s] writing top-level names to tb3_move.egg-info/top_level.txt
[1.667s] reading manifest file 'tb3_move.egg-info/SOURCES.txt'
[1.668s] writing manifest file 'tb3_move.egg-info/SOURCES.txt'
[1.715s] running build_ext
[1.716s] Creating /home/rkskwhdgh123/robot_ws/install/tb3_move/lib/python3.8/site-packages/tb3-move.egg-link (link to .)
[1.718s] Installing tb3m script to /home/rkskwhdgh123/robot_ws/install/tb3_move/lib/tb3_move
[1.718s] Installing tb3mix script to /home/rkskwhdgh123/robot_ws/install/tb3_move/lib/tb3_move
[1.719s] Installing tb3mix2 script to /home/rkskwhdgh123/robot_ws/install/tb3_move/lib/tb3_move
[1.719s] Installing tb3s script to /home/rkskwhdgh123/robot_ws/install/tb3_move/lib/tb3_move
[1.720s] 
[1.720s] Installed /home/rkskwhdgh123/robot_ws/build/tb3_move
[1.721s] running install_data
[1.757s] Invoked command in '/home/rkskwhdgh123/robot_ws/build/tb3_move' returned '0': PYTHONPATH=/home/rkskwhdgh123/robot_ws/build/tb3_move/prefix_override:/home/rkskwhdgh123/robot_ws/install/tb3_move/lib/python3.8/site-packages:${PYTHONPATH} /usr/bin/python3 setup.py develop --editable --build-directory /home/rkskwhdgh123/robot_ws/build/tb3_move/build --no-deps install_data
