[0.198s] DEBUG:colcon:Command line arguments: ['/usr/bin/colcon', 'build', '--symlink-install']
[0.198s] DEBUG:colcon:Parsed command line arguments: Namespace(allow_overriding=[], ament_cmake_args=None, base_paths=['.'], build_base='build', catkin_cmake_args=None, catkin_skip_building_tests=False, cmake_args=None, cmake_clean_cache=False, cmake_clean_first=False, cmake_force_configure=False, cmake_target=None, cmake_target_skip_unavailable=False, continue_on_error=False, event_handlers=None, executor='parallel', ignore_user_meta=False, install_base='install', log_base=None, log_level=None, main=<bound method BuildVerb.main of <colcon_core.verb.build.BuildVerb object at 0x7f6914678d30>>, merge_install=False, metas=['./colcon.meta'], packages_above=None, packages_above_and_dependencies=None, packages_above_depth=None, packages_end=None, packages_ignore=None, packages_ignore_regex=None, packages_select=None, packages_select_build_failed=False, packages_select_by_dep=None, packages_select_regex=None, packages_select_test_failures=False, packages_skip=None, packages_skip_build_finished=False, packages_skip_by_dep=None, packages_skip_regex=None, packages_skip_test_passed=False, packages_skip_up_to=None, packages_start=None, packages_up_to=None, packages_up_to_regex=None, parallel_workers=2, paths=None, symlink_install=True, test_result_base=None, verb_extension=<colcon_core.verb.build.BuildVerb object at 0x7f6914678d30>, verb_name='build', verb_parser=<colcon_defaults.argument_parser.defaults.DefaultArgumentsDecorator object at 0x7f69146852e0>)
[0.227s] Level 1:colcon.colcon_core.package_discovery:discover_packages(colcon_meta) check parameters
[0.227s] Level 1:colcon.colcon_core.package_discovery:discover_packages(recursive) check parameters
[0.228s] Level 1:colcon.colcon_core.package_discovery:discover_packages(ignore) check parameters
[0.228s] Level 1:colcon.colcon_core.package_discovery:discover_packages(path) check parameters
[0.228s] Level 1:colcon.colcon_core.package_discovery:discover_packages(colcon_meta) discover
[0.228s] Level 1:colcon.colcon_core.package_discovery:discover_packages(recursive) discover
[0.228s] INFO:colcon.colcon_core.package_discovery:Crawling recursively for packages in '/home/rkskwhdgh123/robot_ws'
[0.228s] Level 1:colcon.colcon_core.package_identification:_identify(.) by extensions ['ignore', 'ignore_ament_install']
[0.228s] Level 1:colcon.colcon_core.package_identification:_identify(.) by extension 'ignore'
[0.229s] Level 1:colcon.colcon_core.package_identification:_identify(.) by extension 'ignore_ament_install'
[0.229s] Level 1:colcon.colcon_core.package_identification:_identify(.) by extensions ['colcon_pkg']
[0.229s] Level 1:colcon.colcon_core.package_identification:_identify(.) by extension 'colcon_pkg'
[0.229s] Level 1:colcon.colcon_core.package_identification:_identify(.) by extensions ['colcon_meta']
[0.229s] Level 1:colcon.colcon_core.package_identification:_identify(.) by extension 'colcon_meta'
[0.229s] Level 1:colcon.colcon_core.package_identification:_identify(.) by extensions ['ros']
[0.229s] Level 1:colcon.colcon_core.package_identification:_identify(.) by extension 'ros'
[0.247s] Level 1:colcon.colcon_core.package_identification:_identify(.) by extensions ['cmake', 'python']
[0.247s] Level 1:colcon.colcon_core.package_identification:_identify(.) by extension 'cmake'
[0.247s] Level 1:colcon.colcon_core.package_identification:_identify(.) by extension 'python'
[0.248s] Level 1:colcon.colcon_core.package_identification:_identify(.) by extensions ['python_setup_py']
[0.248s] Level 1:colcon.colcon_core.package_identification:_identify(.) by extension 'python_setup_py'
[0.248s] Level 1:colcon.colcon_core.package_identification:_identify(build) by extensions ['ignore', 'ignore_ament_install']
[0.248s] Level 1:colcon.colcon_core.package_identification:_identify(build) by extension 'ignore'
[0.248s] Level 1:colcon.colcon_core.package_identification:_identify(build) ignored
[0.248s] Level 1:colcon.colcon_core.package_identification:_identify(gpio) by extensions ['ignore', 'ignore_ament_install']
[0.248s] Level 1:colcon.colcon_core.package_identification:_identify(gpio) by extension 'ignore'
[0.248s] Level 1:colcon.colcon_core.package_identification:_identify(gpio) by extension 'ignore_ament_install'
[0.249s] Level 1:colcon.colcon_core.package_identification:_identify(gpio) by extensions ['colcon_pkg']
[0.249s] Level 1:colcon.colcon_core.package_identification:_identify(gpio) by extension 'colcon_pkg'
[0.249s] Level 1:colcon.colcon_core.package_identification:_identify(gpio) by extensions ['colcon_meta']
[0.249s] Level 1:colcon.colcon_core.package_identification:_identify(gpio) by extension 'colcon_meta'
[0.249s] Level 1:colcon.colcon_core.package_identification:_identify(gpio) by extensions ['ros']
[0.249s] Level 1:colcon.colcon_core.package_identification:_identify(gpio) by extension 'ros'
[0.249s] Level 1:colcon.colcon_core.package_identification:_identify(gpio) by extensions ['cmake', 'python']
[0.249s] Level 1:colcon.colcon_core.package_identification:_identify(gpio) by extension 'cmake'
[0.249s] Level 1:colcon.colcon_core.package_identification:_identify(gpio) by extension 'python'
[0.249s] Level 1:colcon.colcon_core.package_identification:_identify(gpio) by extensions ['python_setup_py']
[0.249s] Level 1:colcon.colcon_core.package_identification:_identify(gpio) by extension 'python_setup_py'
[0.249s] Level 1:colcon.colcon_core.package_identification:_identify(install) by extensions ['ignore', 'ignore_ament_install']
[0.250s] Level 1:colcon.colcon_core.package_identification:_identify(install) by extension 'ignore'
[0.250s] Level 1:colcon.colcon_core.package_identification:_identify(install) ignored
[0.250s] Level 1:colcon.colcon_core.package_identification:_identify(log) by extensions ['ignore', 'ignore_ament_install']
[0.250s] Level 1:colcon.colcon_core.package_identification:_identify(log) by extension 'ignore'
[0.250s] Level 1:colcon.colcon_core.package_identification:_identify(log) ignored
[0.250s] Level 1:colcon.colcon_core.package_identification:_identify(src) by extensions ['ignore', 'ignore_ament_install']
[0.250s] Level 1:colcon.colcon_core.package_identification:_identify(src) by extension 'ignore'
[0.251s] Level 1:colcon.colcon_core.package_identification:_identify(src) by extension 'ignore_ament_install'
[0.251s] Level 1:colcon.colcon_core.package_identification:_identify(src) by extensions ['colcon_pkg']
[0.251s] Level 1:colcon.colcon_core.package_identification:_identify(src) by extension 'colcon_pkg'
[0.251s] Level 1:colcon.colcon_core.package_identification:_identify(src) by extensions ['colcon_meta']
[0.251s] Level 1:colcon.colcon_core.package_identification:_identify(src) by extension 'colcon_meta'
[0.251s] Level 1:colcon.colcon_core.package_identification:_identify(src) by extensions ['ros']
[0.251s] Level 1:colcon.colcon_core.package_identification:_identify(src) by extension 'ros'
[0.251s] Level 1:colcon.colcon_core.package_identification:_identify(src) by extensions ['cmake', 'python']
[0.251s] Level 1:colcon.colcon_core.package_identification:_identify(src) by extension 'cmake'
[0.251s] Level 1:colcon.colcon_core.package_identification:_identify(src) by extension 'python'
[0.251s] Level 1:colcon.colcon_core.package_identification:_identify(src) by extensions ['python_setup_py']
[0.252s] Level 1:colcon.colcon_core.package_identification:_identify(src) by extension 'python_setup_py'
[0.252s] Level 1:colcon.colcon_core.package_identification:_identify(src/build) by extensions ['ignore', 'ignore_ament_install']
[0.252s] Level 1:colcon.colcon_core.package_identification:_identify(src/build) by extension 'ignore'
[0.252s] Level 1:colcon.colcon_core.package_identification:_identify(src/build) ignored
[0.252s] Level 1:colcon.colcon_core.package_identification:_identify(src/install) by extensions ['ignore', 'ignore_ament_install']
[0.252s] Level 1:colcon.colcon_core.package_identification:_identify(src/install) by extension 'ignore'
[0.252s] Level 1:colcon.colcon_core.package_identification:_identify(src/install) ignored
[0.252s] Level 1:colcon.colcon_core.package_identification:_identify(src/log) by extensions ['ignore', 'ignore_ament_install']
[0.253s] Level 1:colcon.colcon_core.package_identification:_identify(src/log) by extension 'ignore'
[0.253s] Level 1:colcon.colcon_core.package_identification:_identify(src/log) ignored
[0.253s] Level 1:colcon.colcon_core.package_identification:_identify(src/m_pubsub) by extensions ['ignore', 'ignore_ament_install']
[0.253s] Level 1:colcon.colcon_core.package_identification:_identify(src/m_pubsub) by extension 'ignore'
[0.253s] Level 1:colcon.colcon_core.package_identification:_identify(src/m_pubsub) by extension 'ignore_ament_install'
[0.253s] Level 1:colcon.colcon_core.package_identification:_identify(src/m_pubsub) by extensions ['colcon_pkg']
[0.253s] Level 1:colcon.colcon_core.package_identification:_identify(src/m_pubsub) by extension 'colcon_pkg'
[0.253s] Level 1:colcon.colcon_core.package_identification:_identify(src/m_pubsub) by extensions ['colcon_meta']
[0.254s] Level 1:colcon.colcon_core.package_identification:_identify(src/m_pubsub) by extension 'colcon_meta'
[0.254s] Level 1:colcon.colcon_core.package_identification:_identify(src/m_pubsub) by extensions ['ros']
[0.254s] Level 1:colcon.colcon_core.package_identification:_identify(src/m_pubsub) by extension 'ros'
[0.256s] DEBUG:colcon.colcon_core.package_identification:Package 'src/m_pubsub' with type 'ros.ament_python' and name 'm_pubsub'
[0.256s] Level 1:colcon.colcon_core.package_identification:_identify(src/nav_move) by extensions ['ignore', 'ignore_ament_install']
[0.256s] Level 1:colcon.colcon_core.package_identification:_identify(src/nav_move) by extension 'ignore'
[0.257s] Level 1:colcon.colcon_core.package_identification:_identify(src/nav_move) by extension 'ignore_ament_install'
[0.257s] Level 1:colcon.colcon_core.package_identification:_identify(src/nav_move) by extensions ['colcon_pkg']
[0.257s] Level 1:colcon.colcon_core.package_identification:_identify(src/nav_move) by extension 'colcon_pkg'
[0.257s] Level 1:colcon.colcon_core.package_identification:_identify(src/nav_move) by extensions ['colcon_meta']
[0.257s] Level 1:colcon.colcon_core.package_identification:_identify(src/nav_move) by extension 'colcon_meta'
[0.257s] Level 1:colcon.colcon_core.package_identification:_identify(src/nav_move) by extensions ['ros']
[0.257s] Level 1:colcon.colcon_core.package_identification:_identify(src/nav_move) by extension 'ros'
[0.258s] DEBUG:colcon.colcon_core.package_identification:Package 'src/nav_move' with type 'ros.ament_python' and name 'nav_move'
[0.258s] Level 1:colcon.colcon_core.package_identification:_identify(src/tb3_move) by extensions ['ignore', 'ignore_ament_install']
[0.258s] Level 1:colcon.colcon_core.package_identification:_identify(src/tb3_move) by extension 'ignore'
[0.258s] Level 1:colcon.colcon_core.package_identification:_identify(src/tb3_move) by extension 'ignore_ament_install'
[0.258s] Level 1:colcon.colcon_core.package_identification:_identify(src/tb3_move) by extensions ['colcon_pkg']
[0.258s] Level 1:colcon.colcon_core.package_identification:_identify(src/tb3_move) by extension 'colcon_pkg'
[0.258s] Level 1:colcon.colcon_core.package_identification:_identify(src/tb3_move) by extensions ['colcon_meta']
[0.258s] Level 1:colcon.colcon_core.package_identification:_identify(src/tb3_move) by extension 'colcon_meta'
[0.259s] Level 1:colcon.colcon_core.package_identification:_identify(src/tb3_move) by extensions ['ros']
[0.259s] Level 1:colcon.colcon_core.package_identification:_identify(src/tb3_move) by extension 'ros'
[0.259s] DEBUG:colcon.colcon_core.package_identification:Package 'src/tb3_move' with type 'ros.ament_python' and name 'tb3_move'
[0.259s] Level 1:colcon.colcon_core.package_identification:_identify(src/test_para) by extensions ['ignore', 'ignore_ament_install']
[0.260s] Level 1:colcon.colcon_core.package_identification:_identify(src/test_para) by extension 'ignore'
[0.260s] Level 1:colcon.colcon_core.package_identification:_identify(src/test_para) by extension 'ignore_ament_install'
[0.260s] Level 1:colcon.colcon_core.package_identification:_identify(src/test_para) by extensions ['colcon_pkg']
[0.260s] Level 1:colcon.colcon_core.package_identification:_identify(src/test_para) by extension 'colcon_pkg'
[0.260s] Level 1:colcon.colcon_core.package_identification:_identify(src/test_para) by extensions ['colcon_meta']
[0.260s] Level 1:colcon.colcon_core.package_identification:_identify(src/test_para) by extension 'colcon_meta'
[0.260s] Level 1:colcon.colcon_core.package_identification:_identify(src/test_para) by extensions ['ros']
[0.260s] Level 1:colcon.colcon_core.package_identification:_identify(src/test_para) by extension 'ros'
[0.261s] DEBUG:colcon.colcon_core.package_identification:Package 'src/test_para' with type 'ros.ament_python' and name 'test_para'
[0.261s] Level 1:colcon.colcon_core.package_discovery:discover_packages(recursive) using defaults
[0.261s] Level 1:colcon.colcon_core.package_discovery:discover_packages(ignore) discover
[0.261s] Level 1:colcon.colcon_core.package_discovery:discover_packages(ignore) using defaults
[0.261s] Level 1:colcon.colcon_core.package_discovery:discover_packages(path) discover
[0.261s] Level 1:colcon.colcon_core.package_discovery:discover_packages(path) using defaults
[0.287s] Level 1:colcon.colcon_core.package_discovery:discover_packages(prefix_path) check parameters
[0.287s] Level 1:colcon.colcon_core.package_discovery:discover_packages(prefix_path) discover
[0.292s] DEBUG:colcon.colcon_installed_package_information.package_discovery:Found 4 installed packages in /home/rkskwhdgh123/robot_ws/install
[0.295s] DEBUG:colcon.colcon_installed_package_information.package_discovery:Found 308 installed packages in /opt/ros/foxy
[0.296s] Level 1:colcon.colcon_core.package_discovery:discover_packages(prefix_path) using defaults
[0.386s] Level 5:colcon.colcon_core.verb:set package 'm_pubsub' build argument 'cmake_args' from command line to 'None'
[0.386s] Level 5:colcon.colcon_core.verb:set package 'm_pubsub' build argument 'cmake_target' from command line to 'None'
[0.386s] Level 5:colcon.colcon_core.verb:set package 'm_pubsub' build argument 'cmake_target_skip_unavailable' from command line to 'False'
[0.386s] Level 5:colcon.colcon_core.verb:set package 'm_pubsub' build argument 'cmake_clean_cache' from command line to 'False'
[0.386s] Level 5:colcon.colcon_core.verb:set package 'm_pubsub' build argument 'cmake_clean_first' from command line to 'False'
[0.386s] Level 5:colcon.colcon_core.verb:set package 'm_pubsub' build argument 'cmake_force_configure' from command line to 'False'
[0.387s] Level 5:colcon.colcon_core.verb:set package 'm_pubsub' build argument 'ament_cmake_args' from command line to 'None'
[0.387s] Level 5:colcon.colcon_core.verb:set package 'm_pubsub' build argument 'catkin_cmake_args' from command line to 'None'
[0.387s] Level 5:colcon.colcon_core.verb:set package 'm_pubsub' build argument 'catkin_skip_building_tests' from command line to 'False'
[0.387s] DEBUG:colcon.colcon_core.verb:Building package 'm_pubsub' with the following arguments: {'ament_cmake_args': None, 'build_base': '/home/rkskwhdgh123/robot_ws/build/m_pubsub', 'catkin_cmake_args': None, 'catkin_skip_building_tests': False, 'cmake_args': None, 'cmake_clean_cache': False, 'cmake_clean_first': False, 'cmake_force_configure': False, 'cmake_target': None, 'cmake_target_skip_unavailable': False, 'install_base': '/home/rkskwhdgh123/robot_ws/install/m_pubsub', 'merge_install': False, 'path': '/home/rkskwhdgh123/robot_ws/src/m_pubsub', 'symlink_install': True, 'test_result_base': None}
[0.388s] Level 5:colcon.colcon_core.verb:set package 'nav_move' build argument 'cmake_args' from command line to 'None'
[0.389s] Level 5:colcon.colcon_core.verb:set package 'nav_move' build argument 'cmake_target' from command line to 'None'
[0.389s] Level 5:colcon.colcon_core.verb:set package 'nav_move' build argument 'cmake_target_skip_unavailable' from command line to 'False'
[0.389s] Level 5:colcon.colcon_core.verb:set package 'nav_move' build argument 'cmake_clean_cache' from command line to 'False'
[0.389s] Level 5:colcon.colcon_core.verb:set package 'nav_move' build argument 'cmake_clean_first' from command line to 'False'
[0.389s] Level 5:colcon.colcon_core.verb:set package 'nav_move' build argument 'cmake_force_configure' from command line to 'False'
[0.389s] Level 5:colcon.colcon_core.verb:set package 'nav_move' build argument 'ament_cmake_args' from command line to 'None'
[0.389s] Level 5:colcon.colcon_core.verb:set package 'nav_move' build argument 'catkin_cmake_args' from command line to 'None'
[0.389s] Level 5:colcon.colcon_core.verb:set package 'nav_move' build argument 'catkin_skip_building_tests' from command line to 'False'
[0.389s] DEBUG:colcon.colcon_core.verb:Building package 'nav_move' with the following arguments: {'ament_cmake_args': None, 'build_base': '/home/rkskwhdgh123/robot_ws/build/nav_move', 'catkin_cmake_args': None, 'catkin_skip_building_tests': False, 'cmake_args': None, 'cmake_clean_cache': False, 'cmake_clean_first': False, 'cmake_force_configure': False, 'cmake_target': None, 'cmake_target_skip_unavailable': False, 'install_base': '/home/rkskwhdgh123/robot_ws/install/nav_move', 'merge_install': False, 'path': '/home/rkskwhdgh123/robot_ws/src/nav_move', 'symlink_install': True, 'test_result_base': None}
[0.391s] Level 5:colcon.colcon_core.verb:set package 'tb3_move' build argument 'cmake_args' from command line to 'None'
[0.391s] Level 5:colcon.colcon_core.verb:set package 'tb3_move' build argument 'cmake_target' from command line to 'None'
[0.391s] Level 5:colcon.colcon_core.verb:set package 'tb3_move' build argument 'cmake_target_skip_unavailable' from command line to 'False'
[0.391s] Level 5:colcon.colcon_core.verb:set package 'tb3_move' build argument 'cmake_clean_cache' from command line to 'False'
[0.391s] Level 5:colcon.colcon_core.verb:set package 'tb3_move' build argument 'cmake_clean_first' from command line to 'False'
[0.391s] Level 5:colcon.colcon_core.verb:set package 'tb3_move' build argument 'cmake_force_configure' from command line to 'False'
[0.391s] Level 5:colcon.colcon_core.verb:set package 'tb3_move' build argument 'ament_cmake_args' from command line to 'None'
[0.391s] Level 5:colcon.colcon_core.verb:set package 'tb3_move' build argument 'catkin_cmake_args' from command line to 'None'
[0.391s] Level 5:colcon.colcon_core.verb:set package 'tb3_move' build argument 'catkin_skip_building_tests' from command line to 'False'
[0.392s] DEBUG:colcon.colcon_core.verb:Building package 'tb3_move' with the following arguments: {'ament_cmake_args': None, 'build_base': '/home/rkskwhdgh123/robot_ws/build/tb3_move', 'catkin_cmake_args': None, 'catkin_skip_building_tests': False, 'cmake_args': None, 'cmake_clean_cache': False, 'cmake_clean_first': False, 'cmake_force_configure': False, 'cmake_target': None, 'cmake_target_skip_unavailable': False, 'install_base': '/home/rkskwhdgh123/robot_ws/install/tb3_move', 'merge_install': False, 'path': '/home/rkskwhdgh123/robot_ws/src/tb3_move', 'symlink_install': True, 'test_result_base': None}
[0.393s] Level 5:colcon.colcon_core.verb:set package 'test_para' build argument 'cmake_args' from command line to 'None'
[0.393s] Level 5:colcon.colcon_core.verb:set package 'test_para' build argument 'cmake_target' from command line to 'None'
[0.393s] Level 5:colcon.colcon_core.verb:set package 'test_para' build argument 'cmake_target_skip_unavailable' from command line to 'False'
[0.393s] Level 5:colcon.colcon_core.verb:set package 'test_para' build argument 'cmake_clean_cache' from command line to 'False'
[0.393s] Level 5:colcon.colcon_core.verb:set package 'test_para' build argument 'cmake_clean_first' from command line to 'False'
[0.394s] Level 5:colcon.colcon_core.verb:set package 'test_para' build argument 'cmake_force_configure' from command line to 'False'
[0.394s] Level 5:colcon.colcon_core.verb:set package 'test_para' build argument 'ament_cmake_args' from command line to 'None'
[0.394s] Level 5:colcon.colcon_core.verb:set package 'test_para' build argument 'catkin_cmake_args' from command line to 'None'
[0.394s] Level 5:colcon.colcon_core.verb:set package 'test_para' build argument 'catkin_skip_building_tests' from command line to 'False'
[0.394s] DEBUG:colcon.colcon_core.verb:Building package 'test_para' with the following arguments: {'ament_cmake_args': None, 'build_base': '/home/rkskwhdgh123/robot_ws/build/test_para', 'catkin_cmake_args': None, 'catkin_skip_building_tests': False, 'cmake_args': None, 'cmake_clean_cache': False, 'cmake_clean_first': False, 'cmake_force_configure': False, 'cmake_target': None, 'cmake_target_skip_unavailable': False, 'install_base': '/home/rkskwhdgh123/robot_ws/install/test_para', 'merge_install': False, 'path': '/home/rkskwhdgh123/robot_ws/src/test_para', 'symlink_install': True, 'test_result_base': None}
[0.396s] INFO:colcon.colcon_core.executor:Executing jobs using 'parallel' executor
[0.404s] DEBUG:colcon.colcon_parallel_executor.executor.parallel:run_until_complete
[0.404s] INFO:colcon.colcon_ros.task.ament_python.build:Building ROS package in '/home/rkskwhdgh123/robot_ws/src/m_pubsub' with build type 'ament_python'
[0.405s] Level 1:colcon.colcon_core.shell:create_environment_hook('m_pubsub', 'ament_prefix_path')
[0.412s] INFO:colcon.colcon_core.plugin_system:Skipping extension 'colcon_core.shell.bat': Not used on non-Windows systems
[0.412s] INFO:colcon.colcon_core.shell:Creating environment hook '/home/rkskwhdgh123/robot_ws/install/m_pubsub/share/m_pubsub/hook/ament_prefix_path.ps1'
[0.413s] INFO:colcon.colcon_core.shell:Creating environment descriptor '/home/rkskwhdgh123/robot_ws/install/m_pubsub/share/m_pubsub/hook/ament_prefix_path.dsv'
[0.414s] INFO:colcon.colcon_core.shell:Creating environment hook '/home/rkskwhdgh123/robot_ws/install/m_pubsub/share/m_pubsub/hook/ament_prefix_path.sh'
[0.418s] INFO:colcon.colcon_core.shell:Skip shell extension 'powershell' for command environment: Not usable outside of PowerShell
[0.418s] DEBUG:colcon.colcon_core.shell:Skip shell extension 'dsv' for command environment
[0.436s] INFO:colcon.colcon_ros.task.ament_python.build:Building ROS package in '/home/rkskwhdgh123/robot_ws/src/nav_move' with build type 'ament_python'
[0.437s] Level 1:colcon.colcon_core.shell:create_environment_hook('nav_move', 'ament_prefix_path')
[0.440s] INFO:colcon.colcon_core.shell:Creating environment hook '/home/rkskwhdgh123/robot_ws/install/nav_move/share/nav_move/hook/ament_prefix_path.ps1'
[0.441s] INFO:colcon.colcon_core.shell:Creating environment descriptor '/home/rkskwhdgh123/robot_ws/install/nav_move/share/nav_move/hook/ament_prefix_path.dsv'
[0.442s] INFO:colcon.colcon_core.shell:Creating environment hook '/home/rkskwhdgh123/robot_ws/install/nav_move/share/nav_move/hook/ament_prefix_path.sh'
[0.448s] INFO:colcon.colcon_core.shell:Skip shell extension 'powershell' for command environment: Not usable outside of PowerShell
[0.448s] DEBUG:colcon.colcon_core.shell:Skip shell extension 'dsv' for command environment
[0.707s] INFO:colcon.colcon_core.task.python.build:Building Python package in '/home/rkskwhdgh123/robot_ws/src/m_pubsub'
[0.711s] INFO:colcon.colcon_core.shell:Skip shell extension 'powershell' for command environment: Not usable outside of PowerShell
[0.711s] DEBUG:colcon.colcon_core.shell:Skip shell extension 'dsv' for command environment
[0.958s] INFO:colcon.colcon_core.task.python.build:Building Python package in '/home/rkskwhdgh123/robot_ws/src/nav_move'
[0.962s] INFO:colcon.colcon_core.shell:Skip shell extension 'powershell' for command environment: Not usable outside of PowerShell
[0.962s] DEBUG:colcon.colcon_core.shell:Skip shell extension 'dsv' for command environment
[1.478s] DEBUG:colcon.colcon_core.event_handler.log_command:Invoking command in '/home/rkskwhdgh123/robot_ws/build/nav_move': PYTHONPATH=/home/rkskwhdgh123/robot_ws/build/nav_move/prefix_override:/home/rkskwhdgh123/robot_ws/install/nav_move/lib/python3.8/site-packages:${PYTHONPATH} /usr/bin/python3 setup.py develop --editable --build-directory /home/rkskwhdgh123/robot_ws/build/nav_move/build --no-deps install_data
[1.513s] DEBUG:colcon.colcon_core.event_handler.log_command:Invoking command in '/home/rkskwhdgh123/robot_ws/build/m_pubsub': PYTHONPATH=/home/rkskwhdgh123/robot_ws/build/m_pubsub/prefix_override:/home/rkskwhdgh123/robot_ws/install/m_pubsub/lib/python3.8/site-packages:${PYTHONPATH} /usr/bin/python3 setup.py develop --editable --build-directory /home/rkskwhdgh123/robot_ws/build/m_pubsub/build --no-deps install_data
[2.109s] Level 1:colcon.colcon_core.shell:create_environment_hook('m_pubsub', 'pythonpath_develop')
[2.113s] INFO:colcon.colcon_core.shell:Creating environment hook '/home/rkskwhdgh123/robot_ws/build/m_pubsub/share/m_pubsub/hook/pythonpath_develop.ps1'
[2.113s] DEBUG:colcon.colcon_core.event_handler.log_command:Invoked command in '/home/rkskwhdgh123/robot_ws/build/m_pubsub' returned '0': PYTHONPATH=/home/rkskwhdgh123/robot_ws/build/m_pubsub/prefix_override:/home/rkskwhdgh123/robot_ws/install/m_pubsub/lib/python3.8/site-packages:${PYTHONPATH} /usr/bin/python3 setup.py develop --editable --build-directory /home/rkskwhdgh123/robot_ws/build/m_pubsub/build --no-deps install_data
[2.114s] INFO:colcon.colcon_core.shell:Creating environment descriptor '/home/rkskwhdgh123/robot_ws/build/m_pubsub/share/m_pubsub/hook/pythonpath_develop.dsv'
[2.115s] INFO:colcon.colcon_core.shell:Creating environment hook '/home/rkskwhdgh123/robot_ws/build/m_pubsub/share/m_pubsub/hook/pythonpath_develop.sh'
[2.126s] Level 1:colcon.colcon_core.environment:checking '/home/rkskwhdgh123/robot_ws/install/m_pubsub' for CMake module files
[2.127s] Level 1:colcon.colcon_core.environment:checking '/home/rkskwhdgh123/robot_ws/install/m_pubsub' for CMake config files
[2.128s] Level 1:colcon.colcon_core.environment:checking '/home/rkskwhdgh123/robot_ws/install/m_pubsub/lib'
[2.128s] Level 1:colcon.colcon_core.environment:checking '/home/rkskwhdgh123/robot_ws/install/m_pubsub/bin'
[2.128s] Level 1:colcon.colcon_core.environment:checking '/home/rkskwhdgh123/robot_ws/install/m_pubsub/lib/pkgconfig/m_pubsub.pc'
[2.128s] Level 1:colcon.colcon_core.environment:checking '/home/rkskwhdgh123/robot_ws/install/m_pubsub/lib/python3.8/site-packages'
[2.129s] Level 1:colcon.colcon_core.shell:create_environment_hook('m_pubsub', 'pythonpath')
[2.132s] INFO:colcon.colcon_core.shell:Creating environment hook '/home/rkskwhdgh123/robot_ws/install/m_pubsub/share/m_pubsub/hook/pythonpath.ps1'
[2.133s] INFO:colcon.colcon_core.shell:Creating environment descriptor '/home/rkskwhdgh123/robot_ws/install/m_pubsub/share/m_pubsub/hook/pythonpath.dsv'
[2.133s] INFO:colcon.colcon_core.shell:Creating environment hook '/home/rkskwhdgh123/robot_ws/install/m_pubsub/share/m_pubsub/hook/pythonpath.sh'
[2.134s] Level 1:colcon.colcon_core.environment:checking '/home/rkskwhdgh123/robot_ws/install/m_pubsub/bin'
[2.134s] Level 1:colcon.colcon_core.environment:create_environment_scripts_only(m_pubsub)
[2.138s] INFO:colcon.colcon_core.shell:Creating package script '/home/rkskwhdgh123/robot_ws/install/m_pubsub/share/m_pubsub/package.ps1'
[2.139s] INFO:colcon.colcon_core.shell:Creating package descriptor '/home/rkskwhdgh123/robot_ws/install/m_pubsub/share/m_pubsub/package.dsv'
[2.140s] INFO:colcon.colcon_core.shell:Creating package script '/home/rkskwhdgh123/robot_ws/install/m_pubsub/share/m_pubsub/package.sh'
[2.142s] INFO:colcon.colcon_core.shell:Creating package script '/home/rkskwhdgh123/robot_ws/install/m_pubsub/share/m_pubsub/package.bash'
[2.143s] INFO:colcon.colcon_core.shell:Creating package script '/home/rkskwhdgh123/robot_ws/install/m_pubsub/share/m_pubsub/package.zsh'
[2.145s] Level 1:colcon.colcon_core.environment:create_file_with_runtime_dependencies(/home/rkskwhdgh123/robot_ws/install/m_pubsub/share/colcon-core/packages/m_pubsub)
[2.147s] INFO:colcon.colcon_ros.task.ament_python.build:Building ROS package in '/home/rkskwhdgh123/robot_ws/src/tb3_move' with build type 'ament_python'
[2.148s] Level 1:colcon.colcon_core.shell:create_environment_hook('tb3_move', 'ament_prefix_path')
[2.152s] INFO:colcon.colcon_core.shell:Creating environment hook '/home/rkskwhdgh123/robot_ws/install/tb3_move/share/tb3_move/hook/ament_prefix_path.ps1'
[2.152s] INFO:colcon.colcon_core.shell:Creating environment descriptor '/home/rkskwhdgh123/robot_ws/install/tb3_move/share/tb3_move/hook/ament_prefix_path.dsv'
[2.153s] INFO:colcon.colcon_core.shell:Creating environment hook '/home/rkskwhdgh123/robot_ws/install/tb3_move/share/tb3_move/hook/ament_prefix_path.sh'
[2.157s] INFO:colcon.colcon_core.shell:Skip shell extension 'powershell' for command environment: Not usable outside of PowerShell
[2.157s] DEBUG:colcon.colcon_core.shell:Skip shell extension 'dsv' for command environment
[2.169s] Level 1:colcon.colcon_core.shell:create_environment_hook('nav_move', 'pythonpath_develop')
[2.174s] INFO:colcon.colcon_core.shell:Creating environment hook '/home/rkskwhdgh123/robot_ws/build/nav_move/share/nav_move/hook/pythonpath_develop.ps1'
[2.175s] INFO:colcon.colcon_core.shell:Creating environment descriptor '/home/rkskwhdgh123/robot_ws/build/nav_move/share/nav_move/hook/pythonpath_develop.dsv'
[2.175s] INFO:colcon.colcon_core.shell:Creating environment hook '/home/rkskwhdgh123/robot_ws/build/nav_move/share/nav_move/hook/pythonpath_develop.sh'
[2.183s] Level 1:colcon.colcon_core.environment:checking '/home/rkskwhdgh123/robot_ws/install/nav_move' for CMake module files
[2.183s] DEBUG:colcon.colcon_core.event_handler.log_command:Invoked command in '/home/rkskwhdgh123/robot_ws/build/nav_move' returned '0': PYTHONPATH=/home/rkskwhdgh123/robot_ws/build/nav_move/prefix_override:/home/rkskwhdgh123/robot_ws/install/nav_move/lib/python3.8/site-packages:${PYTHONPATH} /usr/bin/python3 setup.py develop --editable --build-directory /home/rkskwhdgh123/robot_ws/build/nav_move/build --no-deps install_data
[2.184s] Level 1:colcon.colcon_core.environment:checking '/home/rkskwhdgh123/robot_ws/install/nav_move' for CMake config files
[2.185s] Level 1:colcon.colcon_core.environment:checking '/home/rkskwhdgh123/robot_ws/install/nav_move/lib'
[2.185s] Level 1:colcon.colcon_core.environment:checking '/home/rkskwhdgh123/robot_ws/install/nav_move/bin'
[2.185s] Level 1:colcon.colcon_core.environment:checking '/home/rkskwhdgh123/robot_ws/install/nav_move/lib/pkgconfig/nav_move.pc'
[2.185s] Level 1:colcon.colcon_core.environment:checking '/home/rkskwhdgh123/robot_ws/install/nav_move/lib/python3.8/site-packages'
[2.186s] Level 1:colcon.colcon_core.shell:create_environment_hook('nav_move', 'pythonpath')
[2.189s] INFO:colcon.colcon_core.shell:Creating environment hook '/home/rkskwhdgh123/robot_ws/install/nav_move/share/nav_move/hook/pythonpath.ps1'
[2.189s] INFO:colcon.colcon_core.shell:Creating environment descriptor '/home/rkskwhdgh123/robot_ws/install/nav_move/share/nav_move/hook/pythonpath.dsv'
[2.190s] INFO:colcon.colcon_core.shell:Creating environment hook '/home/rkskwhdgh123/robot_ws/install/nav_move/share/nav_move/hook/pythonpath.sh'
[2.191s] Level 1:colcon.colcon_core.environment:checking '/home/rkskwhdgh123/robot_ws/install/nav_move/bin'
[2.191s] Level 1:colcon.colcon_core.environment:create_environment_scripts_only(nav_move)
[2.195s] INFO:colcon.colcon_core.shell:Creating package script '/home/rkskwhdgh123/robot_ws/install/nav_move/share/nav_move/package.ps1'
[2.196s] INFO:colcon.colcon_core.shell:Creating package descriptor '/home/rkskwhdgh123/robot_ws/install/nav_move/share/nav_move/package.dsv'
[2.197s] INFO:colcon.colcon_core.shell:Creating package script '/home/rkskwhdgh123/robot_ws/install/nav_move/share/nav_move/package.sh'
[2.198s] INFO:colcon.colcon_core.shell:Creating package script '/home/rkskwhdgh123/robot_ws/install/nav_move/share/nav_move/package.bash'
[2.199s] INFO:colcon.colcon_core.shell:Creating package script '/home/rkskwhdgh123/robot_ws/install/nav_move/share/nav_move/package.zsh'
[2.200s] Level 1:colcon.colcon_core.environment:create_file_with_runtime_dependencies(/home/rkskwhdgh123/robot_ws/install/nav_move/share/colcon-core/packages/nav_move)
[2.201s] INFO:colcon.colcon_ros.task.ament_python.build:Building ROS package in '/home/rkskwhdgh123/robot_ws/src/test_para' with build type 'ament_python'
[2.201s] Level 1:colcon.colcon_core.shell:create_environment_hook('test_para', 'ament_prefix_path')
[2.204s] INFO:colcon.colcon_core.shell:Creating environment hook '/home/rkskwhdgh123/robot_ws/install/test_para/share/test_para/hook/ament_prefix_path.ps1'
[2.206s] INFO:colcon.colcon_core.shell:Creating environment descriptor '/home/rkskwhdgh123/robot_ws/install/test_para/share/test_para/hook/ament_prefix_path.dsv'
[2.207s] INFO:colcon.colcon_core.shell:Creating environment hook '/home/rkskwhdgh123/robot_ws/install/test_para/share/test_para/hook/ament_prefix_path.sh'
[2.211s] INFO:colcon.colcon_core.shell:Skip shell extension 'powershell' for command environment: Not usable outside of PowerShell
[2.211s] DEBUG:colcon.colcon_core.shell:Skip shell extension 'dsv' for command environment
[2.493s] INFO:colcon.colcon_core.task.python.build:Building Python package in '/home/rkskwhdgh123/robot_ws/src/tb3_move'
[2.497s] INFO:colcon.colcon_core.shell:Skip shell extension 'powershell' for command environment: Not usable outside of PowerShell
[2.497s] DEBUG:colcon.colcon_core.shell:Skip shell extension 'dsv' for command environment
[2.759s] INFO:colcon.colcon_core.task.python.build:Building Python package in '/home/rkskwhdgh123/robot_ws/src/test_para'
[2.763s] INFO:colcon.colcon_core.shell:Skip shell extension 'powershell' for command environment: Not usable outside of PowerShell
[2.764s] DEBUG:colcon.colcon_core.shell:Skip shell extension 'dsv' for command environment
[3.260s] DEBUG:colcon.colcon_core.event_handler.log_command:Invoking command in '/home/rkskwhdgh123/robot_ws/build/test_para': PYTHONPATH=/home/rkskwhdgh123/robot_ws/build/test_para/prefix_override:/home/rkskwhdgh123/robot_ws/install/test_para/lib/python3.8/site-packages:${PYTHONPATH} /usr/bin/python3 setup.py develop --editable --build-directory /home/rkskwhdgh123/robot_ws/build/test_para/build --no-deps install_data
[3.296s] DEBUG:colcon.colcon_core.event_handler.log_command:Invoking command in '/home/rkskwhdgh123/robot_ws/build/tb3_move': PYTHONPATH=/home/rkskwhdgh123/robot_ws/build/tb3_move/prefix_override:/home/rkskwhdgh123/robot_ws/install/tb3_move/lib/python3.8/site-packages:${PYTHONPATH} /usr/bin/python3 setup.py develop --editable --build-directory /home/rkskwhdgh123/robot_ws/build/tb3_move/build --no-deps install_data
[3.897s] Level 1:colcon.colcon_core.shell:create_environment_hook('tb3_move', 'pythonpath_develop')
[3.901s] INFO:colcon.colcon_core.shell:Creating environment hook '/home/rkskwhdgh123/robot_ws/build/tb3_move/share/tb3_move/hook/pythonpath_develop.ps1'
[3.902s] DEBUG:colcon.colcon_core.event_handler.log_command:Invoked command in '/home/rkskwhdgh123/robot_ws/build/tb3_move' returned '0': PYTHONPATH=/home/rkskwhdgh123/robot_ws/build/tb3_move/prefix_override:/home/rkskwhdgh123/robot_ws/install/tb3_move/lib/python3.8/site-packages:${PYTHONPATH} /usr/bin/python3 setup.py develop --editable --build-directory /home/rkskwhdgh123/robot_ws/build/tb3_move/build --no-deps install_data
[3.903s] INFO:colcon.colcon_core.shell:Creating environment descriptor '/home/rkskwhdgh123/robot_ws/build/tb3_move/share/tb3_move/hook/pythonpath_develop.dsv'
[3.904s] INFO:colcon.colcon_core.shell:Creating environment hook '/home/rkskwhdgh123/robot_ws/build/tb3_move/share/tb3_move/hook/pythonpath_develop.sh'
[3.910s] Level 1:colcon.colcon_core.environment:checking '/home/rkskwhdgh123/robot_ws/install/tb3_move' for CMake module files
[3.910s] Level 1:colcon.colcon_core.environment:checking '/home/rkskwhdgh123/robot_ws/install/tb3_move' for CMake config files
[3.911s] Level 1:colcon.colcon_core.environment:checking '/home/rkskwhdgh123/robot_ws/install/tb3_move/lib'
[3.911s] Level 1:colcon.colcon_core.environment:checking '/home/rkskwhdgh123/robot_ws/install/tb3_move/bin'
[3.911s] Level 1:colcon.colcon_core.environment:checking '/home/rkskwhdgh123/robot_ws/install/tb3_move/lib/pkgconfig/tb3_move.pc'
[3.912s] Level 1:colcon.colcon_core.environment:checking '/home/rkskwhdgh123/robot_ws/install/tb3_move/lib/python3.8/site-packages'
[3.912s] Level 1:colcon.colcon_core.shell:create_environment_hook('tb3_move', 'pythonpath')
[3.915s] INFO:colcon.colcon_core.shell:Creating environment hook '/home/rkskwhdgh123/robot_ws/install/tb3_move/share/tb3_move/hook/pythonpath.ps1'
[3.916s] INFO:colcon.colcon_core.shell:Creating environment descriptor '/home/rkskwhdgh123/robot_ws/install/tb3_move/share/tb3_move/hook/pythonpath.dsv'
[3.917s] INFO:colcon.colcon_core.shell:Creating environment hook '/home/rkskwhdgh123/robot_ws/install/tb3_move/share/tb3_move/hook/pythonpath.sh'
[3.918s] Level 1:colcon.colcon_core.environment:checking '/home/rkskwhdgh123/robot_ws/install/tb3_move/bin'
[3.918s] Level 1:colcon.colcon_core.environment:create_environment_scripts_only(tb3_move)
[3.922s] INFO:colcon.colcon_core.shell:Creating package script '/home/rkskwhdgh123/robot_ws/install/tb3_move/share/tb3_move/package.ps1'
[3.923s] INFO:colcon.colcon_core.shell:Creating package descriptor '/home/rkskwhdgh123/robot_ws/install/tb3_move/share/tb3_move/package.dsv'
[3.924s] INFO:colcon.colcon_core.shell:Creating package script '/home/rkskwhdgh123/robot_ws/install/tb3_move/share/tb3_move/package.sh'
[3.925s] INFO:colcon.colcon_core.shell:Creating package script '/home/rkskwhdgh123/robot_ws/install/tb3_move/share/tb3_move/package.bash'
[3.926s] INFO:colcon.colcon_core.shell:Creating package script '/home/rkskwhdgh123/robot_ws/install/tb3_move/share/tb3_move/package.zsh'
[3.926s] Level 1:colcon.colcon_core.environment:create_file_with_runtime_dependencies(/home/rkskwhdgh123/robot_ws/install/tb3_move/share/colcon-core/packages/tb3_move)
[3.928s] Level 1:colcon.colcon_core.shell:create_environment_hook('test_para', 'pythonpath_develop')
[3.932s] INFO:colcon.colcon_core.shell:Creating environment hook '/home/rkskwhdgh123/robot_ws/build/test_para/share/test_para/hook/pythonpath_develop.ps1'
[3.934s] INFO:colcon.colcon_core.shell:Creating environment descriptor '/home/rkskwhdgh123/robot_ws/build/test_para/share/test_para/hook/pythonpath_develop.dsv'
[3.935s] DEBUG:colcon.colcon_core.event_handler.log_command:Invoked command in '/home/rkskwhdgh123/robot_ws/build/test_para' returned '0': PYTHONPATH=/home/rkskwhdgh123/robot_ws/build/test_para/prefix_override:/home/rkskwhdgh123/robot_ws/install/test_para/lib/python3.8/site-packages:${PYTHONPATH} /usr/bin/python3 setup.py develop --editable --build-directory /home/rkskwhdgh123/robot_ws/build/test_para/build --no-deps install_data
[3.935s] INFO:colcon.colcon_core.shell:Creating environment hook '/home/rkskwhdgh123/robot_ws/build/test_para/share/test_para/hook/pythonpath_develop.sh'
[3.941s] Level 1:colcon.colcon_core.environment:checking '/home/rkskwhdgh123/robot_ws/install/test_para' for CMake module files
[3.941s] Level 1:colcon.colcon_core.environment:checking '/home/rkskwhdgh123/robot_ws/install/test_para' for CMake config files
[3.942s] Level 1:colcon.colcon_core.environment:checking '/home/rkskwhdgh123/robot_ws/install/test_para/lib'
[3.942s] Level 1:colcon.colcon_core.environment:checking '/home/rkskwhdgh123/robot_ws/install/test_para/bin'
[3.942s] Level 1:colcon.colcon_core.environment:checking '/home/rkskwhdgh123/robot_ws/install/test_para/lib/pkgconfig/test_para.pc'
[3.943s] Level 1:colcon.colcon_core.environment:checking '/home/rkskwhdgh123/robot_ws/install/test_para/lib/python3.8/site-packages'
[3.943s] Level 1:colcon.colcon_core.shell:create_environment_hook('test_para', 'pythonpath')
[3.947s] INFO:colcon.colcon_core.shell:Creating environment hook '/home/rkskwhdgh123/robot_ws/install/test_para/share/test_para/hook/pythonpath.ps1'
[3.948s] INFO:colcon.colcon_core.shell:Creating environment descriptor '/home/rkskwhdgh123/robot_ws/install/test_para/share/test_para/hook/pythonpath.dsv'
[3.949s] INFO:colcon.colcon_core.shell:Creating environment hook '/home/rkskwhdgh123/robot_ws/install/test_para/share/test_para/hook/pythonpath.sh'
[3.950s] Level 1:colcon.colcon_core.environment:checking '/home/rkskwhdgh123/robot_ws/install/test_para/bin'
[3.950s] Level 1:colcon.colcon_core.environment:create_environment_scripts_only(test_para)
[3.955s] INFO:colcon.colcon_core.shell:Creating package script '/home/rkskwhdgh123/robot_ws/install/test_para/share/test_para/package.ps1'
[3.956s] INFO:colcon.colcon_core.shell:Creating package descriptor '/home/rkskwhdgh123/robot_ws/install/test_para/share/test_para/package.dsv'
[3.957s] INFO:colcon.colcon_core.shell:Creating package script '/home/rkskwhdgh123/robot_ws/install/test_para/share/test_para/package.sh'
[3.958s] INFO:colcon.colcon_core.shell:Creating package script '/home/rkskwhdgh123/robot_ws/install/test_para/share/test_para/package.bash'
[3.958s] INFO:colcon.colcon_core.shell:Creating package script '/home/rkskwhdgh123/robot_ws/install/test_para/share/test_para/package.zsh'
[3.959s] Level 1:colcon.colcon_core.environment:create_file_with_runtime_dependencies(/home/rkskwhdgh123/robot_ws/install/test_para/share/colcon-core/packages/test_para)
[3.960s] DEBUG:colcon.colcon_parallel_executor.executor.parallel:closing loop
[3.962s] DEBUG:colcon.colcon_parallel_executor.executor.parallel:loop closed
[3.962s] DEBUG:colcon.colcon_parallel_executor.executor.parallel:run_until_complete finished with '0'
[3.962s] DEBUG:colcon.colcon_core.event_reactor:joining thread
[3.974s] INFO:colcon.colcon_core.plugin_system:Skipping extension 'colcon_notification.desktop_notification.terminal_notifier': Not used on non-Darwin systems
[3.974s] INFO:colcon.colcon_core.plugin_system:Skipping extension 'colcon_notification.desktop_notification.win32': Not used on non-Windows systems
[3.974s] INFO:colcon.colcon_notification.desktop_notification:Sending desktop notification using 'notify2'
[3.996s] DEBUG:colcon.colcon_core.event_reactor:joined thread
[4.001s] INFO:colcon.colcon_core.shell:Creating prefix script '/home/rkskwhdgh123/robot_ws/install/local_setup.ps1'
[4.003s] INFO:colcon.colcon_core.shell:Creating prefix util module '/home/rkskwhdgh123/robot_ws/install/_local_setup_util_ps1.py'
[4.004s] INFO:colcon.colcon_core.shell:Creating prefix chain script '/home/rkskwhdgh123/robot_ws/install/setup.ps1'
[4.009s] INFO:colcon.colcon_core.shell:Creating prefix script '/home/rkskwhdgh123/robot_ws/install/local_setup.sh'
[4.010s] INFO:colcon.colcon_core.shell:Creating prefix util module '/home/rkskwhdgh123/robot_ws/install/_local_setup_util_sh.py'
[4.012s] INFO:colcon.colcon_core.shell:Creating prefix chain script '/home/rkskwhdgh123/robot_ws/install/setup.sh'
[4.015s] INFO:colcon.colcon_core.shell:Creating prefix script '/home/rkskwhdgh123/robot_ws/install/local_setup.bash'
[4.016s] INFO:colcon.colcon_core.shell:Creating prefix chain script '/home/rkskwhdgh123/robot_ws/install/setup.bash'
[4.020s] INFO:colcon.colcon_core.shell:Creating prefix script '/home/rkskwhdgh123/robot_ws/install/local_setup.zsh'
[4.021s] INFO:colcon.colcon_core.shell:Creating prefix chain script '/home/rkskwhdgh123/robot_ws/install/setup.zsh'
