[0.147s] DEBUG:colcon:Command line arguments: ['/usr/bin/colcon', 'build']
[0.147s] DEBUG:colcon:Parsed command line arguments: Namespace(allow_overriding=[], ament_cmake_args=None, base_paths=['.'], build_base='build', catkin_cmake_args=None, catkin_skip_building_tests=False, cmake_args=None, cmake_clean_cache=False, cmake_clean_first=False, cmake_force_configure=False, cmake_target=None, cmake_target_skip_unavailable=False, continue_on_error=False, event_handlers=None, executor='parallel', ignore_user_meta=False, install_base='install', log_base=None, log_level=None, main=<bound method BuildVerb.main of <colcon_core.verb.build.BuildVerb object at 0x7f4b72bcc280>>, merge_install=False, metas=['./colcon.meta'], packages_above=None, packages_above_and_dependencies=None, packages_above_depth=None, packages_end=None, packages_ignore=None, packages_ignore_regex=None, packages_select=None, packages_select_build_failed=False, packages_select_by_dep=None, packages_select_regex=None, packages_select_test_failures=False, packages_skip=None, packages_skip_build_finished=False, packages_skip_by_dep=None, packages_skip_regex=None, packages_skip_test_passed=False, packages_skip_up_to=None, packages_start=None, packages_up_to=None, packages_up_to_regex=None, parallel_workers=2, paths=None, symlink_install=False, test_result_base=None, verb_extension=<colcon_core.verb.build.BuildVerb object at 0x7f4b72bcc280>, verb_name='build', verb_parser=<colcon_defaults.argument_parser.defaults.DefaultArgumentsDecorator object at 0x7f4b72bcc7c0>)
[0.169s] Level 1:colcon.colcon_core.package_discovery:discover_packages(colcon_meta) check parameters
[0.169s] Level 1:colcon.colcon_core.package_discovery:discover_packages(recursive) check parameters
[0.169s] Level 1:colcon.colcon_core.package_discovery:discover_packages(ignore) check parameters
[0.170s] Level 1:colcon.colcon_core.package_discovery:discover_packages(path) check parameters
[0.170s] Level 1:colcon.colcon_core.package_discovery:discover_packages(colcon_meta) discover
[0.170s] Level 1:colcon.colcon_core.package_discovery:discover_packages(recursive) discover
[0.170s] INFO:colcon.colcon_core.package_discovery:Crawling recursively for packages in '/home/rkskwhdgh123/robot_workspace/src'
[0.170s] Level 1:colcon.colcon_core.package_identification:_identify(.) by extensions ['ignore', 'ignore_ament_install']
[0.170s] Level 1:colcon.colcon_core.package_identification:_identify(.) by extension 'ignore'
[0.170s] Level 1:colcon.colcon_core.package_identification:_identify(.) by extension 'ignore_ament_install'
[0.170s] Level 1:colcon.colcon_core.package_identification:_identify(.) by extensions ['colcon_pkg']
[0.170s] Level 1:colcon.colcon_core.package_identification:_identify(.) by extension 'colcon_pkg'
[0.170s] Level 1:colcon.colcon_core.package_identification:_identify(.) by extensions ['colcon_meta']
[0.170s] Level 1:colcon.colcon_core.package_identification:_identify(.) by extension 'colcon_meta'
[0.171s] Level 1:colcon.colcon_core.package_identification:_identify(.) by extensions ['ros']
[0.171s] Level 1:colcon.colcon_core.package_identification:_identify(.) by extension 'ros'
[0.185s] Level 1:colcon.colcon_core.package_identification:_identify(.) by extensions ['cmake', 'python']
[0.185s] Level 1:colcon.colcon_core.package_identification:_identify(.) by extension 'cmake'
[0.185s] Level 1:colcon.colcon_core.package_identification:_identify(.) by extension 'python'
[0.185s] Level 1:colcon.colcon_core.package_identification:_identify(.) by extensions ['python_setup_py']
[0.185s] Level 1:colcon.colcon_core.package_identification:_identify(.) by extension 'python_setup_py'
[0.185s] Level 1:colcon.colcon_core.package_identification:_identify(build) by extensions ['ignore', 'ignore_ament_install']
[0.185s] Level 1:colcon.colcon_core.package_identification:_identify(build) by extension 'ignore'
[0.185s] Level 1:colcon.colcon_core.package_identification:_identify(build) ignored
[0.185s] Level 1:colcon.colcon_core.package_identification:_identify(install) by extensions ['ignore', 'ignore_ament_install']
[0.186s] Level 1:colcon.colcon_core.package_identification:_identify(install) by extension 'ignore'
[0.186s] Level 1:colcon.colcon_core.package_identification:_identify(install) ignored
[0.186s] Level 1:colcon.colcon_core.package_identification:_identify(log) by extensions ['ignore', 'ignore_ament_install']
[0.186s] Level 1:colcon.colcon_core.package_identification:_identify(log) by extension 'ignore'
[0.186s] Level 1:colcon.colcon_core.package_identification:_identify(log) ignored
[0.186s] Level 1:colcon.colcon_core.package_identification:_identify(m_pubsub) by extensions ['ignore', 'ignore_ament_install']
[0.186s] Level 1:colcon.colcon_core.package_identification:_identify(m_pubsub) by extension 'ignore'
[0.186s] Level 1:colcon.colcon_core.package_identification:_identify(m_pubsub) by extension 'ignore_ament_install'
[0.186s] Level 1:colcon.colcon_core.package_identification:_identify(m_pubsub) by extensions ['colcon_pkg']
[0.186s] Level 1:colcon.colcon_core.package_identification:_identify(m_pubsub) by extension 'colcon_pkg'
[0.187s] Level 1:colcon.colcon_core.package_identification:_identify(m_pubsub) by extensions ['colcon_meta']
[0.187s] Level 1:colcon.colcon_core.package_identification:_identify(m_pubsub) by extension 'colcon_meta'
[0.187s] Level 1:colcon.colcon_core.package_identification:_identify(m_pubsub) by extensions ['ros']
[0.187s] Level 1:colcon.colcon_core.package_identification:_identify(m_pubsub) by extension 'ros'
[0.189s] DEBUG:colcon.colcon_core.package_identification:Package 'm_pubsub' with type 'ros.ament_python' and name 'm_pubsub'
[0.189s] Level 1:colcon.colcon_core.package_identification:_identify(test_interface) by extensions ['ignore', 'ignore_ament_install']
[0.189s] Level 1:colcon.colcon_core.package_identification:_identify(test_interface) by extension 'ignore'
[0.189s] Level 1:colcon.colcon_core.package_identification:_identify(test_interface) by extension 'ignore_ament_install'
[0.189s] Level 1:colcon.colcon_core.package_identification:_identify(test_interface) by extensions ['colcon_pkg']
[0.189s] Level 1:colcon.colcon_core.package_identification:_identify(test_interface) by extension 'colcon_pkg'
[0.189s] Level 1:colcon.colcon_core.package_identification:_identify(test_interface) by extensions ['colcon_meta']
[0.189s] Level 1:colcon.colcon_core.package_identification:_identify(test_interface) by extension 'colcon_meta'
[0.189s] Level 1:colcon.colcon_core.package_identification:_identify(test_interface) by extensions ['ros']
[0.189s] Level 1:colcon.colcon_core.package_identification:_identify(test_interface) by extension 'ros'
[0.190s] DEBUG:colcon.colcon_core.package_identification:Package 'test_interface' with type 'ros.ament_cmake' and name 'test_interface'
[0.190s] Level 1:colcon.colcon_core.package_discovery:discover_packages(recursive) using defaults
[0.190s] Level 1:colcon.colcon_core.package_discovery:discover_packages(ignore) discover
[0.190s] Level 1:colcon.colcon_core.package_discovery:discover_packages(ignore) using defaults
[0.190s] Level 1:colcon.colcon_core.package_discovery:discover_packages(path) discover
[0.190s] Level 1:colcon.colcon_core.package_discovery:discover_packages(path) using defaults
[0.211s] Level 1:colcon.colcon_core.package_discovery:discover_packages(prefix_path) check parameters
[0.211s] Level 1:colcon.colcon_core.package_discovery:discover_packages(prefix_path) discover
[0.223s] DEBUG:colcon.colcon_installed_package_information.package_discovery:Found 9 installed packages in /home/rkskwhdgh123/robot_ws/install
[0.225s] DEBUG:colcon.colcon_installed_package_information.package_discovery:Found 338 installed packages in /opt/ros/foxy
[0.226s] Level 1:colcon.colcon_core.package_discovery:discover_packages(prefix_path) using defaults
[0.292s] Level 5:colcon.colcon_core.verb:set package 'm_pubsub' build argument 'cmake_args' from command line to 'None'
[0.292s] Level 5:colcon.colcon_core.verb:set package 'm_pubsub' build argument 'cmake_target' from command line to 'None'
[0.292s] Level 5:colcon.colcon_core.verb:set package 'm_pubsub' build argument 'cmake_target_skip_unavailable' from command line to 'False'
[0.292s] Level 5:colcon.colcon_core.verb:set package 'm_pubsub' build argument 'cmake_clean_cache' from command line to 'False'
[0.292s] Level 5:colcon.colcon_core.verb:set package 'm_pubsub' build argument 'cmake_clean_first' from command line to 'False'
[0.292s] Level 5:colcon.colcon_core.verb:set package 'm_pubsub' build argument 'cmake_force_configure' from command line to 'False'
[0.292s] Level 5:colcon.colcon_core.verb:set package 'm_pubsub' build argument 'ament_cmake_args' from command line to 'None'
[0.292s] Level 5:colcon.colcon_core.verb:set package 'm_pubsub' build argument 'catkin_cmake_args' from command line to 'None'
[0.292s] Level 5:colcon.colcon_core.verb:set package 'm_pubsub' build argument 'catkin_skip_building_tests' from command line to 'False'
[0.292s] DEBUG:colcon.colcon_core.verb:Building package 'm_pubsub' with the following arguments: {'ament_cmake_args': None, 'build_base': '/home/rkskwhdgh123/robot_workspace/src/build/m_pubsub', 'catkin_cmake_args': None, 'catkin_skip_building_tests': False, 'cmake_args': None, 'cmake_clean_cache': False, 'cmake_clean_first': False, 'cmake_force_configure': False, 'cmake_target': None, 'cmake_target_skip_unavailable': False, 'install_base': '/home/rkskwhdgh123/robot_workspace/src/install/m_pubsub', 'merge_install': False, 'path': '/home/rkskwhdgh123/robot_workspace/src/m_pubsub', 'symlink_install': False, 'test_result_base': None}
[0.294s] Level 5:colcon.colcon_core.verb:set package 'test_interface' build argument 'cmake_args' from command line to 'None'
[0.294s] Level 5:colcon.colcon_core.verb:set package 'test_interface' build argument 'cmake_target' from command line to 'None'
[0.294s] Level 5:colcon.colcon_core.verb:set package 'test_interface' build argument 'cmake_target_skip_unavailable' from command line to 'False'
[0.294s] Level 5:colcon.colcon_core.verb:set package 'test_interface' build argument 'cmake_clean_cache' from command line to 'False'
[0.294s] Level 5:colcon.colcon_core.verb:set package 'test_interface' build argument 'cmake_clean_first' from command line to 'False'
[0.294s] Level 5:colcon.colcon_core.verb:set package 'test_interface' build argument 'cmake_force_configure' from command line to 'False'
[0.294s] Level 5:colcon.colcon_core.verb:set package 'test_interface' build argument 'ament_cmake_args' from command line to 'None'
[0.294s] Level 5:colcon.colcon_core.verb:set package 'test_interface' build argument 'catkin_cmake_args' from command line to 'None'
[0.294s] Level 5:colcon.colcon_core.verb:set package 'test_interface' build argument 'catkin_skip_building_tests' from command line to 'False'
[0.294s] DEBUG:colcon.colcon_core.verb:Building package 'test_interface' with the following arguments: {'ament_cmake_args': None, 'build_base': '/home/rkskwhdgh123/robot_workspace/src/build/test_interface', 'catkin_cmake_args': None, 'catkin_skip_building_tests': False, 'cmake_args': None, 'cmake_clean_cache': False, 'cmake_clean_first': False, 'cmake_force_configure': False, 'cmake_target': None, 'cmake_target_skip_unavailable': False, 'install_base': '/home/rkskwhdgh123/robot_workspace/src/install/test_interface', 'merge_install': False, 'path': '/home/rkskwhdgh123/robot_workspace/src/test_interface', 'symlink_install': False, 'test_result_base': None}
[0.295s] INFO:colcon.colcon_core.executor:Executing jobs using 'parallel' executor
[0.301s] DEBUG:colcon.colcon_parallel_executor.executor.parallel:run_until_complete
[0.302s] INFO:colcon.colcon_ros.task.ament_python.build:Building ROS package in '/home/rkskwhdgh123/robot_workspace/src/m_pubsub' with build type 'ament_python'
[0.302s] Level 1:colcon.colcon_core.shell:create_environment_hook('m_pubsub', 'ament_prefix_path')
[0.310s] INFO:colcon.colcon_core.plugin_system:Skipping extension 'colcon_core.shell.bat': Not used on non-Windows systems
[0.310s] INFO:colcon.colcon_core.shell:Creating environment hook '/home/rkskwhdgh123/robot_workspace/src/install/m_pubsub/share/m_pubsub/hook/ament_prefix_path.ps1'
[0.311s] INFO:colcon.colcon_core.shell:Creating environment descriptor '/home/rkskwhdgh123/robot_workspace/src/install/m_pubsub/share/m_pubsub/hook/ament_prefix_path.dsv'
[0.312s] INFO:colcon.colcon_core.shell:Creating environment hook '/home/rkskwhdgh123/robot_workspace/src/install/m_pubsub/share/m_pubsub/hook/ament_prefix_path.sh'
[0.316s] INFO:colcon.colcon_core.shell:Skip shell extension 'powershell' for command environment: Not usable outside of PowerShell
[0.316s] DEBUG:colcon.colcon_core.shell:Skip shell extension 'dsv' for command environment
[0.323s] INFO:colcon.colcon_ros.task.ament_cmake.build:Building ROS package in '/home/rkskwhdgh123/robot_workspace/src/test_interface' with build type 'ament_cmake'
[0.323s] INFO:colcon.colcon_cmake.task.cmake.build:Building CMake package in '/home/rkskwhdgh123/robot_workspace/src/test_interface'
[0.327s] INFO:colcon.colcon_core.shell:Skip shell extension 'powershell' for command environment: Not usable outside of PowerShell
[0.327s] DEBUG:colcon.colcon_core.shell:Skip shell extension 'dsv' for command environment
[0.532s] INFO:colcon.colcon_core.task.python.build:Building Python package in '/home/rkskwhdgh123/robot_workspace/src/m_pubsub'
[0.535s] INFO:colcon.colcon_core.shell:Skip shell extension 'powershell' for command environment: Not usable outside of PowerShell
[0.535s] DEBUG:colcon.colcon_core.shell:Skip shell extension 'dsv' for command environment
[0.549s] DEBUG:colcon.colcon_core.event_handler.log_command:Invoking command in '/home/rkskwhdgh123/robot_workspace/src/build/test_interface': CMAKE_PREFIX_PATH=${CMAKE_PREFIX_PATH}:/home/rkskwhdgh123/robot_ws/install/test_para:/home/rkskwhdgh123/robot_ws/install/test_num:/home/rkskwhdgh123/robot_ws/install/ros2_aruco:/home/rkskwhdgh123/robot_ws/install/move_turtle_pkg:/home/rkskwhdgh123/robot_ws/install/m_pubsub:/home/rkskwhdgh123/robot_ws/install/imgtran:/opt/ros/foxy /usr/bin/cmake /home/rkskwhdgh123/robot_workspace/src/test_interface -DCMAKE_INSTALL_PREFIX=/home/rkskwhdgh123/robot_workspace/src/install/test_interface
[1.147s] DEBUG:colcon.colcon_core.event_handler.log_command:Invoking command in '/home/rkskwhdgh123/robot_workspace/src/m_pubsub': PYTHONPATH=/home/rkskwhdgh123/robot_workspace/src/build/m_pubsub/prefix_override:/home/rkskwhdgh123/robot_workspace/src/install/m_pubsub/lib/python3.8/site-packages:${PYTHONPATH} /usr/bin/python3 setup.py egg_info --egg-base ../build/m_pubsub build --build-base /home/rkskwhdgh123/robot_workspace/src/build/m_pubsub/build install --record /home/rkskwhdgh123/robot_workspace/src/build/m_pubsub/install.log --install-scripts $base/lib/m_pubsub --single-version-externally-managed
[1.591s] DEBUG:colcon.colcon_core.event_handler.log_command:Invoked command in '/home/rkskwhdgh123/robot_workspace/src/m_pubsub' returned '0': PYTHONPATH=/home/rkskwhdgh123/robot_workspace/src/build/m_pubsub/prefix_override:/home/rkskwhdgh123/robot_workspace/src/install/m_pubsub/lib/python3.8/site-packages:${PYTHONPATH} /usr/bin/python3 setup.py egg_info --egg-base ../build/m_pubsub build --build-base /home/rkskwhdgh123/robot_workspace/src/build/m_pubsub/build install --record /home/rkskwhdgh123/robot_workspace/src/build/m_pubsub/install.log --install-scripts $base/lib/m_pubsub --single-version-externally-managed
[1.604s] Level 1:colcon.colcon_core.environment:checking '/home/rkskwhdgh123/robot_workspace/src/install/m_pubsub' for CMake module files
[1.604s] Level 1:colcon.colcon_core.environment:checking '/home/rkskwhdgh123/robot_workspace/src/install/m_pubsub' for CMake config files
[1.605s] Level 1:colcon.colcon_core.environment:checking '/home/rkskwhdgh123/robot_workspace/src/install/m_pubsub/lib'
[1.605s] Level 1:colcon.colcon_core.environment:checking '/home/rkskwhdgh123/robot_workspace/src/install/m_pubsub/bin'
[1.605s] Level 1:colcon.colcon_core.environment:checking '/home/rkskwhdgh123/robot_workspace/src/install/m_pubsub/lib/pkgconfig/m_pubsub.pc'
[1.606s] Level 1:colcon.colcon_core.environment:checking '/home/rkskwhdgh123/robot_workspace/src/install/m_pubsub/lib/python3.8/site-packages'
[1.606s] Level 1:colcon.colcon_core.shell:create_environment_hook('m_pubsub', 'pythonpath')
[1.611s] INFO:colcon.colcon_core.shell:Creating environment hook '/home/rkskwhdgh123/robot_workspace/src/install/m_pubsub/share/m_pubsub/hook/pythonpath.ps1'
[1.611s] INFO:colcon.colcon_core.shell:Creating environment descriptor '/home/rkskwhdgh123/robot_workspace/src/install/m_pubsub/share/m_pubsub/hook/pythonpath.dsv'
[1.612s] INFO:colcon.colcon_core.shell:Creating environment hook '/home/rkskwhdgh123/robot_workspace/src/install/m_pubsub/share/m_pubsub/hook/pythonpath.sh'
[1.612s] Level 1:colcon.colcon_core.environment:checking '/home/rkskwhdgh123/robot_workspace/src/install/m_pubsub/bin'
[1.612s] Level 1:colcon.colcon_core.environment:create_environment_scripts_only(m_pubsub)
[1.623s] INFO:colcon.colcon_core.shell:Creating package script '/home/rkskwhdgh123/robot_workspace/src/install/m_pubsub/share/m_pubsub/package.ps1'
[1.624s] INFO:colcon.colcon_core.shell:Creating package descriptor '/home/rkskwhdgh123/robot_workspace/src/install/m_pubsub/share/m_pubsub/package.dsv'
[1.625s] INFO:colcon.colcon_core.shell:Creating package script '/home/rkskwhdgh123/robot_workspace/src/install/m_pubsub/share/m_pubsub/package.sh'
[1.626s] INFO:colcon.colcon_core.shell:Creating package script '/home/rkskwhdgh123/robot_workspace/src/install/m_pubsub/share/m_pubsub/package.bash'
[1.627s] INFO:colcon.colcon_core.shell:Creating package script '/home/rkskwhdgh123/robot_workspace/src/install/m_pubsub/share/m_pubsub/package.zsh'
[1.628s] Level 1:colcon.colcon_core.environment:create_file_with_runtime_dependencies(/home/rkskwhdgh123/robot_workspace/src/install/m_pubsub/share/colcon-core/packages/m_pubsub)
[1.755s] DEBUG:colcon.colcon_core.event_handler.log_command:Invoked command in '/home/rkskwhdgh123/robot_workspace/src/build/test_interface' returned '1': CMAKE_PREFIX_PATH=${CMAKE_PREFIX_PATH}:/home/rkskwhdgh123/robot_ws/install/test_para:/home/rkskwhdgh123/robot_ws/install/test_num:/home/rkskwhdgh123/robot_ws/install/ros2_aruco:/home/rkskwhdgh123/robot_ws/install/move_turtle_pkg:/home/rkskwhdgh123/robot_ws/install/m_pubsub:/home/rkskwhdgh123/robot_ws/install/imgtran:/opt/ros/foxy /usr/bin/cmake /home/rkskwhdgh123/robot_workspace/src/test_interface -DCMAKE_INSTALL_PREFIX=/home/rkskwhdgh123/robot_workspace/src/install/test_interface
[1.765s] Level 1:colcon.colcon_core.environment:create_environment_scripts_only(test_interface)
[1.769s] Level 1:colcon.colcon_core.environment:checking '/home/rkskwhdgh123/robot_workspace/src/install/test_interface' for CMake module files
[1.770s] Level 1:colcon.colcon_core.environment:checking '/home/rkskwhdgh123/robot_workspace/src/install/test_interface' for CMake config files
[1.770s] Level 1:colcon.colcon_core.environment:checking '/home/rkskwhdgh123/robot_workspace/src/install/test_interface/bin'
[1.770s] Level 1:colcon.colcon_core.environment:checking '/home/rkskwhdgh123/robot_workspace/src/install/test_interface/lib/pkgconfig/test_interface.pc'
[1.771s] Level 1:colcon.colcon_core.environment:checking '/home/rkskwhdgh123/robot_workspace/src/install/test_interface/lib/python3.8/site-packages'
[1.771s] Level 1:colcon.colcon_core.environment:checking '/home/rkskwhdgh123/robot_workspace/src/install/test_interface/bin'
[1.774s] INFO:colcon.colcon_core.shell:Creating package script '/home/rkskwhdgh123/robot_workspace/src/install/test_interface/share/test_interface/package.ps1'
[1.774s] INFO:colcon.colcon_core.shell:Creating package descriptor '/home/rkskwhdgh123/robot_workspace/src/install/test_interface/share/test_interface/package.dsv'
[1.775s] INFO:colcon.colcon_core.shell:Creating package script '/home/rkskwhdgh123/robot_workspace/src/install/test_interface/share/test_interface/package.sh'
[1.775s] INFO:colcon.colcon_core.shell:Creating package script '/home/rkskwhdgh123/robot_workspace/src/install/test_interface/share/test_interface/package.bash'
[1.775s] INFO:colcon.colcon_core.shell:Creating package script '/home/rkskwhdgh123/robot_workspace/src/install/test_interface/share/test_interface/package.zsh'
[1.776s] Level 1:colcon.colcon_core.environment:create_file_with_runtime_dependencies(/home/rkskwhdgh123/robot_workspace/src/install/test_interface/share/colcon-core/packages/test_interface)
[1.786s] DEBUG:colcon.colcon_parallel_executor.executor.parallel:closing loop
[1.786s] DEBUG:colcon.colcon_parallel_executor.executor.parallel:loop closed
[1.787s] DEBUG:colcon.colcon_parallel_executor.executor.parallel:run_until_complete finished with '1'
[1.787s] DEBUG:colcon.colcon_core.event_reactor:joining thread
[1.794s] INFO:colcon.colcon_core.plugin_system:Skipping extension 'colcon_notification.desktop_notification.terminal_notifier': Not used on non-Darwin systems
[1.794s] INFO:colcon.colcon_core.plugin_system:Skipping extension 'colcon_notification.desktop_notification.win32': Not used on non-Windows systems
[1.794s] INFO:colcon.colcon_notification.desktop_notification:Sending desktop notification using 'notify2'
[1.821s] DEBUG:colcon.colcon_core.event_reactor:joined thread
[1.824s] INFO:colcon.colcon_core.shell:Creating prefix script '/home/rkskwhdgh123/robot_workspace/src/install/local_setup.ps1'
[1.825s] INFO:colcon.colcon_core.shell:Creating prefix util module '/home/rkskwhdgh123/robot_workspace/src/install/_local_setup_util_ps1.py'
[1.826s] INFO:colcon.colcon_core.shell:Creating prefix chain script '/home/rkskwhdgh123/robot_workspace/src/install/setup.ps1'
[1.831s] INFO:colcon.colcon_core.shell:Creating prefix script '/home/rkskwhdgh123/robot_workspace/src/install/local_setup.sh'
[1.832s] INFO:colcon.colcon_core.shell:Creating prefix util module '/home/rkskwhdgh123/robot_workspace/src/install/_local_setup_util_sh.py'
[1.833s] INFO:colcon.colcon_core.shell:Creating prefix chain script '/home/rkskwhdgh123/robot_workspace/src/install/setup.sh'
[1.835s] INFO:colcon.colcon_core.shell:Creating prefix script '/home/rkskwhdgh123/robot_workspace/src/install/local_setup.bash'
[1.836s] INFO:colcon.colcon_core.shell:Creating prefix chain script '/home/rkskwhdgh123/robot_workspace/src/install/setup.bash'
[1.838s] INFO:colcon.colcon_core.shell:Creating prefix script '/home/rkskwhdgh123/robot_workspace/src/install/local_setup.zsh'
[1.839s] INFO:colcon.colcon_core.shell:Creating prefix chain script '/home/rkskwhdgh123/robot_workspace/src/install/setup.zsh'
