[3.296s] Invoking command in '/home/rkskwhdgh123/robot_ws/build/tb3_move': PYTHONPATH=/home/rkskwhdgh123/robot_ws/build/tb3_move/prefix_override:/home/rkskwhdgh123/robot_ws/install/tb3_move/lib/python3.8/site-packages:${PYTHONPATH} /usr/bin/python3 setup.py develop --editable --build-directory /home/rkskwhdgh123/robot_ws/build/tb3_move/build --no-deps install_data
[4.310s] running develop
[4.832s] running egg_info
[4.832s] writing tb3_move.egg-info/PKG-INFO
[4.834s] writing dependency_links to tb3_move.egg-info/dependency_links.txt
[4.834s] writing entry points to tb3_move.egg-info/entry_points.txt
[4.835s] writing requirements to tb3_move.egg-info/requires.txt
[4.835s] writing top-level names to tb3_move.egg-info/top_level.txt
[4.930s] reading manifest file 'tb3_move.egg-info/SOURCES.txt'
[4.932s] writing manifest file 'tb3_move.egg-info/SOURCES.txt'
[5.026s] running build_ext
[5.027s] Creating /home/rkskwhdgh123/robot_ws/install/tb3_move/lib/python3.8/site-packages/tb3-move.egg-link (link to .)
[5.028s] Installing tb3gpio script to /home/rkskwhdgh123/robot_ws/install/tb3_move/lib/tb3_move
[5.030s] Installing tb3m script to /home/rkskwhdgh123/robot_ws/install/tb3_move/lib/tb3_move
[5.031s] Installing tb3mix script to /home/rkskwhdgh123/robot_ws/install/tb3_move/lib/tb3_move
[5.031s] Installing tb3mix2 script to /home/rkskwhdgh123/robot_ws/install/tb3_move/lib/tb3_move
[5.032s] Installing tb3s script to /home/rkskwhdgh123/robot_ws/install/tb3_move/lib/tb3_move
[5.032s] 
[5.033s] Installed /home/rkskwhdgh123/robot_ws/build/tb3_move
[5.033s] running install_data
[5.094s] Invoked command in '/home/rkskwhdgh123/robot_ws/build/tb3_move' returned '0': PYTHONPATH=/home/rkskwhdgh123/robot_ws/build/tb3_move/prefix_override:/home/rkskwhdgh123/robot_ws/install/tb3_move/lib/python3.8/site-packages:${PYTHONPATH} /usr/bin/python3 setup.py develop --editable --build-directory /home/rkskwhdgh123/robot_ws/build/tb3_move/build --no-deps install_data
