[0.573s] Invoking command in '/home/rkskwhdgh123/robot_workspace/build/m_pubsub': PYTHONPATH=/home/rkskwhdgh123/robot_workspace/build/m_pubsub/prefix_override:/home/rkskwhdgh123/robot_workspace/install/m_pubsub/lib/python3.8/site-packages:${PYTHONPATH} /usr/bin/python3 setup.py develop --editable --build-directory /home/rkskwhdgh123/robot_workspace/build/m_pubsub/build --no-deps install_data
[0.838s] running develop
[1.002s] running egg_info
[1.003s] creating m_pubsub.egg-info
[1.003s] writing m_pubsub.egg-info/PKG-INFO
[1.003s] writing dependency_links to m_pubsub.egg-info/dependency_links.txt
[1.003s] writing entry points to m_pubsub.egg-info/entry_points.txt
[1.003s] writing requirements to m_pubsub.egg-info/requires.txt
[1.003s] writing top-level names to m_pubsub.egg-info/top_level.txt
[1.004s] writing manifest file 'm_pubsub.egg-info/SOURCES.txt'
[1.033s] reading manifest file 'm_pubsub.egg-info/SOURCES.txt'
[1.033s] writing manifest file 'm_pubsub.egg-info/SOURCES.txt'
[1.066s] running build_ext
[1.075s] Creating /home/rkskwhdgh123/robot_workspace/install/m_pubsub/lib/python3.8/site-packages/site.py
[1.077s] Creating /home/rkskwhdgh123/robot_workspace/install/m_pubsub/lib/python3.8/site-packages/m-pubsub.egg-link (link to .)
[1.078s] Installing met script to /home/rkskwhdgh123/robot_workspace/install/m_pubsub/lib/m_pubsub
[1.078s] Installing metp script to /home/rkskwhdgh123/robot_workspace/install/m_pubsub/lib/m_pubsub
[1.078s] Installing mp script to /home/rkskwhdgh123/robot_workspace/install/m_pubsub/lib/m_pubsub
[1.078s] Installing ms script to /home/rkskwhdgh123/robot_workspace/install/m_pubsub/lib/m_pubsub
[1.078s] Installing mt script to /home/rkskwhdgh123/robot_workspace/install/m_pubsub/lib/m_pubsub
[1.079s] 
[1.079s] Installed /home/rkskwhdgh123/robot_workspace/build/m_pubsub
[1.079s] running install_data
[1.079s] creating /home/rkskwhdgh123/robot_workspace/install/m_pubsub/share/ament_index
[1.079s] creating /home/rkskwhdgh123/robot_workspace/install/m_pubsub/share/ament_index/resource_index
[1.079s] creating /home/rkskwhdgh123/robot_workspace/install/m_pubsub/share/ament_index/resource_index/packages
[1.079s] copying resource/m_pubsub -> /home/rkskwhdgh123/robot_workspace/install/m_pubsub/share/ament_index/resource_index/packages
[1.079s] copying package.xml -> /home/rkskwhdgh123/robot_workspace/install/m_pubsub/share/m_pubsub
[1.104s] Invoked command in '/home/rkskwhdgh123/robot_workspace/build/m_pubsub' returned '0': PYTHONPATH=/home/rkskwhdgh123/robot_workspace/build/m_pubsub/prefix_override:/home/rkskwhdgh123/robot_workspace/install/m_pubsub/lib/python3.8/site-packages:${PYTHONPATH} /usr/bin/python3 setup.py develop --editable --build-directory /home/rkskwhdgh123/robot_workspace/build/m_pubsub/build --no-deps install_data
