[0.146s] DEBUG:colcon:Command line arguments: ['/usr/bin/colcon', 'build', '--symlink-install']
[0.147s] DEBUG:colcon:Parsed command line arguments: Namespace(allow_overriding=[], ament_cmake_args=None, base_paths=['.'], build_base='build', catkin_cmake_args=None, catkin_skip_building_tests=False, cmake_args=None, cmake_clean_cache=False, cmake_clean_first=False, cmake_force_configure=False, cmake_target=None, cmake_target_skip_unavailable=False, continue_on_error=False, event_handlers=None, executor='parallel', ignore_user_meta=False, install_base='install', log_base=None, log_level=None, main=<bound method BuildVerb.main of <colcon_core.verb.build.BuildVerb object at 0x7fa3ee134550>>, merge_install=False, metas=['./colcon.meta'], packages_above=None, packages_above_and_dependencies=None, packages_above_depth=None, packages_end=None, packages_ignore=None, packages_ignore_regex=None, packages_select=None, packages_select_build_failed=False, packages_select_by_dep=None, packages_select_regex=None, packages_select_test_failures=False, packages_skip=None, packages_skip_build_finished=False, packages_skip_by_dep=None, packages_skip_regex=None, packages_skip_test_passed=False, packages_skip_up_to=None, packages_start=None, packages_up_to=None, packages_up_to_regex=None, parallel_workers=2, paths=None, symlink_install=True, test_result_base=None, verb_extension=<colcon_core.verb.build.BuildVerb object at 0x7fa3ee134550>, verb_name='build', verb_parser=<colcon_defaults.argument_parser.defaults.DefaultArgumentsDecorator object at 0x7fa3ee134a90>)
[0.169s] Level 1:colcon.colcon_core.package_discovery:discover_packages(colcon_meta) check parameters
[0.169s] Level 1:colcon.colcon_core.package_discovery:discover_packages(recursive) check parameters
[0.169s] Level 1:colcon.colcon_core.package_discovery:discover_packages(ignore) check parameters
[0.169s] Level 1:colcon.colcon_core.package_discovery:discover_packages(path) check parameters
[0.169s] Level 1:colcon.colcon_core.package_discovery:discover_packages(colcon_meta) discover
[0.169s] Level 1:colcon.colcon_core.package_discovery:discover_packages(recursive) discover
[0.169s] INFO:colcon.colcon_core.package_discovery:Crawling recursively for packages in '/home/rkskwhdgh123/robot_workspace'
[0.169s] Level 1:colcon.colcon_core.package_identification:_identify(.) by extensions ['ignore', 'ignore_ament_install']
[0.169s] Level 1:colcon.colcon_core.package_identification:_identify(.) by extension 'ignore'
[0.169s] Level 1:colcon.colcon_core.package_identification:_identify(.) by extension 'ignore_ament_install'
[0.169s] Level 1:colcon.colcon_core.package_identification:_identify(.) by extensions ['colcon_pkg']
[0.170s] Level 1:colcon.colcon_core.package_identification:_identify(.) by extension 'colcon_pkg'
[0.170s] Level 1:colcon.colcon_core.package_identification:_identify(.) by extensions ['colcon_meta']
[0.170s] Level 1:colcon.colcon_core.package_identification:_identify(.) by extension 'colcon_meta'
[0.170s] Level 1:colcon.colcon_core.package_identification:_identify(.) by extensions ['ros']
[0.170s] Level 1:colcon.colcon_core.package_identification:_identify(.) by extension 'ros'
[0.184s] Level 1:colcon.colcon_core.package_identification:_identify(.) by extensions ['cmake', 'python']
[0.184s] Level 1:colcon.colcon_core.package_identification:_identify(.) by extension 'cmake'
[0.184s] Level 1:colcon.colcon_core.package_identification:_identify(.) by extension 'python'
[0.184s] Level 1:colcon.colcon_core.package_identification:_identify(.) by extensions ['python_setup_py']
[0.184s] Level 1:colcon.colcon_core.package_identification:_identify(.) by extension 'python_setup_py'
[0.184s] Level 1:colcon.colcon_core.package_identification:_identify(build) by extensions ['ignore', 'ignore_ament_install']
[0.184s] Level 1:colcon.colcon_core.package_identification:_identify(build) by extension 'ignore'
[0.184s] Level 1:colcon.colcon_core.package_identification:_identify(build) ignored
[0.185s] Level 1:colcon.colcon_core.package_identification:_identify(install) by extensions ['ignore', 'ignore_ament_install']
[0.185s] Level 1:colcon.colcon_core.package_identification:_identify(install) by extension 'ignore'
[0.185s] Level 1:colcon.colcon_core.package_identification:_identify(install) ignored
[0.185s] Level 1:colcon.colcon_core.package_identification:_identify(log) by extensions ['ignore', 'ignore_ament_install']
[0.185s] Level 1:colcon.colcon_core.package_identification:_identify(log) by extension 'ignore'
[0.185s] Level 1:colcon.colcon_core.package_identification:_identify(log) ignored
[0.185s] Level 1:colcon.colcon_core.package_identification:_identify(src) by extensions ['ignore', 'ignore_ament_install']
[0.185s] Level 1:colcon.colcon_core.package_identification:_identify(src) by extension 'ignore'
[0.185s] Level 1:colcon.colcon_core.package_identification:_identify(src) by extension 'ignore_ament_install'
[0.186s] Level 1:colcon.colcon_core.package_identification:_identify(src) by extensions ['colcon_pkg']
[0.186s] Level 1:colcon.colcon_core.package_identification:_identify(src) by extension 'colcon_pkg'
[0.186s] Level 1:colcon.colcon_core.package_identification:_identify(src) by extensions ['colcon_meta']
[0.186s] Level 1:colcon.colcon_core.package_identification:_identify(src) by extension 'colcon_meta'
[0.186s] Level 1:colcon.colcon_core.package_identification:_identify(src) by extensions ['ros']
[0.186s] Level 1:colcon.colcon_core.package_identification:_identify(src) by extension 'ros'
[0.186s] Level 1:colcon.colcon_core.package_identification:_identify(src) by extensions ['cmake', 'python']
[0.186s] Level 1:colcon.colcon_core.package_identification:_identify(src) by extension 'cmake'
[0.186s] Level 1:colcon.colcon_core.package_identification:_identify(src) by extension 'python'
[0.186s] Level 1:colcon.colcon_core.package_identification:_identify(src) by extensions ['python_setup_py']
[0.186s] Level 1:colcon.colcon_core.package_identification:_identify(src) by extension 'python_setup_py'
[0.187s] Level 1:colcon.colcon_core.package_identification:_identify(src/build) by extensions ['ignore', 'ignore_ament_install']
[0.187s] Level 1:colcon.colcon_core.package_identification:_identify(src/build) by extension 'ignore'
[0.187s] Level 1:colcon.colcon_core.package_identification:_identify(src/build) ignored
[0.187s] Level 1:colcon.colcon_core.package_identification:_identify(src/install) by extensions ['ignore', 'ignore_ament_install']
[0.187s] Level 1:colcon.colcon_core.package_identification:_identify(src/install) by extension 'ignore'
[0.187s] Level 1:colcon.colcon_core.package_identification:_identify(src/install) ignored
[0.187s] Level 1:colcon.colcon_core.package_identification:_identify(src/log) by extensions ['ignore', 'ignore_ament_install']
[0.187s] Level 1:colcon.colcon_core.package_identification:_identify(src/log) by extension 'ignore'
[0.187s] Level 1:colcon.colcon_core.package_identification:_identify(src/log) ignored
[0.187s] Level 1:colcon.colcon_core.package_identification:_identify(src/m_pubsub) by extensions ['ignore', 'ignore_ament_install']
[0.188s] Level 1:colcon.colcon_core.package_identification:_identify(src/m_pubsub) by extension 'ignore'
[0.188s] Level 1:colcon.colcon_core.package_identification:_identify(src/m_pubsub) by extension 'ignore_ament_install'
[0.188s] Level 1:colcon.colcon_core.package_identification:_identify(src/m_pubsub) by extensions ['colcon_pkg']
[0.188s] Level 1:colcon.colcon_core.package_identification:_identify(src/m_pubsub) by extension 'colcon_pkg'
[0.188s] Level 1:colcon.colcon_core.package_identification:_identify(src/m_pubsub) by extensions ['colcon_meta']
[0.188s] Level 1:colcon.colcon_core.package_identification:_identify(src/m_pubsub) by extension 'colcon_meta'
[0.188s] Level 1:colcon.colcon_core.package_identification:_identify(src/m_pubsub) by extensions ['ros']
[0.188s] Level 1:colcon.colcon_core.package_identification:_identify(src/m_pubsub) by extension 'ros'
[0.190s] DEBUG:colcon.colcon_core.package_identification:Package 'src/m_pubsub' with type 'ros.ament_python' and name 'm_pubsub'
[0.190s] Level 1:colcon.colcon_core.package_identification:_identify(src/nav_move) by extensions ['ignore', 'ignore_ament_install']
[0.190s] Level 1:colcon.colcon_core.package_identification:_identify(src/nav_move) by extension 'ignore'
[0.190s] Level 1:colcon.colcon_core.package_identification:_identify(src/nav_move) by extension 'ignore_ament_install'
[0.190s] Level 1:colcon.colcon_core.package_identification:_identify(src/nav_move) by extensions ['colcon_pkg']
[0.190s] Level 1:colcon.colcon_core.package_identification:_identify(src/nav_move) by extension 'colcon_pkg'
[0.190s] Level 1:colcon.colcon_core.package_identification:_identify(src/nav_move) by extensions ['colcon_meta']
[0.190s] Level 1:colcon.colcon_core.package_identification:_identify(src/nav_move) by extension 'colcon_meta'
[0.191s] Level 1:colcon.colcon_core.package_identification:_identify(src/nav_move) by extensions ['ros']
[0.191s] Level 1:colcon.colcon_core.package_identification:_identify(src/nav_move) by extension 'ros'
[0.191s] DEBUG:colcon.colcon_core.package_identification:Package 'src/nav_move' with type 'ros.ament_python' and name 'nav_move'
[0.191s] Level 1:colcon.colcon_core.package_identification:_identify(src/test_para) by extensions ['ignore', 'ignore_ament_install']
[0.191s] Level 1:colcon.colcon_core.package_identification:_identify(src/test_para) by extension 'ignore'
[0.191s] Level 1:colcon.colcon_core.package_identification:_identify(src/test_para) by extension 'ignore_ament_install'
[0.191s] Level 1:colcon.colcon_core.package_identification:_identify(src/test_para) by extensions ['colcon_pkg']
[0.192s] Level 1:colcon.colcon_core.package_identification:_identify(src/test_para) by extension 'colcon_pkg'
[0.192s] Level 1:colcon.colcon_core.package_identification:_identify(src/test_para) by extensions ['colcon_meta']
[0.192s] Level 1:colcon.colcon_core.package_identification:_identify(src/test_para) by extension 'colcon_meta'
[0.192s] Level 1:colcon.colcon_core.package_identification:_identify(src/test_para) by extensions ['ros']
[0.192s] Level 1:colcon.colcon_core.package_identification:_identify(src/test_para) by extension 'ros'
[0.192s] DEBUG:colcon.colcon_core.package_identification:Package 'src/test_para' with type 'ros.ament_python' and name 'test_para'
[0.192s] Level 1:colcon.colcon_core.package_discovery:discover_packages(recursive) using defaults
[0.192s] Level 1:colcon.colcon_core.package_discovery:discover_packages(ignore) discover
[0.193s] Level 1:colcon.colcon_core.package_discovery:discover_packages(ignore) using defaults
[0.193s] Level 1:colcon.colcon_core.package_discovery:discover_packages(path) discover
[0.193s] Level 1:colcon.colcon_core.package_discovery:discover_packages(path) using defaults
[0.213s] Level 1:colcon.colcon_core.package_discovery:discover_packages(prefix_path) check parameters
[0.213s] Level 1:colcon.colcon_core.package_discovery:discover_packages(prefix_path) discover
[0.217s] DEBUG:colcon.colcon_installed_package_information.package_discovery:Found 2 installed packages in /home/rkskwhdgh123/robot_workspace/install
[0.218s] DEBUG:colcon.colcon_installed_package_information.package_discovery:Found 9 installed packages in /home/rkskwhdgh123/robot_ws/install
[0.220s] DEBUG:colcon.colcon_installed_package_information.package_discovery:Found 338 installed packages in /opt/ros/foxy
[0.221s] Level 1:colcon.colcon_core.package_discovery:discover_packages(prefix_path) using defaults
[0.285s] Level 5:colcon.colcon_core.verb:set package 'm_pubsub' build argument 'cmake_args' from command line to 'None'
[0.285s] Level 5:colcon.colcon_core.verb:set package 'm_pubsub' build argument 'cmake_target' from command line to 'None'
[0.285s] Level 5:colcon.colcon_core.verb:set package 'm_pubsub' build argument 'cmake_target_skip_unavailable' from command line to 'False'
[0.285s] Level 5:colcon.colcon_core.verb:set package 'm_pubsub' build argument 'cmake_clean_cache' from command line to 'False'
[0.285s] Level 5:colcon.colcon_core.verb:set package 'm_pubsub' build argument 'cmake_clean_first' from command line to 'False'
[0.286s] Level 5:colcon.colcon_core.verb:set package 'm_pubsub' build argument 'cmake_force_configure' from command line to 'False'
[0.286s] Level 5:colcon.colcon_core.verb:set package 'm_pubsub' build argument 'ament_cmake_args' from command line to 'None'
[0.286s] Level 5:colcon.colcon_core.verb:set package 'm_pubsub' build argument 'catkin_cmake_args' from command line to 'None'
[0.286s] Level 5:colcon.colcon_core.verb:set package 'm_pubsub' build argument 'catkin_skip_building_tests' from command line to 'False'
[0.286s] DEBUG:colcon.colcon_core.verb:Building package 'm_pubsub' with the following arguments: {'ament_cmake_args': None, 'build_base': '/home/rkskwhdgh123/robot_workspace/build/m_pubsub', 'catkin_cmake_args': None, 'catkin_skip_building_tests': False, 'cmake_args': None, 'cmake_clean_cache': False, 'cmake_clean_first': False, 'cmake_force_configure': False, 'cmake_target': None, 'cmake_target_skip_unavailable': False, 'install_base': '/home/rkskwhdgh123/robot_workspace/install/m_pubsub', 'merge_install': False, 'path': '/home/rkskwhdgh123/robot_workspace/src/m_pubsub', 'symlink_install': True, 'test_result_base': None}
[0.287s] Level 5:colcon.colcon_core.verb:set package 'nav_move' build argument 'cmake_args' from command line to 'None'
[0.287s] Level 5:colcon.colcon_core.verb:set package 'nav_move' build argument 'cmake_target' from command line to 'None'
[0.287s] Level 5:colcon.colcon_core.verb:set package 'nav_move' build argument 'cmake_target_skip_unavailable' from command line to 'False'
[0.287s] Level 5:colcon.colcon_core.verb:set package 'nav_move' build argument 'cmake_clean_cache' from command line to 'False'
[0.288s] Level 5:colcon.colcon_core.verb:set package 'nav_move' build argument 'cmake_clean_first' from command line to 'False'
[0.288s] Level 5:colcon.colcon_core.verb:set package 'nav_move' build argument 'cmake_force_configure' from command line to 'False'
[0.288s] Level 5:colcon.colcon_core.verb:set package 'nav_move' build argument 'ament_cmake_args' from command line to 'None'
[0.288s] Level 5:colcon.colcon_core.verb:set package 'nav_move' build argument 'catkin_cmake_args' from command line to 'None'
[0.288s] Level 5:colcon.colcon_core.verb:set package 'nav_move' build argument 'catkin_skip_building_tests' from command line to 'False'
[0.288s] DEBUG:colcon.colcon_core.verb:Building package 'nav_move' with the following arguments: {'ament_cmake_args': None, 'build_base': '/home/rkskwhdgh123/robot_workspace/build/nav_move', 'catkin_cmake_args': None, 'catkin_skip_building_tests': False, 'cmake_args': None, 'cmake_clean_cache': False, 'cmake_clean_first': False, 'cmake_force_configure': False, 'cmake_target': None, 'cmake_target_skip_unavailable': False, 'install_base': '/home/rkskwhdgh123/robot_workspace/install/nav_move', 'merge_install': False, 'path': '/home/rkskwhdgh123/robot_workspace/src/nav_move', 'symlink_install': True, 'test_result_base': None}
[0.289s] Level 5:colcon.colcon_core.verb:set package 'test_para' build argument 'cmake_args' from command line to 'None'
[0.289s] Level 5:colcon.colcon_core.verb:set package 'test_para' build argument 'cmake_target' from command line to 'None'
[0.289s] Level 5:colcon.colcon_core.verb:set package 'test_para' build argument 'cmake_target_skip_unavailable' from command line to 'False'
[0.289s] Level 5:colcon.colcon_core.verb:set package 'test_para' build argument 'cmake_clean_cache' from command line to 'False'
[0.289s] Level 5:colcon.colcon_core.verb:set package 'test_para' build argument 'cmake_clean_first' from command line to 'False'
[0.290s] Level 5:colcon.colcon_core.verb:set package 'test_para' build argument 'cmake_force_configure' from command line to 'False'
[0.290s] Level 5:colcon.colcon_core.verb:set package 'test_para' build argument 'ament_cmake_args' from command line to 'None'
[0.290s] Level 5:colcon.colcon_core.verb:set package 'test_para' build argument 'catkin_cmake_args' from command line to 'None'
[0.290s] Level 5:colcon.colcon_core.verb:set package 'test_para' build argument 'catkin_skip_building_tests' from command line to 'False'
[0.290s] DEBUG:colcon.colcon_core.verb:Building package 'test_para' with the following arguments: {'ament_cmake_args': None, 'build_base': '/home/rkskwhdgh123/robot_workspace/build/test_para', 'catkin_cmake_args': None, 'catkin_skip_building_tests': False, 'cmake_args': None, 'cmake_clean_cache': False, 'cmake_clean_first': False, 'cmake_force_configure': False, 'cmake_target': None, 'cmake_target_skip_unavailable': False, 'install_base': '/home/rkskwhdgh123/robot_workspace/install/test_para', 'merge_install': False, 'path': '/home/rkskwhdgh123/robot_workspace/src/test_para', 'symlink_install': True, 'test_result_base': None}
[0.291s] INFO:colcon.colcon_core.executor:Executing jobs using 'parallel' executor
[0.296s] DEBUG:colcon.colcon_parallel_executor.executor.parallel:run_until_complete
[0.297s] INFO:colcon.colcon_ros.task.ament_python.build:Building ROS package in '/home/rkskwhdgh123/robot_workspace/src/m_pubsub' with build type 'ament_python'
[0.297s] Level 1:colcon.colcon_core.shell:create_environment_hook('m_pubsub', 'ament_prefix_path')
[0.302s] INFO:colcon.colcon_core.plugin_system:Skipping extension 'colcon_core.shell.bat': Not used on non-Windows systems
[0.302s] INFO:colcon.colcon_core.shell:Creating environment hook '/home/rkskwhdgh123/robot_workspace/install/m_pubsub/share/m_pubsub/hook/ament_prefix_path.ps1'
[0.303s] INFO:colcon.colcon_core.shell:Creating environment descriptor '/home/rkskwhdgh123/robot_workspace/install/m_pubsub/share/m_pubsub/hook/ament_prefix_path.dsv'
[0.304s] INFO:colcon.colcon_core.shell:Creating environment hook '/home/rkskwhdgh123/robot_workspace/install/m_pubsub/share/m_pubsub/hook/ament_prefix_path.sh'
[0.306s] INFO:colcon.colcon_core.shell:Skip shell extension 'powershell' for command environment: Not usable outside of PowerShell
[0.307s] DEBUG:colcon.colcon_core.shell:Skip shell extension 'dsv' for command environment
[0.316s] INFO:colcon.colcon_ros.task.ament_python.build:Building ROS package in '/home/rkskwhdgh123/robot_workspace/src/nav_move' with build type 'ament_python'
[0.317s] Level 1:colcon.colcon_core.shell:create_environment_hook('nav_move', 'ament_prefix_path')
[0.320s] INFO:colcon.colcon_core.shell:Creating environment hook '/home/rkskwhdgh123/robot_workspace/install/nav_move/share/nav_move/hook/ament_prefix_path.ps1'
[0.321s] INFO:colcon.colcon_core.shell:Creating environment descriptor '/home/rkskwhdgh123/robot_workspace/install/nav_move/share/nav_move/hook/ament_prefix_path.dsv'
[0.321s] INFO:colcon.colcon_core.shell:Creating environment hook '/home/rkskwhdgh123/robot_workspace/install/nav_move/share/nav_move/hook/ament_prefix_path.sh'
[0.324s] INFO:colcon.colcon_core.shell:Skip shell extension 'powershell' for command environment: Not usable outside of PowerShell
[0.324s] DEBUG:colcon.colcon_core.shell:Skip shell extension 'dsv' for command environment
[0.540s] INFO:colcon.colcon_core.task.python.build:Building Python package in '/home/rkskwhdgh123/robot_workspace/src/m_pubsub'
[0.543s] INFO:colcon.colcon_core.shell:Skip shell extension 'powershell' for command environment: Not usable outside of PowerShell
[0.543s] DEBUG:colcon.colcon_core.shell:Skip shell extension 'dsv' for command environment
[0.743s] INFO:colcon.colcon_core.task.python.build:Building Python package in '/home/rkskwhdgh123/robot_workspace/src/nav_move'
[0.746s] INFO:colcon.colcon_core.shell:Skip shell extension 'powershell' for command environment: Not usable outside of PowerShell
[0.746s] DEBUG:colcon.colcon_core.shell:Skip shell extension 'dsv' for command environment
[1.145s] DEBUG:colcon.colcon_core.event_handler.log_command:Invoking command in '/home/rkskwhdgh123/robot_workspace/build/m_pubsub': PYTHONPATH=/home/rkskwhdgh123/robot_workspace/build/m_pubsub/prefix_override:/home/rkskwhdgh123/robot_workspace/install/m_pubsub/lib/python3.8/site-packages:${PYTHONPATH} /usr/bin/python3 setup.py develop --editable --build-directory /home/rkskwhdgh123/robot_workspace/build/m_pubsub/build --no-deps install_data
[1.162s] DEBUG:colcon.colcon_core.event_handler.log_command:Invoking command in '/home/rkskwhdgh123/robot_workspace/build/nav_move': PYTHONPATH=/home/rkskwhdgh123/robot_workspace/build/nav_move/prefix_override:/home/rkskwhdgh123/robot_workspace/install/nav_move/lib/python3.8/site-packages:${PYTHONPATH} /usr/bin/python3 setup.py develop --editable --build-directory /home/rkskwhdgh123/robot_workspace/build/nav_move/build --no-deps install_data
[1.598s] Level 1:colcon.colcon_core.shell:create_environment_hook('m_pubsub', 'pythonpath_develop')
[1.601s] INFO:colcon.colcon_core.shell:Creating environment hook '/home/rkskwhdgh123/robot_workspace/build/m_pubsub/share/m_pubsub/hook/pythonpath_develop.ps1'
[1.602s] DEBUG:colcon.colcon_core.event_handler.log_command:Invoked command in '/home/rkskwhdgh123/robot_workspace/build/m_pubsub' returned '0': PYTHONPATH=/home/rkskwhdgh123/robot_workspace/build/m_pubsub/prefix_override:/home/rkskwhdgh123/robot_workspace/install/m_pubsub/lib/python3.8/site-packages:${PYTHONPATH} /usr/bin/python3 setup.py develop --editable --build-directory /home/rkskwhdgh123/robot_workspace/build/m_pubsub/build --no-deps install_data
[1.602s] INFO:colcon.colcon_core.shell:Creating environment descriptor '/home/rkskwhdgh123/robot_workspace/build/m_pubsub/share/m_pubsub/hook/pythonpath_develop.dsv'
[1.602s] INFO:colcon.colcon_core.shell:Creating environment hook '/home/rkskwhdgh123/robot_workspace/build/m_pubsub/share/m_pubsub/hook/pythonpath_develop.sh'
[1.614s] Level 1:colcon.colcon_core.environment:checking '/home/rkskwhdgh123/robot_workspace/install/m_pubsub' for CMake module files
[1.614s] Level 1:colcon.colcon_core.environment:checking '/home/rkskwhdgh123/robot_workspace/install/m_pubsub' for CMake config files
[1.615s] Level 1:colcon.colcon_core.environment:checking '/home/rkskwhdgh123/robot_workspace/install/m_pubsub/lib'
[1.615s] Level 1:colcon.colcon_core.environment:checking '/home/rkskwhdgh123/robot_workspace/install/m_pubsub/bin'
[1.615s] Level 1:colcon.colcon_core.environment:checking '/home/rkskwhdgh123/robot_workspace/install/m_pubsub/lib/pkgconfig/m_pubsub.pc'
[1.615s] Level 1:colcon.colcon_core.environment:checking '/home/rkskwhdgh123/robot_workspace/install/m_pubsub/lib/python3.8/site-packages'
[1.615s] Level 1:colcon.colcon_core.shell:create_environment_hook('m_pubsub', 'pythonpath')
[1.618s] INFO:colcon.colcon_core.shell:Creating environment hook '/home/rkskwhdgh123/robot_workspace/install/m_pubsub/share/m_pubsub/hook/pythonpath.ps1'
[1.619s] INFO:colcon.colcon_core.shell:Creating environment descriptor '/home/rkskwhdgh123/robot_workspace/install/m_pubsub/share/m_pubsub/hook/pythonpath.dsv'
[1.619s] INFO:colcon.colcon_core.shell:Creating environment hook '/home/rkskwhdgh123/robot_workspace/install/m_pubsub/share/m_pubsub/hook/pythonpath.sh'
[1.619s] Level 1:colcon.colcon_core.environment:checking '/home/rkskwhdgh123/robot_workspace/install/m_pubsub/bin'
[1.620s] Level 1:colcon.colcon_core.environment:create_environment_scripts_only(m_pubsub)
[1.622s] INFO:colcon.colcon_core.shell:Creating package script '/home/rkskwhdgh123/robot_workspace/install/m_pubsub/share/m_pubsub/package.ps1'
[1.623s] INFO:colcon.colcon_core.shell:Creating package descriptor '/home/rkskwhdgh123/robot_workspace/install/m_pubsub/share/m_pubsub/package.dsv'
[1.623s] INFO:colcon.colcon_core.shell:Creating package script '/home/rkskwhdgh123/robot_workspace/install/m_pubsub/share/m_pubsub/package.sh'
[1.624s] INFO:colcon.colcon_core.shell:Creating package script '/home/rkskwhdgh123/robot_workspace/install/m_pubsub/share/m_pubsub/package.bash'
[1.625s] INFO:colcon.colcon_core.shell:Creating package script '/home/rkskwhdgh123/robot_workspace/install/m_pubsub/share/m_pubsub/package.zsh'
[1.625s] Level 1:colcon.colcon_core.environment:create_file_with_runtime_dependencies(/home/rkskwhdgh123/robot_workspace/install/m_pubsub/share/colcon-core/packages/m_pubsub)
[1.626s] INFO:colcon.colcon_ros.task.ament_python.build:Building ROS package in '/home/rkskwhdgh123/robot_workspace/src/test_para' with build type 'ament_python'
[1.627s] Level 1:colcon.colcon_core.shell:create_environment_hook('test_para', 'ament_prefix_path')
[1.629s] INFO:colcon.colcon_core.shell:Creating environment hook '/home/rkskwhdgh123/robot_workspace/install/test_para/share/test_para/hook/ament_prefix_path.ps1'
[1.630s] INFO:colcon.colcon_core.shell:Creating environment descriptor '/home/rkskwhdgh123/robot_workspace/install/test_para/share/test_para/hook/ament_prefix_path.dsv'
[1.630s] INFO:colcon.colcon_core.shell:Creating environment hook '/home/rkskwhdgh123/robot_workspace/install/test_para/share/test_para/hook/ament_prefix_path.sh'
[1.634s] INFO:colcon.colcon_core.shell:Skip shell extension 'powershell' for command environment: Not usable outside of PowerShell
[1.634s] DEBUG:colcon.colcon_core.shell:Skip shell extension 'dsv' for command environment
[1.644s] Level 1:colcon.colcon_core.shell:create_environment_hook('nav_move', 'pythonpath_develop')
[1.647s] INFO:colcon.colcon_core.shell:Creating environment hook '/home/rkskwhdgh123/robot_workspace/build/nav_move/share/nav_move/hook/pythonpath_develop.ps1'
[1.648s] DEBUG:colcon.colcon_core.event_handler.log_command:Invoked command in '/home/rkskwhdgh123/robot_workspace/build/nav_move' returned '0': PYTHONPATH=/home/rkskwhdgh123/robot_workspace/build/nav_move/prefix_override:/home/rkskwhdgh123/robot_workspace/install/nav_move/lib/python3.8/site-packages:${PYTHONPATH} /usr/bin/python3 setup.py develop --editable --build-directory /home/rkskwhdgh123/robot_workspace/build/nav_move/build --no-deps install_data
[1.648s] INFO:colcon.colcon_core.shell:Creating environment descriptor '/home/rkskwhdgh123/robot_workspace/build/nav_move/share/nav_move/hook/pythonpath_develop.dsv'
[1.648s] INFO:colcon.colcon_core.shell:Creating environment hook '/home/rkskwhdgh123/robot_workspace/build/nav_move/share/nav_move/hook/pythonpath_develop.sh'
[1.654s] Level 1:colcon.colcon_core.environment:checking '/home/rkskwhdgh123/robot_workspace/install/nav_move' for CMake module files
[1.654s] Level 1:colcon.colcon_core.environment:checking '/home/rkskwhdgh123/robot_workspace/install/nav_move' for CMake config files
[1.654s] Level 1:colcon.colcon_core.environment:checking '/home/rkskwhdgh123/robot_workspace/install/nav_move/lib'
[1.655s] Level 1:colcon.colcon_core.environment:checking '/home/rkskwhdgh123/robot_workspace/install/nav_move/bin'
[1.655s] Level 1:colcon.colcon_core.environment:checking '/home/rkskwhdgh123/robot_workspace/install/nav_move/lib/pkgconfig/nav_move.pc'
[1.655s] Level 1:colcon.colcon_core.environment:checking '/home/rkskwhdgh123/robot_workspace/install/nav_move/lib/python3.8/site-packages'
[1.655s] Level 1:colcon.colcon_core.shell:create_environment_hook('nav_move', 'pythonpath')
[1.658s] INFO:colcon.colcon_core.shell:Creating environment hook '/home/rkskwhdgh123/robot_workspace/install/nav_move/share/nav_move/hook/pythonpath.ps1'
[1.658s] INFO:colcon.colcon_core.shell:Creating environment descriptor '/home/rkskwhdgh123/robot_workspace/install/nav_move/share/nav_move/hook/pythonpath.dsv'
[1.659s] INFO:colcon.colcon_core.shell:Creating environment hook '/home/rkskwhdgh123/robot_workspace/install/nav_move/share/nav_move/hook/pythonpath.sh'
[1.661s] Level 1:colcon.colcon_core.environment:checking '/home/rkskwhdgh123/robot_workspace/install/nav_move/bin'
[1.661s] Level 1:colcon.colcon_core.environment:create_environment_scripts_only(nav_move)
[1.663s] INFO:colcon.colcon_core.shell:Creating package script '/home/rkskwhdgh123/robot_workspace/install/nav_move/share/nav_move/package.ps1'
[1.664s] INFO:colcon.colcon_core.shell:Creating package descriptor '/home/rkskwhdgh123/robot_workspace/install/nav_move/share/nav_move/package.dsv'
[1.664s] INFO:colcon.colcon_core.shell:Creating package script '/home/rkskwhdgh123/robot_workspace/install/nav_move/share/nav_move/package.sh'
[1.665s] INFO:colcon.colcon_core.shell:Creating package script '/home/rkskwhdgh123/robot_workspace/install/nav_move/share/nav_move/package.bash'
[1.665s] INFO:colcon.colcon_core.shell:Creating package script '/home/rkskwhdgh123/robot_workspace/install/nav_move/share/nav_move/package.zsh'
[1.665s] Level 1:colcon.colcon_core.environment:create_file_with_runtime_dependencies(/home/rkskwhdgh123/robot_workspace/install/nav_move/share/colcon-core/packages/nav_move)
[1.878s] INFO:colcon.colcon_core.task.python.build:Building Python package in '/home/rkskwhdgh123/robot_workspace/src/test_para'
[1.881s] INFO:colcon.colcon_core.shell:Skip shell extension 'powershell' for command environment: Not usable outside of PowerShell
[1.881s] DEBUG:colcon.colcon_core.shell:Skip shell extension 'dsv' for command environment
[2.232s] DEBUG:colcon.colcon_core.event_handler.log_command:Invoking command in '/home/rkskwhdgh123/robot_workspace/build/test_para': PYTHONPATH=/home/rkskwhdgh123/robot_workspace/build/test_para/prefix_override:/home/rkskwhdgh123/robot_workspace/install/test_para/lib/python3.8/site-packages:${PYTHONPATH} /usr/bin/python3 setup.py develop --editable --build-directory /home/rkskwhdgh123/robot_workspace/build/test_para/build --no-deps install_data
[2.634s] Level 1:colcon.colcon_core.shell:create_environment_hook('test_para', 'pythonpath_develop')
[2.638s] INFO:colcon.colcon_core.shell:Creating environment hook '/home/rkskwhdgh123/robot_workspace/build/test_para/share/test_para/hook/pythonpath_develop.ps1'
[2.639s] DEBUG:colcon.colcon_core.event_handler.log_command:Invoked command in '/home/rkskwhdgh123/robot_workspace/build/test_para' returned '0': PYTHONPATH=/home/rkskwhdgh123/robot_workspace/build/test_para/prefix_override:/home/rkskwhdgh123/robot_workspace/install/test_para/lib/python3.8/site-packages:${PYTHONPATH} /usr/bin/python3 setup.py develop --editable --build-directory /home/rkskwhdgh123/robot_workspace/build/test_para/build --no-deps install_data
[2.639s] INFO:colcon.colcon_core.shell:Creating environment descriptor '/home/rkskwhdgh123/robot_workspace/build/test_para/share/test_para/hook/pythonpath_develop.dsv'
[2.640s] INFO:colcon.colcon_core.shell:Creating environment hook '/home/rkskwhdgh123/robot_workspace/build/test_para/share/test_para/hook/pythonpath_develop.sh'
[2.643s] Level 1:colcon.colcon_core.environment:checking '/home/rkskwhdgh123/robot_workspace/install/test_para' for CMake module files
[2.644s] Level 1:colcon.colcon_core.environment:checking '/home/rkskwhdgh123/robot_workspace/install/test_para' for CMake config files
[2.644s] Level 1:colcon.colcon_core.environment:checking '/home/rkskwhdgh123/robot_workspace/install/test_para/lib'
[2.644s] Level 1:colcon.colcon_core.environment:checking '/home/rkskwhdgh123/robot_workspace/install/test_para/bin'
[2.644s] Level 1:colcon.colcon_core.environment:checking '/home/rkskwhdgh123/robot_workspace/install/test_para/lib/pkgconfig/test_para.pc'
[2.645s] Level 1:colcon.colcon_core.environment:checking '/home/rkskwhdgh123/robot_workspace/install/test_para/lib/python3.8/site-packages'
[2.645s] Level 1:colcon.colcon_core.shell:create_environment_hook('test_para', 'pythonpath')
[2.647s] INFO:colcon.colcon_core.shell:Creating environment hook '/home/rkskwhdgh123/robot_workspace/install/test_para/share/test_para/hook/pythonpath.ps1'
[2.647s] INFO:colcon.colcon_core.shell:Creating environment descriptor '/home/rkskwhdgh123/robot_workspace/install/test_para/share/test_para/hook/pythonpath.dsv'
[2.648s] INFO:colcon.colcon_core.shell:Creating environment hook '/home/rkskwhdgh123/robot_workspace/install/test_para/share/test_para/hook/pythonpath.sh'
[2.648s] Level 1:colcon.colcon_core.environment:checking '/home/rkskwhdgh123/robot_workspace/install/test_para/bin'
[2.648s] Level 1:colcon.colcon_core.environment:create_environment_scripts_only(test_para)
[2.651s] INFO:colcon.colcon_core.shell:Creating package script '/home/rkskwhdgh123/robot_workspace/install/test_para/share/test_para/package.ps1'
[2.651s] INFO:colcon.colcon_core.shell:Creating package descriptor '/home/rkskwhdgh123/robot_workspace/install/test_para/share/test_para/package.dsv'
[2.651s] INFO:colcon.colcon_core.shell:Creating package script '/home/rkskwhdgh123/robot_workspace/install/test_para/share/test_para/package.sh'
[2.652s] INFO:colcon.colcon_core.shell:Creating package script '/home/rkskwhdgh123/robot_workspace/install/test_para/share/test_para/package.bash'
[2.652s] INFO:colcon.colcon_core.shell:Creating package script '/home/rkskwhdgh123/robot_workspace/install/test_para/share/test_para/package.zsh'
[2.652s] Level 1:colcon.colcon_core.environment:create_file_with_runtime_dependencies(/home/rkskwhdgh123/robot_workspace/install/test_para/share/colcon-core/packages/test_para)
[2.653s] DEBUG:colcon.colcon_parallel_executor.executor.parallel:closing loop
[2.653s] DEBUG:colcon.colcon_parallel_executor.executor.parallel:loop closed
[2.653s] DEBUG:colcon.colcon_parallel_executor.executor.parallel:run_until_complete finished with '0'
[2.654s] DEBUG:colcon.colcon_core.event_reactor:joining thread
[2.659s] INFO:colcon.colcon_core.plugin_system:Skipping extension 'colcon_notification.desktop_notification.terminal_notifier': Not used on non-Darwin systems
[2.659s] INFO:colcon.colcon_core.plugin_system:Skipping extension 'colcon_notification.desktop_notification.win32': Not used on non-Windows systems
[2.659s] INFO:colcon.colcon_notification.desktop_notification:Sending desktop notification using 'notify2'
[2.673s] DEBUG:colcon.colcon_core.event_reactor:joined thread
[2.675s] INFO:colcon.colcon_core.shell:Creating prefix script '/home/rkskwhdgh123/robot_workspace/install/local_setup.ps1'
[2.677s] INFO:colcon.colcon_core.shell:Creating prefix util module '/home/rkskwhdgh123/robot_workspace/install/_local_setup_util_ps1.py'
[2.678s] INFO:colcon.colcon_core.shell:Creating prefix chain script '/home/rkskwhdgh123/robot_workspace/install/setup.ps1'
[2.680s] INFO:colcon.colcon_core.shell:Creating prefix script '/home/rkskwhdgh123/robot_workspace/install/local_setup.sh'
[2.681s] INFO:colcon.colcon_core.shell:Creating prefix util module '/home/rkskwhdgh123/robot_workspace/install/_local_setup_util_sh.py'
[2.681s] INFO:colcon.colcon_core.shell:Creating prefix chain script '/home/rkskwhdgh123/robot_workspace/install/setup.sh'
[2.683s] INFO:colcon.colcon_core.shell:Creating prefix script '/home/rkskwhdgh123/robot_workspace/install/local_setup.bash'
[2.684s] INFO:colcon.colcon_core.shell:Creating prefix chain script '/home/rkskwhdgh123/robot_workspace/install/setup.bash'
[2.686s] INFO:colcon.colcon_core.shell:Creating prefix script '/home/rkskwhdgh123/robot_workspace/install/local_setup.zsh'
[2.687s] INFO:colcon.colcon_core.shell:Creating prefix chain script '/home/rkskwhdgh123/robot_workspace/install/setup.zsh'
