running egg_info
creating ../build/m_pubsub/m_pubsub.egg-info
writing ../build/m_pubsub/m_pubsub.egg-info/PKG-INFO
writing dependency_links to ../build/m_pubsub/m_pubsub.egg-info/dependency_links.txt
writing entry points to ../build/m_pubsub/m_pubsub.egg-info/entry_points.txt
writing requirements to ../build/m_pubsub/m_pubsub.egg-info/requires.txt
writing top-level names to ../build/m_pubsub/m_pubsub.egg-info/top_level.txt
writing manifest file '../build/m_pubsub/m_pubsub.egg-info/SOURCES.txt'
reading manifest file '../build/m_pubsub/m_pubsub.egg-info/SOURCES.txt'
writing manifest file '../build/m_pubsub/m_pubsub.egg-info/SOURCES.txt'
running build
running build_py
creating /home/rkskwhdgh123/robot_workspace/src/build/m_pubsub/build
creating /home/rkskwhdgh123/robot_workspace/src/build/m_pubsub/build/lib
creating /home/rkskwhdgh123/robot_workspace/src/build/m_pubsub/build/lib/m_pubsub
copying m_pubsub/mpub.py -> /home/rkskwhdgh123/robot_workspace/src/build/m_pubsub/build/lib/m_pubsub
copying m_pubsub/msub.py -> /home/rkskwhdgh123/robot_workspace/src/build/m_pubsub/build/lib/m_pubsub
copying m_pubsub/__init__.py -> /home/rkskwhdgh123/robot_workspace/src/build/m_pubsub/build/lib/m_pubsub
running install
running install_lib
creating /home/rkskwhdgh123/robot_workspace/src/install/m_pubsub/lib/python3.8/site-packages/m_pubsub
copying /home/rkskwhdgh123/robot_workspace/src/build/m_pubsub/build/lib/m_pubsub/mpub.py -> /home/rkskwhdgh123/robot_workspace/src/install/m_pubsub/lib/python3.8/site-packages/m_pubsub
copying /home/rkskwhdgh123/robot_workspace/src/build/m_pubsub/build/lib/m_pubsub/msub.py -> /home/rkskwhdgh123/robot_workspace/src/install/m_pubsub/lib/python3.8/site-packages/m_pubsub
copying /home/rkskwhdgh123/robot_workspace/src/build/m_pubsub/build/lib/m_pubsub/__init__.py -> /home/rkskwhdgh123/robot_workspace/src/install/m_pubsub/lib/python3.8/site-packages/m_pubsub
byte-compiling /home/rkskwhdgh123/robot_workspace/src/install/m_pubsub/lib/python3.8/site-packages/m_pubsub/mpub.py to mpub.cpython-38.pyc
byte-compiling /home/rkskwhdgh123/robot_workspace/src/install/m_pubsub/lib/python3.8/site-packages/m_pubsub/msub.py to msub.cpython-38.pyc
byte-compiling /home/rkskwhdgh123/robot_workspace/src/install/m_pubsub/lib/python3.8/site-packages/m_pubsub/__init__.py to __init__.cpython-38.pyc
running install_data
creating /home/rkskwhdgh123/robot_workspace/src/install/m_pubsub/share/ament_index
creating /home/rkskwhdgh123/robot_workspace/src/install/m_pubsub/share/ament_index/resource_index
creating /home/rkskwhdgh123/robot_workspace/src/install/m_pubsub/share/ament_index/resource_index/packages
copying resource/m_pubsub -> /home/rkskwhdgh123/robot_workspace/src/install/m_pubsub/share/ament_index/resource_index/packages
copying package.xml -> /home/rkskwhdgh123/robot_workspace/src/install/m_pubsub/share/m_pubsub
running install_egg_info
Copying ../build/m_pubsub/m_pubsub.egg-info to /home/rkskwhdgh123/robot_workspace/src/install/m_pubsub/lib/python3.8/site-packages/m_pubsub-0.0.0-py3.8.egg-info
running install_scripts
Installing met script to /home/rkskwhdgh123/robot_workspace/src/install/m_pubsub/lib/m_pubsub
Installing metp script to /home/rkskwhdgh123/robot_workspace/src/install/m_pubsub/lib/m_pubsub
Installing mp script to /home/rkskwhdgh123/robot_workspace/src/install/m_pubsub/lib/m_pubsub
Installing ms script to /home/rkskwhdgh123/robot_workspace/src/install/m_pubsub/lib/m_pubsub
Installing mt script to /home/rkskwhdgh123/robot_workspace/src/install/m_pubsub/lib/m_pubsub
writing list of installed files to '/home/rkskwhdgh123/robot_workspace/src/build/m_pubsub/install.log'
