[0.845s] Invoking command in '/home/rkskwhdgh123/robot_workspace/src/m_pubsub': PYTHONPATH=/home/rkskwhdgh123/robot_workspace/src/build/m_pubsub/prefix_override:/home/rkskwhdgh123/robot_workspace/src/install/m_pubsub/lib/python3.8/site-packages:${PYTHONPATH} /usr/bin/python3 setup.py egg_info --egg-base ../build/m_pubsub build --build-base /home/rkskwhdgh123/robot_workspace/src/build/m_pubsub/build install --record /home/rkskwhdgh123/robot_workspace/src/build/m_pubsub/install.log --install-scripts $base/lib/m_pubsub --single-version-externally-managed
[1.117s] running egg_info
[1.118s] creating ../build/m_pubsub/m_pubsub.egg-info
[1.118s] writing ../build/m_pubsub/m_pubsub.egg-info/PKG-INFO
[1.119s] writing dependency_links to ../build/m_pubsub/m_pubsub.egg-info/dependency_links.txt
[1.119s] writing entry points to ../build/m_pubsub/m_pubsub.egg-info/entry_points.txt
[1.120s] writing requirements to ../build/m_pubsub/m_pubsub.egg-info/requires.txt
[1.120s] writing top-level names to ../build/m_pubsub/m_pubsub.egg-info/top_level.txt
[1.127s] writing manifest file '../build/m_pubsub/m_pubsub.egg-info/SOURCES.txt'
[1.198s] reading manifest file '../build/m_pubsub/m_pubsub.egg-info/SOURCES.txt'
[1.198s] writing manifest file '../build/m_pubsub/m_pubsub.egg-info/SOURCES.txt'
[1.198s] running build
[1.198s] running build_py
[1.204s] creating /home/rkskwhdgh123/robot_workspace/src/build/m_pubsub/build
[1.205s] creating /home/rkskwhdgh123/robot_workspace/src/build/m_pubsub/build/lib
[1.205s] creating /home/rkskwhdgh123/robot_workspace/src/build/m_pubsub/build/lib/m_pubsub
[1.205s] copying m_pubsub/mpub.py -> /home/rkskwhdgh123/robot_workspace/src/build/m_pubsub/build/lib/m_pubsub
[1.205s] copying m_pubsub/msub.py -> /home/rkskwhdgh123/robot_workspace/src/build/m_pubsub/build/lib/m_pubsub
[1.205s] copying m_pubsub/__init__.py -> /home/rkskwhdgh123/robot_workspace/src/build/m_pubsub/build/lib/m_pubsub
[1.205s] running install
[1.206s] running install_lib
[1.207s] creating /home/rkskwhdgh123/robot_workspace/src/install/m_pubsub/lib/python3.8/site-packages/m_pubsub
[1.207s] copying /home/rkskwhdgh123/robot_workspace/src/build/m_pubsub/build/lib/m_pubsub/mpub.py -> /home/rkskwhdgh123/robot_workspace/src/install/m_pubsub/lib/python3.8/site-packages/m_pubsub
[1.209s] copying /home/rkskwhdgh123/robot_workspace/src/build/m_pubsub/build/lib/m_pubsub/msub.py -> /home/rkskwhdgh123/robot_workspace/src/install/m_pubsub/lib/python3.8/site-packages/m_pubsub
[1.213s] copying /home/rkskwhdgh123/robot_workspace/src/build/m_pubsub/build/lib/m_pubsub/__init__.py -> /home/rkskwhdgh123/robot_workspace/src/install/m_pubsub/lib/python3.8/site-packages/m_pubsub
[1.214s] byte-compiling /home/rkskwhdgh123/robot_workspace/src/install/m_pubsub/lib/python3.8/site-packages/m_pubsub/mpub.py to mpub.cpython-38.pyc
[1.214s] byte-compiling /home/rkskwhdgh123/robot_workspace/src/install/m_pubsub/lib/python3.8/site-packages/m_pubsub/msub.py to msub.cpython-38.pyc
[1.214s] byte-compiling /home/rkskwhdgh123/robot_workspace/src/install/m_pubsub/lib/python3.8/site-packages/m_pubsub/__init__.py to __init__.cpython-38.pyc
[1.214s] running install_data
[1.214s] creating /home/rkskwhdgh123/robot_workspace/src/install/m_pubsub/share/ament_index
[1.214s] creating /home/rkskwhdgh123/robot_workspace/src/install/m_pubsub/share/ament_index/resource_index
[1.214s] creating /home/rkskwhdgh123/robot_workspace/src/install/m_pubsub/share/ament_index/resource_index/packages
[1.214s] copying resource/m_pubsub -> /home/rkskwhdgh123/robot_workspace/src/install/m_pubsub/share/ament_index/resource_index/packages
[1.214s] copying package.xml -> /home/rkskwhdgh123/robot_workspace/src/install/m_pubsub/share/m_pubsub
[1.214s] running install_egg_info
[1.218s] Copying ../build/m_pubsub/m_pubsub.egg-info to /home/rkskwhdgh123/robot_workspace/src/install/m_pubsub/lib/python3.8/site-packages/m_pubsub-0.0.0-py3.8.egg-info
[1.228s] running install_scripts
[1.263s] Installing met script to /home/rkskwhdgh123/robot_workspace/src/install/m_pubsub/lib/m_pubsub
[1.263s] Installing metp script to /home/rkskwhdgh123/robot_workspace/src/install/m_pubsub/lib/m_pubsub
[1.264s] Installing mp script to /home/rkskwhdgh123/robot_workspace/src/install/m_pubsub/lib/m_pubsub
[1.264s] Installing ms script to /home/rkskwhdgh123/robot_workspace/src/install/m_pubsub/lib/m_pubsub
[1.264s] Installing mt script to /home/rkskwhdgh123/robot_workspace/src/install/m_pubsub/lib/m_pubsub
[1.264s] writing list of installed files to '/home/rkskwhdgh123/robot_workspace/src/build/m_pubsub/install.log'
[1.289s] Invoked command in '/home/rkskwhdgh123/robot_workspace/src/m_pubsub' returned '0': PYTHONPATH=/home/rkskwhdgh123/robot_workspace/src/build/m_pubsub/prefix_override:/home/rkskwhdgh123/robot_workspace/src/install/m_pubsub/lib/python3.8/site-packages:${PYTHONPATH} /usr/bin/python3 setup.py egg_info --egg-base ../build/m_pubsub build --build-base /home/rkskwhdgh123/robot_workspace/src/build/m_pubsub/build install --record /home/rkskwhdgh123/robot_workspace/src/build/m_pubsub/install.log --install-scripts $base/lib/m_pubsub --single-version-externally-managed
