[0.151s] DEBUG:colcon:Command line arguments: ['/usr/bin/colcon', 'build', '--symlink-install']
[0.151s] DEBUG:colcon:Parsed command line arguments: Namespace(allow_overriding=[], ament_cmake_args=None, base_paths=['.'], build_base='build', catkin_cmake_args=None, catkin_skip_building_tests=False, cmake_args=None, cmake_clean_cache=False, cmake_clean_first=False, cmake_force_configure=False, cmake_target=None, cmake_target_skip_unavailable=False, continue_on_error=False, event_handlers=None, executor='parallel', ignore_user_meta=False, install_base='install', log_base=None, log_level=None, main=<bound method BuildVerb.main of <colcon_core.verb.build.BuildVerb object at 0x7fb524a61400>>, merge_install=False, metas=['./colcon.meta'], packages_above=None, packages_above_and_dependencies=None, packages_above_depth=None, packages_end=None, packages_ignore=None, packages_ignore_regex=None, packages_select=None, packages_select_build_failed=False, packages_select_by_dep=None, packages_select_regex=None, packages_select_test_failures=False, packages_skip=None, packages_skip_build_finished=False, packages_skip_by_dep=None, packages_skip_regex=None, packages_skip_test_passed=False, packages_skip_up_to=None, packages_start=None, packages_up_to=None, packages_up_to_regex=None, parallel_workers=2, paths=None, symlink_install=True, test_result_base=None, verb_extension=<colcon_core.verb.build.BuildVerb object at 0x7fb524a61400>, verb_name='build', verb_parser=<colcon_defaults.argument_parser.defaults.DefaultArgumentsDecorator object at 0x7fb524a61940>)
[0.176s] Level 1:colcon.colcon_core.package_discovery:discover_packages(colcon_meta) check parameters
[0.176s] Level 1:colcon.colcon_core.package_discovery:discover_packages(recursive) check parameters
[0.176s] Level 1:colcon.colcon_core.package_discovery:discover_packages(ignore) check parameters
[0.176s] Level 1:colcon.colcon_core.package_discovery:discover_packages(path) check parameters
[0.176s] Level 1:colcon.colcon_core.package_discovery:discover_packages(colcon_meta) discover
[0.176s] Level 1:colcon.colcon_core.package_discovery:discover_packages(recursive) discover
[0.176s] INFO:colcon.colcon_core.package_discovery:Crawling recursively for packages in '/home/rkskwhdgh123/robot_workspace'
[0.176s] Level 1:colcon.colcon_core.package_identification:_identify(.) by extensions ['ignore', 'ignore_ament_install']
[0.176s] Level 1:colcon.colcon_core.package_identification:_identify(.) by extension 'ignore'
[0.176s] Level 1:colcon.colcon_core.package_identification:_identify(.) by extension 'ignore_ament_install'
[0.177s] Level 1:colcon.colcon_core.package_identification:_identify(.) by extensions ['colcon_pkg']
[0.177s] Level 1:colcon.colcon_core.package_identification:_identify(.) by extension 'colcon_pkg'
[0.177s] Level 1:colcon.colcon_core.package_identification:_identify(.) by extensions ['colcon_meta']
[0.177s] Level 1:colcon.colcon_core.package_identification:_identify(.) by extension 'colcon_meta'
[0.177s] Level 1:colcon.colcon_core.package_identification:_identify(.) by extensions ['ros']
[0.177s] Level 1:colcon.colcon_core.package_identification:_identify(.) by extension 'ros'
[0.192s] Level 1:colcon.colcon_core.package_identification:_identify(.) by extensions ['cmake', 'python']
[0.192s] Level 1:colcon.colcon_core.package_identification:_identify(.) by extension 'cmake'
[0.192s] Level 1:colcon.colcon_core.package_identification:_identify(.) by extension 'python'
[0.192s] Level 1:colcon.colcon_core.package_identification:_identify(.) by extensions ['python_setup_py']
[0.192s] Level 1:colcon.colcon_core.package_identification:_identify(.) by extension 'python_setup_py'
[0.192s] Level 1:colcon.colcon_core.package_identification:_identify(build) by extensions ['ignore', 'ignore_ament_install']
[0.193s] Level 1:colcon.colcon_core.package_identification:_identify(build) by extension 'ignore'
[0.193s] Level 1:colcon.colcon_core.package_identification:_identify(build) ignored
[0.193s] Level 1:colcon.colcon_core.package_identification:_identify(install) by extensions ['ignore', 'ignore_ament_install']
[0.193s] Level 1:colcon.colcon_core.package_identification:_identify(install) by extension 'ignore'
[0.193s] Level 1:colcon.colcon_core.package_identification:_identify(install) ignored
[0.193s] Level 1:colcon.colcon_core.package_identification:_identify(log) by extensions ['ignore', 'ignore_ament_install']
[0.193s] Level 1:colcon.colcon_core.package_identification:_identify(log) by extension 'ignore'
[0.193s] Level 1:colcon.colcon_core.package_identification:_identify(log) ignored
[0.193s] Level 1:colcon.colcon_core.package_identification:_identify(src) by extensions ['ignore', 'ignore_ament_install']
[0.193s] Level 1:colcon.colcon_core.package_identification:_identify(src) by extension 'ignore'
[0.193s] Level 1:colcon.colcon_core.package_identification:_identify(src) by extension 'ignore_ament_install'
[0.193s] Level 1:colcon.colcon_core.package_identification:_identify(src) by extensions ['colcon_pkg']
[0.194s] Level 1:colcon.colcon_core.package_identification:_identify(src) by extension 'colcon_pkg'
[0.194s] Level 1:colcon.colcon_core.package_identification:_identify(src) by extensions ['colcon_meta']
[0.194s] Level 1:colcon.colcon_core.package_identification:_identify(src) by extension 'colcon_meta'
[0.194s] Level 1:colcon.colcon_core.package_identification:_identify(src) by extensions ['ros']
[0.194s] Level 1:colcon.colcon_core.package_identification:_identify(src) by extension 'ros'
[0.194s] Level 1:colcon.colcon_core.package_identification:_identify(src) by extensions ['cmake', 'python']
[0.194s] Level 1:colcon.colcon_core.package_identification:_identify(src) by extension 'cmake'
[0.194s] Level 1:colcon.colcon_core.package_identification:_identify(src) by extension 'python'
[0.194s] Level 1:colcon.colcon_core.package_identification:_identify(src) by extensions ['python_setup_py']
[0.194s] Level 1:colcon.colcon_core.package_identification:_identify(src) by extension 'python_setup_py'
[0.194s] Level 1:colcon.colcon_core.package_identification:_identify(src/build) by extensions ['ignore', 'ignore_ament_install']
[0.194s] Level 1:colcon.colcon_core.package_identification:_identify(src/build) by extension 'ignore'
[0.194s] Level 1:colcon.colcon_core.package_identification:_identify(src/build) ignored
[0.194s] Level 1:colcon.colcon_core.package_identification:_identify(src/install) by extensions ['ignore', 'ignore_ament_install']
[0.194s] Level 1:colcon.colcon_core.package_identification:_identify(src/install) by extension 'ignore'
[0.195s] Level 1:colcon.colcon_core.package_identification:_identify(src/install) ignored
[0.195s] Level 1:colcon.colcon_core.package_identification:_identify(src/log) by extensions ['ignore', 'ignore_ament_install']
[0.195s] Level 1:colcon.colcon_core.package_identification:_identify(src/log) by extension 'ignore'
[0.195s] Level 1:colcon.colcon_core.package_identification:_identify(src/log) ignored
[0.195s] Level 1:colcon.colcon_core.package_identification:_identify(src/m_pubsub) by extensions ['ignore', 'ignore_ament_install']
[0.195s] Level 1:colcon.colcon_core.package_identification:_identify(src/m_pubsub) by extension 'ignore'
[0.195s] Level 1:colcon.colcon_core.package_identification:_identify(src/m_pubsub) by extension 'ignore_ament_install'
[0.195s] Level 1:colcon.colcon_core.package_identification:_identify(src/m_pubsub) by extensions ['colcon_pkg']
[0.195s] Level 1:colcon.colcon_core.package_identification:_identify(src/m_pubsub) by extension 'colcon_pkg'
[0.195s] Level 1:colcon.colcon_core.package_identification:_identify(src/m_pubsub) by extensions ['colcon_meta']
[0.195s] Level 1:colcon.colcon_core.package_identification:_identify(src/m_pubsub) by extension 'colcon_meta'
[0.195s] Level 1:colcon.colcon_core.package_identification:_identify(src/m_pubsub) by extensions ['ros']
[0.195s] Level 1:colcon.colcon_core.package_identification:_identify(src/m_pubsub) by extension 'ros'
[0.197s] DEBUG:colcon.colcon_core.package_identification:Package 'src/m_pubsub' with type 'ros.ament_python' and name 'm_pubsub'
[0.197s] Level 1:colcon.colcon_core.package_identification:_identify(src/nav_move) by extensions ['ignore', 'ignore_ament_install']
[0.197s] Level 1:colcon.colcon_core.package_identification:_identify(src/nav_move) by extension 'ignore'
[0.197s] Level 1:colcon.colcon_core.package_identification:_identify(src/nav_move) by extension 'ignore_ament_install'
[0.197s] Level 1:colcon.colcon_core.package_identification:_identify(src/nav_move) by extensions ['colcon_pkg']
[0.198s] Level 1:colcon.colcon_core.package_identification:_identify(src/nav_move) by extension 'colcon_pkg'
[0.198s] Level 1:colcon.colcon_core.package_identification:_identify(src/nav_move) by extensions ['colcon_meta']
[0.198s] Level 1:colcon.colcon_core.package_identification:_identify(src/nav_move) by extension 'colcon_meta'
[0.198s] Level 1:colcon.colcon_core.package_identification:_identify(src/nav_move) by extensions ['ros']
[0.198s] Level 1:colcon.colcon_core.package_identification:_identify(src/nav_move) by extension 'ros'
[0.198s] DEBUG:colcon.colcon_core.package_identification:Package 'src/nav_move' with type 'ros.ament_python' and name 'nav_move'
[0.198s] Level 1:colcon.colcon_core.package_discovery:discover_packages(recursive) using defaults
[0.198s] Level 1:colcon.colcon_core.package_discovery:discover_packages(ignore) discover
[0.198s] Level 1:colcon.colcon_core.package_discovery:discover_packages(ignore) using defaults
[0.198s] Level 1:colcon.colcon_core.package_discovery:discover_packages(path) discover
[0.198s] Level 1:colcon.colcon_core.package_discovery:discover_packages(path) using defaults
[0.220s] Level 1:colcon.colcon_core.package_discovery:discover_packages(prefix_path) check parameters
[0.220s] Level 1:colcon.colcon_core.package_discovery:discover_packages(prefix_path) discover
[0.224s] DEBUG:colcon.colcon_installed_package_information.package_discovery:Found 9 installed packages in /home/rkskwhdgh123/robot_ws/install
[0.226s] DEBUG:colcon.colcon_installed_package_information.package_discovery:Found 338 installed packages in /opt/ros/foxy
[0.228s] Level 1:colcon.colcon_core.package_discovery:discover_packages(prefix_path) using defaults
[0.296s] Level 5:colcon.colcon_core.verb:set package 'm_pubsub' build argument 'cmake_args' from command line to 'None'
[0.296s] Level 5:colcon.colcon_core.verb:set package 'm_pubsub' build argument 'cmake_target' from command line to 'None'
[0.296s] Level 5:colcon.colcon_core.verb:set package 'm_pubsub' build argument 'cmake_target_skip_unavailable' from command line to 'False'
[0.296s] Level 5:colcon.colcon_core.verb:set package 'm_pubsub' build argument 'cmake_clean_cache' from command line to 'False'
[0.296s] Level 5:colcon.colcon_core.verb:set package 'm_pubsub' build argument 'cmake_clean_first' from command line to 'False'
[0.296s] Level 5:colcon.colcon_core.verb:set package 'm_pubsub' build argument 'cmake_force_configure' from command line to 'False'
[0.296s] Level 5:colcon.colcon_core.verb:set package 'm_pubsub' build argument 'ament_cmake_args' from command line to 'None'
[0.296s] Level 5:colcon.colcon_core.verb:set package 'm_pubsub' build argument 'catkin_cmake_args' from command line to 'None'
[0.296s] Level 5:colcon.colcon_core.verb:set package 'm_pubsub' build argument 'catkin_skip_building_tests' from command line to 'False'
[0.296s] DEBUG:colcon.colcon_core.verb:Building package 'm_pubsub' with the following arguments: {'ament_cmake_args': None, 'build_base': '/home/rkskwhdgh123/robot_workspace/build/m_pubsub', 'catkin_cmake_args': None, 'catkin_skip_building_tests': False, 'cmake_args': None, 'cmake_clean_cache': False, 'cmake_clean_first': False, 'cmake_force_configure': False, 'cmake_target': None, 'cmake_target_skip_unavailable': False, 'install_base': '/home/rkskwhdgh123/robot_workspace/install/m_pubsub', 'merge_install': False, 'path': '/home/rkskwhdgh123/robot_workspace/src/m_pubsub', 'symlink_install': True, 'test_result_base': None}
[0.298s] Level 5:colcon.colcon_core.verb:set package 'nav_move' build argument 'cmake_args' from command line to 'None'
[0.298s] Level 5:colcon.colcon_core.verb:set package 'nav_move' build argument 'cmake_target' from command line to 'None'
[0.298s] Level 5:colcon.colcon_core.verb:set package 'nav_move' build argument 'cmake_target_skip_unavailable' from command line to 'False'
[0.298s] Level 5:colcon.colcon_core.verb:set package 'nav_move' build argument 'cmake_clean_cache' from command line to 'False'
[0.298s] Level 5:colcon.colcon_core.verb:set package 'nav_move' build argument 'cmake_clean_first' from command line to 'False'
[0.298s] Level 5:colcon.colcon_core.verb:set package 'nav_move' build argument 'cmake_force_configure' from command line to 'False'
[0.298s] Level 5:colcon.colcon_core.verb:set package 'nav_move' build argument 'ament_cmake_args' from command line to 'None'
[0.298s] Level 5:colcon.colcon_core.verb:set package 'nav_move' build argument 'catkin_cmake_args' from command line to 'None'
[0.298s] Level 5:colcon.colcon_core.verb:set package 'nav_move' build argument 'catkin_skip_building_tests' from command line to 'False'
[0.298s] DEBUG:colcon.colcon_core.verb:Building package 'nav_move' with the following arguments: {'ament_cmake_args': None, 'build_base': '/home/rkskwhdgh123/robot_workspace/build/nav_move', 'catkin_cmake_args': None, 'catkin_skip_building_tests': False, 'cmake_args': None, 'cmake_clean_cache': False, 'cmake_clean_first': False, 'cmake_force_configure': False, 'cmake_target': None, 'cmake_target_skip_unavailable': False, 'install_base': '/home/rkskwhdgh123/robot_workspace/install/nav_move', 'merge_install': False, 'path': '/home/rkskwhdgh123/robot_workspace/src/nav_move', 'symlink_install': True, 'test_result_base': None}
[0.299s] INFO:colcon.colcon_core.executor:Executing jobs using 'parallel' executor
[0.305s] DEBUG:colcon.colcon_parallel_executor.executor.parallel:run_until_complete
[0.305s] INFO:colcon.colcon_ros.task.ament_python.build:Building ROS package in '/home/rkskwhdgh123/robot_workspace/src/m_pubsub' with build type 'ament_python'
[0.305s] Level 1:colcon.colcon_core.shell:create_environment_hook('m_pubsub', 'ament_prefix_path')
[0.311s] INFO:colcon.colcon_core.plugin_system:Skipping extension 'colcon_core.shell.bat': Not used on non-Windows systems
[0.311s] INFO:colcon.colcon_core.shell:Creating environment hook '/home/rkskwhdgh123/robot_workspace/install/m_pubsub/share/m_pubsub/hook/ament_prefix_path.ps1'
[0.312s] INFO:colcon.colcon_core.shell:Creating environment descriptor '/home/rkskwhdgh123/robot_workspace/install/m_pubsub/share/m_pubsub/hook/ament_prefix_path.dsv'
[0.312s] INFO:colcon.colcon_core.shell:Creating environment hook '/home/rkskwhdgh123/robot_workspace/install/m_pubsub/share/m_pubsub/hook/ament_prefix_path.sh'
[0.315s] INFO:colcon.colcon_core.shell:Skip shell extension 'powershell' for command environment: Not usable outside of PowerShell
[0.315s] DEBUG:colcon.colcon_core.shell:Skip shell extension 'dsv' for command environment
[0.323s] INFO:colcon.colcon_ros.task.ament_python.build:Building ROS package in '/home/rkskwhdgh123/robot_workspace/src/nav_move' with build type 'ament_python'
[0.323s] Level 1:colcon.colcon_core.shell:create_environment_hook('nav_move', 'ament_prefix_path')
[0.327s] INFO:colcon.colcon_core.shell:Creating environment hook '/home/rkskwhdgh123/robot_workspace/install/nav_move/share/nav_move/hook/ament_prefix_path.ps1'
[0.327s] INFO:colcon.colcon_core.shell:Creating environment descriptor '/home/rkskwhdgh123/robot_workspace/install/nav_move/share/nav_move/hook/ament_prefix_path.dsv'
[0.328s] INFO:colcon.colcon_core.shell:Creating environment hook '/home/rkskwhdgh123/robot_workspace/install/nav_move/share/nav_move/hook/ament_prefix_path.sh'
[0.331s] INFO:colcon.colcon_core.shell:Skip shell extension 'powershell' for command environment: Not usable outside of PowerShell
[0.331s] DEBUG:colcon.colcon_core.shell:Skip shell extension 'dsv' for command environment
[0.537s] INFO:colcon.colcon_core.task.python.build:Building Python package in '/home/rkskwhdgh123/robot_workspace/src/m_pubsub'
[0.540s] INFO:colcon.colcon_core.shell:Skip shell extension 'powershell' for command environment: Not usable outside of PowerShell
[0.540s] DEBUG:colcon.colcon_core.shell:Skip shell extension 'dsv' for command environment
[0.736s] INFO:colcon.colcon_core.task.python.build:Building Python package in '/home/rkskwhdgh123/robot_workspace/src/nav_move'
[0.739s] INFO:colcon.colcon_core.shell:Skip shell extension 'powershell' for command environment: Not usable outside of PowerShell
[0.739s] DEBUG:colcon.colcon_core.shell:Skip shell extension 'dsv' for command environment
[1.131s] DEBUG:colcon.colcon_core.event_handler.log_command:Invoking command in '/home/rkskwhdgh123/robot_workspace/build/nav_move': PYTHONPATH=/home/rkskwhdgh123/robot_workspace/build/nav_move/prefix_override:/home/rkskwhdgh123/robot_workspace/install/nav_move/lib/python3.8/site-packages:${PYTHONPATH} /usr/bin/python3 setup.py develop --editable --build-directory /home/rkskwhdgh123/robot_workspace/build/nav_move/build --no-deps install_data
[1.141s] DEBUG:colcon.colcon_core.event_handler.log_command:Invoking command in '/home/rkskwhdgh123/robot_workspace/build/m_pubsub': PYTHONPATH=/home/rkskwhdgh123/robot_workspace/build/m_pubsub/prefix_override:/home/rkskwhdgh123/robot_workspace/install/m_pubsub/lib/python3.8/site-packages:${PYTHONPATH} /usr/bin/python3 setup.py develop --editable --build-directory /home/rkskwhdgh123/robot_workspace/build/m_pubsub/build --no-deps install_data
[1.597s] Level 1:colcon.colcon_core.shell:create_environment_hook('m_pubsub', 'pythonpath_develop')
[1.601s] INFO:colcon.colcon_core.shell:Creating environment hook '/home/rkskwhdgh123/robot_workspace/build/m_pubsub/share/m_pubsub/hook/pythonpath_develop.ps1'
[1.601s] DEBUG:colcon.colcon_core.event_handler.log_command:Invoked command in '/home/rkskwhdgh123/robot_workspace/build/m_pubsub' returned '0': PYTHONPATH=/home/rkskwhdgh123/robot_workspace/build/m_pubsub/prefix_override:/home/rkskwhdgh123/robot_workspace/install/m_pubsub/lib/python3.8/site-packages:${PYTHONPATH} /usr/bin/python3 setup.py develop --editable --build-directory /home/rkskwhdgh123/robot_workspace/build/m_pubsub/build --no-deps install_data
[1.602s] INFO:colcon.colcon_core.shell:Creating environment descriptor '/home/rkskwhdgh123/robot_workspace/build/m_pubsub/share/m_pubsub/hook/pythonpath_develop.dsv'
[1.602s] INFO:colcon.colcon_core.shell:Creating environment hook '/home/rkskwhdgh123/robot_workspace/build/m_pubsub/share/m_pubsub/hook/pythonpath_develop.sh'
[1.610s] Level 1:colcon.colcon_core.environment:checking '/home/rkskwhdgh123/robot_workspace/install/m_pubsub' for CMake module files
[1.611s] Level 1:colcon.colcon_core.environment:checking '/home/rkskwhdgh123/robot_workspace/install/m_pubsub' for CMake config files
[1.612s] Level 1:colcon.colcon_core.environment:checking '/home/rkskwhdgh123/robot_workspace/install/m_pubsub/lib'
[1.612s] Level 1:colcon.colcon_core.environment:checking '/home/rkskwhdgh123/robot_workspace/install/m_pubsub/bin'
[1.612s] Level 1:colcon.colcon_core.environment:checking '/home/rkskwhdgh123/robot_workspace/install/m_pubsub/lib/pkgconfig/m_pubsub.pc'
[1.613s] Level 1:colcon.colcon_core.environment:checking '/home/rkskwhdgh123/robot_workspace/install/m_pubsub/lib/python3.8/site-packages'
[1.613s] Level 1:colcon.colcon_core.shell:create_environment_hook('m_pubsub', 'pythonpath')
[1.615s] INFO:colcon.colcon_core.shell:Creating environment hook '/home/rkskwhdgh123/robot_workspace/install/m_pubsub/share/m_pubsub/hook/pythonpath.ps1'
[1.616s] INFO:colcon.colcon_core.shell:Creating environment descriptor '/home/rkskwhdgh123/robot_workspace/install/m_pubsub/share/m_pubsub/hook/pythonpath.dsv'
[1.616s] INFO:colcon.colcon_core.shell:Creating environment hook '/home/rkskwhdgh123/robot_workspace/install/m_pubsub/share/m_pubsub/hook/pythonpath.sh'
[1.617s] Level 1:colcon.colcon_core.environment:checking '/home/rkskwhdgh123/robot_workspace/install/m_pubsub/bin'
[1.617s] Level 1:colcon.colcon_core.environment:create_environment_scripts_only(m_pubsub)
[1.620s] INFO:colcon.colcon_core.shell:Creating package script '/home/rkskwhdgh123/robot_workspace/install/m_pubsub/share/m_pubsub/package.ps1'
[1.621s] INFO:colcon.colcon_core.shell:Creating package descriptor '/home/rkskwhdgh123/robot_workspace/install/m_pubsub/share/m_pubsub/package.dsv'
[1.622s] INFO:colcon.colcon_core.shell:Creating package script '/home/rkskwhdgh123/robot_workspace/install/m_pubsub/share/m_pubsub/package.sh'
[1.622s] INFO:colcon.colcon_core.shell:Creating package script '/home/rkskwhdgh123/robot_workspace/install/m_pubsub/share/m_pubsub/package.bash'
[1.623s] INFO:colcon.colcon_core.shell:Creating package script '/home/rkskwhdgh123/robot_workspace/install/m_pubsub/share/m_pubsub/package.zsh'
[1.624s] Level 1:colcon.colcon_core.environment:create_file_with_runtime_dependencies(/home/rkskwhdgh123/robot_workspace/install/m_pubsub/share/colcon-core/packages/m_pubsub)
[1.625s] Level 1:colcon.colcon_core.shell:create_environment_hook('nav_move', 'pythonpath_develop')
[1.628s] INFO:colcon.colcon_core.shell:Creating environment hook '/home/rkskwhdgh123/robot_workspace/build/nav_move/share/nav_move/hook/pythonpath_develop.ps1'
[1.628s] DEBUG:colcon.colcon_core.event_handler.log_command:Invoked command in '/home/rkskwhdgh123/robot_workspace/build/nav_move' returned '0': PYTHONPATH=/home/rkskwhdgh123/robot_workspace/build/nav_move/prefix_override:/home/rkskwhdgh123/robot_workspace/install/nav_move/lib/python3.8/site-packages:${PYTHONPATH} /usr/bin/python3 setup.py develop --editable --build-directory /home/rkskwhdgh123/robot_workspace/build/nav_move/build --no-deps install_data
[1.628s] INFO:colcon.colcon_core.shell:Creating environment descriptor '/home/rkskwhdgh123/robot_workspace/build/nav_move/share/nav_move/hook/pythonpath_develop.dsv'
[1.629s] INFO:colcon.colcon_core.shell:Creating environment hook '/home/rkskwhdgh123/robot_workspace/build/nav_move/share/nav_move/hook/pythonpath_develop.sh'
[1.633s] Level 1:colcon.colcon_core.environment:checking '/home/rkskwhdgh123/robot_workspace/install/nav_move' for CMake module files
[1.633s] Level 1:colcon.colcon_core.environment:checking '/home/rkskwhdgh123/robot_workspace/install/nav_move' for CMake config files
[1.633s] Level 1:colcon.colcon_core.environment:checking '/home/rkskwhdgh123/robot_workspace/install/nav_move/lib'
[1.633s] Level 1:colcon.colcon_core.environment:checking '/home/rkskwhdgh123/robot_workspace/install/nav_move/bin'
[1.633s] Level 1:colcon.colcon_core.environment:checking '/home/rkskwhdgh123/robot_workspace/install/nav_move/lib/pkgconfig/nav_move.pc'
[1.634s] Level 1:colcon.colcon_core.environment:checking '/home/rkskwhdgh123/robot_workspace/install/nav_move/lib/python3.8/site-packages'
[1.634s] Level 1:colcon.colcon_core.shell:create_environment_hook('nav_move', 'pythonpath')
[1.636s] INFO:colcon.colcon_core.shell:Creating environment hook '/home/rkskwhdgh123/robot_workspace/install/nav_move/share/nav_move/hook/pythonpath.ps1'
[1.636s] INFO:colcon.colcon_core.shell:Creating environment descriptor '/home/rkskwhdgh123/robot_workspace/install/nav_move/share/nav_move/hook/pythonpath.dsv'
[1.637s] INFO:colcon.colcon_core.shell:Creating environment hook '/home/rkskwhdgh123/robot_workspace/install/nav_move/share/nav_move/hook/pythonpath.sh'
[1.637s] Level 1:colcon.colcon_core.environment:checking '/home/rkskwhdgh123/robot_workspace/install/nav_move/bin'
[1.638s] Level 1:colcon.colcon_core.environment:create_environment_scripts_only(nav_move)
[1.640s] INFO:colcon.colcon_core.shell:Creating package script '/home/rkskwhdgh123/robot_workspace/install/nav_move/share/nav_move/package.ps1'
[1.641s] INFO:colcon.colcon_core.shell:Creating package descriptor '/home/rkskwhdgh123/robot_workspace/install/nav_move/share/nav_move/package.dsv'
[1.641s] INFO:colcon.colcon_core.shell:Creating package script '/home/rkskwhdgh123/robot_workspace/install/nav_move/share/nav_move/package.sh'
[1.642s] INFO:colcon.colcon_core.shell:Creating package script '/home/rkskwhdgh123/robot_workspace/install/nav_move/share/nav_move/package.bash'
[1.642s] INFO:colcon.colcon_core.shell:Creating package script '/home/rkskwhdgh123/robot_workspace/install/nav_move/share/nav_move/package.zsh'
[1.643s] Level 1:colcon.colcon_core.environment:create_file_with_runtime_dependencies(/home/rkskwhdgh123/robot_workspace/install/nav_move/share/colcon-core/packages/nav_move)
[1.643s] DEBUG:colcon.colcon_parallel_executor.executor.parallel:closing loop
[1.644s] DEBUG:colcon.colcon_parallel_executor.executor.parallel:loop closed
[1.644s] DEBUG:colcon.colcon_parallel_executor.executor.parallel:run_until_complete finished with '0'
[1.644s] DEBUG:colcon.colcon_core.event_reactor:joining thread
[1.649s] INFO:colcon.colcon_core.plugin_system:Skipping extension 'colcon_notification.desktop_notification.terminal_notifier': Not used on non-Darwin systems
[1.649s] INFO:colcon.colcon_core.plugin_system:Skipping extension 'colcon_notification.desktop_notification.win32': Not used on non-Windows systems
[1.649s] INFO:colcon.colcon_notification.desktop_notification:Sending desktop notification using 'notify2'
[1.662s] DEBUG:colcon.colcon_core.event_reactor:joined thread
[1.665s] INFO:colcon.colcon_core.shell:Creating prefix script '/home/rkskwhdgh123/robot_workspace/install/local_setup.ps1'
[1.666s] INFO:colcon.colcon_core.shell:Creating prefix util module '/home/rkskwhdgh123/robot_workspace/install/_local_setup_util_ps1.py'
[1.667s] INFO:colcon.colcon_core.shell:Creating prefix chain script '/home/rkskwhdgh123/robot_workspace/install/setup.ps1'
[1.671s] INFO:colcon.colcon_core.shell:Creating prefix script '/home/rkskwhdgh123/robot_workspace/install/local_setup.sh'
[1.671s] INFO:colcon.colcon_core.shell:Creating prefix util module '/home/rkskwhdgh123/robot_workspace/install/_local_setup_util_sh.py'
[1.672s] INFO:colcon.colcon_core.shell:Creating prefix chain script '/home/rkskwhdgh123/robot_workspace/install/setup.sh'
[1.674s] INFO:colcon.colcon_core.shell:Creating prefix script '/home/rkskwhdgh123/robot_workspace/install/local_setup.bash'
[1.675s] INFO:colcon.colcon_core.shell:Creating prefix chain script '/home/rkskwhdgh123/robot_workspace/install/setup.bash'
[1.677s] INFO:colcon.colcon_core.shell:Creating prefix script '/home/rkskwhdgh123/robot_workspace/install/local_setup.zsh'
[1.677s] INFO:colcon.colcon_core.shell:Creating prefix chain script '/home/rkskwhdgh123/robot_workspace/install/setup.zsh'
