[1.096s] Invoking command in '/home/rkskwhdgh123/robot_ws/build/m_pubsub': PYTHONPATH=/home/rkskwhdgh123/robot_ws/build/m_pubsub/prefix_override:/home/rkskwhdgh123/robot_ws/install/m_pubsub/lib/python3.8/site-packages:${PYTHONPATH} /usr/bin/python3 setup.py develop --editable --build-directory /home/rkskwhdgh123/robot_ws/build/m_pubsub/build --no-deps install_data
[1.420s] running develop
[1.611s] running egg_info
[1.612s] writing m_pubsub.egg-info/PKG-INFO
[1.612s] writing dependency_links to m_pubsub.egg-info/dependency_links.txt
[1.613s] writing entry points to m_pubsub.egg-info/entry_points.txt
[1.614s] writing requirements to m_pubsub.egg-info/requires.txt
[1.615s] writing top-level names to m_pubsub.egg-info/top_level.txt
[1.659s] reading manifest file 'm_pubsub.egg-info/SOURCES.txt'
[1.661s] writing manifest file 'm_pubsub.egg-info/SOURCES.txt'
[1.718s] running build_ext
[1.718s] Creating /home/rkskwhdgh123/robot_ws/install/m_pubsub/lib/python3.8/site-packages/m-pubsub.egg-link (link to .)
[1.720s] Installing met script to /home/rkskwhdgh123/robot_ws/install/m_pubsub/lib/m_pubsub
[1.721s] Installing metp script to /home/rkskwhdgh123/robot_ws/install/m_pubsub/lib/m_pubsub
[1.722s] Installing mp script to /home/rkskwhdgh123/robot_ws/install/m_pubsub/lib/m_pubsub
[1.728s] Installing ms script to /home/rkskwhdgh123/robot_ws/install/m_pubsub/lib/m_pubsub
[1.729s] Installing mt script to /home/rkskwhdgh123/robot_ws/install/m_pubsub/lib/m_pubsub
[1.729s] 
[1.730s] Installed /home/rkskwhdgh123/robot_ws/build/m_pubsub
[1.730s] running install_data
[2.027s] Invoked command in '/home/rkskwhdgh123/robot_ws/build/m_pubsub' returned '0': PYTHONPATH=/home/rkskwhdgh123/robot_ws/build/m_pubsub/prefix_override:/home/rkskwhdgh123/robot_ws/install/m_pubsub/lib/python3.8/site-packages:${PYTHONPATH} /usr/bin/python3 setup.py develop --editable --build-directory /home/rkskwhdgh123/robot_ws/build/m_pubsub/build --no-deps install_data
