[0.185s] DEBUG:colcon:Command line arguments: ['/usr/bin/colcon', 'build', '--symlink-install']
[0.185s] DEBUG:colcon:Parsed command line arguments: Namespace(allow_overriding=[], ament_cmake_args=None, base_paths=['.'], build_base='build', catkin_cmake_args=None, catkin_skip_building_tests=False, cmake_args=None, cmake_clean_cache=False, cmake_clean_first=False, cmake_force_configure=False, cmake_target=None, cmake_target_skip_unavailable=False, continue_on_error=False, event_handlers=None, executor='parallel', ignore_user_meta=False, install_base='install', log_base=None, log_level=None, main=<bound method BuildVerb.main of <colcon_core.verb.build.BuildVerb object at 0x7f31bd4f77f0>>, merge_install=False, metas=['./colcon.meta'], packages_above=None, packages_above_and_dependencies=None, packages_above_depth=None, packages_end=None, packages_ignore=None, packages_ignore_regex=None, packages_select=None, packages_select_build_failed=False, packages_select_by_dep=None, packages_select_regex=None, packages_select_test_failures=False, packages_skip=None, packages_skip_build_finished=False, packages_skip_by_dep=None, packages_skip_regex=None, packages_skip_test_passed=False, packages_skip_up_to=None, packages_start=None, packages_up_to=None, packages_up_to_regex=None, parallel_workers=2, paths=None, symlink_install=True, test_result_base=None, verb_extension=<colcon_core.verb.build.BuildVerb object at 0x7f31bd4f77f0>, verb_name='build', verb_parser=<colcon_defaults.argument_parser.defaults.DefaultArgumentsDecorator object at 0x7f31bd5044f0>)
[0.213s] Level 1:colcon.colcon_core.package_discovery:discover_packages(colcon_meta) check parameters
[0.213s] Level 1:colcon.colcon_core.package_discovery:discover_packages(recursive) check parameters
[0.213s] Level 1:colcon.colcon_core.package_discovery:discover_packages(ignore) check parameters
[0.213s] Level 1:colcon.colcon_core.package_discovery:discover_packages(path) check parameters
[0.213s] Level 1:colcon.colcon_core.package_discovery:discover_packages(colcon_meta) discover
[0.213s] Level 1:colcon.colcon_core.package_discovery:discover_packages(recursive) discover
[0.213s] INFO:colcon.colcon_core.package_discovery:Crawling recursively for packages in '/home/rkskwhdgh123/robot_ws'
[0.213s] Level 1:colcon.colcon_core.package_identification:_identify(.) by extensions ['ignore', 'ignore_ament_install']
[0.214s] Level 1:colcon.colcon_core.package_identification:_identify(.) by extension 'ignore'
[0.214s] Level 1:colcon.colcon_core.package_identification:_identify(.) by extension 'ignore_ament_install'
[0.214s] Level 1:colcon.colcon_core.package_identification:_identify(.) by extensions ['colcon_pkg']
[0.214s] Level 1:colcon.colcon_core.package_identification:_identify(.) by extension 'colcon_pkg'
[0.214s] Level 1:colcon.colcon_core.package_identification:_identify(.) by extensions ['colcon_meta']
[0.214s] Level 1:colcon.colcon_core.package_identification:_identify(.) by extension 'colcon_meta'
[0.214s] Level 1:colcon.colcon_core.package_identification:_identify(.) by extensions ['ros']
[0.214s] Level 1:colcon.colcon_core.package_identification:_identify(.) by extension 'ros'
[0.233s] Level 1:colcon.colcon_core.package_identification:_identify(.) by extensions ['cmake', 'python']
[0.233s] Level 1:colcon.colcon_core.package_identification:_identify(.) by extension 'cmake'
[0.233s] Level 1:colcon.colcon_core.package_identification:_identify(.) by extension 'python'
[0.233s] Level 1:colcon.colcon_core.package_identification:_identify(.) by extensions ['python_setup_py']
[0.233s] Level 1:colcon.colcon_core.package_identification:_identify(.) by extension 'python_setup_py'
[0.234s] Level 1:colcon.colcon_core.package_identification:_identify(build) by extensions ['ignore', 'ignore_ament_install']
[0.234s] Level 1:colcon.colcon_core.package_identification:_identify(build) by extension 'ignore'
[0.234s] Level 1:colcon.colcon_core.package_identification:_identify(build) ignored
[0.234s] Level 1:colcon.colcon_core.package_identification:_identify(gpio) by extensions ['ignore', 'ignore_ament_install']
[0.234s] Level 1:colcon.colcon_core.package_identification:_identify(gpio) by extension 'ignore'
[0.234s] Level 1:colcon.colcon_core.package_identification:_identify(gpio) by extension 'ignore_ament_install'
[0.234s] Level 1:colcon.colcon_core.package_identification:_identify(gpio) by extensions ['colcon_pkg']
[0.235s] Level 1:colcon.colcon_core.package_identification:_identify(gpio) by extension 'colcon_pkg'
[0.235s] Level 1:colcon.colcon_core.package_identification:_identify(gpio) by extensions ['colcon_meta']
[0.235s] Level 1:colcon.colcon_core.package_identification:_identify(gpio) by extension 'colcon_meta'
[0.235s] Level 1:colcon.colcon_core.package_identification:_identify(gpio) by extensions ['ros']
[0.235s] Level 1:colcon.colcon_core.package_identification:_identify(gpio) by extension 'ros'
[0.235s] Level 1:colcon.colcon_core.package_identification:_identify(gpio) by extensions ['cmake', 'python']
[0.235s] Level 1:colcon.colcon_core.package_identification:_identify(gpio) by extension 'cmake'
[0.235s] Level 1:colcon.colcon_core.package_identification:_identify(gpio) by extension 'python'
[0.235s] Level 1:colcon.colcon_core.package_identification:_identify(gpio) by extensions ['python_setup_py']
[0.235s] Level 1:colcon.colcon_core.package_identification:_identify(gpio) by extension 'python_setup_py'
[0.236s] Level 1:colcon.colcon_core.package_identification:_identify(install) by extensions ['ignore', 'ignore_ament_install']
[0.236s] Level 1:colcon.colcon_core.package_identification:_identify(install) by extension 'ignore'
[0.236s] Level 1:colcon.colcon_core.package_identification:_identify(install) ignored
[0.236s] Level 1:colcon.colcon_core.package_identification:_identify(log) by extensions ['ignore', 'ignore_ament_install']
[0.236s] Level 1:colcon.colcon_core.package_identification:_identify(log) by extension 'ignore'
[0.236s] Level 1:colcon.colcon_core.package_identification:_identify(log) ignored
[0.236s] Level 1:colcon.colcon_core.package_identification:_identify(src) by extensions ['ignore', 'ignore_ament_install']
[0.237s] Level 1:colcon.colcon_core.package_identification:_identify(src) by extension 'ignore'
[0.237s] Level 1:colcon.colcon_core.package_identification:_identify(src) by extension 'ignore_ament_install'
[0.237s] Level 1:colcon.colcon_core.package_identification:_identify(src) by extensions ['colcon_pkg']
[0.237s] Level 1:colcon.colcon_core.package_identification:_identify(src) by extension 'colcon_pkg'
[0.237s] Level 1:colcon.colcon_core.package_identification:_identify(src) by extensions ['colcon_meta']
[0.237s] Level 1:colcon.colcon_core.package_identification:_identify(src) by extension 'colcon_meta'
[0.237s] Level 1:colcon.colcon_core.package_identification:_identify(src) by extensions ['ros']
[0.237s] Level 1:colcon.colcon_core.package_identification:_identify(src) by extension 'ros'
[0.237s] Level 1:colcon.colcon_core.package_identification:_identify(src) by extensions ['cmake', 'python']
[0.237s] Level 1:colcon.colcon_core.package_identification:_identify(src) by extension 'cmake'
[0.238s] Level 1:colcon.colcon_core.package_identification:_identify(src) by extension 'python'
[0.238s] Level 1:colcon.colcon_core.package_identification:_identify(src) by extensions ['python_setup_py']
[0.238s] Level 1:colcon.colcon_core.package_identification:_identify(src) by extension 'python_setup_py'
[0.238s] Level 1:colcon.colcon_core.package_identification:_identify(src/build) by extensions ['ignore', 'ignore_ament_install']
[0.238s] Level 1:colcon.colcon_core.package_identification:_identify(src/build) by extension 'ignore'
[0.238s] Level 1:colcon.colcon_core.package_identification:_identify(src/build) ignored
[0.238s] Level 1:colcon.colcon_core.package_identification:_identify(src/install) by extensions ['ignore', 'ignore_ament_install']
[0.238s] Level 1:colcon.colcon_core.package_identification:_identify(src/install) by extension 'ignore'
[0.239s] Level 1:colcon.colcon_core.package_identification:_identify(src/install) ignored
[0.239s] Level 1:colcon.colcon_core.package_identification:_identify(src/log) by extensions ['ignore', 'ignore_ament_install']
[0.239s] Level 1:colcon.colcon_core.package_identification:_identify(src/log) by extension 'ignore'
[0.239s] Level 1:colcon.colcon_core.package_identification:_identify(src/log) ignored
[0.239s] Level 1:colcon.colcon_core.package_identification:_identify(src/m_pubsub) by extensions ['ignore', 'ignore_ament_install']
[0.239s] Level 1:colcon.colcon_core.package_identification:_identify(src/m_pubsub) by extension 'ignore'
[0.239s] Level 1:colcon.colcon_core.package_identification:_identify(src/m_pubsub) by extension 'ignore_ament_install'
[0.239s] Level 1:colcon.colcon_core.package_identification:_identify(src/m_pubsub) by extensions ['colcon_pkg']
[0.240s] Level 1:colcon.colcon_core.package_identification:_identify(src/m_pubsub) by extension 'colcon_pkg'
[0.240s] Level 1:colcon.colcon_core.package_identification:_identify(src/m_pubsub) by extensions ['colcon_meta']
[0.240s] Level 1:colcon.colcon_core.package_identification:_identify(src/m_pubsub) by extension 'colcon_meta'
[0.240s] Level 1:colcon.colcon_core.package_identification:_identify(src/m_pubsub) by extensions ['ros']
[0.240s] Level 1:colcon.colcon_core.package_identification:_identify(src/m_pubsub) by extension 'ros'
[0.242s] DEBUG:colcon.colcon_core.package_identification:Package 'src/m_pubsub' with type 'ros.ament_python' and name 'm_pubsub'
[0.243s] Level 1:colcon.colcon_core.package_identification:_identify(src/nav_move) by extensions ['ignore', 'ignore_ament_install']
[0.243s] Level 1:colcon.colcon_core.package_identification:_identify(src/nav_move) by extension 'ignore'
[0.243s] Level 1:colcon.colcon_core.package_identification:_identify(src/nav_move) by extension 'ignore_ament_install'
[0.243s] Level 1:colcon.colcon_core.package_identification:_identify(src/nav_move) by extensions ['colcon_pkg']
[0.243s] Level 1:colcon.colcon_core.package_identification:_identify(src/nav_move) by extension 'colcon_pkg'
[0.243s] Level 1:colcon.colcon_core.package_identification:_identify(src/nav_move) by extensions ['colcon_meta']
[0.243s] Level 1:colcon.colcon_core.package_identification:_identify(src/nav_move) by extension 'colcon_meta'
[0.243s] Level 1:colcon.colcon_core.package_identification:_identify(src/nav_move) by extensions ['ros']
[0.243s] Level 1:colcon.colcon_core.package_identification:_identify(src/nav_move) by extension 'ros'
[0.244s] DEBUG:colcon.colcon_core.package_identification:Package 'src/nav_move' with type 'ros.ament_python' and name 'nav_move'
[0.244s] Level 1:colcon.colcon_core.package_identification:_identify(src/tb3_move) by extensions ['ignore', 'ignore_ament_install']
[0.244s] Level 1:colcon.colcon_core.package_identification:_identify(src/tb3_move) by extension 'ignore'
[0.244s] Level 1:colcon.colcon_core.package_identification:_identify(src/tb3_move) by extension 'ignore_ament_install'
[0.244s] Level 1:colcon.colcon_core.package_identification:_identify(src/tb3_move) by extensions ['colcon_pkg']
[0.245s] Level 1:colcon.colcon_core.package_identification:_identify(src/tb3_move) by extension 'colcon_pkg'
[0.245s] Level 1:colcon.colcon_core.package_identification:_identify(src/tb3_move) by extensions ['colcon_meta']
[0.245s] Level 1:colcon.colcon_core.package_identification:_identify(src/tb3_move) by extension 'colcon_meta'
[0.245s] Level 1:colcon.colcon_core.package_identification:_identify(src/tb3_move) by extensions ['ros']
[0.245s] Level 1:colcon.colcon_core.package_identification:_identify(src/tb3_move) by extension 'ros'
[0.245s] DEBUG:colcon.colcon_core.package_identification:Package 'src/tb3_move' with type 'ros.ament_python' and name 'tb3_move'
[0.246s] Level 1:colcon.colcon_core.package_identification:_identify(src/test_para) by extensions ['ignore', 'ignore_ament_install']
[0.246s] Level 1:colcon.colcon_core.package_identification:_identify(src/test_para) by extension 'ignore'
[0.246s] Level 1:colcon.colcon_core.package_identification:_identify(src/test_para) by extension 'ignore_ament_install'
[0.246s] Level 1:colcon.colcon_core.package_identification:_identify(src/test_para) by extensions ['colcon_pkg']
[0.246s] Level 1:colcon.colcon_core.package_identification:_identify(src/test_para) by extension 'colcon_pkg'
[0.246s] Level 1:colcon.colcon_core.package_identification:_identify(src/test_para) by extensions ['colcon_meta']
[0.246s] Level 1:colcon.colcon_core.package_identification:_identify(src/test_para) by extension 'colcon_meta'
[0.246s] Level 1:colcon.colcon_core.package_identification:_identify(src/test_para) by extensions ['ros']
[0.246s] Level 1:colcon.colcon_core.package_identification:_identify(src/test_para) by extension 'ros'
[0.247s] DEBUG:colcon.colcon_core.package_identification:Package 'src/test_para' with type 'ros.ament_python' and name 'test_para'
[0.247s] Level 1:colcon.colcon_core.package_discovery:discover_packages(recursive) using defaults
[0.247s] Level 1:colcon.colcon_core.package_discovery:discover_packages(ignore) discover
[0.247s] Level 1:colcon.colcon_core.package_discovery:discover_packages(ignore) using defaults
[0.247s] Level 1:colcon.colcon_core.package_discovery:discover_packages(path) discover
[0.247s] Level 1:colcon.colcon_core.package_discovery:discover_packages(path) using defaults
[0.273s] Level 1:colcon.colcon_core.package_discovery:discover_packages(prefix_path) check parameters
[0.273s] Level 1:colcon.colcon_core.package_discovery:discover_packages(prefix_path) discover
[0.277s] DEBUG:colcon.colcon_installed_package_information.package_discovery:Found 4 installed packages in /home/rkskwhdgh123/robot_ws/install
[0.279s] DEBUG:colcon.colcon_installed_package_information.package_discovery:Found 308 installed packages in /opt/ros/foxy
[0.281s] Level 1:colcon.colcon_core.package_discovery:discover_packages(prefix_path) using defaults
[0.362s] Level 5:colcon.colcon_core.verb:set package 'm_pubsub' build argument 'cmake_args' from command line to 'None'
[0.363s] Level 5:colcon.colcon_core.verb:set package 'm_pubsub' build argument 'cmake_target' from command line to 'None'
[0.363s] Level 5:colcon.colcon_core.verb:set package 'm_pubsub' build argument 'cmake_target_skip_unavailable' from command line to 'False'
[0.363s] Level 5:colcon.colcon_core.verb:set package 'm_pubsub' build argument 'cmake_clean_cache' from command line to 'False'
[0.363s] Level 5:colcon.colcon_core.verb:set package 'm_pubsub' build argument 'cmake_clean_first' from command line to 'False'
[0.363s] Level 5:colcon.colcon_core.verb:set package 'm_pubsub' build argument 'cmake_force_configure' from command line to 'False'
[0.363s] Level 5:colcon.colcon_core.verb:set package 'm_pubsub' build argument 'ament_cmake_args' from command line to 'None'
[0.363s] Level 5:colcon.colcon_core.verb:set package 'm_pubsub' build argument 'catkin_cmake_args' from command line to 'None'
[0.363s] Level 5:colcon.colcon_core.verb:set package 'm_pubsub' build argument 'catkin_skip_building_tests' from command line to 'False'
[0.363s] DEBUG:colcon.colcon_core.verb:Building package 'm_pubsub' with the following arguments: {'ament_cmake_args': None, 'build_base': '/home/rkskwhdgh123/robot_ws/build/m_pubsub', 'catkin_cmake_args': None, 'catkin_skip_building_tests': False, 'cmake_args': None, 'cmake_clean_cache': False, 'cmake_clean_first': False, 'cmake_force_configure': False, 'cmake_target': None, 'cmake_target_skip_unavailable': False, 'install_base': '/home/rkskwhdgh123/robot_ws/install/m_pubsub', 'merge_install': False, 'path': '/home/rkskwhdgh123/robot_ws/src/m_pubsub', 'symlink_install': True, 'test_result_base': None}
[0.366s] Level 5:colcon.colcon_core.verb:set package 'nav_move' build argument 'cmake_args' from command line to 'None'
[0.366s] Level 5:colcon.colcon_core.verb:set package 'nav_move' build argument 'cmake_target' from command line to 'None'
[0.366s] Level 5:colcon.colcon_core.verb:set package 'nav_move' build argument 'cmake_target_skip_unavailable' from command line to 'False'
[0.366s] Level 5:colcon.colcon_core.verb:set package 'nav_move' build argument 'cmake_clean_cache' from command line to 'False'
[0.366s] Level 5:colcon.colcon_core.verb:set package 'nav_move' build argument 'cmake_clean_first' from command line to 'False'
[0.366s] Level 5:colcon.colcon_core.verb:set package 'nav_move' build argument 'cmake_force_configure' from command line to 'False'
[0.366s] Level 5:colcon.colcon_core.verb:set package 'nav_move' build argument 'ament_cmake_args' from command line to 'None'
[0.366s] Level 5:colcon.colcon_core.verb:set package 'nav_move' build argument 'catkin_cmake_args' from command line to 'None'
[0.366s] Level 5:colcon.colcon_core.verb:set package 'nav_move' build argument 'catkin_skip_building_tests' from command line to 'False'
[0.366s] DEBUG:colcon.colcon_core.verb:Building package 'nav_move' with the following arguments: {'ament_cmake_args': None, 'build_base': '/home/rkskwhdgh123/robot_ws/build/nav_move', 'catkin_cmake_args': None, 'catkin_skip_building_tests': False, 'cmake_args': None, 'cmake_clean_cache': False, 'cmake_clean_first': False, 'cmake_force_configure': False, 'cmake_target': None, 'cmake_target_skip_unavailable': False, 'install_base': '/home/rkskwhdgh123/robot_ws/install/nav_move', 'merge_install': False, 'path': '/home/rkskwhdgh123/robot_ws/src/nav_move', 'symlink_install': True, 'test_result_base': None}
[0.368s] Level 5:colcon.colcon_core.verb:set package 'tb3_move' build argument 'cmake_args' from command line to 'None'
[0.368s] Level 5:colcon.colcon_core.verb:set package 'tb3_move' build argument 'cmake_target' from command line to 'None'
[0.368s] Level 5:colcon.colcon_core.verb:set package 'tb3_move' build argument 'cmake_target_skip_unavailable' from command line to 'False'
[0.368s] Level 5:colcon.colcon_core.verb:set package 'tb3_move' build argument 'cmake_clean_cache' from command line to 'False'
[0.368s] Level 5:colcon.colcon_core.verb:set package 'tb3_move' build argument 'cmake_clean_first' from command line to 'False'
[0.368s] Level 5:colcon.colcon_core.verb:set package 'tb3_move' build argument 'cmake_force_configure' from command line to 'False'
[0.369s] Level 5:colcon.colcon_core.verb:set package 'tb3_move' build argument 'ament_cmake_args' from command line to 'None'
[0.369s] Level 5:colcon.colcon_core.verb:set package 'tb3_move' build argument 'catkin_cmake_args' from command line to 'None'
[0.369s] Level 5:colcon.colcon_core.verb:set package 'tb3_move' build argument 'catkin_skip_building_tests' from command line to 'False'
[0.369s] DEBUG:colcon.colcon_core.verb:Building package 'tb3_move' with the following arguments: {'ament_cmake_args': None, 'build_base': '/home/rkskwhdgh123/robot_ws/build/tb3_move', 'catkin_cmake_args': None, 'catkin_skip_building_tests': False, 'cmake_args': None, 'cmake_clean_cache': False, 'cmake_clean_first': False, 'cmake_force_configure': False, 'cmake_target': None, 'cmake_target_skip_unavailable': False, 'install_base': '/home/rkskwhdgh123/robot_ws/install/tb3_move', 'merge_install': False, 'path': '/home/rkskwhdgh123/robot_ws/src/tb3_move', 'symlink_install': True, 'test_result_base': None}
[0.370s] Level 5:colcon.colcon_core.verb:set package 'test_para' build argument 'cmake_args' from command line to 'None'
[0.370s] Level 5:colcon.colcon_core.verb:set package 'test_para' build argument 'cmake_target' from command line to 'None'
[0.370s] Level 5:colcon.colcon_core.verb:set package 'test_para' build argument 'cmake_target_skip_unavailable' from command line to 'False'
[0.371s] Level 5:colcon.colcon_core.verb:set package 'test_para' build argument 'cmake_clean_cache' from command line to 'False'
[0.371s] Level 5:colcon.colcon_core.verb:set package 'test_para' build argument 'cmake_clean_first' from command line to 'False'
[0.371s] Level 5:colcon.colcon_core.verb:set package 'test_para' build argument 'cmake_force_configure' from command line to 'False'
[0.371s] Level 5:colcon.colcon_core.verb:set package 'test_para' build argument 'ament_cmake_args' from command line to 'None'
[0.371s] Level 5:colcon.colcon_core.verb:set package 'test_para' build argument 'catkin_cmake_args' from command line to 'None'
[0.371s] Level 5:colcon.colcon_core.verb:set package 'test_para' build argument 'catkin_skip_building_tests' from command line to 'False'
[0.371s] DEBUG:colcon.colcon_core.verb:Building package 'test_para' with the following arguments: {'ament_cmake_args': None, 'build_base': '/home/rkskwhdgh123/robot_ws/build/test_para', 'catkin_cmake_args': None, 'catkin_skip_building_tests': False, 'cmake_args': None, 'cmake_clean_cache': False, 'cmake_clean_first': False, 'cmake_force_configure': False, 'cmake_target': None, 'cmake_target_skip_unavailable': False, 'install_base': '/home/rkskwhdgh123/robot_ws/install/test_para', 'merge_install': False, 'path': '/home/rkskwhdgh123/robot_ws/src/test_para', 'symlink_install': True, 'test_result_base': None}
[0.372s] INFO:colcon.colcon_core.executor:Executing jobs using 'parallel' executor
[0.381s] DEBUG:colcon.colcon_parallel_executor.executor.parallel:run_until_complete
[0.381s] INFO:colcon.colcon_ros.task.ament_python.build:Building ROS package in '/home/rkskwhdgh123/robot_ws/src/m_pubsub' with build type 'ament_python'
[0.382s] Level 1:colcon.colcon_core.shell:create_environment_hook('m_pubsub', 'ament_prefix_path')
[0.390s] INFO:colcon.colcon_core.plugin_system:Skipping extension 'colcon_core.shell.bat': Not used on non-Windows systems
[0.390s] INFO:colcon.colcon_core.shell:Creating environment hook '/home/rkskwhdgh123/robot_ws/install/m_pubsub/share/m_pubsub/hook/ament_prefix_path.ps1'
[0.391s] INFO:colcon.colcon_core.shell:Creating environment descriptor '/home/rkskwhdgh123/robot_ws/install/m_pubsub/share/m_pubsub/hook/ament_prefix_path.dsv'
[0.392s] INFO:colcon.colcon_core.shell:Creating environment hook '/home/rkskwhdgh123/robot_ws/install/m_pubsub/share/m_pubsub/hook/ament_prefix_path.sh'
[0.397s] INFO:colcon.colcon_core.shell:Skip shell extension 'powershell' for command environment: Not usable outside of PowerShell
[0.397s] DEBUG:colcon.colcon_core.shell:Skip shell extension 'dsv' for command environment
[0.406s] INFO:colcon.colcon_ros.task.ament_python.build:Building ROS package in '/home/rkskwhdgh123/robot_ws/src/nav_move' with build type 'ament_python'
[0.407s] Level 1:colcon.colcon_core.shell:create_environment_hook('nav_move', 'ament_prefix_path')
[0.411s] INFO:colcon.colcon_core.shell:Creating environment hook '/home/rkskwhdgh123/robot_ws/install/nav_move/share/nav_move/hook/ament_prefix_path.ps1'
[0.413s] INFO:colcon.colcon_core.shell:Creating environment descriptor '/home/rkskwhdgh123/robot_ws/install/nav_move/share/nav_move/hook/ament_prefix_path.dsv'
[0.415s] INFO:colcon.colcon_core.shell:Creating environment hook '/home/rkskwhdgh123/robot_ws/install/nav_move/share/nav_move/hook/ament_prefix_path.sh'
[0.419s] INFO:colcon.colcon_core.shell:Skip shell extension 'powershell' for command environment: Not usable outside of PowerShell
[0.419s] DEBUG:colcon.colcon_core.shell:Skip shell extension 'dsv' for command environment
[0.708s] INFO:colcon.colcon_core.task.python.build:Building Python package in '/home/rkskwhdgh123/robot_ws/src/m_pubsub'
[0.714s] INFO:colcon.colcon_core.shell:Skip shell extension 'powershell' for command environment: Not usable outside of PowerShell
[0.714s] DEBUG:colcon.colcon_core.shell:Skip shell extension 'dsv' for command environment
[0.974s] INFO:colcon.colcon_core.task.python.build:Building Python package in '/home/rkskwhdgh123/robot_ws/src/nav_move'
[0.979s] INFO:colcon.colcon_core.shell:Skip shell extension 'powershell' for command environment: Not usable outside of PowerShell
[0.979s] DEBUG:colcon.colcon_core.shell:Skip shell extension 'dsv' for command environment
[1.445s] DEBUG:colcon.colcon_core.event_handler.log_command:Invoking command in '/home/rkskwhdgh123/robot_ws/build/nav_move': PYTHONPATH=/home/rkskwhdgh123/robot_ws/build/nav_move/prefix_override:/home/rkskwhdgh123/robot_ws/install/nav_move/lib/python3.8/site-packages:${PYTHONPATH} /usr/bin/python3 setup.py develop --editable --build-directory /home/rkskwhdgh123/robot_ws/build/nav_move/build --no-deps install_data
[1.459s] DEBUG:colcon.colcon_core.event_handler.log_command:Invoking command in '/home/rkskwhdgh123/robot_ws/build/m_pubsub': PYTHONPATH=/home/rkskwhdgh123/robot_ws/build/m_pubsub/prefix_override:/home/rkskwhdgh123/robot_ws/install/m_pubsub/lib/python3.8/site-packages:${PYTHONPATH} /usr/bin/python3 setup.py develop --editable --build-directory /home/rkskwhdgh123/robot_ws/build/m_pubsub/build --no-deps install_data
[2.036s] Level 1:colcon.colcon_core.shell:create_environment_hook('nav_move', 'pythonpath_develop')
[2.041s] INFO:colcon.colcon_core.shell:Creating environment hook '/home/rkskwhdgh123/robot_ws/build/nav_move/share/nav_move/hook/pythonpath_develop.ps1'
[2.042s] DEBUG:colcon.colcon_core.event_handler.log_command:Invoked command in '/home/rkskwhdgh123/robot_ws/build/nav_move' returned '0': PYTHONPATH=/home/rkskwhdgh123/robot_ws/build/nav_move/prefix_override:/home/rkskwhdgh123/robot_ws/install/nav_move/lib/python3.8/site-packages:${PYTHONPATH} /usr/bin/python3 setup.py develop --editable --build-directory /home/rkskwhdgh123/robot_ws/build/nav_move/build --no-deps install_data
[2.043s] INFO:colcon.colcon_core.shell:Creating environment descriptor '/home/rkskwhdgh123/robot_ws/build/nav_move/share/nav_move/hook/pythonpath_develop.dsv'
[2.045s] INFO:colcon.colcon_core.shell:Creating environment hook '/home/rkskwhdgh123/robot_ws/build/nav_move/share/nav_move/hook/pythonpath_develop.sh'
[2.060s] Level 1:colcon.colcon_core.environment:checking '/home/rkskwhdgh123/robot_ws/install/nav_move' for CMake module files
[2.063s] Level 1:colcon.colcon_core.environment:checking '/home/rkskwhdgh123/robot_ws/install/nav_move' for CMake config files
[2.065s] Level 1:colcon.colcon_core.environment:checking '/home/rkskwhdgh123/robot_ws/install/nav_move/lib'
[2.066s] Level 1:colcon.colcon_core.environment:checking '/home/rkskwhdgh123/robot_ws/install/nav_move/bin'
[2.066s] Level 1:colcon.colcon_core.environment:checking '/home/rkskwhdgh123/robot_ws/install/nav_move/lib/pkgconfig/nav_move.pc'
[2.066s] Level 1:colcon.colcon_core.environment:checking '/home/rkskwhdgh123/robot_ws/install/nav_move/lib/python3.8/site-packages'
[2.066s] Level 1:colcon.colcon_core.shell:create_environment_hook('nav_move', 'pythonpath')
[2.070s] INFO:colcon.colcon_core.shell:Creating environment hook '/home/rkskwhdgh123/robot_ws/install/nav_move/share/nav_move/hook/pythonpath.ps1'
[2.071s] INFO:colcon.colcon_core.shell:Creating environment descriptor '/home/rkskwhdgh123/robot_ws/install/nav_move/share/nav_move/hook/pythonpath.dsv'
[2.072s] INFO:colcon.colcon_core.shell:Creating environment hook '/home/rkskwhdgh123/robot_ws/install/nav_move/share/nav_move/hook/pythonpath.sh'
[2.073s] Level 1:colcon.colcon_core.environment:checking '/home/rkskwhdgh123/robot_ws/install/nav_move/bin'
[2.073s] Level 1:colcon.colcon_core.environment:create_environment_scripts_only(nav_move)
[2.077s] INFO:colcon.colcon_core.shell:Creating package script '/home/rkskwhdgh123/robot_ws/install/nav_move/share/nav_move/package.ps1'
[2.079s] INFO:colcon.colcon_core.shell:Creating package descriptor '/home/rkskwhdgh123/robot_ws/install/nav_move/share/nav_move/package.dsv'
[2.080s] INFO:colcon.colcon_core.shell:Creating package script '/home/rkskwhdgh123/robot_ws/install/nav_move/share/nav_move/package.sh'
[2.081s] INFO:colcon.colcon_core.shell:Creating package script '/home/rkskwhdgh123/robot_ws/install/nav_move/share/nav_move/package.bash'
[2.083s] INFO:colcon.colcon_core.shell:Creating package script '/home/rkskwhdgh123/robot_ws/install/nav_move/share/nav_move/package.zsh'
[2.084s] Level 1:colcon.colcon_core.environment:create_file_with_runtime_dependencies(/home/rkskwhdgh123/robot_ws/install/nav_move/share/colcon-core/packages/nav_move)
[2.085s] INFO:colcon.colcon_ros.task.ament_python.build:Building ROS package in '/home/rkskwhdgh123/robot_ws/src/tb3_move' with build type 'ament_python'
[2.085s] Level 1:colcon.colcon_core.shell:create_environment_hook('tb3_move', 'ament_prefix_path')
[2.090s] INFO:colcon.colcon_core.shell:Creating environment hook '/home/rkskwhdgh123/robot_ws/install/tb3_move/share/tb3_move/hook/ament_prefix_path.ps1'
[2.092s] INFO:colcon.colcon_core.shell:Creating environment descriptor '/home/rkskwhdgh123/robot_ws/install/tb3_move/share/tb3_move/hook/ament_prefix_path.dsv'
[2.092s] INFO:colcon.colcon_core.shell:Creating environment hook '/home/rkskwhdgh123/robot_ws/install/tb3_move/share/tb3_move/hook/ament_prefix_path.sh'
[2.100s] INFO:colcon.colcon_core.shell:Skip shell extension 'powershell' for command environment: Not usable outside of PowerShell
[2.100s] DEBUG:colcon.colcon_core.shell:Skip shell extension 'dsv' for command environment
[2.121s] Level 1:colcon.colcon_core.shell:create_environment_hook('m_pubsub', 'pythonpath_develop')
[2.122s] DEBUG:colcon.colcon_core.event_handler.log_command:Invoked command in '/home/rkskwhdgh123/robot_ws/build/m_pubsub' returned '0': PYTHONPATH=/home/rkskwhdgh123/robot_ws/build/m_pubsub/prefix_override:/home/rkskwhdgh123/robot_ws/install/m_pubsub/lib/python3.8/site-packages:${PYTHONPATH} /usr/bin/python3 setup.py develop --editable --build-directory /home/rkskwhdgh123/robot_ws/build/m_pubsub/build --no-deps install_data
[2.130s] INFO:colcon.colcon_core.shell:Creating environment hook '/home/rkskwhdgh123/robot_ws/build/m_pubsub/share/m_pubsub/hook/pythonpath_develop.ps1'
[2.131s] INFO:colcon.colcon_core.shell:Creating environment descriptor '/home/rkskwhdgh123/robot_ws/build/m_pubsub/share/m_pubsub/hook/pythonpath_develop.dsv'
[2.132s] INFO:colcon.colcon_core.shell:Creating environment hook '/home/rkskwhdgh123/robot_ws/build/m_pubsub/share/m_pubsub/hook/pythonpath_develop.sh'
[2.140s] Level 1:colcon.colcon_core.environment:checking '/home/rkskwhdgh123/robot_ws/install/m_pubsub' for CMake module files
[2.140s] Level 1:colcon.colcon_core.environment:checking '/home/rkskwhdgh123/robot_ws/install/m_pubsub' for CMake config files
[2.141s] Level 1:colcon.colcon_core.environment:checking '/home/rkskwhdgh123/robot_ws/install/m_pubsub/lib'
[2.141s] Level 1:colcon.colcon_core.environment:checking '/home/rkskwhdgh123/robot_ws/install/m_pubsub/bin'
[2.141s] Level 1:colcon.colcon_core.environment:checking '/home/rkskwhdgh123/robot_ws/install/m_pubsub/lib/pkgconfig/m_pubsub.pc'
[2.142s] Level 1:colcon.colcon_core.environment:checking '/home/rkskwhdgh123/robot_ws/install/m_pubsub/lib/python3.8/site-packages'
[2.142s] Level 1:colcon.colcon_core.shell:create_environment_hook('m_pubsub', 'pythonpath')
[2.146s] INFO:colcon.colcon_core.shell:Creating environment hook '/home/rkskwhdgh123/robot_ws/install/m_pubsub/share/m_pubsub/hook/pythonpath.ps1'
[2.147s] INFO:colcon.colcon_core.shell:Creating environment descriptor '/home/rkskwhdgh123/robot_ws/install/m_pubsub/share/m_pubsub/hook/pythonpath.dsv'
[2.147s] INFO:colcon.colcon_core.shell:Creating environment hook '/home/rkskwhdgh123/robot_ws/install/m_pubsub/share/m_pubsub/hook/pythonpath.sh'
[2.148s] Level 1:colcon.colcon_core.environment:checking '/home/rkskwhdgh123/robot_ws/install/m_pubsub/bin'
[2.148s] Level 1:colcon.colcon_core.environment:create_environment_scripts_only(m_pubsub)
[2.152s] INFO:colcon.colcon_core.shell:Creating package script '/home/rkskwhdgh123/robot_ws/install/m_pubsub/share/m_pubsub/package.ps1'
[2.153s] INFO:colcon.colcon_core.shell:Creating package descriptor '/home/rkskwhdgh123/robot_ws/install/m_pubsub/share/m_pubsub/package.dsv'
[2.154s] INFO:colcon.colcon_core.shell:Creating package script '/home/rkskwhdgh123/robot_ws/install/m_pubsub/share/m_pubsub/package.sh'
[2.154s] INFO:colcon.colcon_core.shell:Creating package script '/home/rkskwhdgh123/robot_ws/install/m_pubsub/share/m_pubsub/package.bash'
[2.155s] INFO:colcon.colcon_core.shell:Creating package script '/home/rkskwhdgh123/robot_ws/install/m_pubsub/share/m_pubsub/package.zsh'
[2.156s] Level 1:colcon.colcon_core.environment:create_file_with_runtime_dependencies(/home/rkskwhdgh123/robot_ws/install/m_pubsub/share/colcon-core/packages/m_pubsub)
[2.157s] INFO:colcon.colcon_ros.task.ament_python.build:Building ROS package in '/home/rkskwhdgh123/robot_ws/src/test_para' with build type 'ament_python'
[2.158s] Level 1:colcon.colcon_core.shell:create_environment_hook('test_para', 'ament_prefix_path')
[2.161s] INFO:colcon.colcon_core.shell:Creating environment hook '/home/rkskwhdgh123/robot_ws/install/test_para/share/test_para/hook/ament_prefix_path.ps1'
[2.162s] INFO:colcon.colcon_core.shell:Creating environment descriptor '/home/rkskwhdgh123/robot_ws/install/test_para/share/test_para/hook/ament_prefix_path.dsv'
[2.163s] INFO:colcon.colcon_core.shell:Creating environment hook '/home/rkskwhdgh123/robot_ws/install/test_para/share/test_para/hook/ament_prefix_path.sh'
[2.167s] INFO:colcon.colcon_core.shell:Skip shell extension 'powershell' for command environment: Not usable outside of PowerShell
[2.167s] DEBUG:colcon.colcon_core.shell:Skip shell extension 'dsv' for command environment
[2.615s] INFO:colcon.colcon_core.task.python.build:Building Python package in '/home/rkskwhdgh123/robot_ws/src/tb3_move'
[2.621s] INFO:colcon.colcon_core.shell:Skip shell extension 'powershell' for command environment: Not usable outside of PowerShell
[2.621s] DEBUG:colcon.colcon_core.shell:Skip shell extension 'dsv' for command environment
[3.047s] INFO:colcon.colcon_core.task.python.build:Building Python package in '/home/rkskwhdgh123/robot_ws/src/test_para'
[3.053s] INFO:colcon.colcon_core.shell:Skip shell extension 'powershell' for command environment: Not usable outside of PowerShell
[3.053s] DEBUG:colcon.colcon_core.shell:Skip shell extension 'dsv' for command environment
[3.648s] DEBUG:colcon.colcon_core.event_handler.log_command:Invoking command in '/home/rkskwhdgh123/robot_ws/build/test_para': PYTHONPATH=/home/rkskwhdgh123/robot_ws/build/test_para/prefix_override:/home/rkskwhdgh123/robot_ws/install/test_para/lib/python3.8/site-packages:${PYTHONPATH} /usr/bin/python3 setup.py develop --editable --build-directory /home/rkskwhdgh123/robot_ws/build/test_para/build --no-deps install_data
[3.666s] DEBUG:colcon.colcon_core.event_handler.log_command:Invoking command in '/home/rkskwhdgh123/robot_ws/build/tb3_move': PYTHONPATH=/home/rkskwhdgh123/robot_ws/build/tb3_move/prefix_override:/home/rkskwhdgh123/robot_ws/install/tb3_move/lib/python3.8/site-packages:${PYTHONPATH} /usr/bin/python3 setup.py develop --editable --build-directory /home/rkskwhdgh123/robot_ws/build/tb3_move/build --no-deps install_data
[4.206s] Level 1:colcon.colcon_core.shell:create_environment_hook('test_para', 'pythonpath_develop')
[4.209s] INFO:colcon.colcon_core.shell:Creating environment hook '/home/rkskwhdgh123/robot_ws/build/test_para/share/test_para/hook/pythonpath_develop.ps1'
[4.210s] DEBUG:colcon.colcon_core.event_handler.log_command:Invoked command in '/home/rkskwhdgh123/robot_ws/build/test_para' returned '0': PYTHONPATH=/home/rkskwhdgh123/robot_ws/build/test_para/prefix_override:/home/rkskwhdgh123/robot_ws/install/test_para/lib/python3.8/site-packages:${PYTHONPATH} /usr/bin/python3 setup.py develop --editable --build-directory /home/rkskwhdgh123/robot_ws/build/test_para/build --no-deps install_data
[4.212s] INFO:colcon.colcon_core.shell:Creating environment descriptor '/home/rkskwhdgh123/robot_ws/build/test_para/share/test_para/hook/pythonpath_develop.dsv'
[4.214s] INFO:colcon.colcon_core.shell:Creating environment hook '/home/rkskwhdgh123/robot_ws/build/test_para/share/test_para/hook/pythonpath_develop.sh'
[4.220s] Level 1:colcon.colcon_core.environment:checking '/home/rkskwhdgh123/robot_ws/install/test_para' for CMake module files
[4.221s] Level 1:colcon.colcon_core.environment:checking '/home/rkskwhdgh123/robot_ws/install/test_para' for CMake config files
[4.222s] Level 1:colcon.colcon_core.environment:checking '/home/rkskwhdgh123/robot_ws/install/test_para/lib'
[4.222s] Level 1:colcon.colcon_core.environment:checking '/home/rkskwhdgh123/robot_ws/install/test_para/bin'
[4.222s] Level 1:colcon.colcon_core.environment:checking '/home/rkskwhdgh123/robot_ws/install/test_para/lib/pkgconfig/test_para.pc'
[4.222s] Level 1:colcon.colcon_core.environment:checking '/home/rkskwhdgh123/robot_ws/install/test_para/lib/python3.8/site-packages'
[4.222s] Level 1:colcon.colcon_core.shell:create_environment_hook('test_para', 'pythonpath')
[4.226s] INFO:colcon.colcon_core.shell:Creating environment hook '/home/rkskwhdgh123/robot_ws/install/test_para/share/test_para/hook/pythonpath.ps1'
[4.226s] INFO:colcon.colcon_core.shell:Creating environment descriptor '/home/rkskwhdgh123/robot_ws/install/test_para/share/test_para/hook/pythonpath.dsv'
[4.227s] INFO:colcon.colcon_core.shell:Creating environment hook '/home/rkskwhdgh123/robot_ws/install/test_para/share/test_para/hook/pythonpath.sh'
[4.228s] Level 1:colcon.colcon_core.environment:checking '/home/rkskwhdgh123/robot_ws/install/test_para/bin'
[4.228s] Level 1:colcon.colcon_core.environment:create_environment_scripts_only(test_para)
[4.232s] INFO:colcon.colcon_core.shell:Creating package script '/home/rkskwhdgh123/robot_ws/install/test_para/share/test_para/package.ps1'
[4.232s] INFO:colcon.colcon_core.shell:Creating package descriptor '/home/rkskwhdgh123/robot_ws/install/test_para/share/test_para/package.dsv'
[4.233s] INFO:colcon.colcon_core.shell:Creating package script '/home/rkskwhdgh123/robot_ws/install/test_para/share/test_para/package.sh'
[4.234s] INFO:colcon.colcon_core.shell:Creating package script '/home/rkskwhdgh123/robot_ws/install/test_para/share/test_para/package.bash'
[4.234s] INFO:colcon.colcon_core.shell:Creating package script '/home/rkskwhdgh123/robot_ws/install/test_para/share/test_para/package.zsh'
[4.235s] Level 1:colcon.colcon_core.environment:create_file_with_runtime_dependencies(/home/rkskwhdgh123/robot_ws/install/test_para/share/colcon-core/packages/test_para)
[4.242s] Level 1:colcon.colcon_core.shell:create_environment_hook('tb3_move', 'pythonpath_develop')
[4.245s] INFO:colcon.colcon_core.shell:Creating environment hook '/home/rkskwhdgh123/robot_ws/build/tb3_move/share/tb3_move/hook/pythonpath_develop.ps1'
[4.246s] DEBUG:colcon.colcon_core.event_handler.log_command:Invoked command in '/home/rkskwhdgh123/robot_ws/build/tb3_move' returned '0': PYTHONPATH=/home/rkskwhdgh123/robot_ws/build/tb3_move/prefix_override:/home/rkskwhdgh123/robot_ws/install/tb3_move/lib/python3.8/site-packages:${PYTHONPATH} /usr/bin/python3 setup.py develop --editable --build-directory /home/rkskwhdgh123/robot_ws/build/tb3_move/build --no-deps install_data
[4.246s] INFO:colcon.colcon_core.shell:Creating environment descriptor '/home/rkskwhdgh123/robot_ws/build/tb3_move/share/tb3_move/hook/pythonpath_develop.dsv'
[4.247s] INFO:colcon.colcon_core.shell:Creating environment hook '/home/rkskwhdgh123/robot_ws/build/tb3_move/share/tb3_move/hook/pythonpath_develop.sh'
[4.253s] Level 1:colcon.colcon_core.environment:checking '/home/rkskwhdgh123/robot_ws/install/tb3_move' for CMake module files
[4.254s] Level 1:colcon.colcon_core.environment:checking '/home/rkskwhdgh123/robot_ws/install/tb3_move' for CMake config files
[4.254s] Level 1:colcon.colcon_core.environment:checking '/home/rkskwhdgh123/robot_ws/install/tb3_move/lib'
[4.254s] Level 1:colcon.colcon_core.environment:checking '/home/rkskwhdgh123/robot_ws/install/tb3_move/bin'
[4.254s] Level 1:colcon.colcon_core.environment:checking '/home/rkskwhdgh123/robot_ws/install/tb3_move/lib/pkgconfig/tb3_move.pc'
[4.255s] Level 1:colcon.colcon_core.environment:checking '/home/rkskwhdgh123/robot_ws/install/tb3_move/lib/python3.8/site-packages'
[4.255s] Level 1:colcon.colcon_core.shell:create_environment_hook('tb3_move', 'pythonpath')
[4.259s] INFO:colcon.colcon_core.shell:Creating environment hook '/home/rkskwhdgh123/robot_ws/install/tb3_move/share/tb3_move/hook/pythonpath.ps1'
[4.262s] INFO:colcon.colcon_core.shell:Creating environment descriptor '/home/rkskwhdgh123/robot_ws/install/tb3_move/share/tb3_move/hook/pythonpath.dsv'
[4.262s] INFO:colcon.colcon_core.shell:Creating environment hook '/home/rkskwhdgh123/robot_ws/install/tb3_move/share/tb3_move/hook/pythonpath.sh'
[4.263s] Level 1:colcon.colcon_core.environment:checking '/home/rkskwhdgh123/robot_ws/install/tb3_move/bin'
[4.263s] Level 1:colcon.colcon_core.environment:create_environment_scripts_only(tb3_move)
[4.267s] INFO:colcon.colcon_core.shell:Creating package script '/home/rkskwhdgh123/robot_ws/install/tb3_move/share/tb3_move/package.ps1'
[4.268s] INFO:colcon.colcon_core.shell:Creating package descriptor '/home/rkskwhdgh123/robot_ws/install/tb3_move/share/tb3_move/package.dsv'
[4.269s] INFO:colcon.colcon_core.shell:Creating package script '/home/rkskwhdgh123/robot_ws/install/tb3_move/share/tb3_move/package.sh'
[4.270s] INFO:colcon.colcon_core.shell:Creating package script '/home/rkskwhdgh123/robot_ws/install/tb3_move/share/tb3_move/package.bash'
[4.270s] INFO:colcon.colcon_core.shell:Creating package script '/home/rkskwhdgh123/robot_ws/install/tb3_move/share/tb3_move/package.zsh'
[4.271s] Level 1:colcon.colcon_core.environment:create_file_with_runtime_dependencies(/home/rkskwhdgh123/robot_ws/install/tb3_move/share/colcon-core/packages/tb3_move)
[4.271s] DEBUG:colcon.colcon_parallel_executor.executor.parallel:closing loop
[4.272s] DEBUG:colcon.colcon_parallel_executor.executor.parallel:loop closed
[4.272s] DEBUG:colcon.colcon_parallel_executor.executor.parallel:run_until_complete finished with '0'
[4.272s] DEBUG:colcon.colcon_core.event_reactor:joining thread
[4.285s] INFO:colcon.colcon_core.plugin_system:Skipping extension 'colcon_notification.desktop_notification.terminal_notifier': Not used on non-Darwin systems
[4.285s] INFO:colcon.colcon_core.plugin_system:Skipping extension 'colcon_notification.desktop_notification.win32': Not used on non-Windows systems
[4.285s] INFO:colcon.colcon_notification.desktop_notification:Sending desktop notification using 'notify2'
[4.306s] DEBUG:colcon.colcon_core.event_reactor:joined thread
[4.309s] INFO:colcon.colcon_core.shell:Creating prefix script '/home/rkskwhdgh123/robot_ws/install/local_setup.ps1'
[4.311s] INFO:colcon.colcon_core.shell:Creating prefix util module '/home/rkskwhdgh123/robot_ws/install/_local_setup_util_ps1.py'
[4.313s] INFO:colcon.colcon_core.shell:Creating prefix chain script '/home/rkskwhdgh123/robot_ws/install/setup.ps1'
[4.318s] INFO:colcon.colcon_core.shell:Creating prefix script '/home/rkskwhdgh123/robot_ws/install/local_setup.sh'
[4.320s] INFO:colcon.colcon_core.shell:Creating prefix util module '/home/rkskwhdgh123/robot_ws/install/_local_setup_util_sh.py'
[4.320s] INFO:colcon.colcon_core.shell:Creating prefix chain script '/home/rkskwhdgh123/robot_ws/install/setup.sh'
[4.323s] INFO:colcon.colcon_core.shell:Creating prefix script '/home/rkskwhdgh123/robot_ws/install/local_setup.bash'
[4.324s] INFO:colcon.colcon_core.shell:Creating prefix chain script '/home/rkskwhdgh123/robot_ws/install/setup.bash'
[4.327s] INFO:colcon.colcon_core.shell:Creating prefix script '/home/rkskwhdgh123/robot_ws/install/local_setup.zsh'
[4.328s] INFO:colcon.colcon_core.shell:Creating prefix chain script '/home/rkskwhdgh123/robot_ws/install/setup.zsh'
