[1.076s] Invoking command in '/home/rkskwhdgh123/robot_ws/build/m_pubsub': PYTHONPATH=/home/rkskwhdgh123/robot_ws/build/m_pubsub/prefix_override:/home/rkskwhdgh123/robot_ws/install/m_pubsub/lib/python3.8/site-packages:${PYTHONPATH} /usr/bin/python3 setup.py develop --editable --build-directory /home/rkskwhdgh123/robot_ws/build/m_pubsub/build --no-deps install_data
[1.363s] running develop
[1.556s] running egg_info
[1.557s] writing m_pubsub.egg-info/PKG-INFO
[1.558s] writing dependency_links to m_pubsub.egg-info/dependency_links.txt
[1.559s] writing entry points to m_pubsub.egg-info/entry_points.txt
[1.559s] writing requirements to m_pubsub.egg-info/requires.txt
[1.560s] writing top-level names to m_pubsub.egg-info/top_level.txt
[1.608s] reading manifest file 'm_pubsub.egg-info/SOURCES.txt'
[1.611s] writing manifest file 'm_pubsub.egg-info/SOURCES.txt'
[1.673s] running build_ext
[1.677s] Creating /home/rkskwhdgh123/robot_ws/install/m_pubsub/lib/python3.8/site-packages/m-pubsub.egg-link (link to .)
[1.679s] Installing met script to /home/rkskwhdgh123/robot_ws/install/m_pubsub/lib/m_pubsub
[1.679s] Installing metp script to /home/rkskwhdgh123/robot_ws/install/m_pubsub/lib/m_pubsub
[1.679s] Installing mp script to /home/rkskwhdgh123/robot_ws/install/m_pubsub/lib/m_pubsub
[1.680s] Installing ms script to /home/rkskwhdgh123/robot_ws/install/m_pubsub/lib/m_pubsub
[1.680s] Installing mt script to /home/rkskwhdgh123/robot_ws/install/m_pubsub/lib/m_pubsub
[1.681s] 
[1.681s] Installed /home/rkskwhdgh123/robot_ws/build/m_pubsub
[1.682s] running install_data
[1.739s] Invoked command in '/home/rkskwhdgh123/robot_ws/build/m_pubsub' returned '0': PYTHONPATH=/home/rkskwhdgh123/robot_ws/build/m_pubsub/prefix_override:/home/rkskwhdgh123/robot_ws/install/m_pubsub/lib/python3.8/site-packages:${PYTHONPATH} /usr/bin/python3 setup.py develop --editable --build-directory /home/rkskwhdgh123/robot_ws/build/m_pubsub/build --no-deps install_data
