[1.409s] Invoking command in '/home/rkskwhdgh123/robot_ws/build/m_pubsub': PYTHONPATH=/home/rkskwhdgh123/robot_ws/build/m_pubsub/prefix_override:/home/rkskwhdgh123/robot_ws/install/m_pubsub/lib/python3.8/site-packages:${PYTHONPATH} /usr/bin/python3 setup.py develop --editable --build-directory /home/rkskwhdgh123/robot_ws/build/m_pubsub/build --no-deps install_data
[1.697s] running develop
[2.002s] running egg_info
[2.002s] writing m_pubsub.egg-info/PKG-INFO
[2.003s] writing dependency_links to m_pubsub.egg-info/dependency_links.txt
[2.003s] writing entry points to m_pubsub.egg-info/entry_points.txt
[2.003s] writing requirements to m_pubsub.egg-info/requires.txt
[2.004s] writing top-level names to m_pubsub.egg-info/top_level.txt
[2.059s] reading manifest file 'm_pubsub.egg-info/SOURCES.txt'
[2.063s] writing manifest file 'm_pubsub.egg-info/SOURCES.txt'
[2.113s] running build_ext
[2.114s] Creating /home/rkskwhdgh123/robot_ws/install/m_pubsub/lib/python3.8/site-packages/m-pubsub.egg-link (link to .)
[2.115s] Installing met script to /home/rkskwhdgh123/robot_ws/install/m_pubsub/lib/m_pubsub
[2.115s] Installing metp script to /home/rkskwhdgh123/robot_ws/install/m_pubsub/lib/m_pubsub
[2.118s] Installing mp script to /home/rkskwhdgh123/robot_ws/install/m_pubsub/lib/m_pubsub
[2.118s] Installing ms script to /home/rkskwhdgh123/robot_ws/install/m_pubsub/lib/m_pubsub
[2.119s] Installing mt script to /home/rkskwhdgh123/robot_ws/install/m_pubsub/lib/m_pubsub
[2.119s] 
[2.119s] Installed /home/rkskwhdgh123/robot_ws/build/m_pubsub
[2.120s] running install_data
[2.205s] Invoked command in '/home/rkskwhdgh123/robot_ws/build/m_pubsub' returned '0': PYTHONPATH=/home/rkskwhdgh123/robot_ws/build/m_pubsub/prefix_override:/home/rkskwhdgh123/robot_ws/install/m_pubsub/lib/python3.8/site-packages:${PYTHONPATH} /usr/bin/python3 setup.py develop --editable --build-directory /home/rkskwhdgh123/robot_ws/build/m_pubsub/build --no-deps install_data
