[0.200s] DEBUG:colcon:Command line arguments: ['/usr/bin/colcon', 'build', '--symlink-install']
[0.200s] DEBUG:colcon:Parsed command line arguments: Namespace(allow_overriding=[], ament_cmake_args=None, base_paths=['.'], build_base='build', catkin_cmake_args=None, catkin_skip_building_tests=False, cmake_args=None, cmake_clean_cache=False, cmake_clean_first=False, cmake_force_configure=False, cmake_target=None, cmake_target_skip_unavailable=False, continue_on_error=False, event_handlers=None, executor='parallel', ignore_user_meta=False, install_base='install', log_base=None, log_level=None, main=<bound method BuildVerb.main of <colcon_core.verb.build.BuildVerb object at 0x7feab8a33fd0>>, merge_install=False, metas=['./colcon.meta'], packages_above=None, packages_above_and_dependencies=None, packages_above_depth=None, packages_end=None, packages_ignore=None, packages_ignore_regex=None, packages_select=None, packages_select_build_failed=False, packages_select_by_dep=None, packages_select_regex=None, packages_select_test_failures=False, packages_skip=None, packages_skip_build_finished=False, packages_skip_by_dep=None, packages_skip_regex=None, packages_skip_test_passed=False, packages_skip_up_to=None, packages_start=None, packages_up_to=None, packages_up_to_regex=None, parallel_workers=2, paths=None, symlink_install=True, test_result_base=None, verb_extension=<colcon_core.verb.build.BuildVerb object at 0x7feab8a33fd0>, verb_name='build', verb_parser=<colcon_defaults.argument_parser.defaults.DefaultArgumentsDecorator object at 0x7feab8a40490>)
[0.227s] Level 1:colcon.colcon_core.package_discovery:discover_packages(colcon_meta) check parameters
[0.228s] Level 1:colcon.colcon_core.package_discovery:discover_packages(recursive) check parameters
[0.228s] Level 1:colcon.colcon_core.package_discovery:discover_packages(ignore) check parameters
[0.228s] Level 1:colcon.colcon_core.package_discovery:discover_packages(path) check parameters
[0.228s] Level 1:colcon.colcon_core.package_discovery:discover_packages(colcon_meta) discover
[0.228s] Level 1:colcon.colcon_core.package_discovery:discover_packages(recursive) discover
[0.228s] INFO:colcon.colcon_core.package_discovery:Crawling recursively for packages in '/home/rkskwhdgh123/robot_ws'
[0.229s] Level 1:colcon.colcon_core.package_identification:_identify(.) by extensions ['ignore', 'ignore_ament_install']
[0.229s] Level 1:colcon.colcon_core.package_identification:_identify(.) by extension 'ignore'
[0.229s] Level 1:colcon.colcon_core.package_identification:_identify(.) by extension 'ignore_ament_install'
[0.229s] Level 1:colcon.colcon_core.package_identification:_identify(.) by extensions ['colcon_pkg']
[0.229s] Level 1:colcon.colcon_core.package_identification:_identify(.) by extension 'colcon_pkg'
[0.230s] Level 1:colcon.colcon_core.package_identification:_identify(.) by extensions ['colcon_meta']
[0.230s] Level 1:colcon.colcon_core.package_identification:_identify(.) by extension 'colcon_meta'
[0.230s] Level 1:colcon.colcon_core.package_identification:_identify(.) by extensions ['ros']
[0.230s] Level 1:colcon.colcon_core.package_identification:_identify(.) by extension 'ros'
[0.248s] Level 1:colcon.colcon_core.package_identification:_identify(.) by extensions ['cmake', 'python']
[0.249s] Level 1:colcon.colcon_core.package_identification:_identify(.) by extension 'cmake'
[0.249s] Level 1:colcon.colcon_core.package_identification:_identify(.) by extension 'python'
[0.249s] Level 1:colcon.colcon_core.package_identification:_identify(.) by extensions ['python_setup_py']
[0.249s] Level 1:colcon.colcon_core.package_identification:_identify(.) by extension 'python_setup_py'
[0.249s] Level 1:colcon.colcon_core.package_identification:_identify(build) by extensions ['ignore', 'ignore_ament_install']
[0.249s] Level 1:colcon.colcon_core.package_identification:_identify(build) by extension 'ignore'
[0.250s] Level 1:colcon.colcon_core.package_identification:_identify(build) ignored
[0.250s] Level 1:colcon.colcon_core.package_identification:_identify(gpio) by extensions ['ignore', 'ignore_ament_install']
[0.250s] Level 1:colcon.colcon_core.package_identification:_identify(gpio) by extension 'ignore'
[0.250s] Level 1:colcon.colcon_core.package_identification:_identify(gpio) by extension 'ignore_ament_install'
[0.250s] Level 1:colcon.colcon_core.package_identification:_identify(gpio) by extensions ['colcon_pkg']
[0.250s] Level 1:colcon.colcon_core.package_identification:_identify(gpio) by extension 'colcon_pkg'
[0.251s] Level 1:colcon.colcon_core.package_identification:_identify(gpio) by extensions ['colcon_meta']
[0.251s] Level 1:colcon.colcon_core.package_identification:_identify(gpio) by extension 'colcon_meta'
[0.251s] Level 1:colcon.colcon_core.package_identification:_identify(gpio) by extensions ['ros']
[0.251s] Level 1:colcon.colcon_core.package_identification:_identify(gpio) by extension 'ros'
[0.251s] Level 1:colcon.colcon_core.package_identification:_identify(gpio) by extensions ['cmake', 'python']
[0.251s] Level 1:colcon.colcon_core.package_identification:_identify(gpio) by extension 'cmake'
[0.251s] Level 1:colcon.colcon_core.package_identification:_identify(gpio) by extension 'python'
[0.252s] Level 1:colcon.colcon_core.package_identification:_identify(gpio) by extensions ['python_setup_py']
[0.252s] Level 1:colcon.colcon_core.package_identification:_identify(gpio) by extension 'python_setup_py'
[0.252s] Level 1:colcon.colcon_core.package_identification:_identify(install) by extensions ['ignore', 'ignore_ament_install']
[0.252s] Level 1:colcon.colcon_core.package_identification:_identify(install) by extension 'ignore'
[0.252s] Level 1:colcon.colcon_core.package_identification:_identify(install) ignored
[0.253s] Level 1:colcon.colcon_core.package_identification:_identify(log) by extensions ['ignore', 'ignore_ament_install']
[0.253s] Level 1:colcon.colcon_core.package_identification:_identify(log) by extension 'ignore'
[0.253s] Level 1:colcon.colcon_core.package_identification:_identify(log) ignored
[0.253s] Level 1:colcon.colcon_core.package_identification:_identify(src) by extensions ['ignore', 'ignore_ament_install']
[0.253s] Level 1:colcon.colcon_core.package_identification:_identify(src) by extension 'ignore'
[0.253s] Level 1:colcon.colcon_core.package_identification:_identify(src) by extension 'ignore_ament_install'
[0.254s] Level 1:colcon.colcon_core.package_identification:_identify(src) by extensions ['colcon_pkg']
[0.254s] Level 1:colcon.colcon_core.package_identification:_identify(src) by extension 'colcon_pkg'
[0.254s] Level 1:colcon.colcon_core.package_identification:_identify(src) by extensions ['colcon_meta']
[0.254s] Level 1:colcon.colcon_core.package_identification:_identify(src) by extension 'colcon_meta'
[0.254s] Level 1:colcon.colcon_core.package_identification:_identify(src) by extensions ['ros']
[0.254s] Level 1:colcon.colcon_core.package_identification:_identify(src) by extension 'ros'
[0.254s] Level 1:colcon.colcon_core.package_identification:_identify(src) by extensions ['cmake', 'python']
[0.254s] Level 1:colcon.colcon_core.package_identification:_identify(src) by extension 'cmake'
[0.255s] Level 1:colcon.colcon_core.package_identification:_identify(src) by extension 'python'
[0.255s] Level 1:colcon.colcon_core.package_identification:_identify(src) by extensions ['python_setup_py']
[0.255s] Level 1:colcon.colcon_core.package_identification:_identify(src) by extension 'python_setup_py'
[0.255s] Level 1:colcon.colcon_core.package_identification:_identify(src/build) by extensions ['ignore', 'ignore_ament_install']
[0.255s] Level 1:colcon.colcon_core.package_identification:_identify(src/build) by extension 'ignore'
[0.255s] Level 1:colcon.colcon_core.package_identification:_identify(src/build) ignored
[0.255s] Level 1:colcon.colcon_core.package_identification:_identify(src/install) by extensions ['ignore', 'ignore_ament_install']
[0.256s] Level 1:colcon.colcon_core.package_identification:_identify(src/install) by extension 'ignore'
[0.256s] Level 1:colcon.colcon_core.package_identification:_identify(src/install) ignored
[0.256s] Level 1:colcon.colcon_core.package_identification:_identify(src/log) by extensions ['ignore', 'ignore_ament_install']
[0.256s] Level 1:colcon.colcon_core.package_identification:_identify(src/log) by extension 'ignore'
[0.256s] Level 1:colcon.colcon_core.package_identification:_identify(src/log) ignored
[0.256s] Level 1:colcon.colcon_core.package_identification:_identify(src/m_pubsub) by extensions ['ignore', 'ignore_ament_install']
[0.256s] Level 1:colcon.colcon_core.package_identification:_identify(src/m_pubsub) by extension 'ignore'
[0.257s] Level 1:colcon.colcon_core.package_identification:_identify(src/m_pubsub) by extension 'ignore_ament_install'
[0.257s] Level 1:colcon.colcon_core.package_identification:_identify(src/m_pubsub) by extensions ['colcon_pkg']
[0.257s] Level 1:colcon.colcon_core.package_identification:_identify(src/m_pubsub) by extension 'colcon_pkg'
[0.257s] Level 1:colcon.colcon_core.package_identification:_identify(src/m_pubsub) by extensions ['colcon_meta']
[0.257s] Level 1:colcon.colcon_core.package_identification:_identify(src/m_pubsub) by extension 'colcon_meta'
[0.257s] Level 1:colcon.colcon_core.package_identification:_identify(src/m_pubsub) by extensions ['ros']
[0.257s] Level 1:colcon.colcon_core.package_identification:_identify(src/m_pubsub) by extension 'ros'
[0.260s] DEBUG:colcon.colcon_core.package_identification:Package 'src/m_pubsub' with type 'ros.ament_python' and name 'm_pubsub'
[0.260s] Level 1:colcon.colcon_core.package_identification:_identify(src/nav_move) by extensions ['ignore', 'ignore_ament_install']
[0.261s] Level 1:colcon.colcon_core.package_identification:_identify(src/nav_move) by extension 'ignore'
[0.261s] Level 1:colcon.colcon_core.package_identification:_identify(src/nav_move) by extension 'ignore_ament_install'
[0.261s] Level 1:colcon.colcon_core.package_identification:_identify(src/nav_move) by extensions ['colcon_pkg']
[0.261s] Level 1:colcon.colcon_core.package_identification:_identify(src/nav_move) by extension 'colcon_pkg'
[0.261s] Level 1:colcon.colcon_core.package_identification:_identify(src/nav_move) by extensions ['colcon_meta']
[0.262s] Level 1:colcon.colcon_core.package_identification:_identify(src/nav_move) by extension 'colcon_meta'
[0.262s] Level 1:colcon.colcon_core.package_identification:_identify(src/nav_move) by extensions ['ros']
[0.262s] Level 1:colcon.colcon_core.package_identification:_identify(src/nav_move) by extension 'ros'
[0.262s] DEBUG:colcon.colcon_core.package_identification:Package 'src/nav_move' with type 'ros.ament_python' and name 'nav_move'
[0.263s] Level 1:colcon.colcon_core.package_identification:_identify(src/tb3_move) by extensions ['ignore', 'ignore_ament_install']
[0.263s] Level 1:colcon.colcon_core.package_identification:_identify(src/tb3_move) by extension 'ignore'
[0.263s] Level 1:colcon.colcon_core.package_identification:_identify(src/tb3_move) by extension 'ignore_ament_install'
[0.263s] Level 1:colcon.colcon_core.package_identification:_identify(src/tb3_move) by extensions ['colcon_pkg']
[0.263s] Level 1:colcon.colcon_core.package_identification:_identify(src/tb3_move) by extension 'colcon_pkg'
[0.263s] Level 1:colcon.colcon_core.package_identification:_identify(src/tb3_move) by extensions ['colcon_meta']
[0.264s] Level 1:colcon.colcon_core.package_identification:_identify(src/tb3_move) by extension 'colcon_meta'
[0.264s] Level 1:colcon.colcon_core.package_identification:_identify(src/tb3_move) by extensions ['ros']
[0.264s] Level 1:colcon.colcon_core.package_identification:_identify(src/tb3_move) by extension 'ros'
[0.265s] DEBUG:colcon.colcon_core.package_identification:Package 'src/tb3_move' with type 'ros.ament_python' and name 'tb3_move'
[0.265s] Level 1:colcon.colcon_core.package_identification:_identify(src/test_para) by extensions ['ignore', 'ignore_ament_install']
[0.265s] Level 1:colcon.colcon_core.package_identification:_identify(src/test_para) by extension 'ignore'
[0.265s] Level 1:colcon.colcon_core.package_identification:_identify(src/test_para) by extension 'ignore_ament_install'
[0.265s] Level 1:colcon.colcon_core.package_identification:_identify(src/test_para) by extensions ['colcon_pkg']
[0.265s] Level 1:colcon.colcon_core.package_identification:_identify(src/test_para) by extension 'colcon_pkg'
[0.266s] Level 1:colcon.colcon_core.package_identification:_identify(src/test_para) by extensions ['colcon_meta']
[0.266s] Level 1:colcon.colcon_core.package_identification:_identify(src/test_para) by extension 'colcon_meta'
[0.266s] Level 1:colcon.colcon_core.package_identification:_identify(src/test_para) by extensions ['ros']
[0.266s] Level 1:colcon.colcon_core.package_identification:_identify(src/test_para) by extension 'ros'
[0.267s] DEBUG:colcon.colcon_core.package_identification:Package 'src/test_para' with type 'ros.ament_python' and name 'test_para'
[0.267s] Level 1:colcon.colcon_core.package_discovery:discover_packages(recursive) using defaults
[0.267s] Level 1:colcon.colcon_core.package_discovery:discover_packages(ignore) discover
[0.267s] Level 1:colcon.colcon_core.package_discovery:discover_packages(ignore) using defaults
[0.267s] Level 1:colcon.colcon_core.package_discovery:discover_packages(path) discover
[0.267s] Level 1:colcon.colcon_core.package_discovery:discover_packages(path) using defaults
[0.294s] Level 1:colcon.colcon_core.package_discovery:discover_packages(prefix_path) check parameters
[0.294s] Level 1:colcon.colcon_core.package_discovery:discover_packages(prefix_path) discover
[0.298s] DEBUG:colcon.colcon_installed_package_information.package_discovery:Found 4 installed packages in /home/rkskwhdgh123/robot_ws/install
[0.301s] DEBUG:colcon.colcon_installed_package_information.package_discovery:Found 308 installed packages in /opt/ros/foxy
[0.302s] Level 1:colcon.colcon_core.package_discovery:discover_packages(prefix_path) using defaults
[0.386s] Level 5:colcon.colcon_core.verb:set package 'm_pubsub' build argument 'cmake_args' from command line to 'None'
[0.386s] Level 5:colcon.colcon_core.verb:set package 'm_pubsub' build argument 'cmake_target' from command line to 'None'
[0.386s] Level 5:colcon.colcon_core.verb:set package 'm_pubsub' build argument 'cmake_target_skip_unavailable' from command line to 'False'
[0.386s] Level 5:colcon.colcon_core.verb:set package 'm_pubsub' build argument 'cmake_clean_cache' from command line to 'False'
[0.386s] Level 5:colcon.colcon_core.verb:set package 'm_pubsub' build argument 'cmake_clean_first' from command line to 'False'
[0.386s] Level 5:colcon.colcon_core.verb:set package 'm_pubsub' build argument 'cmake_force_configure' from command line to 'False'
[0.387s] Level 5:colcon.colcon_core.verb:set package 'm_pubsub' build argument 'ament_cmake_args' from command line to 'None'
[0.387s] Level 5:colcon.colcon_core.verb:set package 'm_pubsub' build argument 'catkin_cmake_args' from command line to 'None'
[0.387s] Level 5:colcon.colcon_core.verb:set package 'm_pubsub' build argument 'catkin_skip_building_tests' from command line to 'False'
[0.387s] DEBUG:colcon.colcon_core.verb:Building package 'm_pubsub' with the following arguments: {'ament_cmake_args': None, 'build_base': '/home/rkskwhdgh123/robot_ws/build/m_pubsub', 'catkin_cmake_args': None, 'catkin_skip_building_tests': False, 'cmake_args': None, 'cmake_clean_cache': False, 'cmake_clean_first': False, 'cmake_force_configure': False, 'cmake_target': None, 'cmake_target_skip_unavailable': False, 'install_base': '/home/rkskwhdgh123/robot_ws/install/m_pubsub', 'merge_install': False, 'path': '/home/rkskwhdgh123/robot_ws/src/m_pubsub', 'symlink_install': True, 'test_result_base': None}
[0.389s] Level 5:colcon.colcon_core.verb:set package 'nav_move' build argument 'cmake_args' from command line to 'None'
[0.389s] Level 5:colcon.colcon_core.verb:set package 'nav_move' build argument 'cmake_target' from command line to 'None'
[0.389s] Level 5:colcon.colcon_core.verb:set package 'nav_move' build argument 'cmake_target_skip_unavailable' from command line to 'False'
[0.389s] Level 5:colcon.colcon_core.verb:set package 'nav_move' build argument 'cmake_clean_cache' from command line to 'False'
[0.390s] Level 5:colcon.colcon_core.verb:set package 'nav_move' build argument 'cmake_clean_first' from command line to 'False'
[0.390s] Level 5:colcon.colcon_core.verb:set package 'nav_move' build argument 'cmake_force_configure' from command line to 'False'
[0.390s] Level 5:colcon.colcon_core.verb:set package 'nav_move' build argument 'ament_cmake_args' from command line to 'None'
[0.390s] Level 5:colcon.colcon_core.verb:set package 'nav_move' build argument 'catkin_cmake_args' from command line to 'None'
[0.390s] Level 5:colcon.colcon_core.verb:set package 'nav_move' build argument 'catkin_skip_building_tests' from command line to 'False'
[0.390s] DEBUG:colcon.colcon_core.verb:Building package 'nav_move' with the following arguments: {'ament_cmake_args': None, 'build_base': '/home/rkskwhdgh123/robot_ws/build/nav_move', 'catkin_cmake_args': None, 'catkin_skip_building_tests': False, 'cmake_args': None, 'cmake_clean_cache': False, 'cmake_clean_first': False, 'cmake_force_configure': False, 'cmake_target': None, 'cmake_target_skip_unavailable': False, 'install_base': '/home/rkskwhdgh123/robot_ws/install/nav_move', 'merge_install': False, 'path': '/home/rkskwhdgh123/robot_ws/src/nav_move', 'symlink_install': True, 'test_result_base': None}
[0.393s] Level 5:colcon.colcon_core.verb:set package 'tb3_move' build argument 'cmake_args' from command line to 'None'
[0.393s] Level 5:colcon.colcon_core.verb:set package 'tb3_move' build argument 'cmake_target' from command line to 'None'
[0.393s] Level 5:colcon.colcon_core.verb:set package 'tb3_move' build argument 'cmake_target_skip_unavailable' from command line to 'False'
[0.393s] Level 5:colcon.colcon_core.verb:set package 'tb3_move' build argument 'cmake_clean_cache' from command line to 'False'
[0.393s] Level 5:colcon.colcon_core.verb:set package 'tb3_move' build argument 'cmake_clean_first' from command line to 'False'
[0.393s] Level 5:colcon.colcon_core.verb:set package 'tb3_move' build argument 'cmake_force_configure' from command line to 'False'
[0.393s] Level 5:colcon.colcon_core.verb:set package 'tb3_move' build argument 'ament_cmake_args' from command line to 'None'
[0.394s] Level 5:colcon.colcon_core.verb:set package 'tb3_move' build argument 'catkin_cmake_args' from command line to 'None'
[0.394s] Level 5:colcon.colcon_core.verb:set package 'tb3_move' build argument 'catkin_skip_building_tests' from command line to 'False'
[0.394s] DEBUG:colcon.colcon_core.verb:Building package 'tb3_move' with the following arguments: {'ament_cmake_args': None, 'build_base': '/home/rkskwhdgh123/robot_ws/build/tb3_move', 'catkin_cmake_args': None, 'catkin_skip_building_tests': False, 'cmake_args': None, 'cmake_clean_cache': False, 'cmake_clean_first': False, 'cmake_force_configure': False, 'cmake_target': None, 'cmake_target_skip_unavailable': False, 'install_base': '/home/rkskwhdgh123/robot_ws/install/tb3_move', 'merge_install': False, 'path': '/home/rkskwhdgh123/robot_ws/src/tb3_move', 'symlink_install': True, 'test_result_base': None}
[0.396s] Level 5:colcon.colcon_core.verb:set package 'test_para' build argument 'cmake_args' from command line to 'None'
[0.396s] Level 5:colcon.colcon_core.verb:set package 'test_para' build argument 'cmake_target' from command line to 'None'
[0.396s] Level 5:colcon.colcon_core.verb:set package 'test_para' build argument 'cmake_target_skip_unavailable' from command line to 'False'
[0.396s] Level 5:colcon.colcon_core.verb:set package 'test_para' build argument 'cmake_clean_cache' from command line to 'False'
[0.396s] Level 5:colcon.colcon_core.verb:set package 'test_para' build argument 'cmake_clean_first' from command line to 'False'
[0.396s] Level 5:colcon.colcon_core.verb:set package 'test_para' build argument 'cmake_force_configure' from command line to 'False'
[0.396s] Level 5:colcon.colcon_core.verb:set package 'test_para' build argument 'ament_cmake_args' from command line to 'None'
[0.397s] Level 5:colcon.colcon_core.verb:set package 'test_para' build argument 'catkin_cmake_args' from command line to 'None'
[0.397s] Level 5:colcon.colcon_core.verb:set package 'test_para' build argument 'catkin_skip_building_tests' from command line to 'False'
[0.397s] DEBUG:colcon.colcon_core.verb:Building package 'test_para' with the following arguments: {'ament_cmake_args': None, 'build_base': '/home/rkskwhdgh123/robot_ws/build/test_para', 'catkin_cmake_args': None, 'catkin_skip_building_tests': False, 'cmake_args': None, 'cmake_clean_cache': False, 'cmake_clean_first': False, 'cmake_force_configure': False, 'cmake_target': None, 'cmake_target_skip_unavailable': False, 'install_base': '/home/rkskwhdgh123/robot_ws/install/test_para', 'merge_install': False, 'path': '/home/rkskwhdgh123/robot_ws/src/test_para', 'symlink_install': True, 'test_result_base': None}
[0.399s] INFO:colcon.colcon_core.executor:Executing jobs using 'parallel' executor
[0.406s] DEBUG:colcon.colcon_parallel_executor.executor.parallel:run_until_complete
[0.407s] INFO:colcon.colcon_ros.task.ament_python.build:Building ROS package in '/home/rkskwhdgh123/robot_ws/src/m_pubsub' with build type 'ament_python'
[0.407s] Level 1:colcon.colcon_core.shell:create_environment_hook('m_pubsub', 'ament_prefix_path')
[0.416s] INFO:colcon.colcon_core.plugin_system:Skipping extension 'colcon_core.shell.bat': Not used on non-Windows systems
[0.416s] INFO:colcon.colcon_core.shell:Creating environment hook '/home/rkskwhdgh123/robot_ws/install/m_pubsub/share/m_pubsub/hook/ament_prefix_path.ps1'
[0.418s] INFO:colcon.colcon_core.shell:Creating environment descriptor '/home/rkskwhdgh123/robot_ws/install/m_pubsub/share/m_pubsub/hook/ament_prefix_path.dsv'
[0.419s] INFO:colcon.colcon_core.shell:Creating environment hook '/home/rkskwhdgh123/robot_ws/install/m_pubsub/share/m_pubsub/hook/ament_prefix_path.sh'
[0.424s] INFO:colcon.colcon_core.shell:Skip shell extension 'powershell' for command environment: Not usable outside of PowerShell
[0.424s] DEBUG:colcon.colcon_core.shell:Skip shell extension 'dsv' for command environment
[0.435s] INFO:colcon.colcon_ros.task.ament_python.build:Building ROS package in '/home/rkskwhdgh123/robot_ws/src/nav_move' with build type 'ament_python'
[0.436s] Level 1:colcon.colcon_core.shell:create_environment_hook('nav_move', 'ament_prefix_path')
[0.439s] INFO:colcon.colcon_core.shell:Creating environment hook '/home/rkskwhdgh123/robot_ws/install/nav_move/share/nav_move/hook/ament_prefix_path.ps1'
[0.441s] INFO:colcon.colcon_core.shell:Creating environment descriptor '/home/rkskwhdgh123/robot_ws/install/nav_move/share/nav_move/hook/ament_prefix_path.dsv'
[0.442s] INFO:colcon.colcon_core.shell:Creating environment hook '/home/rkskwhdgh123/robot_ws/install/nav_move/share/nav_move/hook/ament_prefix_path.sh'
[0.447s] INFO:colcon.colcon_core.shell:Skip shell extension 'powershell' for command environment: Not usable outside of PowerShell
[0.448s] DEBUG:colcon.colcon_core.shell:Skip shell extension 'dsv' for command environment
[0.716s] INFO:colcon.colcon_core.task.python.build:Building Python package in '/home/rkskwhdgh123/robot_ws/src/m_pubsub'
[0.720s] INFO:colcon.colcon_core.shell:Skip shell extension 'powershell' for command environment: Not usable outside of PowerShell
[0.720s] DEBUG:colcon.colcon_core.shell:Skip shell extension 'dsv' for command environment
[0.981s] INFO:colcon.colcon_core.task.python.build:Building Python package in '/home/rkskwhdgh123/robot_ws/src/nav_move'
[0.985s] INFO:colcon.colcon_core.shell:Skip shell extension 'powershell' for command environment: Not usable outside of PowerShell
[0.985s] DEBUG:colcon.colcon_core.shell:Skip shell extension 'dsv' for command environment
[1.489s] DEBUG:colcon.colcon_core.event_handler.log_command:Invoking command in '/home/rkskwhdgh123/robot_ws/build/nav_move': PYTHONPATH=/home/rkskwhdgh123/robot_ws/build/nav_move/prefix_override:/home/rkskwhdgh123/robot_ws/install/nav_move/lib/python3.8/site-packages:${PYTHONPATH} /usr/bin/python3 setup.py develop --editable --build-directory /home/rkskwhdgh123/robot_ws/build/nav_move/build --no-deps install_data
[1.503s] DEBUG:colcon.colcon_core.event_handler.log_command:Invoking command in '/home/rkskwhdgh123/robot_ws/build/m_pubsub': PYTHONPATH=/home/rkskwhdgh123/robot_ws/build/m_pubsub/prefix_override:/home/rkskwhdgh123/robot_ws/install/m_pubsub/lib/python3.8/site-packages:${PYTHONPATH} /usr/bin/python3 setup.py develop --editable --build-directory /home/rkskwhdgh123/robot_ws/build/m_pubsub/build --no-deps install_data
[2.118s] Level 1:colcon.colcon_core.shell:create_environment_hook('m_pubsub', 'pythonpath_develop')
[2.124s] INFO:colcon.colcon_core.shell:Creating environment hook '/home/rkskwhdgh123/robot_ws/build/m_pubsub/share/m_pubsub/hook/pythonpath_develop.ps1'
[2.124s] DEBUG:colcon.colcon_core.event_handler.log_command:Invoked command in '/home/rkskwhdgh123/robot_ws/build/m_pubsub' returned '0': PYTHONPATH=/home/rkskwhdgh123/robot_ws/build/m_pubsub/prefix_override:/home/rkskwhdgh123/robot_ws/install/m_pubsub/lib/python3.8/site-packages:${PYTHONPATH} /usr/bin/python3 setup.py develop --editable --build-directory /home/rkskwhdgh123/robot_ws/build/m_pubsub/build --no-deps install_data
[2.126s] INFO:colcon.colcon_core.shell:Creating environment descriptor '/home/rkskwhdgh123/robot_ws/build/m_pubsub/share/m_pubsub/hook/pythonpath_develop.dsv'
[2.126s] INFO:colcon.colcon_core.shell:Creating environment hook '/home/rkskwhdgh123/robot_ws/build/m_pubsub/share/m_pubsub/hook/pythonpath_develop.sh'
[2.137s] Level 1:colcon.colcon_core.environment:checking '/home/rkskwhdgh123/robot_ws/install/m_pubsub' for CMake module files
[2.137s] Level 1:colcon.colcon_core.environment:checking '/home/rkskwhdgh123/robot_ws/install/m_pubsub' for CMake config files
[2.138s] Level 1:colcon.colcon_core.environment:checking '/home/rkskwhdgh123/robot_ws/install/m_pubsub/lib'
[2.139s] Level 1:colcon.colcon_core.environment:checking '/home/rkskwhdgh123/robot_ws/install/m_pubsub/bin'
[2.139s] Level 1:colcon.colcon_core.environment:checking '/home/rkskwhdgh123/robot_ws/install/m_pubsub/lib/pkgconfig/m_pubsub.pc'
[2.139s] Level 1:colcon.colcon_core.environment:checking '/home/rkskwhdgh123/robot_ws/install/m_pubsub/lib/python3.8/site-packages'
[2.139s] Level 1:colcon.colcon_core.shell:create_environment_hook('m_pubsub', 'pythonpath')
[2.143s] INFO:colcon.colcon_core.shell:Creating environment hook '/home/rkskwhdgh123/robot_ws/install/m_pubsub/share/m_pubsub/hook/pythonpath.ps1'
[2.144s] INFO:colcon.colcon_core.shell:Creating environment descriptor '/home/rkskwhdgh123/robot_ws/install/m_pubsub/share/m_pubsub/hook/pythonpath.dsv'
[2.145s] INFO:colcon.colcon_core.shell:Creating environment hook '/home/rkskwhdgh123/robot_ws/install/m_pubsub/share/m_pubsub/hook/pythonpath.sh'
[2.146s] Level 1:colcon.colcon_core.environment:checking '/home/rkskwhdgh123/robot_ws/install/m_pubsub/bin'
[2.146s] Level 1:colcon.colcon_core.environment:create_environment_scripts_only(m_pubsub)
[2.151s] INFO:colcon.colcon_core.shell:Creating package script '/home/rkskwhdgh123/robot_ws/install/m_pubsub/share/m_pubsub/package.ps1'
[2.153s] INFO:colcon.colcon_core.shell:Creating package descriptor '/home/rkskwhdgh123/robot_ws/install/m_pubsub/share/m_pubsub/package.dsv'
[2.154s] INFO:colcon.colcon_core.shell:Creating package script '/home/rkskwhdgh123/robot_ws/install/m_pubsub/share/m_pubsub/package.sh'
[2.155s] INFO:colcon.colcon_core.shell:Creating package script '/home/rkskwhdgh123/robot_ws/install/m_pubsub/share/m_pubsub/package.bash'
[2.157s] INFO:colcon.colcon_core.shell:Creating package script '/home/rkskwhdgh123/robot_ws/install/m_pubsub/share/m_pubsub/package.zsh'
[2.158s] Level 1:colcon.colcon_core.environment:create_file_with_runtime_dependencies(/home/rkskwhdgh123/robot_ws/install/m_pubsub/share/colcon-core/packages/m_pubsub)
[2.160s] INFO:colcon.colcon_ros.task.ament_python.build:Building ROS package in '/home/rkskwhdgh123/robot_ws/src/tb3_move' with build type 'ament_python'
[2.160s] Level 1:colcon.colcon_core.shell:create_environment_hook('tb3_move', 'ament_prefix_path')
[2.164s] INFO:colcon.colcon_core.shell:Creating environment hook '/home/rkskwhdgh123/robot_ws/install/tb3_move/share/tb3_move/hook/ament_prefix_path.ps1'
[2.165s] INFO:colcon.colcon_core.shell:Creating environment descriptor '/home/rkskwhdgh123/robot_ws/install/tb3_move/share/tb3_move/hook/ament_prefix_path.dsv'
[2.166s] INFO:colcon.colcon_core.shell:Creating environment hook '/home/rkskwhdgh123/robot_ws/install/tb3_move/share/tb3_move/hook/ament_prefix_path.sh'
[2.171s] INFO:colcon.colcon_core.shell:Skip shell extension 'powershell' for command environment: Not usable outside of PowerShell
[2.171s] DEBUG:colcon.colcon_core.shell:Skip shell extension 'dsv' for command environment
[2.184s] Level 1:colcon.colcon_core.shell:create_environment_hook('nav_move', 'pythonpath_develop')
[2.189s] INFO:colcon.colcon_core.shell:Creating environment hook '/home/rkskwhdgh123/robot_ws/build/nav_move/share/nav_move/hook/pythonpath_develop.ps1'
[2.191s] DEBUG:colcon.colcon_core.event_handler.log_command:Invoked command in '/home/rkskwhdgh123/robot_ws/build/nav_move' returned '0': PYTHONPATH=/home/rkskwhdgh123/robot_ws/build/nav_move/prefix_override:/home/rkskwhdgh123/robot_ws/install/nav_move/lib/python3.8/site-packages:${PYTHONPATH} /usr/bin/python3 setup.py develop --editable --build-directory /home/rkskwhdgh123/robot_ws/build/nav_move/build --no-deps install_data
[2.191s] INFO:colcon.colcon_core.shell:Creating environment descriptor '/home/rkskwhdgh123/robot_ws/build/nav_move/share/nav_move/hook/pythonpath_develop.dsv'
[2.192s] INFO:colcon.colcon_core.shell:Creating environment hook '/home/rkskwhdgh123/robot_ws/build/nav_move/share/nav_move/hook/pythonpath_develop.sh'
[2.197s] Level 1:colcon.colcon_core.environment:checking '/home/rkskwhdgh123/robot_ws/install/nav_move' for CMake module files
[2.198s] Level 1:colcon.colcon_core.environment:checking '/home/rkskwhdgh123/robot_ws/install/nav_move' for CMake config files
[2.199s] Level 1:colcon.colcon_core.environment:checking '/home/rkskwhdgh123/robot_ws/install/nav_move/lib'
[2.199s] Level 1:colcon.colcon_core.environment:checking '/home/rkskwhdgh123/robot_ws/install/nav_move/bin'
[2.199s] Level 1:colcon.colcon_core.environment:checking '/home/rkskwhdgh123/robot_ws/install/nav_move/lib/pkgconfig/nav_move.pc'
[2.199s] Level 1:colcon.colcon_core.environment:checking '/home/rkskwhdgh123/robot_ws/install/nav_move/lib/python3.8/site-packages'
[2.199s] Level 1:colcon.colcon_core.shell:create_environment_hook('nav_move', 'pythonpath')
[2.203s] INFO:colcon.colcon_core.shell:Creating environment hook '/home/rkskwhdgh123/robot_ws/install/nav_move/share/nav_move/hook/pythonpath.ps1'
[2.204s] INFO:colcon.colcon_core.shell:Creating environment descriptor '/home/rkskwhdgh123/robot_ws/install/nav_move/share/nav_move/hook/pythonpath.dsv'
[2.205s] INFO:colcon.colcon_core.shell:Creating environment hook '/home/rkskwhdgh123/robot_ws/install/nav_move/share/nav_move/hook/pythonpath.sh'
[2.205s] Level 1:colcon.colcon_core.environment:checking '/home/rkskwhdgh123/robot_ws/install/nav_move/bin'
[2.206s] Level 1:colcon.colcon_core.environment:create_environment_scripts_only(nav_move)
[2.209s] INFO:colcon.colcon_core.shell:Creating package script '/home/rkskwhdgh123/robot_ws/install/nav_move/share/nav_move/package.ps1'
[2.210s] INFO:colcon.colcon_core.shell:Creating package descriptor '/home/rkskwhdgh123/robot_ws/install/nav_move/share/nav_move/package.dsv'
[2.210s] INFO:colcon.colcon_core.shell:Creating package script '/home/rkskwhdgh123/robot_ws/install/nav_move/share/nav_move/package.sh'
[2.211s] INFO:colcon.colcon_core.shell:Creating package script '/home/rkskwhdgh123/robot_ws/install/nav_move/share/nav_move/package.bash'
[2.212s] INFO:colcon.colcon_core.shell:Creating package script '/home/rkskwhdgh123/robot_ws/install/nav_move/share/nav_move/package.zsh'
[2.213s] Level 1:colcon.colcon_core.environment:create_file_with_runtime_dependencies(/home/rkskwhdgh123/robot_ws/install/nav_move/share/colcon-core/packages/nav_move)
[2.214s] INFO:colcon.colcon_ros.task.ament_python.build:Building ROS package in '/home/rkskwhdgh123/robot_ws/src/test_para' with build type 'ament_python'
[2.214s] Level 1:colcon.colcon_core.shell:create_environment_hook('test_para', 'ament_prefix_path')
[2.217s] INFO:colcon.colcon_core.shell:Creating environment hook '/home/rkskwhdgh123/robot_ws/install/test_para/share/test_para/hook/ament_prefix_path.ps1'
[2.219s] INFO:colcon.colcon_core.shell:Creating environment descriptor '/home/rkskwhdgh123/robot_ws/install/test_para/share/test_para/hook/ament_prefix_path.dsv'
[2.220s] INFO:colcon.colcon_core.shell:Creating environment hook '/home/rkskwhdgh123/robot_ws/install/test_para/share/test_para/hook/ament_prefix_path.sh'
[2.224s] INFO:colcon.colcon_core.shell:Skip shell extension 'powershell' for command environment: Not usable outside of PowerShell
[2.224s] DEBUG:colcon.colcon_core.shell:Skip shell extension 'dsv' for command environment
[2.513s] INFO:colcon.colcon_core.task.python.build:Building Python package in '/home/rkskwhdgh123/robot_ws/src/tb3_move'
[2.517s] INFO:colcon.colcon_core.shell:Skip shell extension 'powershell' for command environment: Not usable outside of PowerShell
[2.517s] DEBUG:colcon.colcon_core.shell:Skip shell extension 'dsv' for command environment
[2.797s] INFO:colcon.colcon_core.task.python.build:Building Python package in '/home/rkskwhdgh123/robot_ws/src/test_para'
[2.801s] INFO:colcon.colcon_core.shell:Skip shell extension 'powershell' for command environment: Not usable outside of PowerShell
[2.801s] DEBUG:colcon.colcon_core.shell:Skip shell extension 'dsv' for command environment
[3.313s] DEBUG:colcon.colcon_core.event_handler.log_command:Invoking command in '/home/rkskwhdgh123/robot_ws/build/tb3_move': PYTHONPATH=/home/rkskwhdgh123/robot_ws/build/tb3_move/prefix_override:/home/rkskwhdgh123/robot_ws/install/tb3_move/lib/python3.8/site-packages:${PYTHONPATH} /usr/bin/python3 setup.py develop --editable --build-directory /home/rkskwhdgh123/robot_ws/build/tb3_move/build --no-deps install_data
[3.329s] DEBUG:colcon.colcon_core.event_handler.log_command:Invoking command in '/home/rkskwhdgh123/robot_ws/build/test_para': PYTHONPATH=/home/rkskwhdgh123/robot_ws/build/test_para/prefix_override:/home/rkskwhdgh123/robot_ws/install/test_para/lib/python3.8/site-packages:${PYTHONPATH} /usr/bin/python3 setup.py develop --editable --build-directory /home/rkskwhdgh123/robot_ws/build/test_para/build --no-deps install_data
[4.079s] Level 1:colcon.colcon_core.shell:create_environment_hook('test_para', 'pythonpath_develop')
[4.085s] DEBUG:colcon.colcon_core.event_handler.log_command:Invoked command in '/home/rkskwhdgh123/robot_ws/build/test_para' returned '0': PYTHONPATH=/home/rkskwhdgh123/robot_ws/build/test_para/prefix_override:/home/rkskwhdgh123/robot_ws/install/test_para/lib/python3.8/site-packages:${PYTHONPATH} /usr/bin/python3 setup.py develop --editable --build-directory /home/rkskwhdgh123/robot_ws/build/test_para/build --no-deps install_data
[4.085s] INFO:colcon.colcon_core.shell:Creating environment hook '/home/rkskwhdgh123/robot_ws/build/test_para/share/test_para/hook/pythonpath_develop.ps1'
[4.086s] INFO:colcon.colcon_core.shell:Creating environment descriptor '/home/rkskwhdgh123/robot_ws/build/test_para/share/test_para/hook/pythonpath_develop.dsv'
[4.087s] INFO:colcon.colcon_core.shell:Creating environment hook '/home/rkskwhdgh123/robot_ws/build/test_para/share/test_para/hook/pythonpath_develop.sh'
[4.094s] Level 1:colcon.colcon_core.environment:checking '/home/rkskwhdgh123/robot_ws/install/test_para' for CMake module files
[4.094s] Level 1:colcon.colcon_core.environment:checking '/home/rkskwhdgh123/robot_ws/install/test_para' for CMake config files
[4.095s] Level 1:colcon.colcon_core.environment:checking '/home/rkskwhdgh123/robot_ws/install/test_para/lib'
[4.095s] Level 1:colcon.colcon_core.environment:checking '/home/rkskwhdgh123/robot_ws/install/test_para/bin'
[4.095s] Level 1:colcon.colcon_core.environment:checking '/home/rkskwhdgh123/robot_ws/install/test_para/lib/pkgconfig/test_para.pc'
[4.096s] Level 1:colcon.colcon_core.environment:checking '/home/rkskwhdgh123/robot_ws/install/test_para/lib/python3.8/site-packages'
[4.096s] Level 1:colcon.colcon_core.shell:create_environment_hook('test_para', 'pythonpath')
[4.100s] INFO:colcon.colcon_core.shell:Creating environment hook '/home/rkskwhdgh123/robot_ws/install/test_para/share/test_para/hook/pythonpath.ps1'
[4.101s] INFO:colcon.colcon_core.shell:Creating environment descriptor '/home/rkskwhdgh123/robot_ws/install/test_para/share/test_para/hook/pythonpath.dsv'
[4.101s] INFO:colcon.colcon_core.shell:Creating environment hook '/home/rkskwhdgh123/robot_ws/install/test_para/share/test_para/hook/pythonpath.sh'
[4.102s] Level 1:colcon.colcon_core.environment:checking '/home/rkskwhdgh123/robot_ws/install/test_para/bin'
[4.102s] Level 1:colcon.colcon_core.environment:create_environment_scripts_only(test_para)
[4.106s] INFO:colcon.colcon_core.shell:Creating package script '/home/rkskwhdgh123/robot_ws/install/test_para/share/test_para/package.ps1'
[4.107s] INFO:colcon.colcon_core.shell:Creating package descriptor '/home/rkskwhdgh123/robot_ws/install/test_para/share/test_para/package.dsv'
[4.108s] INFO:colcon.colcon_core.shell:Creating package script '/home/rkskwhdgh123/robot_ws/install/test_para/share/test_para/package.sh'
[4.109s] INFO:colcon.colcon_core.shell:Creating package script '/home/rkskwhdgh123/robot_ws/install/test_para/share/test_para/package.bash'
[4.109s] INFO:colcon.colcon_core.shell:Creating package script '/home/rkskwhdgh123/robot_ws/install/test_para/share/test_para/package.zsh'
[4.110s] Level 1:colcon.colcon_core.environment:create_file_with_runtime_dependencies(/home/rkskwhdgh123/robot_ws/install/test_para/share/colcon-core/packages/test_para)
[4.112s] Level 1:colcon.colcon_core.shell:create_environment_hook('tb3_move', 'pythonpath_develop')
[4.112s] DEBUG:colcon.colcon_core.event_handler.log_command:Invoked command in '/home/rkskwhdgh123/robot_ws/build/tb3_move' returned '0': PYTHONPATH=/home/rkskwhdgh123/robot_ws/build/tb3_move/prefix_override:/home/rkskwhdgh123/robot_ws/install/tb3_move/lib/python3.8/site-packages:${PYTHONPATH} /usr/bin/python3 setup.py develop --editable --build-directory /home/rkskwhdgh123/robot_ws/build/tb3_move/build --no-deps install_data
[4.116s] INFO:colcon.colcon_core.shell:Creating environment hook '/home/rkskwhdgh123/robot_ws/build/tb3_move/share/tb3_move/hook/pythonpath_develop.ps1'
[4.117s] INFO:colcon.colcon_core.shell:Creating environment descriptor '/home/rkskwhdgh123/robot_ws/build/tb3_move/share/tb3_move/hook/pythonpath_develop.dsv'
[4.117s] INFO:colcon.colcon_core.shell:Creating environment hook '/home/rkskwhdgh123/robot_ws/build/tb3_move/share/tb3_move/hook/pythonpath_develop.sh'
[4.124s] Level 1:colcon.colcon_core.environment:checking '/home/rkskwhdgh123/robot_ws/install/tb3_move' for CMake module files
[4.124s] Level 1:colcon.colcon_core.environment:checking '/home/rkskwhdgh123/robot_ws/install/tb3_move' for CMake config files
[4.125s] Level 1:colcon.colcon_core.environment:checking '/home/rkskwhdgh123/robot_ws/install/tb3_move/lib'
[4.125s] Level 1:colcon.colcon_core.environment:checking '/home/rkskwhdgh123/robot_ws/install/tb3_move/bin'
[4.126s] Level 1:colcon.colcon_core.environment:checking '/home/rkskwhdgh123/robot_ws/install/tb3_move/lib/pkgconfig/tb3_move.pc'
[4.126s] Level 1:colcon.colcon_core.environment:checking '/home/rkskwhdgh123/robot_ws/install/tb3_move/lib/python3.8/site-packages'
[4.126s] Level 1:colcon.colcon_core.shell:create_environment_hook('tb3_move', 'pythonpath')
[4.132s] INFO:colcon.colcon_core.shell:Creating environment hook '/home/rkskwhdgh123/robot_ws/install/tb3_move/share/tb3_move/hook/pythonpath.ps1'
[4.132s] INFO:colcon.colcon_core.shell:Creating environment descriptor '/home/rkskwhdgh123/robot_ws/install/tb3_move/share/tb3_move/hook/pythonpath.dsv'
[4.133s] INFO:colcon.colcon_core.shell:Creating environment hook '/home/rkskwhdgh123/robot_ws/install/tb3_move/share/tb3_move/hook/pythonpath.sh'
[4.134s] Level 1:colcon.colcon_core.environment:checking '/home/rkskwhdgh123/robot_ws/install/tb3_move/bin'
[4.134s] Level 1:colcon.colcon_core.environment:create_environment_scripts_only(tb3_move)
[4.140s] INFO:colcon.colcon_core.shell:Creating package script '/home/rkskwhdgh123/robot_ws/install/tb3_move/share/tb3_move/package.ps1'
[4.141s] INFO:colcon.colcon_core.shell:Creating package descriptor '/home/rkskwhdgh123/robot_ws/install/tb3_move/share/tb3_move/package.dsv'
[4.142s] INFO:colcon.colcon_core.shell:Creating package script '/home/rkskwhdgh123/robot_ws/install/tb3_move/share/tb3_move/package.sh'
[4.143s] INFO:colcon.colcon_core.shell:Creating package script '/home/rkskwhdgh123/robot_ws/install/tb3_move/share/tb3_move/package.bash'
[4.144s] INFO:colcon.colcon_core.shell:Creating package script '/home/rkskwhdgh123/robot_ws/install/tb3_move/share/tb3_move/package.zsh'
[4.146s] Level 1:colcon.colcon_core.environment:create_file_with_runtime_dependencies(/home/rkskwhdgh123/robot_ws/install/tb3_move/share/colcon-core/packages/tb3_move)
[4.147s] DEBUG:colcon.colcon_parallel_executor.executor.parallel:closing loop
[4.148s] DEBUG:colcon.colcon_parallel_executor.executor.parallel:loop closed
[4.149s] DEBUG:colcon.colcon_parallel_executor.executor.parallel:run_until_complete finished with '0'
[4.149s] DEBUG:colcon.colcon_core.event_reactor:joining thread
[4.158s] INFO:colcon.colcon_core.plugin_system:Skipping extension 'colcon_notification.desktop_notification.terminal_notifier': Not used on non-Darwin systems
[4.158s] INFO:colcon.colcon_core.plugin_system:Skipping extension 'colcon_notification.desktop_notification.win32': Not used on non-Windows systems
[4.158s] INFO:colcon.colcon_notification.desktop_notification:Sending desktop notification using 'notify2'
[4.184s] DEBUG:colcon.colcon_core.event_reactor:joined thread
[4.188s] INFO:colcon.colcon_core.shell:Creating prefix script '/home/rkskwhdgh123/robot_ws/install/local_setup.ps1'
[4.190s] INFO:colcon.colcon_core.shell:Creating prefix util module '/home/rkskwhdgh123/robot_ws/install/_local_setup_util_ps1.py'
[4.192s] INFO:colcon.colcon_core.shell:Creating prefix chain script '/home/rkskwhdgh123/robot_ws/install/setup.ps1'
[4.196s] INFO:colcon.colcon_core.shell:Creating prefix script '/home/rkskwhdgh123/robot_ws/install/local_setup.sh'
[4.197s] INFO:colcon.colcon_core.shell:Creating prefix util module '/home/rkskwhdgh123/robot_ws/install/_local_setup_util_sh.py'
[4.199s] INFO:colcon.colcon_core.shell:Creating prefix chain script '/home/rkskwhdgh123/robot_ws/install/setup.sh'
[4.203s] INFO:colcon.colcon_core.shell:Creating prefix script '/home/rkskwhdgh123/robot_ws/install/local_setup.bash'
[4.204s] INFO:colcon.colcon_core.shell:Creating prefix chain script '/home/rkskwhdgh123/robot_ws/install/setup.bash'
[4.207s] INFO:colcon.colcon_core.shell:Creating prefix script '/home/rkskwhdgh123/robot_ws/install/local_setup.zsh'
[4.208s] INFO:colcon.colcon_core.shell:Creating prefix chain script '/home/rkskwhdgh123/robot_ws/install/setup.zsh'
