/home/rkskwhdgh123/robot_workspace/src/install/m_pubsub/lib/python3.8/site-packages/m_pubsub/mpub.py
/home/rkskwhdgh123/robot_workspace/src/install/m_pubsub/lib/python3.8/site-packages/m_pubsub/msub.py
/home/rkskwhdgh123/robot_workspace/src/install/m_pubsub/lib/python3.8/site-packages/m_pubsub/__init__.py
/home/rkskwhdgh123/robot_workspace/src/install/m_pubsub/lib/python3.8/site-packages/m_pubsub/__pycache__/mpub.cpython-38.pyc
/home/rkskwhdgh123/robot_workspace/src/install/m_pubsub/lib/python3.8/site-packages/m_pubsub/__pycache__/msub.cpython-38.pyc
/home/rkskwhdgh123/robot_workspace/src/install/m_pubsub/lib/python3.8/site-packages/m_pubsub/__pycache__/__init__.cpython-38.pyc
/home/rkskwhdgh123/robot_workspace/src/install/m_pubsub/share/ament_index/resource_index/packages/m_pubsub
/home/rkskwhdgh123/robot_workspace/src/install/m_pubsub/share/m_pubsub/package.xml
/home/rkskwhdgh123/robot_workspace/src/install/m_pubsub/lib/python3.8/site-packages/m_pubsub-0.0.0-py3.8.egg-info/zip-safe
/home/rkskwhdgh123/robot_workspace/src/install/m_pubsub/lib/python3.8/site-packages/m_pubsub-0.0.0-py3.8.egg-info/PKG-INFO
/home/rkskwhdgh123/robot_workspace/src/install/m_pubsub/lib/python3.8/site-packages/m_pubsub-0.0.0-py3.8.egg-info/SOURCES.txt
/home/rkskwhdgh123/robot_workspace/src/install/m_pubsub/lib/python3.8/site-packages/m_pubsub-0.0.0-py3.8.egg-info/requires.txt
/home/rkskwhdgh123/robot_workspace/src/install/m_pubsub/lib/python3.8/site-packages/m_pubsub-0.0.0-py3.8.egg-info/dependency_links.txt
/home/rkskwhdgh123/robot_workspace/src/install/m_pubsub/lib/python3.8/site-packages/m_pubsub-0.0.0-py3.8.egg-info/entry_points.txt
/home/rkskwhdgh123/robot_workspace/src/install/m_pubsub/lib/python3.8/site-packages/m_pubsub-0.0.0-py3.8.egg-info/top_level.txt
/home/rkskwhdgh123/robot_workspace/src/install/m_pubsub/lib/m_pubsub/met
/home/rkskwhdgh123/robot_workspace/src/install/m_pubsub/lib/m_pubsub/metp
/home/rkskwhdgh123/robot_workspace/src/install/m_pubsub/lib/m_pubsub/mp
/home/rkskwhdgh123/robot_workspace/src/install/m_pubsub/lib/m_pubsub/ms
/home/rkskwhdgh123/robot_workspace/src/install/m_pubsub/lib/m_pubsub/mt
