[0.727s] Invoking command in '/home/rkskwhdgh123/robot_ws/build/tb3_move': PYTHONPATH=/home/rkskwhdgh123/robot_ws/build/tb3_move/prefix_override:/home/rkskwhdgh123/robot_ws/install/tb3_move/lib/python3.8/site-packages:${PYTHONPATH} /usr/bin/python3 setup.py develop --editable --build-directory /home/rkskwhdgh123/robot_ws/build/tb3_move/build --no-deps install_data
[0.915s] running develop
[1.024s] running egg_info
[1.024s] creating tb3_move.egg-info
[1.024s] writing tb3_move.egg-info/PKG-INFO
[1.025s] writing dependency_links to tb3_move.egg-info/dependency_links.txt
[1.025s] writing entry points to tb3_move.egg-info/entry_points.txt
[1.026s] writing requirements to tb3_move.egg-info/requires.txt
[1.026s] writing top-level names to tb3_move.egg-info/top_level.txt
[1.028s] writing manifest file 'tb3_move.egg-info/SOURCES.txt'
[1.054s] reading manifest file 'tb3_move.egg-info/SOURCES.txt'
[1.055s] writing manifest file 'tb3_move.egg-info/SOURCES.txt'
[1.084s] running build_ext
[1.084s] Creating /home/rkskwhdgh123/robot_ws/install/tb3_move/lib/python3.8/site-packages/site.py
[1.086s] Creating /home/rkskwhdgh123/robot_ws/install/tb3_move/lib/python3.8/site-packages/tb3-move.egg-link (link to .)
[1.086s] Installing tb3m script to /home/rkskwhdgh123/robot_ws/install/tb3_move/lib/tb3_move
[1.087s] Installing tb3mix script to /home/rkskwhdgh123/robot_ws/install/tb3_move/lib/tb3_move
[1.087s] Installing tb3s script to /home/rkskwhdgh123/robot_ws/install/tb3_move/lib/tb3_move
[1.087s] 
[1.087s] Installed /home/rkskwhdgh123/robot_ws/build/tb3_move
[1.088s] running install_data
[1.088s] creating /home/rkskwhdgh123/robot_ws/install/tb3_move/share/ament_index
[1.088s] creating /home/rkskwhdgh123/robot_ws/install/tb3_move/share/ament_index/resource_index
[1.088s] creating /home/rkskwhdgh123/robot_ws/install/tb3_move/share/ament_index/resource_index/packages
[1.088s] copying resource/tb3_move -> /home/rkskwhdgh123/robot_ws/install/tb3_move/share/ament_index/resource_index/packages
[1.088s] copying package.xml -> /home/rkskwhdgh123/robot_ws/install/tb3_move/share/tb3_move
[1.109s] Invoked command in '/home/rkskwhdgh123/robot_ws/build/tb3_move' returned '0': PYTHONPATH=/home/rkskwhdgh123/robot_ws/build/tb3_move/prefix_override:/home/rkskwhdgh123/robot_ws/install/tb3_move/lib/python3.8/site-packages:${PYTHONPATH} /usr/bin/python3 setup.py develop --editable --build-directory /home/rkskwhdgh123/robot_ws/build/tb3_move/build --no-deps install_data
