[1.226s] Invoking command in '/home/rkskwhdgh123/robot_ws/build/m_pubsub': PYTHONPATH=/home/rkskwhdgh123/robot_ws/build/m_pubsub/prefix_override:/home/rkskwhdgh123/robot_ws/install/m_pubsub/lib/python3.8/site-packages:${PYTHONPATH} /usr/bin/python3 setup.py develop --editable --build-directory /home/rkskwhdgh123/robot_ws/build/m_pubsub/build --no-deps install_data
[1.541s] running develop
[1.734s] running egg_info
[1.734s] writing m_pubsub.egg-info/PKG-INFO
[1.735s] writing dependency_links to m_pubsub.egg-info/dependency_links.txt
[1.735s] writing entry points to m_pubsub.egg-info/entry_points.txt
[1.736s] writing requirements to m_pubsub.egg-info/requires.txt
[1.736s] writing top-level names to m_pubsub.egg-info/top_level.txt
[1.789s] reading manifest file 'm_pubsub.egg-info/SOURCES.txt'
[1.790s] writing manifest file 'm_pubsub.egg-info/SOURCES.txt'
[1.839s] running build_ext
[1.839s] Creating /home/rkskwhdgh123/robot_ws/install/m_pubsub/lib/python3.8/site-packages/m-pubsub.egg-link (link to .)
[1.842s] Installing met script to /home/rkskwhdgh123/robot_ws/install/m_pubsub/lib/m_pubsub
[1.843s] Installing metp script to /home/rkskwhdgh123/robot_ws/install/m_pubsub/lib/m_pubsub
[1.843s] Installing mp script to /home/rkskwhdgh123/robot_ws/install/m_pubsub/lib/m_pubsub
[1.854s] Installing ms script to /home/rkskwhdgh123/robot_ws/install/m_pubsub/lib/m_pubsub
[1.855s] Installing mt script to /home/rkskwhdgh123/robot_ws/install/m_pubsub/lib/m_pubsub
[1.857s] 
[1.857s] Installed /home/rkskwhdgh123/robot_ws/build/m_pubsub
[1.858s] running install_data
[1.892s] Invoked command in '/home/rkskwhdgh123/robot_ws/build/m_pubsub' returned '0': PYTHONPATH=/home/rkskwhdgh123/robot_ws/build/m_pubsub/prefix_override:/home/rkskwhdgh123/robot_ws/install/m_pubsub/lib/python3.8/site-packages:${PYTHONPATH} /usr/bin/python3 setup.py develop --editable --build-directory /home/rkskwhdgh123/robot_ws/build/m_pubsub/build --no-deps install_data
