[1.399s] Invoking command in '/home/rkskwhdgh123/robot_ws/build/m_pubsub': PYTHONPATH=/home/rkskwhdgh123/robot_ws/build/m_pubsub/prefix_override:/home/rkskwhdgh123/robot_ws/install/m_pubsub/lib/python3.8/site-packages:${PYTHONPATH} /usr/bin/python3 setup.py develop --editable --build-directory /home/rkskwhdgh123/robot_ws/build/m_pubsub/build --no-deps install_data
[1.731s] running develop
[1.929s] running egg_info
[1.936s] writing m_pubsub.egg-info/PKG-INFO
[1.938s] writing dependency_links to m_pubsub.egg-info/dependency_links.txt
[1.941s] writing entry points to m_pubsub.egg-info/entry_points.txt
[1.942s] writing requirements to m_pubsub.egg-info/requires.txt
[1.943s] writing top-level names to m_pubsub.egg-info/top_level.txt
[2.000s] reading manifest file 'm_pubsub.egg-info/SOURCES.txt'
[2.001s] writing manifest file 'm_pubsub.egg-info/SOURCES.txt'
[2.063s] running build_ext
[2.064s] Creating /home/rkskwhdgh123/robot_ws/install/m_pubsub/lib/python3.8/site-packages/m-pubsub.egg-link (link to .)
[2.066s] Installing met script to /home/rkskwhdgh123/robot_ws/install/m_pubsub/lib/m_pubsub
[2.067s] Installing metp script to /home/rkskwhdgh123/robot_ws/install/m_pubsub/lib/m_pubsub
[2.067s] Installing mp script to /home/rkskwhdgh123/robot_ws/install/m_pubsub/lib/m_pubsub
[2.068s] Installing ms script to /home/rkskwhdgh123/robot_ws/install/m_pubsub/lib/m_pubsub
[2.069s] Installing mt script to /home/rkskwhdgh123/robot_ws/install/m_pubsub/lib/m_pubsub
[2.069s] 
[2.069s] Installed /home/rkskwhdgh123/robot_ws/build/m_pubsub
[2.070s] running install_data
[2.310s] Invoked command in '/home/rkskwhdgh123/robot_ws/build/m_pubsub' returned '0': PYTHONPATH=/home/rkskwhdgh123/robot_ws/build/m_pubsub/prefix_override:/home/rkskwhdgh123/robot_ws/install/m_pubsub/lib/python3.8/site-packages:${PYTHONPATH} /usr/bin/python3 setup.py develop --editable --build-directory /home/rkskwhdgh123/robot_ws/build/m_pubsub/build --no-deps install_data
