[1.253s] Invoking command in '/home/rkskwhdgh123/robot_ws/build/m_pubsub': PYTHONPATH=/home/rkskwhdgh123/robot_ws/build/m_pubsub/prefix_override:/home/rkskwhdgh123/robot_ws/install/m_pubsub/lib/python3.8/site-packages:${PYTHONPATH} /usr/bin/python3 setup.py develop --editable --build-directory /home/rkskwhdgh123/robot_ws/build/m_pubsub/build --no-deps install_data
[1.519s] running develop
[1.683s] running egg_info
[1.684s] writing m_pubsub.egg-info/PKG-INFO
[1.684s] writing dependency_links to m_pubsub.egg-info/dependency_links.txt
[1.685s] writing entry points to m_pubsub.egg-info/entry_points.txt
[1.685s] writing requirements to m_pubsub.egg-info/requires.txt
[1.685s] writing top-level names to m_pubsub.egg-info/top_level.txt
[1.720s] reading manifest file 'm_pubsub.egg-info/SOURCES.txt'
[1.721s] writing manifest file 'm_pubsub.egg-info/SOURCES.txt'
[1.779s] running build_ext
[1.780s] Creating /home/rkskwhdgh123/robot_ws/install/m_pubsub/lib/python3.8/site-packages/m-pubsub.egg-link (link to .)
[1.781s] Installing met script to /home/rkskwhdgh123/robot_ws/install/m_pubsub/lib/m_pubsub
[1.781s] Installing metp script to /home/rkskwhdgh123/robot_ws/install/m_pubsub/lib/m_pubsub
[1.782s] Installing mp script to /home/rkskwhdgh123/robot_ws/install/m_pubsub/lib/m_pubsub
[1.782s] Installing ms script to /home/rkskwhdgh123/robot_ws/install/m_pubsub/lib/m_pubsub
[1.783s] Installing mt script to /home/rkskwhdgh123/robot_ws/install/m_pubsub/lib/m_pubsub
[1.783s] 
[1.783s] Installed /home/rkskwhdgh123/robot_ws/build/m_pubsub
[1.783s] running install_data
[1.804s] Invoked command in '/home/rkskwhdgh123/robot_ws/build/m_pubsub' returned '0': PYTHONPATH=/home/rkskwhdgh123/robot_ws/build/m_pubsub/prefix_override:/home/rkskwhdgh123/robot_ws/install/m_pubsub/lib/python3.8/site-packages:${PYTHONPATH} /usr/bin/python3 setup.py develop --editable --build-directory /home/rkskwhdgh123/robot_ws/build/m_pubsub/build --no-deps install_data
