[1.239s] Invoking command in '/home/rkskwhdgh123/robot_ws/build/tb3_move': PYTHONPATH=/home/rkskwhdgh123/robot_ws/build/tb3_move/prefix_override:/home/rkskwhdgh123/robot_ws/install/tb3_move/lib/python3.8/site-packages:${PYTHONPATH} /usr/bin/python3 setup.py develop --editable --build-directory /home/rkskwhdgh123/robot_ws/build/tb3_move/build --no-deps install_data
[1.533s] running develop
[1.703s] running egg_info
[1.704s] writing tb3_move.egg-info/PKG-INFO
[1.704s] writing dependency_links to tb3_move.egg-info/dependency_links.txt
[1.705s] writing entry points to tb3_move.egg-info/entry_points.txt
[1.705s] writing requirements to tb3_move.egg-info/requires.txt
[1.706s] writing top-level names to tb3_move.egg-info/top_level.txt
[1.742s] reading manifest file 'tb3_move.egg-info/SOURCES.txt'
[1.743s] writing manifest file 'tb3_move.egg-info/SOURCES.txt'
[1.781s] running build_ext
[1.782s] Creating /home/rkskwhdgh123/robot_ws/install/tb3_move/lib/python3.8/site-packages/tb3-move.egg-link (link to .)
[1.783s] Installing tb3gpio script to /home/rkskwhdgh123/robot_ws/install/tb3_move/lib/tb3_move
[1.783s] Installing tb3m script to /home/rkskwhdgh123/robot_ws/install/tb3_move/lib/tb3_move
[1.784s] Installing tb3mix script to /home/rkskwhdgh123/robot_ws/install/tb3_move/lib/tb3_move
[1.784s] Installing tb3mix2 script to /home/rkskwhdgh123/robot_ws/install/tb3_move/lib/tb3_move
[1.784s] Installing tb3s script to /home/rkskwhdgh123/robot_ws/install/tb3_move/lib/tb3_move
[1.785s] 
[1.785s] Installed /home/rkskwhdgh123/robot_ws/build/tb3_move
[1.785s] running install_data
[1.815s] Invoked command in '/home/rkskwhdgh123/robot_ws/build/tb3_move' returned '0': PYTHONPATH=/home/rkskwhdgh123/robot_ws/build/tb3_move/prefix_override:/home/rkskwhdgh123/robot_ws/install/tb3_move/lib/python3.8/site-packages:${PYTHONPATH} /usr/bin/python3 setup.py develop --editable --build-directory /home/rkskwhdgh123/robot_ws/build/tb3_move/build --no-deps install_data
