[4.094s] Invoking command in '/home/rkskwhdgh123/robot_ws/build/m_pubsub': PYTHONPATH=/home/rkskwhdgh123/robot_ws/build/m_pubsub/prefix_override:/home/rkskwhdgh123/robot_ws/install/m_pubsub/lib/python3.8/site-packages:${PYTHONPATH} /usr/bin/python3 setup.py develop --editable --build-directory /home/rkskwhdgh123/robot_ws/build/m_pubsub/build --no-deps install_data
[5.211s] running develop
[6.473s] running egg_info
[6.474s] writing m_pubsub.egg-info/PKG-INFO
[6.475s] writing dependency_links to m_pubsub.egg-info/dependency_links.txt
[6.481s] writing entry points to m_pubsub.egg-info/entry_points.txt
[6.483s] writing requirements to m_pubsub.egg-info/requires.txt
[6.492s] writing top-level names to m_pubsub.egg-info/top_level.txt
[6.728s] reading manifest file 'm_pubsub.egg-info/SOURCES.txt'
[6.734s] writing manifest file 'm_pubsub.egg-info/SOURCES.txt'
[6.966s] running build_ext
[6.966s] Creating /home/rkskwhdgh123/robot_ws/install/m_pubsub/lib/python3.8/site-packages/m-pubsub.egg-link (link to .)
[6.985s] Installing met script to /home/rkskwhdgh123/robot_ws/install/m_pubsub/lib/m_pubsub
[6.988s] Installing metp script to /home/rkskwhdgh123/robot_ws/install/m_pubsub/lib/m_pubsub
[6.996s] Installing mp script to /home/rkskwhdgh123/robot_ws/install/m_pubsub/lib/m_pubsub
[6.996s] Installing ms script to /home/rkskwhdgh123/robot_ws/install/m_pubsub/lib/m_pubsub
[6.997s] Installing mt script to /home/rkskwhdgh123/robot_ws/install/m_pubsub/lib/m_pubsub
[6.998s] 
[6.998s] Installed /home/rkskwhdgh123/robot_ws/build/m_pubsub
[6.999s] running install_data
[7.327s] Invoked command in '/home/rkskwhdgh123/robot_ws/build/m_pubsub' returned '0': PYTHONPATH=/home/rkskwhdgh123/robot_ws/build/m_pubsub/prefix_override:/home/rkskwhdgh123/robot_ws/install/m_pubsub/lib/python3.8/site-packages:${PYTHONPATH} /usr/bin/python3 setup.py develop --editable --build-directory /home/rkskwhdgh123/robot_ws/build/m_pubsub/build --no-deps install_data
