[2.672s] Invoking command in '/home/rkskwhdgh123/robot_ws/build/m_pubsub': PYTHONPATH=/home/rkskwhdgh123/robot_ws/build/m_pubsub/prefix_override:/home/rkskwhdgh123/robot_ws/install/m_pubsub/lib/python3.8/site-packages:${PYTHONPATH} /usr/bin/python3 setup.py develop --editable --build-directory /home/rkskwhdgh123/robot_ws/build/m_pubsub/build --no-deps install_data
[3.550s] running develop
[4.112s] running egg_info
[4.113s] writing m_pubsub.egg-info/PKG-INFO
[4.119s] writing dependency_links to m_pubsub.egg-info/dependency_links.txt
[4.121s] writing entry points to m_pubsub.egg-info/entry_points.txt
[4.122s] writing requirements to m_pubsub.egg-info/requires.txt
[4.122s] writing top-level names to m_pubsub.egg-info/top_level.txt
[4.239s] reading manifest file 'm_pubsub.egg-info/SOURCES.txt'
[4.243s] writing manifest file 'm_pubsub.egg-info/SOURCES.txt'
[4.384s] running build_ext
[4.385s] Creating /home/rkskwhdgh123/robot_ws/install/m_pubsub/lib/python3.8/site-packages/m-pubsub.egg-link (link to .)
[4.387s] Installing met script to /home/rkskwhdgh123/robot_ws/install/m_pubsub/lib/m_pubsub
[4.388s] Installing metp script to /home/rkskwhdgh123/robot_ws/install/m_pubsub/lib/m_pubsub
[4.391s] Installing mp script to /home/rkskwhdgh123/robot_ws/install/m_pubsub/lib/m_pubsub
[4.391s] Installing ms script to /home/rkskwhdgh123/robot_ws/install/m_pubsub/lib/m_pubsub
[4.391s] Installing mt script to /home/rkskwhdgh123/robot_ws/install/m_pubsub/lib/m_pubsub
[4.392s] 
[4.392s] Installed /home/rkskwhdgh123/robot_ws/build/m_pubsub
[4.392s] running install_data
[4.483s] Invoked command in '/home/rkskwhdgh123/robot_ws/build/m_pubsub' returned '0': PYTHONPATH=/home/rkskwhdgh123/robot_ws/build/m_pubsub/prefix_override:/home/rkskwhdgh123/robot_ws/install/m_pubsub/lib/python3.8/site-packages:${PYTHONPATH} /usr/bin/python3 setup.py develop --editable --build-directory /home/rkskwhdgh123/robot_ws/build/m_pubsub/build --no-deps install_data
