[1.031s] Invoking command in '/home/rkskwhdgh123/robot_ws/build/m_pubsub': PYTHONPATH=/home/rkskwhdgh123/robot_ws/build/m_pubsub/prefix_override:/home/rkskwhdgh123/robot_ws/install/m_pubsub/lib/python3.8/site-packages:${PYTHONPATH} /usr/bin/python3 setup.py develop --editable --build-directory /home/rkskwhdgh123/robot_ws/build/m_pubsub/build --no-deps install_data
[1.430s] running develop
[1.663s] running egg_info
[1.664s] writing m_pubsub.egg-info/PKG-INFO
[1.665s] writing dependency_links to m_pubsub.egg-info/dependency_links.txt
[1.666s] writing entry points to m_pubsub.egg-info/entry_points.txt
[1.667s] writing requirements to m_pubsub.egg-info/requires.txt
[1.667s] writing top-level names to m_pubsub.egg-info/top_level.txt
[1.715s] reading manifest file 'm_pubsub.egg-info/SOURCES.txt'
[1.717s] writing manifest file 'm_pubsub.egg-info/SOURCES.txt'
[1.765s] running build_ext
[1.766s] Creating /home/rkskwhdgh123/robot_ws/install/m_pubsub/lib/python3.8/site-packages/m-pubsub.egg-link (link to .)
[1.767s] Installing met script to /home/rkskwhdgh123/robot_ws/install/m_pubsub/lib/m_pubsub
[1.768s] Installing metp script to /home/rkskwhdgh123/robot_ws/install/m_pubsub/lib/m_pubsub
[1.768s] Installing mp script to /home/rkskwhdgh123/robot_ws/install/m_pubsub/lib/m_pubsub
[1.769s] Installing ms script to /home/rkskwhdgh123/robot_ws/install/m_pubsub/lib/m_pubsub
[1.769s] Installing mt script to /home/rkskwhdgh123/robot_ws/install/m_pubsub/lib/m_pubsub
[1.770s] 
[1.770s] Installed /home/rkskwhdgh123/robot_ws/build/m_pubsub
[1.771s] running install_data
[1.843s] Invoked command in '/home/rkskwhdgh123/robot_ws/build/m_pubsub' returned '0': PYTHONPATH=/home/rkskwhdgh123/robot_ws/build/m_pubsub/prefix_override:/home/rkskwhdgh123/robot_ws/install/m_pubsub/lib/python3.8/site-packages:${PYTHONPATH} /usr/bin/python3 setup.py develop --editable --build-directory /home/rkskwhdgh123/robot_ws/build/m_pubsub/build --no-deps install_data
