[1.093s] Invoking command in '/home/rkskwhdgh123/robot_ws/build/m_pubsub': PYTHONPATH=/home/rkskwhdgh123/robot_ws/build/m_pubsub/prefix_override:/home/rkskwhdgh123/robot_ws/install/m_pubsub/lib/python3.8/site-packages:${PYTHONPATH} /usr/bin/python3 setup.py develop --editable --build-directory /home/rkskwhdgh123/robot_ws/build/m_pubsub/build --no-deps install_data
[1.399s] running develop
[1.578s] running egg_info
[1.578s] writing m_pubsub.egg-info/PKG-INFO
[1.579s] writing dependency_links to m_pubsub.egg-info/dependency_links.txt
[1.582s] writing entry points to m_pubsub.egg-info/entry_points.txt
[1.582s] writing requirements to m_pubsub.egg-info/requires.txt
[1.582s] writing top-level names to m_pubsub.egg-info/top_level.txt
[1.626s] reading manifest file 'm_pubsub.egg-info/SOURCES.txt'
[1.627s] writing manifest file 'm_pubsub.egg-info/SOURCES.txt'
[1.673s] running build_ext
[1.673s] Creating /home/rkskwhdgh123/robot_ws/install/m_pubsub/lib/python3.8/site-packages/m-pubsub.egg-link (link to .)
[1.675s] Installing met script to /home/rkskwhdgh123/robot_ws/install/m_pubsub/lib/m_pubsub
[1.675s] Installing metp script to /home/rkskwhdgh123/robot_ws/install/m_pubsub/lib/m_pubsub
[1.675s] Installing mp script to /home/rkskwhdgh123/robot_ws/install/m_pubsub/lib/m_pubsub
[1.676s] Installing ms script to /home/rkskwhdgh123/robot_ws/install/m_pubsub/lib/m_pubsub
[1.676s] Installing mt script to /home/rkskwhdgh123/robot_ws/install/m_pubsub/lib/m_pubsub
[1.677s] 
[1.677s] Installed /home/rkskwhdgh123/robot_ws/build/m_pubsub
[1.677s] running install_data
[1.714s] Invoked command in '/home/rkskwhdgh123/robot_ws/build/m_pubsub' returned '0': PYTHONPATH=/home/rkskwhdgh123/robot_ws/build/m_pubsub/prefix_override:/home/rkskwhdgh123/robot_ws/install/m_pubsub/lib/python3.8/site-packages:${PYTHONPATH} /usr/bin/python3 setup.py develop --editable --build-directory /home/rkskwhdgh123/robot_ws/build/m_pubsub/build --no-deps install_data
